TN:
SF:cypress.config.ts
FN:10,(anonymous_1)
FNF:1
FNH:0
FNDA:0,(anonymous_1)
DA:1,0
DA:4,0
DA:6,0
DA:11,0
DA:12,0
LF:5
LH:0
BRF:0
BRH:0
end_of_record
TN:
SF:webpack.config.js
FNF:0
FNH:0
DA:1,0
DA:2,0
DA:4,0
DA:9,0
LF:4
LH:0
BRF:0
BRH:0
end_of_record
TN:
SF:webpack.prod.config.js
FNF:0
FNH:0
DA:1,0
LF:1
LH:0
BRF:0
BRH:0
end_of_record
TN:
SF:.storybook/main.js
FN:9,(anonymous_0)
FNF:1
FNH:0
FNDA:0,(anonymous_0)
DA:1,0
DA:3,0
DA:11,0
DA:12,0
DA:17,0
LF:5
LH:0
BRDA:11,0,0,0
BRF:1
BRH:0
end_of_record
TN:
SF:src/app/app.component.ts
FN:29,(anonymous_1)
FN:34,(anonymous_2)
FN:36,(anonymous_3)
FN:41,(anonymous_4)
FNF:4
FNH:0
FNDA:0,(anonymous_1)
FNDA:0,(anonymous_2)
FNDA:0,(anonymous_3)
FNDA:0,(anonymous_4)
DA:1,0
DA:2,0
DA:4,0
DA:5,0
DA:6,0
DA:7,0
DA:8,0
DA:9,0
DA:23,0
DA:24,0
DA:29,0
DA:30,0
DA:31,0
DA:35,0
DA:37,0
DA:40,0
DA:42,0
LF:17
LH:0
BRF:0
BRH:0
end_of_record
TN:
SF:src/app/app.config.ts
FNF:0
FNH:0
DA:1,0
DA:2,0
DA:3,0
DA:4,0
DA:5,0
DA:6,0
DA:11,0
DA:12,0
DA:13,0
DA:14,0
DA:15,0
DA:16,0
DA:17,0
DA:18,0
DA:19,0
DA:21,0
LF:16
LH:0
BRF:0
BRH:0
end_of_record
TN:
SF:src/app/fleet-account/bundle-usage-reminders/bundle-usage-reminders.component.ts
FN:34,(anonymous_1)
FN:42,(anonymous_2)
FN:46,(anonymous_3)
FN:49,(anonymous_4)
FN:61,(anonymous_5)
FN:69,(anonymous_6)
FN:73,(anonymous_7)
FN:77,(anonymous_8)
FN:82,(anonymous_9)
FN:89,(anonymous_10)
FN:93,(anonymous_11)
FN:103,(anonymous_12)
FN:109,(anonymous_13)
FN:113,(anonymous_14)
FN:117,(anonymous_15)
FN:127,(anonymous_16)
FN:131,(anonymous_17)
FN:137,(anonymous_18)
FN:143,(anonymous_19)
FN:148,(anonymous_20)
FNF:20
FNH:0
FNDA:0,(anonymous_1)
FNDA:0,(anonymous_2)
FNDA:0,(anonymous_3)
FNDA:0,(anonymous_4)
FNDA:0,(anonymous_5)
FNDA:0,(anonymous_6)
FNDA:0,(anonymous_7)
FNDA:0,(anonymous_8)
FNDA:0,(anonymous_9)
FNDA:0,(anonymous_10)
FNDA:0,(anonymous_11)
FNDA:0,(anonymous_12)
FNDA:0,(anonymous_13)
FNDA:0,(anonymous_14)
FNDA:0,(anonymous_15)
FNDA:0,(anonymous_16)
FNDA:0,(anonymous_17)
FNDA:0,(anonymous_18)
FNDA:0,(anonymous_19)
FNDA:0,(anonymous_20)
DA:1,1
DA:2,1
DA:3,1
DA:4,1
DA:5,1
DA:6,1
DA:7,1
DA:8,1
DA:10,1
DA:11,1
DA:12,1
DA:13,1
DA:14,1
DA:22,1
DA:26,0
DA:27,0
DA:35,0
DA:36,0
DA:37,0
DA:39,0
DA:43,0
DA:44,0
DA:46,0
DA:50,0
DA:62,0
DA:63,0
DA:64,0
DA:70,0
DA:74,0
DA:78,0
DA:79,0
DA:83,0
DA:84,0
DA:85,0
DA:86,0
DA:87,0
DA:89,0
DA:94,0
DA:104,0
DA:105,0
DA:106,0
DA:110,0
DA:114,0
DA:118,0
DA:119,0
DA:120,0
DA:121,0
DA:123,0
DA:128,0
DA:132,0
DA:138,0
DA:144,0
DA:145,0
DA:149,0
DA:150,0
LF:55
LH:14
BRDA:74,0,0,0
BRDA:74,0,1,0
BRDA:74,0,2,0
BRDA:118,1,0,0
BRDA:118,1,1,0
BRDA:119,2,0,0
BRDA:119,2,1,0
BRF:7
BRH:0
end_of_record
TN:
SF:src/app/fleet-account/bundle-usage-reminders/constants/bundle-usage-reminders.constants.ts
FNF:0
FNH:0
DA:1,1
DA:2,1
DA:3,1
DA:4,1
DA:5,1
DA:6,1
DA:7,1
DA:8,1
DA:9,1
DA:10,1
DA:11,1
DA:12,1
LF:12
LH:12
BRF:0
BRH:0
end_of_record
TN:
SF:src/app/fleet-account/bundle-usage-reminders/services/bundle-usage-reminders.service.ts
FN:20,(anonymous_1)
FN:23,(anonymous_2)
FN:26,(anonymous_3)
FN:38,(anonymous_4)
FN:45,(anonymous_5)
FN:69,(anonymous_6)
FN:81,(anonymous_7)
FN:104,(anonymous_8)
FNF:8
FNH:8
FNDA:2,(anonymous_1)
FNDA:2,(anonymous_2)
FNDA:3,(anonymous_3)
FNDA:3,(anonymous_4)
FNDA:2,(anonymous_5)
FNDA:3,(anonymous_6)
FNDA:3,(anonymous_7)
FNDA:4,(anonymous_8)
DA:1,1
DA:2,1
DA:4,1
DA:5,1
DA:7,1
DA:16,1
DA:17,5
DA:18,5
DA:21,2
DA:23,2
DA:33,3
DA:34,3
DA:39,3
DA:47,2
DA:52,2
DA:56,1
DA:58,1
DA:60,2
DA:62,2
DA:70,3
DA:75,3
DA:76,2
DA:78,3
DA:86,3
DA:87,2
DA:88,1
DA:90,2
DA:91,2
DA:98,1
DA:99,1
DA:105,4
DA:107,4
DA:108,2
DA:111,4
DA:112,4
DA:113,4
DA:117,4
LF:37
LH:37
BRDA:47,0,0,2
BRDA:47,0,1,2
BRDA:47,0,2,2
BRDA:52,1,0,1
BRDA:52,1,1,1
BRDA:75,2,0,2
BRDA:86,3,0,2
BRDA:86,3,1,1
BRDA:87,4,0,1
BRDA:90,5,0,2
BRDA:98,6,0,1
BRDA:107,7,0,2
BRF:12
BRH:12
end_of_record
TN:
SF:src/app/fleet-account/manage-profile/manage-profile.component.ts
FN:23,(anonymous_1)
FN:27,(anonymous_2)
FN:30,(anonymous_3)
FN:35,(anonymous_4)
FN:39,(anonymous_5)
FNF:5
FNH:0
FNDA:0,(anonymous_1)
FNDA:0,(anonymous_2)
FNDA:0,(anonymous_3)
FNDA:0,(anonymous_4)
FNDA:0,(anonymous_5)
DA:1,0
DA:2,0
DA:3,0
DA:4,0
DA:5,0
DA:6,0
DA:7,0
DA:8,0
DA:9,0
DA:19,0
DA:23,0
DA:24,0
DA:28,0
DA:31,0
DA:36,0
DA:40,0
DA:41,0
LF:17
LH:0
BRDA:41,0,0,0
BRDA:41,0,1,0
BRF:2
BRH:0
end_of_record
TN:
SF:src/app/fleet-account/manage-profile/mobile-number/mobile-number.component.ts
FN:38,(anonymous_1)
FN:47,(anonymous_2)
FN:49,(anonymous_3)
FN:55,(anonymous_4)
FN:63,(anonymous_5)
FN:65,(anonymous_6)
FN:72,(anonymous_7)
FN:81,(anonymous_8)
FN:87,(anonymous_9)
FN:94,(anonymous_10)
FN:102,(anonymous_11)
FN:111,(anonymous_12)
FN:122,(anonymous_13)
FNF:13
FNH:11
FNDA:7,(anonymous_1)
FNDA:7,(anonymous_2)
FNDA:7,(anonymous_3)
FNDA:11,(anonymous_4)
FNDA:6,(anonymous_5)
FNDA:6,(anonymous_6)
FNDA:6,(anonymous_7)
FNDA:5,(anonymous_8)
FNDA:0,(anonymous_9)
FNDA:5,(anonymous_10)
FNDA:10,(anonymous_11)
FNDA:5,(anonymous_12)
FNDA:0,(anonymous_13)
DA:1,1
DA:2,1
DA:3,1
DA:4,1
DA:5,1
DA:6,1
DA:7,1
DA:8,1
DA:9,1
DA:12,1
DA:13,1
DA:14,1
DA:15,1
DA:16,1
DA:17,1
DA:18,1
DA:26,1
DA:27,7
DA:33,7
DA:34,7
DA:36,7
DA:39,7
DA:40,7
DA:41,7
DA:43,7
DA:44,7
DA:48,7
DA:49,7
DA:50,7
DA:51,0
DA:55,7
DA:56,11
DA:57,11
DA:58,7
DA:64,6
DA:65,6
DA:66,6
DA:67,1
DA:73,6
DA:78,6
DA:82,5
DA:83,5
DA:85,5
DA:88,0
DA:89,0
DA:95,5
DA:96,5
DA:97,5
DA:103,10
DA:112,5
DA:113,4
DA:114,4
DA:115,4
DA:117,1
DA:118,1
DA:123,0
LF:56
LH:52
BRDA:50,0,0,0
BRDA:57,1,0,7
BRDA:66,2,0,1
BRDA:82,3,0,5
BRDA:98,4,0,5
BRDA:98,4,1,4
BRDA:104,5,0,10
BRDA:104,5,1,6
BRDA:104,5,2,5
BRDA:104,5,3,4
BRDA:112,6,0,4
BRDA:112,6,1,1
BRF:12
BRH:11
end_of_record
TN:
SF:src/app/fleet-account/manage-profile/services/navigation.service.ts
FN:14,(anonymous_1)
FN:15,(anonymous_2)
FN:19,(anonymous_3)
FN:23,(anonymous_4)
FN:27,(anonymous_5)
FNF:5
FNH:3
FNDA:7,(anonymous_1)
FNDA:0,(anonymous_2)
FNDA:12,(anonymous_3)
FNDA:0,(anonymous_4)
FNDA:1,(anonymous_5)
DA:1,1
DA:2,1
DA:3,1
DA:4,1
DA:5,1
DA:9,1
DA:10,7
DA:11,7
DA:12,7
DA:14,7
DA:16,0
DA:20,12
DA:24,0
DA:28,1
LF:14
LH:12
BRF:0
BRH:0
end_of_record
TN:
SF:src/app/fleet-account/manage-profile/services/settings.service.ts
FN:11,(anonymous_1)
FN:15,(anonymous_2)
FN:19,(anonymous_3)
FN:23,(anonymous_4)
FN:27,(anonymous_5)
FN:31,(anonymous_6)
FNF:6
FNH:6
FNDA:1,(anonymous_1)
FNDA:1,(anonymous_2)
FNDA:1,(anonymous_3)
FNDA:1,(anonymous_4)
FNDA:8,(anonymous_5)
FNDA:1,(anonymous_6)
DA:1,2
DA:6,2
DA:12,1
DA:16,1
DA:20,1
DA:24,1
DA:28,8
DA:32,1
LF:8
LH:8
BRF:0
BRH:0
end_of_record
TN:
SF:src/app/fleet-contact/create-line/constants/create-line.constants.ts
FNF:0
FNH:0
DA:1,3
DA:2,3
DA:3,3
DA:4,3
DA:5,3
DA:6,3
DA:7,3
DA:8,3
DA:9,3
DA:10,3
DA:11,3
DA:12,3
DA:13,3
DA:14,3
DA:15,3
DA:16,3
DA:17,3
DA:18,3
DA:19,3
DA:20,3
DA:21,3
DA:22,3
DA:23,3
DA:24,3
DA:25,3
DA:26,3
DA:27,3
DA:28,3
DA:29,3
DA:30,3
DA:31,3
DA:32,3
DA:33,3
DA:34,3
DA:35,3
DA:36,3
DA:37,3
DA:38,3
DA:39,3
DA:40,3
DA:41,3
DA:42,3
DA:43,3
DA:44,3
DA:45,3
DA:46,3
DA:47,3
DA:48,3
DA:49,3
DA:50,3
DA:51,3
DA:52,3
DA:53,3
DA:54,3
LF:54
LH:54
BRF:0
BRH:0
end_of_record
TN:
SF:src/app/fleet-contact/create-line/constants/sim-swap.constants.ts
FNF:0
FNH:0
DA:1,2
DA:2,2
DA:3,2
DA:4,2
DA:5,2
DA:6,2
DA:7,2
DA:8,2
DA:9,2
DA:10,2
DA:11,2
DA:12,2
DA:13,2
DA:14,2
LF:14
LH:14
BRF:0
BRH:0
end_of_record
TN:
SF:src/app/fleet-contact/create-line/enums/create-line-step.enum.ts
FN:1,(anonymous_0)
FNF:1
FNH:1
FNDA:3,(anonymous_0)
DA:1,3
DA:2,3
DA:3,3
DA:4,3
DA:5,3
DA:6,3
DA:7,3
DA:8,3
DA:9,3
DA:10,3
DA:11,3
DA:12,3
DA:13,3
DA:14,3
DA:15,3
DA:16,3
DA:17,3
DA:18,3
DA:19,3
DA:20,3
DA:21,3
LF:21
LH:21
BRDA:1,0,0,3
BRDA:1,0,1,3
BRF:2
BRH:2
end_of_record
TN:
SF:src/app/fleet-contact/create-line/factories/category.factory.ts
FN:14,(anonymous_1)
FN:16,(anonymous_2)
FN:24,(anonymous_3)
FN:30,(anonymous_4)
FN:40,(anonymous_5)
FN:41,(anonymous_6)
FN:47,(anonymous_7)
FN:50,(anonymous_8)
FN:61,(anonymous_9)
FN:66,(anonymous_10)
FN:79,(anonymous_11)
FN:85,(anonymous_12)
FN:91,(anonymous_13)
FN:96,(anonymous_14)
FN:111,(anonymous_15)
FN:120,(anonymous_16)
FNF:16
FNH:16
FNDA:21,(anonymous_1)
FNDA:4,(anonymous_2)
FNDA:4,(anonymous_3)
FNDA:16,(anonymous_4)
FNDA:16,(anonymous_5)
FNDA:27,(anonymous_6)
FNDA:16,(anonymous_7)
FNDA:24,(anonymous_8)
FNDA:4,(anonymous_9)
FNDA:8,(anonymous_10)
FNDA:1,(anonymous_11)
FNDA:4,(anonymous_12)
FNDA:2,(anonymous_13)
FNDA:8,(anonymous_14)
FNDA:4,(anonymous_15)
FNDA:4,(anonymous_16)
DA:1,2
DA:2,2
DA:4,2
DA:5,2
DA:6,2
DA:7,2
DA:8,2
DA:13,2
DA:14,21
DA:17,4
DA:19,4
DA:21,4
DA:25,4
DA:26,4
DA:27,4
DA:28,4
DA:30,4
DA:31,16
DA:32,16
DA:33,8
DA:37,4
DA:41,27
DA:42,16
DA:44,16
DA:48,16
DA:50,16
DA:51,24
DA:52,24
DA:53,16
DA:57,16
DA:58,16
DA:62,4
DA:66,4
DA:67,8
DA:68,8
DA:69,1
DA:70,7
DA:71,4
DA:72,3
DA:73,2
DA:75,8
DA:80,1
DA:81,1
DA:82,1
DA:86,4
DA:87,4
DA:88,4
DA:92,2
DA:93,2
DA:97,8
DA:98,16
DA:99,16
DA:101,16
DA:102,4
DA:103,4
DA:105,16
DA:106,6
DA:112,4
DA:114,4
DA:115,4
DA:117,4
DA:121,4
DA:123,4
DA:125,4
LF:64
LH:64
BRDA:32,0,0,8
BRDA:42,1,0,12
BRDA:42,1,1,4
BRDA:52,2,0,16
BRDA:53,3,0,12
BRDA:53,3,1,4
BRDA:68,4,0,1
BRDA:68,4,1,7
BRDA:70,5,0,4
BRDA:70,5,1,3
BRDA:72,6,0,2
BRDA:72,7,0,3
BRDA:72,7,1,3
BRDA:101,8,0,4
BRDA:105,9,0,6
BRDA:105,10,0,16
BRDA:105,10,1,12
BRF:17
BRH:17
end_of_record
TN:
SF:src/app/fleet-contact/create-line/mappers/sim-swap.mapper.ts
FN:10,(anonymous_1)
FN:17,(anonymous_2)
FN:21,(anonymous_3)
FNF:3
FNH:3
FNDA:2,(anonymous_1)
FNDA:1,(anonymous_2)
FNDA:1,(anonymous_3)
DA:2,7
DA:4,7
DA:9,7
DA:11,2
DA:12,1
DA:14,1
DA:18,1
DA:22,1
DA:24,1
DA:25,1
DA:26,1
DA:28,1
LF:12
LH:12
BRDA:11,0,0,1
BRF:1
BRH:1
end_of_record
TN:
SF:src/app/fleet-contact/create-line/services/sim-status.service.ts
FN:12,(anonymous_1)
FN:17,(anonymous_2)
FN:32,(anonymous_3)
FNF:3
FNH:3
FNDA:6,(anonymous_1)
FNDA:1,(anonymous_2)
FNDA:1,(anonymous_3)
DA:1,2
DA:3,2
DA:4,2
DA:6,2
DA:11,2
DA:13,6
DA:14,6
DA:18,1
DA:19,1
DA:20,1
DA:27,1
DA:33,1
LF:12
LH:12
BRF:0
BRH:0
end_of_record
TN:
SF:src/app/fleet-contact/create-line/services/sim-validation.service.ts
FN:12,(anonymous_1)
FN:17,(anonymous_2)
FN:32,(anonymous_3)
FNF:3
FNH:3
FNDA:6,(anonymous_1)
FNDA:1,(anonymous_2)
FNDA:1,(anonymous_3)
DA:1,2
DA:3,2
DA:4,2
DA:6,2
DA:11,2
DA:13,6
DA:14,6
DA:18,1
DA:19,1
DA:20,1
DA:27,1
DA:33,1
LF:12
LH:12
BRF:0
BRH:0
end_of_record
TN:
SF:src/app/fleet-contact/create-line/state/create-line-flow.actions.ts
FN:6,(anonymous_0)
FN:10,(anonymous_1)
FN:19,(anonymous_2)
FN:25,(anonymous_3)
FN:34,(anonymous_4)
FN:43,(anonymous_5)
FN:52,(anonymous_6)
FN:58,(anonymous_7)
FN:64,(anonymous_8)
FN:70,(anonymous_9)
FN:76,(anonymous_10)
FN:82,(anonymous_11)
FN:88,(anonymous_12)
FN:94,(anonymous_13)
FN:100,(anonymous_14)
FN:106,(anonymous_15)
FN:112,(anonymous_16)
FN:118,(anonymous_17)
FNF:18
FNH:18
FNDA:3,(anonymous_0)
FNDA:2,(anonymous_1)
FNDA:5,(anonymous_2)
FNDA:1,(anonymous_3)
FNDA:1,(anonymous_4)
FNDA:8,(anonymous_5)
FNDA:2,(anonymous_6)
FNDA:1,(anonymous_7)
FNDA:2,(anonymous_8)
FNDA:2,(anonymous_9)
FNDA:5,(anonymous_10)
FNDA:1,(anonymous_11)
FNDA:1,(anonymous_12)
FNDA:1,(anonymous_13)
FNDA:1,(anonymous_14)
FNDA:1,(anonymous_15)
FNDA:1,(anonymous_16)
FNDA:1,(anonymous_17)
DA:6,3
DA:7,3
DA:8,3
DA:11,2
DA:12,2
DA:16,3
DA:17,3
DA:19,5
DA:22,3
DA:23,3
DA:26,1
DA:27,1
DA:31,3
DA:32,3
DA:35,1
DA:36,1
DA:40,3
DA:41,3
DA:44,8
DA:45,8
DA:49,3
DA:50,3
DA:52,2
DA:55,3
DA:56,3
DA:58,1
DA:61,3
DA:62,3
DA:64,2
DA:67,3
DA:68,3
DA:70,2
DA:73,3
DA:74,3
DA:76,5
DA:79,3
DA:80,3
DA:82,1
DA:85,3
DA:86,3
DA:88,1
DA:91,3
DA:92,3
DA:94,1
DA:97,3
DA:98,3
DA:100,1
DA:103,3
DA:104,3
DA:106,1
DA:109,3
DA:110,3
DA:112,1
DA:115,3
DA:116,3
DA:118,1
LF:56
LH:56
BRDA:6,0,0,3
BRDA:6,0,1,3
BRF:2
BRH:2
end_of_record
TN:
SF:src/app/fleet-contact/create-line/state/create-line-flow.model.ts
FNF:0
FNH:0
DA:3,3
DA:20,3
LF:2
LH:2
BRF:0
BRH:0
end_of_record
TN:
SF:src/app/fleet-contact/create-line/state/create-line-flow.selectors.ts
FN:11,(anonymous_1)
FN:16,(anonymous_2)
FN:21,(anonymous_3)
FN:26,(anonymous_4)
FN:31,(anonymous_5)
FN:36,(anonymous_6)
FN:37,(anonymous_7)
FN:39,(anonymous_8)
FN:43,(anonymous_9)
FN:48,(anonymous_10)
FN:53,(anonymous_11)
FN:58,(anonymous_12)
FN:63,(anonymous_13)
FN:68,(anonymous_14)
FNF:14
FNH:11
FNDA:1,(anonymous_1)
FNDA:6,(anonymous_2)
FNDA:3,(anonymous_3)
FNDA:2,(anonymous_4)
FNDA:2,(anonymous_5)
FNDA:0,(anonymous_6)
FNDA:0,(anonymous_7)
FNDA:0,(anonymous_8)
FNDA:1,(anonymous_9)
FNDA:1,(anonymous_10)
FNDA:1,(anonymous_11)
FNDA:1,(anonymous_12)
FNDA:1,(anonymous_13)
FNDA:1,(anonymous_14)
DA:1,3
DA:2,3
DA:3,3
DA:9,3
DA:11,3
DA:12,1
DA:16,3
DA:17,6
DA:21,3
DA:22,3
DA:26,3
DA:27,2
DA:31,3
DA:32,2
DA:36,3
DA:37,0
DA:39,0
DA:43,3
DA:44,1
DA:48,3
DA:49,1
DA:53,3
DA:54,1
DA:58,3
DA:59,1
DA:63,3
DA:64,1
DA:68,3
DA:69,1
LF:29
LH:27
BRF:0
BRH:0
end_of_record
TN:
SF:src/app/fleet-contact/create-line/state/create-line-flow.state.ts
FN:36,(anonymous_1)
FN:39,(anonymous_2)
FN:41,(anonymous_3)
FN:50,(anonymous_4)
FN:52,(anonymous_5)
FN:59,(anonymous_6)
FN:65,(anonymous_7)
FN:68,(anonymous_8)
FN:78,(anonymous_9)
FN:82,(anonymous_10)
FN:83,(anonymous_11)
FN:94,(anonymous_12)
FN:96,(anonymous_13)
FN:103,(anonymous_14)
FN:108,(anonymous_15)
FN:115,(anonymous_16)
FN:123,(anonymous_17)
FN:129,(anonymous_18)
FN:139,(anonymous_19)
FN:143,(anonymous_20)
FN:153,(anonymous_21)
FN:155,(anonymous_22)
FN:162,(anonymous_23)
FN:164,(anonymous_24)
FN:171,(anonymous_25)
FN:175,(anonymous_26)
FN:183,(anonymous_27)
FN:185,(anonymous_28)
FN:192,(anonymous_29)
FN:194,(anonymous_30)
FN:201,(anonymous_31)
FN:203,(anonymous_32)
FN:210,(anonymous_33)
FN:212,(anonymous_34)
FN:219,(anonymous_35)
FN:221,(anonymous_36)
FN:228,(anonymous_37)
FN:230,(anonymous_38)
FNF:38
FNH:37
FNDA:26,(anonymous_1)
FNDA:2,(anonymous_2)
FNDA:2,(anonymous_3)
FNDA:5,(anonymous_4)
FNDA:5,(anonymous_5)
FNDA:1,(anonymous_6)
FNDA:1,(anonymous_7)
FNDA:2,(anonymous_8)
FNDA:2,(anonymous_9)
FNDA:2,(anonymous_10)
FNDA:4,(anonymous_11)
FNDA:2,(anonymous_12)
FNDA:2,(anonymous_13)
FNDA:1,(anonymous_14)
FNDA:1,(anonymous_15)
FNDA:2,(anonymous_16)
FNDA:6,(anonymous_17)
FNDA:2,(anonymous_18)
FNDA:8,(anonymous_19)
FNDA:11,(anonymous_20)
FNDA:5,(anonymous_21)
FNDA:5,(anonymous_22)
FNDA:1,(anonymous_23)
FNDA:1,(anonymous_24)
FNDA:1,(anonymous_25)
FNDA:0,(anonymous_26)
FNDA:1,(anonymous_27)
FNDA:1,(anonymous_28)
FNDA:1,(anonymous_29)
FNDA:1,(anonymous_30)
FNDA:1,(anonymous_31)
FNDA:1,(anonymous_32)
FNDA:1,(anonymous_33)
FNDA:1,(anonymous_34)
FNDA:1,(anonymous_35)
FNDA:1,(anonymous_36)
FNDA:1,(anonymous_37)
FNDA:1,(anonymous_38)
DA:1,3
DA:2,3
DA:3,3
DA:4,3
DA:5,3
DA:6,3
DA:8,3
DA:10,3
DA:11,3
DA:12,3
DA:13,3
DA:14,3
DA:15,3
DA:16,3
DA:17,3
DA:18,3
DA:19,3
DA:20,3
DA:21,3
DA:22,3
DA:23,3
DA:25,3
DA:26,3
DA:27,3
DA:28,3
DA:35,3
DA:36,26
DA:39,3
DA:40,2
DA:42,2
DA:46,2
DA:50,3
DA:51,5
DA:53,5
DA:59,3
DA:60,1
DA:62,1
DA:65,1
DA:68,2
DA:78,3
DA:79,2
DA:81,2
DA:83,2
DA:84,4
DA:94,3
DA:95,2
DA:97,2
DA:103,3
DA:104,1
DA:105,1
DA:107,1
DA:109,1
DA:115,3
DA:119,2
DA:120,2
DA:121,2
DA:122,2
DA:123,6
DA:126,2
DA:129,2
DA:139,3
DA:140,8
DA:143,11
DA:153,3
DA:154,5
DA:156,5
DA:162,3
DA:163,1
DA:165,1
DA:171,3
DA:172,1
DA:175,0
DA:183,3
DA:184,1
DA:186,1
DA:192,3
DA:193,1
DA:195,1
DA:201,3
DA:202,1
DA:204,1
DA:210,3
DA:211,1
DA:213,1
DA:219,3
DA:220,1
DA:222,1
DA:228,3
DA:229,1
DA:231,1
LF:90
LH:89
BRDA:86,0,0,3
BRDA:86,0,1,1
BRF:2
BRH:2
end_of_record
TN:
SF:src/app/fleet-contact/create-line/step-flow/steps-config.constant.ts
FNF:0
FNH:0
DA:2,0
DA:3,0
DA:5,0
LF:3
LH:0
BRF:0
BRH:0
end_of_record
TN:
SF:src/app/fleet-contact/create-line/steps/abstract-step.component.ts
FN:27,(anonymous_1)
FN:36,(anonymous_2)
FN:38,(anonymous_3)
FN:53,(anonymous_4)
FN:56,(anonymous_5)
FN:59,(anonymous_6)
FN:61,(anonymous_7)
FN:62,(anonymous_8)
FN:63,(anonymous_9)
FN:67,(anonymous_10)
FN:71,(anonymous_11)
FN:77,(anonymous_12)
FN:78,(anonymous_13)
FN:84,(anonymous_14)
FN:92,(anonymous_15)
FN:99,(anonymous_16)
FNF:16
FNH:7
FNDA:5,(anonymous_1)
FNDA:5,(anonymous_2)
FNDA:5,(anonymous_3)
FNDA:0,(anonymous_4)
FNDA:0,(anonymous_5)
FNDA:0,(anonymous_6)
FNDA:0,(anonymous_7)
FNDA:0,(anonymous_8)
FNDA:0,(anonymous_9)
FNDA:6,(anonymous_10)
FNDA:6,(anonymous_11)
FNDA:1,(anonymous_12)
FNDA:1,(anonymous_13)
FNDA:0,(anonymous_14)
FNDA:0,(anonymous_15)
FNDA:0,(anonymous_16)
DA:1,1
DA:2,1
DA:3,1
DA:4,1
DA:5,1
DA:8,1
DA:9,1
DA:10,1
DA:11,1
DA:12,1
DA:13,1
DA:14,1
DA:15,1
DA:21,1
DA:24,5
DA:25,5
DA:27,5
DA:28,5
DA:29,5
DA:30,5
DA:31,5
DA:32,5
DA:37,5
DA:38,5
DA:39,5
DA:40,4
DA:41,4
DA:54,0
DA:55,0
DA:56,0
DA:60,0
DA:61,0
DA:62,0
DA:63,0
DA:68,6
DA:72,6
DA:74,6
DA:78,1
DA:79,1
DA:80,1
DA:85,0
DA:87,0
DA:89,0
DA:93,0
DA:94,0
DA:95,0
DA:100,0
DA:101,0
DA:103,0
LF:49
LH:33
BRDA:30,0,0,5
BRDA:39,1,0,4
BRDA:56,2,0,0
BRDA:56,2,1,0
BRDA:87,3,0,0
BRDA:87,3,1,0
BRDA:94,4,0,0
BRF:7
BRH:2
end_of_record
TN:
SF:src/app/fleet-contact/create-line/steps/sim-number/sim-number.component.ts
FN:35,(anonymous_1)
FN:47,(anonymous_2)
FN:51,(anonymous_3)
FN:55,(anonymous_4)
FN:62,(anonymous_5)
FN:76,(anonymous_6)
FN:84,(anonymous_7)
FN:87,(anonymous_8)
FN:88,(anonymous_9)
FN:89,(anonymous_10)
FN:90,(anonymous_11)
FN:91,(anonymous_12)
FN:92,(anonymous_13)
FN:96,(anonymous_14)
FN:100,(anonymous_15)
FN:104,(anonymous_16)
FN:112,(anonymous_17)
FN:116,(anonymous_18)
FNF:18
FNH:15
FNDA:5,(anonymous_1)
FNDA:3,(anonymous_2)
FNDA:6,(anonymous_3)
FNDA:6,(anonymous_4)
FNDA:6,(anonymous_5)
FNDA:2,(anonymous_6)
FNDA:1,(anonymous_7)
FNDA:1,(anonymous_8)
FNDA:1,(anonymous_9)
FNDA:1,(anonymous_10)
FNDA:1,(anonymous_11)
FNDA:0,(anonymous_12)
FNDA:1,(anonymous_13)
FNDA:0,(anonymous_14)
FNDA:0,(anonymous_15)
FNDA:6,(anonymous_16)
FNDA:1,(anonymous_17)
FNDA:1,(anonymous_18)
DA:1,1
DA:2,1
DA:3,1
DA:4,1
DA:5,1
DA:6,1
DA:7,1
DA:8,1
DA:10,1
DA:11,1
DA:12,1
DA:13,1
DA:14,1
DA:15,1
DA:16,1
DA:17,1
DA:18,1
DA:20,1
DA:21,1
DA:28,1
DA:29,5
DA:30,5
DA:31,5
DA:33,5
DA:36,5
DA:37,5
DA:38,5
DA:39,5
DA:40,5
DA:41,5
DA:42,5
DA:44,5
DA:48,3
DA:52,6
DA:56,6
DA:57,6
DA:58,6
DA:59,6
DA:63,6
DA:65,6
DA:77,2
DA:78,1
DA:79,1
DA:81,1
DA:85,1
DA:86,1
DA:87,1
DA:88,1
DA:89,1
DA:90,1
DA:91,0
DA:92,1
DA:97,0
DA:101,0
DA:105,6
DA:109,6
DA:113,1
DA:117,1
DA:118,1
DA:119,1
LF:60
LH:57
BRDA:68,0,0,0
BRDA:68,0,1,6
BRDA:77,1,0,1
BRF:3
BRH:2
end_of_record
TN:
SF:src/app/fleet-contact/create-line/utils/create-line-flow.util.ts
FN:6,(anonymous_0)
FN:7,(anonymous_1)
FN:7,(anonymous_2)
FN:10,(anonymous_3)
FN:11,(anonymous_4)
FN:14,(anonymous_5)
FN:15,(anonymous_6)
FN:18,(anonymous_7)
FN:21,(anonymous_8)
FN:30,(anonymous_9)
FN:36,(anonymous_10)
FN:46,(anonymous_11)
FN:47,(anonymous_12)
FN:50,(anonymous_13)
FN:51,(anonymous_14)
FNF:15
FNH:15
FNDA:12,(anonymous_0)
FNDA:16,(anonymous_1)
FNDA:26,(anonymous_2)
FNDA:25,(anonymous_3)
FNDA:37,(anonymous_4)
FNDA:25,(anonymous_5)
FNDA:73,(anonymous_6)
FNDA:1,(anonymous_7)
FNDA:4,(anonymous_8)
FNDA:1,(anonymous_9)
FNDA:4,(anonymous_10)
FNDA:10,(anonymous_11)
FNDA:21,(anonymous_12)
FNDA:7,(anonymous_13)
FNDA:11,(anonymous_14)
DA:5,4
DA:7,26
DA:11,37
DA:15,73
DA:19,1
DA:20,1
DA:21,1
DA:22,4
DA:23,4
DA:24,3
DA:27,1
DA:31,1
DA:33,1
DA:34,1
DA:36,1
DA:37,4
DA:38,4
DA:39,1
DA:43,1
DA:47,21
DA:51,11
LF:21
LH:21
BRDA:23,0,0,3
BRDA:38,1,0,1
BRF:2
BRH:2
end_of_record
TN:
SF:src/app/fleet-contact/create-line/validators/sim-card-number-validator.ts
FN:6,(anonymous_0)
FN:8,(anonymous_1)
FN:24,(anonymous_2)
FN:34,(anonymous_3)
FN:38,(anonymous_4)
FN:58,(anonymous_5)
FN:62,(anonymous_6)
FN:71,(anonymous_7)
FN:75,(anonymous_8)
FNF:9
FNH:9
FNDA:28,(anonymous_0)
FNDA:43,(anonymous_1)
FNDA:16,(anonymous_2)
FNDA:9,(anonymous_3)
FNDA:24,(anonymous_4)
FNDA:24,(anonymous_5)
FNDA:6,(anonymous_6)
FNDA:19,(anonymous_7)
FNDA:19,(anonymous_8)
DA:1,2
DA:2,2
DA:3,2
DA:5,2
DA:8,28
DA:9,43
DA:10,19
DA:11,5
DA:13,14
DA:16,19
DA:17,10
DA:20,33
DA:25,16
DA:26,7
DA:28,9
DA:29,3
DA:31,6
DA:35,9
DA:39,24
DA:40,24
DA:41,24
DA:42,24
DA:43,24
DA:44,390
DA:45,390
DA:46,183
DA:49,390
DA:50,70
DA:53,390
DA:55,24
DA:59,24
DA:63,6
DA:64,5
DA:65,5
DA:66,5
DA:68,1
DA:72,19
DA:76,19
DA:77,0
DA:79,19
DA:80,19
LF:41
LH:40
BRDA:9,0,0,19
BRDA:10,1,0,5
BRDA:10,1,1,14
BRDA:16,2,0,10
BRDA:16,3,0,19
BRDA:16,3,1,16
BRDA:25,4,0,7
BRDA:28,5,0,3
BRDA:45,6,0,183
BRDA:49,7,0,70
BRDA:63,8,0,5
BRDA:76,9,0,0
BRDA:76,10,0,19
BRDA:76,10,1,19
BRF:14
BRH:13
end_of_record
TN:
SF:src/app/fleet-product/line/line-add-options/fleet-manager-line-add-options.component.ts
FN:67,(anonymous_2)
FN:80,(anonymous_3)
FN:84,(anonymous_4)
FN:104,(anonymous_5)
FN:112,(anonymous_6)
FN:116,(anonymous_7)
FN:118,(anonymous_8)
FN:125,(anonymous_9)
FN:140,(anonymous_10)
FN:147,(anonymous_11)
FN:149,(anonymous_12)
FN:156,(anonymous_13)
FN:158,(anonymous_14)
FN:159,(anonymous_15)
FN:166,(anonymous_16)
FN:169,(anonymous_17)
FN:171,(anonymous_18)
FN:178,(anonymous_19)
FN:181,(anonymous_20)
FN:182,(anonymous_21)
FN:193,(anonymous_22)
FN:197,(anonymous_23)
FN:198,(anonymous_24)
FN:207,(anonymous_25)
FN:211,(anonymous_26)
FN:217,(anonymous_27)
FN:221,(anonymous_28)
FN:223,(anonymous_29)
FN:224,(anonymous_30)
FN:231,(anonymous_31)
FN:235,(anonymous_32)
FNF:31
FNH:0
FNDA:0,(anonymous_2)
FNDA:0,(anonymous_3)
FNDA:0,(anonymous_4)
FNDA:0,(anonymous_5)
FNDA:0,(anonymous_6)
FNDA:0,(anonymous_7)
FNDA:0,(anonymous_8)
FNDA:0,(anonymous_9)
FNDA:0,(anonymous_10)
FNDA:0,(anonymous_11)
FNDA:0,(anonymous_12)
FNDA:0,(anonymous_13)
FNDA:0,(anonymous_14)
FNDA:0,(anonymous_15)
FNDA:0,(anonymous_16)
FNDA:0,(anonymous_17)
FNDA:0,(anonymous_18)
FNDA:0,(anonymous_19)
FNDA:0,(anonymous_20)
FNDA:0,(anonymous_21)
FNDA:0,(anonymous_22)
FNDA:0,(anonymous_23)
FNDA:0,(anonymous_24)
FNDA:0,(anonymous_25)
FNDA:0,(anonymous_26)
FNDA:0,(anonymous_27)
FNDA:0,(anonymous_28)
FNDA:0,(anonymous_29)
FNDA:0,(anonymous_30)
FNDA:0,(anonymous_31)
FNDA:0,(anonymous_32)
DA:1,0
DA:2,0
DA:3,0
DA:4,0
DA:5,0
DA:6,0
DA:7,0
DA:8,0
DA:9,0
DA:10,0
DA:12,0
DA:13,0
DA:14,0
DA:15,0
DA:16,0
DA:17,0
DA:18,0
DA:19,0
DA:20,0
DA:21,0
DA:22,0
DA:23,0
DA:25,0
DA:26,0
DA:27,0
DA:47,0
DA:49,0
DA:52,0
DA:57,0
DA:58,0
DA:59,0
DA:60,0
DA:61,0
DA:62,0
DA:63,0
DA:64,0
DA:65,0
DA:68,0
DA:69,0
DA:70,0
DA:71,0
DA:72,0
DA:73,0
DA:74,0
DA:75,0
DA:77,0
DA:81,0
DA:82,0
DA:83,0
DA:84,0
DA:85,0
DA:89,0
DA:92,0
DA:93,0
DA:97,0
DA:103,0
DA:104,0
DA:105,0
DA:106,0
DA:107,0
DA:113,0
DA:114,0
DA:116,0
DA:119,0
DA:120,0
DA:121,0
DA:122,0
DA:123,0
DA:124,0
DA:125,0
DA:126,0
DA:127,0
DA:128,0
DA:130,0
DA:131,0
DA:132,0
DA:135,0
DA:137,0
DA:141,0
DA:142,0
DA:148,0
DA:150,0
DA:157,0
DA:158,0
DA:159,0
DA:160,0
DA:163,0
DA:167,0
DA:168,0
DA:170,0
DA:172,0
DA:179,0
DA:182,0
DA:183,0
DA:184,0
DA:190,0
DA:194,0
DA:198,0
DA:199,0
DA:201,0
DA:202,0
DA:204,0
DA:208,0
DA:212,0
DA:213,0
DA:214,0
DA:218,0
DA:222,0
DA:223,0
DA:224,0
DA:225,0
DA:228,0
DA:232,0
DA:236,0
LF:114
LH:0
BRDA:81,0,0,0
BRDA:81,0,1,0
BRDA:83,1,0,0
BRDA:92,2,0,0
BRDA:119,3,0,0
BRDA:119,3,1,0
BRDA:127,4,0,0
BRDA:130,5,0,0
BRDA:150,6,0,0
BRDA:150,6,1,0
BRDA:150,6,2,0
BRDA:173,7,0,0
BRDA:173,7,1,0
BRDA:173,7,2,0
BRDA:183,8,0,0
BRDA:194,9,0,0
BRDA:194,9,1,0
BRDA:201,10,0,0
BRF:18
BRH:0
end_of_record
TN:
SF:src/app/fleet-product/line/line-add-options/demo/line-add-options-demo.component.ts
FN:23,(anonymous_1)
FN:26,(anonymous_2)
FNF:2
FNH:0
FNDA:0,(anonymous_1)
FNDA:0,(anonymous_2)
DA:1,0
DA:3,0
DA:4,0
DA:5,0
DA:6,0
DA:7,0
DA:18,0
DA:19,0
DA:20,0
DA:21,0
DA:24,0
DA:27,0
LF:12
LH:0
BRF:0
BRH:0
end_of_record
TN:
SF:src/app/fleet-product/line/line-add-options/views/available-option/fleet-manager-available-option.component.ts
FN:24,(anonymous_2)
FN:34,(anonymous_3)
FN:35,(anonymous_4)
FN:67,(anonymous_5)
FN:68,(anonymous_6)
FN:71,(anonymous_7)
FN:73,(anonymous_8)
FN:84,(anonymous_9)
FN:92,(anonymous_10)
FN:112,(anonymous_11)
FN:113,(anonymous_12)
FN:116,(anonymous_13)
FN:121,(anonymous_14)
FN:129,(anonymous_15)
FN:131,(anonymous_16)
FN:136,(anonymous_17)
FN:137,(anonymous_18)
FN:140,(anonymous_19)
FN:144,(anonymous_20)
FN:148,(anonymous_21)
FN:152,(anonymous_22)
FN:156,(anonymous_23)
FNF:22
FNH:0
FNDA:0,(anonymous_2)
FNDA:0,(anonymous_3)
FNDA:0,(anonymous_4)
FNDA:0,(anonymous_5)
FNDA:0,(anonymous_6)
FNDA:0,(anonymous_7)
FNDA:0,(anonymous_8)
FNDA:0,(anonymous_9)
FNDA:0,(anonymous_10)
FNDA:0,(anonymous_11)
FNDA:0,(anonymous_12)
FNDA:0,(anonymous_13)
FNDA:0,(anonymous_14)
FNDA:0,(anonymous_15)
FNDA:0,(anonymous_16)
FNDA:0,(anonymous_17)
FNDA:0,(anonymous_18)
FNDA:0,(anonymous_19)
FNDA:0,(anonymous_20)
FNDA:0,(anonymous_21)
FNDA:0,(anonymous_22)
FNDA:0,(anonymous_23)
DA:1,0
DA:2,0
DA:3,0
DA:4,0
DA:5,0
DA:6,0
DA:7,0
DA:8,0
DA:16,0
DA:17,0
DA:18,0
DA:20,0
DA:22,0
DA:25,0
DA:26,0
DA:27,0
DA:29,0
DA:30,0
DA:35,0
DA:36,0
DA:41,0
DA:42,0
DA:43,0
DA:48,0
DA:50,0
DA:51,0
DA:54,0
DA:56,0
DA:57,0
DA:58,0
DA:59,0
DA:62,0
DA:63,0
DA:68,0
DA:72,0
DA:73,0
DA:76,0
DA:81,0
DA:85,0
DA:86,0
DA:87,0
DA:88,0
DA:93,0
DA:94,0
DA:99,0
DA:101,0
DA:102,0
DA:103,0
DA:107,0
DA:108,0
DA:109,0
DA:113,0
DA:117,0
DA:118,0
DA:122,0
DA:123,0
DA:124,0
DA:125,0
DA:130,0
DA:131,0
DA:132,0
DA:137,0
DA:141,0
DA:145,0
DA:149,0
DA:153,0
DA:157,0
LF:67
LH:0
BRDA:26,0,0,0
BRDA:29,1,0,0
BRDA:41,2,0,0
BRDA:41,2,1,0
BRDA:42,3,0,0
BRDA:42,3,1,0
BRDA:48,4,0,0
BRDA:48,4,1,0
BRDA:50,5,0,0
BRDA:56,6,0,0
BRDA:56,7,0,0
BRDA:56,7,1,0
BRDA:73,8,0,0
BRDA:73,8,1,0
BRDA:85,9,0,0
BRDA:95,10,0,0
BRDA:95,10,1,0
BRDA:95,11,0,0
BRDA:95,11,1,0
BRDA:95,11,2,0
BRDA:101,12,0,0
BRDA:104,13,0,0
BRDA:104,13,1,0
BRDA:113,14,0,0
BRDA:113,14,1,0
BRDA:123,15,0,0
BRDA:132,16,0,0
BRDA:132,16,1,0
BRDA:141,17,0,0
BRDA:141,17,1,0
BRF:30
BRH:0
end_of_record
TN:
SF:src/app/fleet-product/line/line-add-options/views/line-item/fleet-manager-line-item.component.ts
FN:18,(anonymous_1)
FN:22,(anonymous_2)
FN:23,(anonymous_3)
FN:26,(anonymous_4)
FNF:4
FNH:0
FNDA:0,(anonymous_1)
FNDA:0,(anonymous_2)
FNDA:0,(anonymous_3)
FNDA:0,(anonymous_4)
DA:1,0
DA:2,0
DA:3,0
DA:4,0
DA:5,0
DA:13,0
DA:14,0
DA:15,0
DA:19,0
DA:23,0
DA:27,0
LF:11
LH:0
BRDA:19,0,0,0
BRDA:19,0,1,0
BRF:2
BRH:0
end_of_record
TN:
SF:src/app/fleet-product/line/line-add-options/views/sticky-actions/fleet-manager-sticky-actions.component.ts
FN:19,(anonymous_1)
FN:23,(anonymous_2)
FN:27,(anonymous_3)
FN:31,(anonymous_4)
FN:33,(anonymous_5)
FN:34,(anonymous_6)
FNF:6
FNH:0
FNDA:0,(anonymous_1)
FNDA:0,(anonymous_2)
FNDA:0,(anonymous_3)
FNDA:0,(anonymous_4)
FNDA:0,(anonymous_5)
FNDA:0,(anonymous_6)
DA:1,0
DA:2,0
DA:3,0
DA:13,0
DA:14,0
DA:15,0
DA:16,0
DA:17,0
DA:20,0
DA:24,0
DA:28,0
DA:32,0
DA:33,0
DA:34,0
DA:35,0
DA:38,0
LF:16
LH:0
BRF:0
BRH:0
end_of_record
TN:
SF:src/app/fleet-product/line/line-add-options/views/warning-message/fleet-manager-warning-message.component.ts
FN:38,(anonymous_2)
FN:48,(anonymous_3)
FN:55,(anonymous_4)
FN:59,(anonymous_5)
FN:64,(anonymous_6)
FN:70,(anonymous_7)
FN:73,(anonymous_8)
FN:82,(anonymous_9)
FN:107,(anonymous_10)
FN:116,(anonymous_11)
FN:123,(anonymous_12)
FN:125,(anonymous_13)
FN:130,(anonymous_14)
FN:134,(anonymous_15)
FN:136,(anonymous_16)
FN:144,(anonymous_17)
FN:154,(anonymous_18)
FN:156,(anonymous_19)
FN:161,(anonymous_20)
FN:165,(anonymous_21)
FN:167,(anonymous_22)
FN:169,(anonymous_23)
FN:172,(anonymous_24)
FN:181,(anonymous_25)
FN:183,(anonymous_26)
FN:187,(anonymous_27)
FNF:26
FNH:0
FNDA:0,(anonymous_2)
FNDA:0,(anonymous_3)
FNDA:0,(anonymous_4)
FNDA:0,(anonymous_5)
FNDA:0,(anonymous_6)
FNDA:0,(anonymous_7)
FNDA:0,(anonymous_8)
FNDA:0,(anonymous_9)
FNDA:0,(anonymous_10)
FNDA:0,(anonymous_11)
FNDA:0,(anonymous_12)
FNDA:0,(anonymous_13)
FNDA:0,(anonymous_14)
FNDA:0,(anonymous_15)
FNDA:0,(anonymous_16)
FNDA:0,(anonymous_17)
FNDA:0,(anonymous_18)
FNDA:0,(anonymous_19)
FNDA:0,(anonymous_20)
FNDA:0,(anonymous_21)
FNDA:0,(anonymous_22)
FNDA:0,(anonymous_23)
FNDA:0,(anonymous_24)
FNDA:0,(anonymous_25)
FNDA:0,(anonymous_26)
FNDA:0,(anonymous_27)
DA:1,0
DA:2,0
DA:3,0
DA:4,0
DA:5,0
DA:6,0
DA:7,0
DA:8,0
DA:9,0
DA:10,0
DA:11,0
DA:12,0
DA:16,0
DA:17,0
DA:18,0
DA:26,0
DA:27,0
DA:28,0
DA:29,0
DA:34,0
DA:39,0
DA:40,0
DA:41,0
DA:42,0
DA:43,0
DA:45,0
DA:49,0
DA:56,0
DA:60,0
DA:61,0
DA:65,0
DA:66,0
DA:67,0
DA:70,0
DA:74,0
DA:75,0
DA:79,0
DA:81,0
DA:83,0
DA:84,0
DA:92,0
DA:93,0
DA:94,0
DA:103,0
DA:104,0
DA:108,0
DA:109,0
DA:113,0
DA:117,0
DA:118,0
DA:124,0
DA:126,0
DA:127,0
DA:130,0
DA:135,0
DA:137,0
DA:138,0
DA:145,0
DA:146,0
DA:147,0
DA:148,0
DA:149,0
DA:151,0
DA:155,0
DA:157,0
DA:158,0
DA:161,0
DA:166,0
DA:167,0
DA:168,0
DA:169,0
DA:170,0
DA:172,0
DA:173,0
DA:174,0
DA:182,0
DA:183,0
DA:188,0
LF:78
LH:0
BRDA:74,0,0,0
BRDA:74,0,1,0
BRDA:74,1,0,0
BRDA:74,1,1,0
BRDA:83,2,0,0
BRDA:83,3,0,0
BRDA:83,3,1,0
BRDA:93,4,0,0
BRDA:126,5,0,0
BRDA:126,6,0,0
BRDA:126,6,1,0
BRDA:137,7,0,0
BRDA:137,8,0,0
BRDA:137,8,1,0
BRDA:148,9,0,0
BRDA:157,10,0,0
BRDA:168,11,0,0
BRDA:168,12,0,0
BRDA:168,12,1,0
BRDA:170,13,0,0
BRDA:170,13,1,0
BRDA:173,14,0,0
BRDA:173,15,0,0
BRDA:173,15,1,0
BRF:24
BRH:0
end_of_record
TN:
SF:src/app/fleet-product/line/line-overlay/fleet-manager-line-overlay.component.ts
FN:14,(anonymous_1)
FN:18,(anonymous_2)
FNF:2
FNH:0
FNDA:0,(anonymous_1)
FNDA:0,(anonymous_2)
DA:1,0
DA:2,0
DA:10,0
DA:12,0
DA:15,0
DA:19,0
LF:6
LH:0
BRF:0
BRH:0
end_of_record
TN:
SF:src/app/fleet-product/line/line-overlay/line-overlay.component.ts
FN:13,(anonymous_1)
FN:17,(anonymous_2)
FNF:2
FNH:0
FNDA:0,(anonymous_1)
FNDA:0,(anonymous_2)
DA:1,0
DA:2,0
DA:10,0
DA:11,0
DA:14,0
DA:18,0
LF:6
LH:0
BRF:0
BRH:0
end_of_record
TN:
SF:src/app/fleet-product/line/line-product-details/fleet-manager-line-product-details.component.ts
FN:53,(anonymous_1)
FN:64,(anonymous_2)
FN:66,(anonymous_3)
FN:77,(anonymous_4)
FN:81,(anonymous_5)
FN:85,(anonymous_6)
FN:89,(anonymous_7)
FN:93,(anonymous_8)
FN:97,(anonymous_9)
FN:101,(anonymous_10)
FN:113,(anonymous_11)
FN:118,(anonymous_12)
FN:119,(anonymous_13)
FN:126,(anonymous_14)
FN:133,(anonymous_15)
FN:146,(anonymous_16)
FN:147,(anonymous_17)
FN:150,(anonymous_18)
FN:154,(anonymous_19)
FNF:19
FNH:0
FNDA:0,(anonymous_1)
FNDA:0,(anonymous_2)
FNDA:0,(anonymous_3)
FNDA:0,(anonymous_4)
FNDA:0,(anonymous_5)
FNDA:0,(anonymous_6)
FNDA:0,(anonymous_7)
FNDA:0,(anonymous_8)
FNDA:0,(anonymous_9)
FNDA:0,(anonymous_10)
FNDA:0,(anonymous_11)
FNDA:0,(anonymous_12)
FNDA:0,(anonymous_13)
FNDA:0,(anonymous_14)
FNDA:0,(anonymous_15)
FNDA:0,(anonymous_16)
FNDA:0,(anonymous_17)
FNDA:0,(anonymous_18)
FNDA:0,(anonymous_19)
DA:1,0
DA:2,0
DA:3,0
DA:4,0
DA:5,0
DA:6,0
DA:7,0
DA:8,0
DA:9,0
DA:10,0
DA:11,0
DA:12,0
DA:13,0
DA:16,0
DA:31,0
DA:41,0
DA:42,0
DA:49,0
DA:50,0
DA:51,0
DA:54,0
DA:55,0
DA:56,0
DA:57,0
DA:58,0
DA:59,0
DA:61,0
DA:65,0
DA:66,0
DA:67,0
DA:69,0
DA:70,0
DA:71,0
DA:73,0
DA:74,0
DA:78,0
DA:82,0
DA:86,0
DA:90,0
DA:94,0
DA:98,0
DA:102,0
DA:103,0
DA:104,0
DA:105,0
DA:107,0
DA:109,0
DA:110,0
DA:114,0
DA:115,0
DA:118,0
DA:120,0
DA:121,0
DA:127,0
DA:128,0
DA:129,0
DA:130,0
DA:134,0
DA:135,0
DA:136,0
DA:137,0
DA:138,0
DA:141,0
DA:147,0
DA:151,0
DA:155,0
DA:156,0
DA:158,0
LF:68
LH:0
BRDA:102,0,0,0
BRDA:102,0,1,0
BRDA:102,1,0,0
BRDA:102,1,1,0
BRDA:104,2,0,0
BRDA:104,2,1,0
BRDA:120,3,0,0
BRDA:138,4,0,0
BRDA:138,4,1,0
BRDA:141,5,0,0
BRDA:141,5,1,0
BRDA:151,6,0,0
BRDA:151,6,1,0
BRDA:155,7,0,0
BRDA:155,8,0,0
BRDA:155,8,1,0
BRF:16
BRH:0
end_of_record
TN:
SF:src/app/fleet-product/line/line-product-details/constants/line-product-details.constants.ts
FNF:0
FNH:0
DA:1,0
DA:2,0
DA:3,0
DA:4,0
DA:5,0
LF:5
LH:0
BRF:0
BRH:0
end_of_record
TN:
SF:src/app/fleet-product/line/line-product-details/helpers/line-product-details-helper.ts
FN:2,(anonymous_0)
FNF:1
FNH:0
FNDA:0,(anonymous_0)
DA:1,0
DA:3,0
DA:4,0
LF:3
LH:0
BRF:0
BRH:0
end_of_record
TN:
SF:src/app/fleet-product/line/line-remove-options/fleet-manager-line-remove-options.component.ts
FN:73,(anonymous_2)
FN:74,(anonymous_3)
FN:75,(anonymous_4)
FN:88,(anonymous_5)
FN:92,(anonymous_6)
FN:94,(anonymous_7)
FN:100,(anonymous_8)
FN:106,(anonymous_9)
FN:111,(anonymous_10)
FN:115,(anonymous_11)
FN:121,(anonymous_12)
FN:127,(anonymous_13)
FN:132,(anonymous_14)
FN:133,(anonymous_15)
FN:134,(anonymous_16)
FN:138,(anonymous_17)
FN:153,(anonymous_18)
FN:160,(anonymous_19)
FN:164,(anonymous_20)
FN:168,(anonymous_21)
FN:172,(anonymous_22)
FN:176,(anonymous_23)
FN:183,(anonymous_24)
FN:187,(anonymous_25)
FN:194,(anonymous_26)
FN:195,(anonymous_27)
FNF:26
FNH:0
FNDA:0,(anonymous_2)
FNDA:0,(anonymous_3)
FNDA:0,(anonymous_4)
FNDA:0,(anonymous_5)
FNDA:0,(anonymous_6)
FNDA:0,(anonymous_7)
FNDA:0,(anonymous_8)
FNDA:0,(anonymous_9)
FNDA:0,(anonymous_10)
FNDA:0,(anonymous_11)
FNDA:0,(anonymous_12)
FNDA:0,(anonymous_13)
FNDA:0,(anonymous_14)
FNDA:0,(anonymous_15)
FNDA:0,(anonymous_16)
FNDA:0,(anonymous_17)
FNDA:0,(anonymous_18)
FNDA:0,(anonymous_19)
FNDA:0,(anonymous_20)
FNDA:0,(anonymous_21)
FNDA:0,(anonymous_22)
FNDA:0,(anonymous_23)
FNDA:0,(anonymous_24)
FNDA:0,(anonymous_25)
FNDA:0,(anonymous_26)
FNDA:0,(anonymous_27)
DA:1,0
DA:2,0
DA:3,0
DA:4,0
DA:5,0
DA:6,0
DA:7,0
DA:8,0
DA:10,0
DA:11,0
DA:12,0
DA:13,0
DA:14,0
DA:15,0
DA:16,0
DA:17,0
DA:18,0
DA:19,0
DA:20,0
DA:21,0
DA:22,0
DA:23,0
DA:24,0
DA:25,0
DA:47,0
DA:52,0
DA:53,0
DA:54,0
DA:55,0
DA:56,0
DA:57,0
DA:58,0
DA:59,0
DA:60,0
DA:62,0
DA:63,0
DA:64,0
DA:66,0
DA:68,0
DA:69,0
DA:70,0
DA:71,0
DA:74,0
DA:75,0
DA:76,0
DA:77,0
DA:82,0
DA:83,0
DA:85,0
DA:89,0
DA:90,0
DA:91,0
DA:93,0
DA:95,0
DA:100,0
DA:107,0
DA:108,0
DA:111,0
DA:116,0
DA:119,0
DA:122,0
DA:128,0
DA:129,0
DA:132,0
DA:133,0
DA:134,0
DA:139,0
DA:140,0
DA:141,0
DA:147,0
DA:148,0
DA:150,0
DA:154,0
DA:155,0
DA:161,0
DA:164,0
DA:165,0
DA:169,0
DA:173,0
DA:177,0
DA:178,0
DA:179,0
DA:180,0
DA:184,0
DA:188,0
DA:195,0
LF:86
LH:0
BRDA:140,0,0,0
BRDA:140,0,1,0
BRDA:189,1,0,0
BRDA:189,1,1,0
BRF:4
BRH:0
end_of_record
TN:
SF:src/app/fleet-product/line/line-remove-options/constants/line-remove-constants.ts
FN:1,(anonymous_0)
FNF:1
FNH:0
FNDA:0,(anonymous_0)
DA:1,0
DA:2,0
DA:3,0
DA:4,0
DA:5,0
DA:6,0
DA:7,0
DA:8,0
DA:9,0
DA:10,0
DA:11,0
DA:12,0
DA:13,0
DA:14,0
LF:14
LH:0
BRDA:1,0,0,0
BRDA:1,0,1,0
BRF:2
BRH:0
end_of_record
TN:
SF:src/app/fleet-product/line/line-remove-options/services/cart-object-creator.ts
FN:9,(anonymous_0)
FN:17,(anonymous_1)
FN:18,(anonymous_2)
FN:32,(anonymous_3)
FN:37,(anonymous_4)
FN:38,(anonymous_5)
FN:39,(anonymous_6)
FN:40,(anonymous_7)
FN:54,(anonymous_8)
FNF:9
FNH:0
FNDA:0,(anonymous_0)
FNDA:0,(anonymous_1)
FNDA:0,(anonymous_2)
FNDA:0,(anonymous_3)
FNDA:0,(anonymous_4)
FNDA:0,(anonymous_5)
FNDA:0,(anonymous_6)
FNDA:0,(anonymous_7)
FNDA:0,(anonymous_8)
DA:3,0
DA:4,0
DA:8,0
DA:10,0
DA:11,0
DA:13,0
DA:14,0
DA:16,0
DA:17,0
DA:18,0
DA:19,0
DA:20,0
DA:21,0
DA:26,0
DA:27,0
DA:29,0
DA:33,0
DA:34,0
DA:38,0
DA:39,0
DA:40,0
DA:41,0
DA:42,0
DA:45,0
DA:46,0
DA:47,0
DA:51,0
DA:55,0
DA:56,0
LF:29
LH:0
BRDA:10,0,0,0
BRDA:10,1,0,0
BRDA:10,1,1,0
BRDA:16,2,0,0
BRDA:19,3,0,0
BRDA:26,4,0,0
BRDA:41,5,0,0
BRDA:45,6,0,0
BRF:8
BRH:0
end_of_record
TN:
SF:src/app/fleet-product/line/line-remove-options/services/manager-remove-options.service.ts
FN:33,(anonymous_2)
FN:38,(anonymous_3)
FN:43,(anonymous_4)
FN:44,(anonymous_5)
FN:45,(anonymous_6)
FN:49,(anonymous_7)
FN:55,(anonymous_8)
FN:56,(anonymous_9)
FN:57,(anonymous_10)
FN:58,(anonymous_11)
FN:70,(anonymous_12)
FN:76,(anonymous_13)
FN:77,(anonymous_14)
FN:78,(anonymous_15)
FN:79,(anonymous_16)
FN:80,(anonymous_17)
FN:84,(anonymous_18)
FN:94,(anonymous_19)
FN:101,(anonymous_20)
FN:109,(anonymous_21)
FN:111,(anonymous_22)
FN:112,(anonymous_23)
FN:120,(anonymous_24)
FN:122,(anonymous_25)
FN:123,(anonymous_26)
FN:132,(anonymous_27)
FN:142,(anonymous_28)
FNF:27
FNH:0
FNDA:0,(anonymous_2)
FNDA:0,(anonymous_3)
FNDA:0,(anonymous_4)
FNDA:0,(anonymous_5)
FNDA:0,(anonymous_6)
FNDA:0,(anonymous_7)
FNDA:0,(anonymous_8)
FNDA:0,(anonymous_9)
FNDA:0,(anonymous_10)
FNDA:0,(anonymous_11)
FNDA:0,(anonymous_12)
FNDA:0,(anonymous_13)
FNDA:0,(anonymous_14)
FNDA:0,(anonymous_15)
FNDA:0,(anonymous_16)
FNDA:0,(anonymous_17)
FNDA:0,(anonymous_18)
FNDA:0,(anonymous_19)
FNDA:0,(anonymous_20)
FNDA:0,(anonymous_21)
FNDA:0,(anonymous_22)
FNDA:0,(anonymous_23)
FNDA:0,(anonymous_24)
FNDA:0,(anonymous_25)
FNDA:0,(anonymous_26)
FNDA:0,(anonymous_27)
FNDA:0,(anonymous_28)
DA:1,0
DA:3,0
DA:5,0
DA:7,0
DA:10,0
DA:11,0
DA:12,0
DA:21,0
DA:22,0
DA:23,0
DA:24,0
DA:25,0
DA:26,0
DA:27,0
DA:29,0
DA:30,0
DA:31,0
DA:34,0
DA:35,0
DA:39,0
DA:40,0
DA:44,0
DA:45,0
DA:46,0
DA:49,0
DA:56,0
DA:57,0
DA:58,0
DA:59,0
DA:60,0
DA:65,0
DA:67,0
DA:70,0
DA:77,0
DA:78,0
DA:79,0
DA:80,0
DA:81,0
DA:82,0
DA:84,0
DA:85,0
DA:86,0
DA:90,0
DA:94,0
DA:95,0
DA:96,0
DA:97,0
DA:98,0
DA:102,0
DA:106,0
DA:110,0
DA:111,0
DA:113,0
DA:121,0
DA:122,0
DA:124,0
DA:133,0
DA:139,0
DA:143,0
DA:147,0
DA:151,0
DA:154,0
DA:155,0
DA:156,0
LF:64
LH:0
BRDA:59,0,0,0
BRDA:81,1,0,0
BRDA:85,2,0,0
BRDA:111,3,0,0
BRDA:111,3,1,0
BRF:5
BRH:0
end_of_record
TN:
SF:src/app/fleet-product/line/line-remove-options/services/product-options.mapper.ts
FN:7,(anonymous_1)
FN:11,(anonymous_2)
FN:12,(anonymous_3)
FNF:3
FNH:0
FNDA:0,(anonymous_1)
FNDA:0,(anonymous_2)
FNDA:0,(anonymous_3)
DA:2,0
DA:6,0
DA:8,0
DA:9,0
DA:11,0
DA:12,0
DA:13,0
DA:14,0
DA:15,0
DA:16,0
DA:18,0
DA:20,0
DA:21,0
DA:22,0
DA:25,0
DA:29,0
LF:16
LH:0
BRDA:8,0,0,0
BRDA:8,1,0,0
BRDA:8,1,1,0
BRDA:13,2,0,0
BRDA:13,2,1,0
BRDA:15,3,0,0
BRDA:21,4,0,0
BRDA:21,5,0,0
BRDA:21,5,1,0
BRF:9
BRH:0
end_of_record
TN:
SF:src/app/fleet-product/line/line-remove-options/views/options-overview/options-overview.component.ts
FN:26,(anonymous_7)
FN:31,(anonymous_8)
FN:32,(anonymous_9)
FNF:3
FNH:0
FNDA:0,(anonymous_7)
FNDA:0,(anonymous_8)
FNDA:0,(anonymous_9)
DA:1,0
DA:2,0
DA:3,0
DA:4,0
DA:5,0
DA:9,0
DA:17,0
DA:18,0
DA:19,0
DA:23,0
DA:25,0
DA:27,0
DA:28,0
DA:32,0
DA:33,0
DA:34,0
DA:36,0
DA:37,0
LF:18
LH:0
BRDA:33,0,0,0
BRDA:36,1,0,0
BRF:2
BRH:0
end_of_record
TN:
SF:src/app/fleet-product/line/line-remove-options/views/selected-line-list/selected-line-list.component.ts
FN:17,(anonymous_7)
FN:18,(anonymous_8)
FNF:2
FNH:0
FNDA:0,(anonymous_7)
FNDA:0,(anonymous_8)
DA:1,0
DA:2,0
DA:3,0
DA:5,0
DA:13,0
DA:14,0
DA:15,0
DA:18,0
DA:19,0
DA:20,0
DA:22,0
DA:24,0
LF:12
LH:0
BRDA:19,0,0,0
BRDA:20,1,0,0
BRDA:20,1,1,0
BRDA:20,1,2,0
BRF:4
BRH:0
end_of_record
TN:
SF:src/app/fleet-product/line/line-remove-options/views/sticky-actions/sticky-actions.component.ts
FNF:0
FNH:0
DA:1,0
DA:2,0
DA:3,0
DA:11,0
DA:12,0
DA:13,0
DA:16,0
DA:18,0
DA:19,0
LF:9
LH:0
BRF:0
BRH:0
end_of_record
TN:
SF:src/app/fleet-product/line/line-remove-options/views/warning-message/warning-message.component.ts
FNF:0
FNH:0
DA:1,0
DA:2,0
DA:3,0
DA:4,0
DA:5,0
DA:13,0
DA:21,0
DA:22,0
LF:8
LH:0
BRF:0
BRH:0
end_of_record
TN:
SF:src/app/fleet-product/line/shared/constants/customer.constant.ts
FNF:0
FNH:0
DA:1,0
DA:2,0
DA:3,0
DA:4,0
DA:5,0
DA:6,0
DA:7,0
LF:7
LH:0
BRF:0
BRH:0
end_of_record
TN:
SF:src/app/fleet-product/line/shared/constants/line-actions.constant.ts
FNF:0
FNH:0
DA:1,0
DA:2,0
DA:3,0
DA:4,0
DA:5,0
DA:6,0
DA:7,0
DA:8,0
LF:8
LH:0
BRF:0
BRH:0
end_of_record
TN:
SF:src/app/fleet-product/line/shared/constants/line-add-options.constants.ts
FNF:0
FNH:0
DA:1,0
DA:2,0
DA:3,0
DA:4,0
DA:5,0
DA:6,0
DA:7,0
DA:8,0
DA:9,0
DA:10,0
DA:11,0
DA:12,0
DA:13,0
DA:14,0
DA:15,0
DA:16,0
DA:17,0
DA:18,0
DA:19,0
DA:20,0
DA:21,0
DA:22,0
DA:23,0
LF:23
LH:0
BRF:0
BRH:0
end_of_record
TN:
SF:src/app/fleet-product/line/shared/constants/line-change-tariff-plan.constants.ts
FNF:0
FNH:0
DA:1,0
DA:2,0
DA:3,0
DA:4,0
DA:5,0
DA:6,0
DA:7,0
DA:8,0
DA:9,0
DA:10,0
LF:10
LH:0
BRF:0
BRH:0
end_of_record
TN:
SF:src/app/fleet-product/line/shared/constants/order-item-rank.constants.ts
FNF:0
FNH:0
DA:1,0
LF:1
LH:0
BRF:0
BRH:0
end_of_record
TN:
SF:src/app/fleet-product/line/shared/constants/product-datalayer.constants.ts
FNF:0
FNH:0
DA:1,0
DA:2,0
DA:3,0
DA:4,0
DA:5,0
DA:6,0
DA:7,0
DA:8,0
DA:9,0
DA:10,0
DA:11,0
LF:11
LH:0
BRF:0
BRH:0
end_of_record
TN:
SF:src/app/fleet-product/line/shared/constants/product.constant.ts
FNF:0
FNH:0
DA:1,0
DA:2,0
DA:3,0
DA:4,0
DA:5,0
DA:6,0
DA:7,0
DA:8,0
DA:9,0
DA:10,0
DA:11,0
DA:12,0
DA:13,0
DA:14,0
DA:15,0
DA:16,0
DA:26,0
DA:27,0
DA:28,0
DA:29,0
DA:30,0
DA:31,0
DA:32,0
DA:33,0
DA:34,0
DA:35,0
DA:36,0
DA:37,0
DA:38,0
DA:39,0
DA:40,0
LF:31
LH:0
BRF:0
BRH:0
end_of_record
TN:
SF:src/app/fleet-product/line/shared/constants/sales.constants.ts
FNF:0
FNH:0
DA:1,0
DA:2,0
DA:3,0
DA:4,0
DA:5,0
DA:6,0
DA:7,0
DA:8,0
DA:9,0
DA:10,0
DA:11,0
DA:12,0
DA:13,0
DA:14,0
DA:15,0
DA:16,0
DA:17,0
LF:17
LH:0
BRF:0
BRH:0
end_of_record
TN:
SF:src/app/fleet-product/line/shared/constants/shopping-cart.constant.ts
FNF:0
FNH:0
DA:1,0
DA:2,0
DA:3,0
DA:4,0
DA:5,0
DA:6,0
LF:6
LH:0
BRF:0
BRH:0
end_of_record
TN:
SF:src/app/fleet-product/line/shared/enums/installation.enum.ts
FN:1,(anonymous_0)
FNF:1
FNH:0
FNDA:0,(anonymous_0)
DA:1,0
DA:2,0
DA:3,0
DA:4,0
LF:4
LH:0
BRDA:1,0,0,0
BRDA:1,0,1,0
BRF:2
BRH:0
end_of_record
TN:
SF:src/app/fleet-product/line/shared/enums/intent.enum.ts
FN:1,(anonymous_0)
FNF:1
FNH:0
FNDA:0,(anonymous_0)
DA:1,0
DA:2,0
DA:3,0
DA:4,0
DA:5,0
DA:6,0
DA:7,0
DA:8,0
DA:9,0
DA:10,0
DA:11,0
DA:12,0
DA:13,0
DA:14,0
DA:15,0
DA:16,0
DA:17,0
DA:18,0
DA:19,0
DA:20,0
DA:21,0
DA:22,0
DA:23,0
DA:24,0
LF:24
LH:0
BRDA:1,0,0,0
BRDA:1,0,1,0
BRF:2
BRH:0
end_of_record
TN:
SF:src/app/fleet-product/line/shared/enums/order-item-usage.enum.ts
FN:1,(anonymous_0)
FNF:1
FNH:0
FNDA:0,(anonymous_0)
DA:1,0
DA:2,0
DA:3,0
DA:4,0
LF:4
LH:0
BRDA:1,0,0,0
BRDA:1,0,1,0
BRF:2
BRH:0
end_of_record
TN:
SF:src/app/fleet-product/line/shared/enums/product-category.enum.ts
FN:1,(anonymous_0)
FNF:1
FNH:0
FNDA:0,(anonymous_0)
DA:1,0
DA:2,0
DA:3,0
DA:4,0
LF:4
LH:0
BRDA:1,0,0,0
BRDA:1,0,1,0
BRF:2
BRH:0
end_of_record
TN:
SF:src/app/fleet-product/line/shared/enums/product-type.enum.ts
FN:1,(anonymous_0)
FNF:1
FNH:0
FNDA:0,(anonymous_0)
DA:1,0
DA:2,0
DA:3,0
DA:4,0
DA:5,0
DA:6,0
DA:7,0
DA:8,0
DA:9,0
DA:10,0
DA:11,0
DA:12,0
DA:13,0
DA:14,0
DA:15,0
DA:16,0
LF:16
LH:0
BRDA:1,0,0,0
BRDA:1,0,1,0
BRF:2
BRH:0
end_of_record
TN:
SF:src/app/fleet-product/line/shared/enums/sales-flow.enum.ts
FN:1,(anonymous_0)
FNF:1
FNH:0
FNDA:0,(anonymous_0)
DA:1,0
DA:2,0
DA:3,0
DA:4,0
DA:5,0
LF:5
LH:0
BRDA:1,0,0,0
BRDA:1,0,1,0
BRF:2
BRH:0
end_of_record
TN:
SF:src/app/fleet-product/line/shared/enums/service-segment.enum.ts
FN:1,(anonymous_0)
FNF:1
FNH:0
FNDA:0,(anonymous_0)
DA:1,0
DA:2,0
DA:3,0
DA:4,0
DA:5,0
DA:6,0
DA:7,0
DA:8,0
DA:9,0
DA:10,0
LF:10
LH:0
BRDA:1,0,0,0
BRDA:1,0,1,0
BRF:2
BRH:0
end_of_record
TN:
SF:src/app/fleet-product/line/shared/helpers/sales-order.helper.ts
FN:7,(anonymous_0)
FN:8,(anonymous_1)
FN:14,(anonymous_2)
FN:15,(anonymous_3)
FN:21,(anonymous_4)
FN:23,(anonymous_5)
FN:27,(anonymous_6)
FN:28,(anonymous_7)
FN:31,(anonymous_8)
FN:32,(anonymous_9)
FN:35,(anonymous_10)
FNF:11
FNH:0
FNDA:0,(anonymous_0)
FNDA:0,(anonymous_1)
FNDA:0,(anonymous_2)
FNDA:0,(anonymous_3)
FNDA:0,(anonymous_4)
FNDA:0,(anonymous_5)
FNDA:0,(anonymous_6)
FNDA:0,(anonymous_7)
FNDA:0,(anonymous_8)
FNDA:0,(anonymous_9)
FNDA:0,(anonymous_10)
DA:6,0
DA:8,0
DA:9,0
DA:10,0
DA:15,0
DA:16,0
DA:17,0
DA:22,0
DA:23,0
DA:28,0
DA:32,0
DA:36,0
LF:12
LH:0
BRDA:9,0,0,0
BRDA:9,0,1,0
BRDA:10,1,0,0
BRDA:10,1,1,0
BRDA:16,2,0,0
BRDA:16,2,1,0
BRDA:17,3,0,0
BRDA:17,3,1,0
BRDA:17,3,2,0
BRDA:22,4,0,0
BRDA:22,4,1,0
BRDA:28,5,0,0
BRDA:28,5,1,0
BRF:13
BRH:0
end_of_record
TN:
SF:src/app/fleet-product/line/shared/helpers/sales-service-helper.ts
FN:31,(anonymous_2)
FN:33,(anonymous_3)
FN:37,(anonymous_4)
FN:39,(anonymous_5)
FN:40,(anonymous_6)
FN:48,(anonymous_7)
FN:56,(anonymous_8)
FN:62,(anonymous_9)
FN:66,(anonymous_10)
FN:70,(anonymous_11)
FN:76,(anonymous_12)
FNF:11
FNH:0
FNDA:0,(anonymous_2)
FNDA:0,(anonymous_3)
FNDA:0,(anonymous_4)
FNDA:0,(anonymous_5)
FNDA:0,(anonymous_6)
FNDA:0,(anonymous_7)
FNDA:0,(anonymous_8)
FNDA:0,(anonymous_9)
FNDA:0,(anonymous_10)
FNDA:0,(anonymous_11)
FNDA:0,(anonymous_12)
DA:1,0
DA:2,0
DA:3,0
DA:5,0
DA:6,0
DA:7,0
DA:12,0
DA:14,0
DA:31,0
DA:34,0
DA:38,0
DA:39,0
DA:41,0
DA:42,0
DA:45,0
DA:49,0
DA:50,0
DA:51,0
DA:53,0
DA:57,0
DA:60,0
DA:63,0
DA:67,0
DA:71,0
DA:77,0
LF:25
LH:0
BRDA:39,0,0,0
BRDA:39,0,1,0
BRDA:41,1,0,0
BRDA:41,2,0,0
BRDA:41,2,1,0
BRDA:49,3,0,0
BRDA:57,4,0,0
BRDA:57,4,1,0
BRDA:63,5,0,0
BRDA:63,5,1,0
BRDA:71,6,0,0
BRDA:71,6,1,0
BRF:12
BRH:0
end_of_record
TN:
SF:src/app/fleet-product/line/shared/mappers/customer-product-holding.mapper.ts
FN:35,(anonymous_1)
FN:39,(anonymous_2)
FN:46,(anonymous_3)
FN:90,(anonymous_4)
FN:93,(anonymous_5)
FN:103,(anonymous_6)
FN:116,(anonymous_7)
FN:117,(anonymous_8)
FN:129,(anonymous_9)
FN:153,(anonymous_10)
FN:162,(anonymous_11)
FNF:11
FNH:0
FNDA:0,(anonymous_1)
FNDA:0,(anonymous_2)
FNDA:0,(anonymous_3)
FNDA:0,(anonymous_4)
FNDA:0,(anonymous_5)
FNDA:0,(anonymous_6)
FNDA:0,(anonymous_7)
FNDA:0,(anonymous_8)
FNDA:0,(anonymous_9)
FNDA:0,(anonymous_10)
FNDA:0,(anonymous_11)
DA:1,0
DA:2,0
DA:4,0
DA:12,0
DA:14,0
DA:16,0
DA:17,0
DA:19,0
DA:25,0
DA:28,0
DA:29,0
DA:30,0
DA:31,0
DA:32,0
DA:33,0
DA:36,0
DA:40,0
DA:41,0
DA:42,0
DA:46,0
DA:47,0
DA:49,0
DA:50,0
DA:51,0
DA:52,0
DA:53,0
DA:54,0
DA:55,0
DA:56,0
DA:57,0
DA:58,0
DA:59,0
DA:60,0
DA:61,0
DA:62,0
DA:63,0
DA:64,0
DA:65,0
DA:66,0
DA:67,0
DA:68,0
DA:69,0
DA:70,0
DA:71,0
DA:72,0
DA:73,0
DA:74,0
DA:75,0
DA:76,0
DA:77,0
DA:78,0
DA:79,0
DA:80,0
DA:81,0
DA:82,0
DA:87,0
DA:91,0
DA:92,0
DA:93,0
DA:94,0
DA:95,0
DA:96,0
DA:100,0
DA:104,0
DA:105,0
DA:106,0
DA:107,0
DA:108,0
DA:109,0
DA:110,0
DA:111,0
DA:113,0
DA:117,0
DA:118,0
DA:130,0
DA:131,0
DA:132,0
DA:133,0
DA:134,0
DA:135,0
DA:136,0
DA:137,0
DA:138,0
DA:139,0
DA:140,0
DA:141,0
DA:142,0
DA:144,0
DA:145,0
DA:146,0
DA:149,0
DA:154,0
DA:155,0
DA:156,0
DA:157,0
DA:158,0
DA:159,0
DA:163,0
DA:164,0
DA:165,0
DA:166,0
DA:167,0
DA:168,0
DA:171,0
LF:104
LH:0
BRDA:41,0,0,0
BRDA:81,1,0,0
BRDA:92,2,0,0
BRDA:95,3,0,0
BRDA:95,4,0,0
BRDA:95,4,1,0
BRDA:105,5,0,0
BRDA:130,6,0,0
BRDA:130,6,1,0
BRDA:131,7,0,0
BRDA:131,7,1,0
BRDA:131,8,0,0
BRDA:131,8,1,0
BRDA:140,9,0,0
BRDA:140,9,1,0
BRDA:164,10,0,0
BRDA:167,11,0,0
BRF:17
BRH:0
end_of_record
TN:
SF:src/app/fleet-product/line/shared/mappers/eligible-products.mapper.ts
FN:21,(anonymous_2)
FN:23,(anonymous_3)
FN:27,(anonymous_4)
FN:30,(anonymous_5)
FN:36,(anonymous_6)
FN:50,(anonymous_7)
FN:63,(anonymous_8)
FN:66,(anonymous_9)
FN:72,(anonymous_10)
FN:86,(anonymous_11)
FN:89,(anonymous_12)
FN:95,(anonymous_13)
FN:107,(anonymous_14)
FNF:13
FNH:0
FNDA:0,(anonymous_2)
FNDA:0,(anonymous_3)
FNDA:0,(anonymous_4)
FNDA:0,(anonymous_5)
FNDA:0,(anonymous_6)
FNDA:0,(anonymous_7)
FNDA:0,(anonymous_8)
FNDA:0,(anonymous_9)
FNDA:0,(anonymous_10)
FNDA:0,(anonymous_11)
FNDA:0,(anonymous_12)
FNDA:0,(anonymous_13)
FNDA:0,(anonymous_14)
DA:1,0
DA:2,0
DA:4,0
DA:5,0
DA:6,0
DA:7,0
DA:15,0
DA:20,0
DA:21,0
DA:24,0
DA:28,0
DA:31,0
DA:37,0
DA:38,0
DA:51,0
DA:52,0
DA:53,0
DA:54,0
DA:55,0
DA:56,0
DA:58,0
DA:60,0
DA:64,0
DA:67,0
DA:73,0
DA:74,0
DA:75,0
DA:76,0
DA:77,0
DA:78,0
DA:80,0
DA:81,0
DA:83,0
DA:87,0
DA:90,0
DA:96,0
DA:108,0
DA:110,0
DA:112,0
DA:114,0
DA:116,0
DA:118,0
LF:42
LH:0
BRDA:29,0,0,0
BRDA:29,0,1,0
BRDA:37,1,0,0
BRDA:52,2,0,0
BRDA:55,3,0,0
BRDA:55,4,0,0
BRDA:55,4,1,0
BRDA:65,5,0,0
BRDA:65,5,1,0
BRDA:77,6,0,0
BRDA:80,7,0,0
BRDA:88,8,0,0
BRDA:88,8,1,0
BRDA:108,9,0,0
BRDA:108,9,1,0
BRDA:108,9,2,0
BRDA:108,9,3,0
BRDA:108,9,4,0
BRF:18
BRH:0
end_of_record
TN:
SF:src/app/fleet-product/line/shared/mappers/option.mapper.ts
FN:21,(anonymous_1)
FN:25,(anonymous_2)
FN:47,(anonymous_3)
FN:51,(anonymous_4)
FN:58,(anonymous_5)
FN:60,(anonymous_6)
FN:64,(anonymous_7)
FN:71,(anonymous_8)
FN:79,(anonymous_9)
FN:85,(anonymous_10)
FNF:10
FNH:0
FNDA:0,(anonymous_1)
FNDA:0,(anonymous_2)
FNDA:0,(anonymous_3)
FNDA:0,(anonymous_4)
FNDA:0,(anonymous_5)
FNDA:0,(anonymous_6)
FNDA:0,(anonymous_7)
FNDA:0,(anonymous_8)
FNDA:0,(anonymous_9)
FNDA:0,(anonymous_10)
DA:1,0
DA:3,0
DA:4,0
DA:8,0
DA:10,0
DA:11,0
DA:16,0
DA:17,0
DA:18,0
DA:19,0
DA:22,0
DA:26,0
DA:27,0
DA:28,0
DA:29,0
DA:30,0
DA:31,0
DA:32,0
DA:33,0
DA:34,0
DA:35,0
DA:36,0
DA:37,0
DA:38,0
DA:39,0
DA:40,0
DA:41,0
DA:42,0
DA:44,0
DA:48,0
DA:51,0
DA:59,0
DA:60,0
DA:65,0
DA:72,0
DA:80,0
DA:86,0
DA:88,0
DA:90,0
DA:92,0
DA:94,0
DA:96,0
LF:42
LH:0
BRDA:27,0,0,0
BRDA:86,1,0,0
BRDA:86,1,1,0
BRDA:86,1,2,0
BRDA:86,1,3,0
BRDA:86,1,4,0
BRF:6
BRH:0
end_of_record
TN:
SF:src/app/fleet-product/line/shared/mappers/order-item.mapper.ts
FN:32,(anonymous_2)
FN:44,(anonymous_3)
FN:48,(anonymous_4)
FN:83,(anonymous_5)
FN:88,(anonymous_6)
FN:131,(anonymous_7)
FN:140,(anonymous_8)
FN:143,(anonymous_9)
FN:148,(anonymous_10)
FN:157,(anonymous_11)
FN:160,(anonymous_12)
FN:165,(anonymous_13)
FN:172,(anonymous_14)
FN:183,(anonymous_15)
FN:186,(anonymous_16)
FN:192,(anonymous_17)
FN:195,(anonymous_18)
FN:201,(anonymous_19)
FN:215,(anonymous_20)
FN:220,(anonymous_21)
FN:228,(anonymous_22)
FN:234,(anonymous_23)
FN:241,(anonymous_24)
FN:260,(anonymous_25)
FNF:24
FNH:0
FNDA:0,(anonymous_2)
FNDA:0,(anonymous_3)
FNDA:0,(anonymous_4)
FNDA:0,(anonymous_5)
FNDA:0,(anonymous_6)
FNDA:0,(anonymous_7)
FNDA:0,(anonymous_8)
FNDA:0,(anonymous_9)
FNDA:0,(anonymous_10)
FNDA:0,(anonymous_11)
FNDA:0,(anonymous_12)
FNDA:0,(anonymous_13)
FNDA:0,(anonymous_14)
FNDA:0,(anonymous_15)
FNDA:0,(anonymous_16)
FNDA:0,(anonymous_17)
FNDA:0,(anonymous_18)
FNDA:0,(anonymous_19)
FNDA:0,(anonymous_20)
FNDA:0,(anonymous_21)
FNDA:0,(anonymous_22)
FNDA:0,(anonymous_23)
FNDA:0,(anonymous_24)
FNDA:0,(anonymous_25)
DA:1,0
DA:3,0
DA:4,0
DA:5,0
DA:6,0
DA:7,0
DA:8,0
DA:9,0
DA:10,0
DA:11,0
DA:13,0
DA:14,0
DA:15,0
DA:16,0
DA:19,0
DA:20,0
DA:21,0
DA:22,0
DA:31,0
DA:33,0
DA:34,0
DA:35,0
DA:36,0
DA:37,0
DA:38,0
DA:39,0
DA:40,0
DA:41,0
DA:45,0
DA:49,0
DA:50,0
DA:51,0
DA:52,0
DA:53,0
DA:54,0
DA:55,0
DA:56,0
DA:57,0
DA:58,0
DA:59,0
DA:60,0
DA:61,0
DA:62,0
DA:63,0
DA:64,0
DA:65,0
DA:66,0
DA:67,0
DA:68,0
DA:69,0
DA:70,0
DA:71,0
DA:72,0
DA:73,0
DA:74,0
DA:75,0
DA:76,0
DA:77,0
DA:78,0
DA:79,0
DA:80,0
DA:84,0
DA:85,0
DA:88,0
DA:89,0
DA:90,0
DA:93,0
DA:95,0
DA:96,0
DA:99,0
DA:101,0
DA:102,0
DA:103,0
DA:104,0
DA:105,0
DA:106,0
DA:107,0
DA:108,0
DA:109,0
DA:110,0
DA:111,0
DA:112,0
DA:113,0
DA:114,0
DA:115,0
DA:116,0
DA:118,0
DA:119,0
DA:120,0
DA:121,0
DA:122,0
DA:123,0
DA:124,0
DA:127,0
DA:132,0
DA:133,0
DA:135,0
DA:136,0
DA:137,0
DA:139,0
DA:140,0
DA:142,0
DA:143,0
DA:145,0
DA:149,0
DA:150,0
DA:152,0
DA:153,0
DA:154,0
DA:156,0
DA:157,0
DA:159,0
DA:160,0
DA:162,0
DA:166,0
DA:167,0
DA:169,0
DA:173,0
DA:174,0
DA:175,0
DA:176,0
DA:177,0
DA:178,0
DA:179,0
DA:180,0
DA:184,0
DA:187,0
DA:193,0
DA:196,0
DA:202,0
DA:203,0
DA:204,0
DA:205,0
DA:206,0
DA:207,0
DA:208,0
DA:209,0
DA:210,0
DA:212,0
DA:216,0
DA:217,0
DA:221,0
DA:222,0
DA:223,0
DA:225,0
DA:229,0
DA:230,0
DA:231,0
DA:235,0
DA:236,0
DA:238,0
DA:242,0
DA:243,0
DA:244,0
DA:245,0
DA:246,0
DA:247,0
DA:248,0
DA:249,0
DA:250,0
DA:251,0
DA:252,0
DA:253,0
DA:254,0
DA:256,0
DA:257,0
DA:261,0
LF:167
LH:0
BRDA:60,0,0,0
BRDA:60,0,1,0
BRDA:79,1,0,0
BRDA:79,1,1,0
BRDA:89,2,0,0
BRDA:89,3,0,0
BRDA:89,3,1,0
BRDA:95,4,0,0
BRDA:95,5,0,0
BRDA:95,5,1,0
BRDA:101,6,0,0
BRDA:101,6,1,0
BRDA:102,7,0,0
BRDA:102,7,1,0
BRDA:102,8,0,0
BRDA:102,8,1,0
BRDA:136,9,0,0
BRDA:136,10,0,0
BRDA:136,10,1,0
BRDA:136,10,2,0
BRDA:139,11,0,0
BRDA:139,12,0,0
BRDA:139,12,1,0
BRDA:142,13,0,0
BRDA:153,14,0,0
BRDA:153,15,0,0
BRDA:153,15,1,0
BRDA:153,15,2,0
BRDA:156,16,0,0
BRDA:156,17,0,0
BRDA:156,17,1,0
BRDA:159,18,0,0
BRDA:166,19,0,0
BRDA:185,20,0,0
BRDA:185,20,1,0
BRDA:194,21,0,0
BRDA:194,21,1,0
BRDA:203,22,0,0
BRDA:222,23,0,0
BRDA:222,24,0,0
BRDA:222,24,1,0
BRDA:231,25,0,0
BRDA:231,25,1,0
BRDA:235,26,0,0
BRDA:244,27,0,0
BRDA:244,27,1,0
BRDA:245,28,0,0
BRF:47
BRH:0
end_of_record
TN:
SF:src/app/fleet-product/line/shared/mappers/prices.mapper.ts
FN:10,(anonymous_1)
FN:14,(anonymous_2)
FN:23,(anonymous_3)
FNF:3
FNH:0
FNDA:0,(anonymous_1)
FNDA:0,(anonymous_2)
FNDA:0,(anonymous_3)
DA:1,0
DA:9,0
DA:11,0
DA:15,0
DA:24,0
LF:5
LH:0
BRDA:16,0,0,0
BRDA:16,0,1,0
BRDA:17,1,0,0
BRDA:17,1,1,0
BRF:4
BRH:0
end_of_record
TN:
SF:src/app/fleet-product/line/shared/mappers/product-line.mapper.ts
FN:13,(anonymous_1)
FN:15,(anonymous_2)
FN:19,(anonymous_3)
FN:23,(anonymous_4)
FN:27,(anonymous_5)
FNF:5
FNH:0
FNDA:0,(anonymous_1)
FNDA:0,(anonymous_2)
FNDA:0,(anonymous_3)
FNDA:0,(anonymous_4)
FNDA:0,(anonymous_5)
DA:2,0
DA:3,0
DA:4,0
DA:12,0
DA:13,0
DA:16,0
DA:20,0
DA:24,0
DA:25,0
DA:26,0
DA:27,0
DA:28,0
DA:31,0
LF:13
LH:0
BRDA:20,0,0,0
BRDA:20,0,1,0
BRDA:25,1,0,0
BRF:3
BRH:0
end_of_record
TN:
SF:src/app/fleet-product/line/shared/mappers/sales-order.mapper.ts
FN:36,(anonymous_2)
FN:45,(anonymous_3)
FN:49,(anonymous_4)
FN:85,(anonymous_5)
FN:88,(anonymous_6)
FN:94,(anonymous_7)
FN:97,(anonymous_8)
FN:103,(anonymous_9)
FN:106,(anonymous_10)
FN:112,(anonymous_11)
FN:151,(anonymous_12)
FN:162,(anonymous_13)
FN:167,(anonymous_14)
FN:173,(anonymous_15)
FN:183,(anonymous_16)
FN:195,(anonymous_17)
FN:201,(anonymous_18)
FN:204,(anonymous_19)
FN:210,(anonymous_20)
FN:218,(anonymous_21)
FNF:20
FNH:0
FNDA:0,(anonymous_2)
FNDA:0,(anonymous_3)
FNDA:0,(anonymous_4)
FNDA:0,(anonymous_5)
FNDA:0,(anonymous_6)
FNDA:0,(anonymous_7)
FNDA:0,(anonymous_8)
FNDA:0,(anonymous_9)
FNDA:0,(anonymous_10)
FNDA:0,(anonymous_11)
FNDA:0,(anonymous_12)
FNDA:0,(anonymous_13)
FNDA:0,(anonymous_14)
FNDA:0,(anonymous_15)
FNDA:0,(anonymous_16)
FNDA:0,(anonymous_17)
FNDA:0,(anonymous_18)
FNDA:0,(anonymous_19)
FNDA:0,(anonymous_20)
FNDA:0,(anonymous_21)
DA:1,0
DA:2,0
DA:4,0
DA:5,0
DA:6,0
DA:7,0
DA:13,0
DA:15,0
DA:16,0
DA:17,0
DA:18,0
DA:29,0
DA:31,0
DA:35,0
DA:37,0
DA:38,0
DA:39,0
DA:40,0
DA:41,0
DA:42,0
DA:46,0
DA:50,0
DA:51,0
DA:52,0
DA:53,0
DA:54,0
DA:55,0
DA:56,0
DA:57,0
DA:58,0
DA:59,0
DA:60,0
DA:61,0
DA:62,0
DA:63,0
DA:64,0
DA:65,0
DA:66,0
DA:67,0
DA:68,0
DA:69,0
DA:70,0
DA:71,0
DA:72,0
DA:73,0
DA:74,0
DA:75,0
DA:76,0
DA:77,0
DA:78,0
DA:79,0
DA:80,0
DA:82,0
DA:86,0
DA:89,0
DA:95,0
DA:98,0
DA:104,0
DA:107,0
DA:113,0
DA:114,0
DA:115,0
DA:116,0
DA:117,0
DA:119,0
DA:120,0
DA:122,0
DA:123,0
DA:124,0
DA:125,0
DA:126,0
DA:127,0
DA:128,0
DA:129,0
DA:130,0
DA:131,0
DA:133,0
DA:134,0
DA:135,0
DA:136,0
DA:137,0
DA:140,0
DA:141,0
DA:147,0
DA:148,0
DA:149,0
DA:152,0
DA:156,0
DA:157,0
DA:159,0
DA:163,0
DA:164,0
DA:165,0
DA:168,0
DA:170,0
DA:174,0
DA:175,0
DA:176,0
DA:177,0
DA:178,0
DA:179,0
DA:180,0
DA:184,0
DA:185,0
DA:186,0
DA:189,0
DA:191,0
DA:196,0
DA:197,0
DA:202,0
DA:205,0
DA:211,0
DA:212,0
DA:213,0
DA:215,0
DA:219,0
DA:220,0
DA:221,0
DA:222,0
DA:223,0
DA:225,0
LF:121
LH:0
BRDA:51,0,0,0
BRDA:87,1,0,0
BRDA:87,1,1,0
BRDA:96,2,0,0
BRDA:96,2,1,0
BRDA:105,3,0,0
BRDA:105,3,1,0
BRDA:114,4,0,0
BRDA:115,5,0,0
BRDA:119,6,0,0
BRDA:122,7,0,0
BRDA:133,8,0,0
BRDA:140,9,0,0
BRDA:147,10,0,0
BRDA:150,11,0,0
BRDA:150,11,1,0
BRDA:166,12,0,0
BRDA:166,12,1,0
BRDA:184,13,0,0
BRDA:184,13,1,0
BRDA:186,14,0,0
BRDA:186,14,1,0
BRDA:196,15,0,0
BRDA:203,16,0,0
BRDA:203,16,1,0
BRDA:212,17,0,0
BRDA:220,18,0,0
BRF:27
BRH:0
end_of_record
TN:
SF:src/app/fleet-product/line/shared/mappers/sales/delivery-item.mapper.ts
FN:18,(anonymous_1)
FN:24,(anonymous_2)
FN:28,(anonymous_3)
FN:44,(anonymous_4)
FN:47,(anonymous_5)
FN:53,(anonymous_6)
FN:68,(anonymous_7)
FNF:7
FNH:0
FNDA:0,(anonymous_1)
FNDA:0,(anonymous_2)
FNDA:0,(anonymous_3)
FNDA:0,(anonymous_4)
FNDA:0,(anonymous_5)
FNDA:0,(anonymous_6)
FNDA:0,(anonymous_7)
DA:1,0
DA:2,0
DA:3,0
DA:4,0
DA:6,0
DA:12,0
DA:17,0
DA:19,0
DA:20,0
DA:21,0
DA:25,0
DA:29,0
DA:30,0
DA:31,0
DA:32,0
DA:33,0
DA:34,0
DA:35,0
DA:36,0
DA:37,0
DA:38,0
DA:39,0
DA:41,0
DA:45,0
DA:48,0
DA:54,0
DA:55,0
DA:56,0
DA:57,0
DA:58,0
DA:59,0
DA:60,0
DA:61,0
DA:62,0
DA:63,0
DA:65,0
DA:69,0
DA:70,0
DA:71,0
DA:72,0
DA:73,0
DA:74,0
DA:75,0
DA:76,0
DA:77,0
DA:78,0
DA:80,0
LF:47
LH:0
BRDA:25,0,0,0
BRDA:25,0,1,0
BRDA:30,1,0,0
BRDA:46,2,0,0
BRDA:46,2,1,0
BRDA:55,3,0,0
BRDA:70,4,0,0
BRF:7
BRH:0
end_of_record
TN:
SF:src/app/fleet-product/line/shared/mappers/sales/discount-item.mapper.ts
FN:15,(anonymous_1)
FN:19,(anonymous_2)
FN:27,(anonymous_3)
FN:30,(anonymous_4)
FN:36,(anonymous_5)
FNF:5
FNH:0
FNDA:0,(anonymous_1)
FNDA:0,(anonymous_2)
FNDA:0,(anonymous_3)
FNDA:0,(anonymous_4)
FNDA:0,(anonymous_5)
DA:1,0
DA:4,0
DA:5,0
DA:6,0
DA:11,0
DA:12,0
DA:13,0
DA:16,0
DA:20,0
DA:23,0
DA:24,0
DA:28,0
DA:31,0
DA:37,0
DA:38,0
DA:39,0
DA:40,0
LF:17
LH:0
BRDA:23,0,0,0
BRDA:23,0,1,0
BRDA:29,1,0,0
BRDA:29,1,1,0
BRF:4
BRH:0
end_of_record
TN:
SF:src/app/fleet-product/line/shared/mappers/sales/line-item.mapper.ts
FN:13,(anonymous_1)
FN:15,(anonymous_2)
FN:19,(anonymous_3)
FN:28,(anonymous_4)
FN:31,(anonymous_5)
FNF:5
FNH:0
FNDA:0,(anonymous_1)
FNDA:0,(anonymous_2)
FNDA:0,(anonymous_3)
FNDA:0,(anonymous_4)
FNDA:0,(anonymous_5)
DA:1,0
DA:4,0
DA:5,0
DA:12,0
DA:13,0
DA:16,0
DA:20,0
DA:21,0
DA:22,0
DA:23,0
DA:24,0
DA:25,0
DA:29,0
DA:32,0
LF:14
LH:0
BRDA:22,0,0,0
BRDA:22,0,1,0
BRDA:30,1,0,0
BRDA:30,1,1,0
BRF:4
BRH:0
end_of_record
TN:
SF:src/app/fleet-product/line/shared/mappers/sales/prices.mapper.ts
FN:11,(anonymous_1)
FN:15,(anonymous_2)
FNF:2
FNH:0
FNDA:0,(anonymous_1)
FNDA:0,(anonymous_2)
DA:1,0
DA:4,0
DA:10,0
DA:12,0
DA:16,0
DA:17,0
DA:18,0
DA:19,0
DA:20,0
DA:21,0
DA:22,0
DA:23,0
DA:24,0
DA:25,0
DA:26,0
DA:27,0
DA:28,0
DA:29,0
DA:30,0
DA:31,0
DA:33,0
DA:37,0
DA:38,0
DA:39,0
DA:40,0
DA:41,0
DA:42,0
DA:43,0
DA:44,0
DA:45,0
DA:46,0
DA:47,0
DA:48,0
DA:49,0
DA:50,0
DA:51,0
DA:53,0
DA:57,0
LF:38
LH:0
BRDA:17,0,0,0
BRDA:17,1,0,0
BRDA:17,1,1,0
BRDA:29,2,0,0
BRDA:37,3,0,0
BRDA:37,4,0,0
BRDA:37,4,1,0
BRDA:49,5,0,0
BRF:8
BRH:0
end_of_record
TN:
SF:src/app/fleet-product/line/shared/mappers/sales/validation.mapper.ts
FN:10,(anonymous_1)
FN:14,(anonymous_2)
FNF:2
FNH:0
FNDA:0,(anonymous_1)
FNDA:0,(anonymous_2)
DA:1,0
DA:9,0
DA:11,0
DA:15,0
DA:16,0
DA:17,0
DA:18,0
DA:19,0
DA:20,0
DA:22,0
LF:10
LH:0
BRDA:19,0,0,0
BRF:1
BRH:0
end_of_record
TN:
SF:src/app/fleet-product/line/shared/models/address.model.ts
FNF:0
FNH:0
DA:1,0
LF:1
LH:0
BRF:0
BRH:0
end_of_record
TN:
SF:src/app/fleet-product/line/shared/models/customer-product-holding.model.ts
FN:65,(anonymous_0)
FN:69,(anonymous_1)
FN:74,(anonymous_2)
FN:78,(anonymous_3)
FN:83,(anonymous_4)
FN:85,(anonymous_5)
FN:92,(anonymous_6)
FNF:7
FNH:0
FNDA:0,(anonymous_0)
FNDA:0,(anonymous_1)
FNDA:0,(anonymous_2)
FNDA:0,(anonymous_3)
FNDA:0,(anonymous_4)
FNDA:0,(anonymous_5)
FNDA:0,(anonymous_6)
DA:2,0
DA:14,0
DA:38,0
DA:66,0
DA:67,0
DA:68,0
DA:69,0
DA:71,0
DA:75,0
DA:76,0
DA:77,0
DA:78,0
DA:80,0
DA:84,0
DA:85,0
DA:86,0
DA:87,0
DA:89,0
DA:93,0
LF:19
LH:0
BRDA:66,0,0,0
BRDA:66,0,1,0
BRDA:68,1,0,0
BRDA:68,2,0,0
BRDA:68,2,1,0
BRDA:68,2,2,0
BRDA:75,3,0,0
BRDA:75,3,1,0
BRDA:75,4,0,0
BRDA:75,4,1,0
BRDA:77,5,0,0
BRDA:77,6,0,0
BRDA:77,6,1,0
BRDA:77,6,2,0
BRDA:84,7,0,0
BRDA:84,7,1,0
BRDA:84,8,0,0
BRDA:84,8,1,0
BRDA:84,8,2,0
BRDA:86,9,0,0
BRF:20
BRH:0
end_of_record
TN:
SF:src/app/fleet-product/line/shared/models/customer-store.model.ts
FN:8,(anonymous_0)
FN:15,(anonymous_1)
FNF:2
FNH:0
FNDA:0,(anonymous_0)
FNDA:0,(anonymous_1)
DA:2,0
DA:4,0
DA:9,0
DA:10,0
DA:11,0
DA:16,0
LF:6
LH:0
BRDA:10,0,0,0
BRF:1
BRH:0
end_of_record
TN:
SF:src/app/fleet-product/line/shared/models/customer.model.ts
FN:30,(anonymous_0)
FNF:1
FNH:0
FNDA:0,(anonymous_0)
DA:3,0
DA:5,0
DA:6,0
DA:31,0
LF:4
LH:0
BRDA:31,0,0,0
BRDA:31,0,1,0
BRF:2
BRH:0
end_of_record
TN:
SF:src/app/fleet-product/line/shared/models/grouped-options.model.ts
FNF:0
FNH:0
DA:1,0
DA:5,0
LF:2
LH:0
BRF:0
BRH:0
end_of_record
TN:
SF:src/app/fleet-product/line/shared/models/line-option.model.ts
FNF:0
FNH:0
DA:1,0
DA:4,0
LF:2
LH:0
BRF:0
BRH:0
end_of_record
TN:
SF:src/app/fleet-product/line/shared/models/option-products.model.ts
FN:26,(anonymous_0)
FNF:1
FNH:0
FNDA:0,(anonymous_0)
DA:4,0
DA:19,0
DA:20,0
DA:21,0
DA:27,0
DA:28,0
DA:30,0
LF:7
LH:0
BRDA:27,0,0,0
BRDA:30,1,0,0
BRDA:30,1,1,0
BRDA:30,1,2,0
BRF:4
BRH:0
end_of_record
TN:
SF:src/app/fleet-product/line/shared/models/option.model.ts
FNF:0
FNH:0
DA:6,0
LF:1
LH:0
BRF:0
BRH:0
end_of_record
TN:
SF:src/app/fleet-product/line/shared/models/sales-order/delivery-item.model.ts
FNF:0
FNH:0
DA:5,0
LF:1
LH:0
BRF:0
BRH:0
end_of_record
TN:
SF:src/app/fleet-product/line/shared/models/sales-order/line-item.model.ts
FN:10,(anonymous_0)
FN:78,(anonymous_1)
FNF:2
FNH:0
FNDA:0,(anonymous_0)
FNDA:0,(anonymous_1)
DA:3,0
DA:10,0
DA:11,0
DA:12,0
DA:13,0
DA:14,0
DA:15,0
DA:16,0
DA:17,0
DA:18,0
DA:19,0
DA:20,0
DA:21,0
DA:22,0
DA:23,0
DA:24,0
DA:25,0
DA:26,0
DA:27,0
DA:28,0
DA:29,0
DA:30,0
DA:31,0
DA:32,0
DA:33,0
DA:34,0
DA:35,0
DA:36,0
DA:37,0
DA:38,0
DA:39,0
DA:40,0
DA:41,0
DA:42,0
DA:43,0
DA:44,0
DA:45,0
DA:46,0
DA:47,0
DA:48,0
DA:49,0
DA:50,0
DA:51,0
DA:52,0
DA:53,0
DA:54,0
DA:55,0
DA:56,0
DA:57,0
DA:58,0
DA:59,0
DA:60,0
DA:62,0
DA:63,0
DA:64,0
DA:65,0
DA:66,0
DA:67,0
DA:68,0
DA:69,0
DA:70,0
DA:71,0
DA:72,0
DA:73,0
DA:74,0
DA:75,0
DA:78,0
DA:79,0
DA:80,0
DA:81,0
DA:82,0
DA:83,0
DA:84,0
DA:85,0
DA:86,0
DA:87,0
DA:88,0
DA:89,0
DA:90,0
LF:79
LH:0
BRDA:10,0,0,0
BRDA:10,0,1,0
BRDA:78,1,0,0
BRDA:78,1,1,0
BRF:4
BRH:0
end_of_record
TN:
SF:src/app/fleet-product/line/shared/models/sales-order/order-item.model.ts
FN:46,(anonymous_1)
FN:64,(anonymous_2)
FN:79,(anonymous_3)
FN:83,(anonymous_4)
FN:88,(anonymous_5)
FNF:5
FNH:0
FNDA:0,(anonymous_1)
FNDA:0,(anonymous_2)
FNDA:0,(anonymous_3)
FNDA:0,(anonymous_4)
FNDA:0,(anonymous_5)
DA:3,0
DA:4,0
DA:8,0
DA:11,0
DA:47,0
DA:48,0
DA:49,0
DA:50,0
DA:51,0
DA:52,0
DA:53,0
DA:55,0
DA:56,0
DA:57,0
DA:59,0
DA:65,0
DA:66,0
DA:69,0
DA:70,0
DA:72,0
DA:74,0
DA:80,0
DA:84,0
DA:88,0
DA:89,0
DA:90,0
DA:91,0
LF:27
LH:0
BRDA:47,0,0,0
BRDA:47,1,0,0
BRDA:47,1,1,0
BRDA:49,2,0,0
BRDA:49,3,0,0
BRDA:49,3,1,0
BRDA:65,4,0,0
BRDA:65,5,0,0
BRDA:65,5,1,0
BRDA:69,6,0,0
BRDA:69,7,0,0
BRDA:69,7,1,0
BRDA:71,8,0,0
BRDA:71,8,1,0
BRDA:73,9,0,0
BRDA:73,9,1,0
BRDA:88,10,0,0
BRDA:88,10,1,0
BRF:18
BRH:0
end_of_record
TN:
SF:src/app/fleet-product/line/shared/models/sales-order/prices.model.ts
FNF:0
FNH:0
DA:1,0
LF:1
LH:0
BRF:0
BRH:0
end_of_record
TN:
SF:src/app/fleet-product/line/shared/models/sales-order/sales-order.model.ts
FN:49,(anonymous_2)
FN:53,(anonymous_3)
FN:56,(anonymous_4)
FN:60,(anonymous_5)
FN:66,(anonymous_6)
FN:82,(anonymous_7)
FN:88,(anonymous_8)
FN:96,(anonymous_9)
FN:100,(anonymous_10)
FN:106,(anonymous_11)
FN:115,(anonymous_12)
FN:116,(anonymous_13)
FN:125,(anonymous_14)
FN:129,(anonymous_15)
FN:137,(anonymous_16)
FN:149,(anonymous_17)
FN:158,(anonymous_18)
FN:168,(anonymous_19)
FN:172,(anonymous_20)
FN:176,(anonymous_21)
FN:178,(anonymous_22)
FNF:21
FNH:0
FNDA:0,(anonymous_2)
FNDA:0,(anonymous_3)
FNDA:0,(anonymous_4)
FNDA:0,(anonymous_5)
FNDA:0,(anonymous_6)
FNDA:0,(anonymous_7)
FNDA:0,(anonymous_8)
FNDA:0,(anonymous_9)
FNDA:0,(anonymous_10)
FNDA:0,(anonymous_11)
FNDA:0,(anonymous_12)
FNDA:0,(anonymous_13)
FNDA:0,(anonymous_14)
FNDA:0,(anonymous_15)
FNDA:0,(anonymous_16)
FNDA:0,(anonymous_17)
FNDA:0,(anonymous_18)
FNDA:0,(anonymous_19)
FNDA:0,(anonymous_20)
FNDA:0,(anonymous_21)
FNDA:0,(anonymous_22)
DA:1,0
DA:2,0
DA:3,0
DA:8,0
DA:9,0
DA:10,0
DA:11,0
DA:12,0
DA:15,0
DA:22,0
DA:31,0
DA:33,0
DA:34,0
DA:50,0
DA:54,0
DA:57,0
DA:58,0
DA:61,0
DA:67,0
DA:68,0
DA:69,0
DA:70,0
DA:71,0
DA:72,0
DA:78,0
DA:79,0
DA:80,0
DA:82,0
DA:85,0
DA:88,0
DA:89,0
DA:90,0
DA:93,0
DA:98,0
DA:100,0
DA:101,0
DA:103,0
DA:106,0
DA:107,0
DA:109,0
DA:113,0
DA:116,0
DA:117,0
DA:120,0
DA:122,0
DA:126,0
DA:127,0
DA:128,0
DA:129,0
DA:130,0
DA:133,0
DA:143,0
DA:144,0
DA:145,0
DA:146,0
DA:150,0
DA:155,0
DA:157,0
DA:158,0
DA:159,0
DA:162,0
DA:163,0
DA:165,0
DA:169,0
DA:173,0
DA:177,0
DA:179,0
DA:208,0
LF:68
LH:0
BRDA:59,0,0,0
BRDA:59,0,1,0
BRDA:66,1,0,0
BRDA:71,2,0,0
BRDA:71,2,1,0
BRDA:89,3,0,0
BRDA:98,4,0,0
BRDA:98,4,1,0
BRDA:98,4,2,0
BRDA:98,4,3,0
BRDA:114,5,0,0
BRDA:114,5,1,0
BRDA:128,6,0,0
BRDA:128,6,1,0
BRDA:140,7,0,0
BRDA:145,8,0,0
BRDA:145,8,1,0
BRDA:150,9,0,0
BRDA:150,9,1,0
BRDA:150,9,2,0
BRDA:157,10,0,0
BRDA:162,11,0,0
BRDA:173,12,0,0
BRDA:173,12,1,0
BRDA:180,13,0,0
BRDA:180,13,1,0
BRDA:180,13,2,0
BRDA:180,13,3,0
BRF:28
BRH:0
end_of_record
TN:
SF:src/app/fleet-product/line/shared/services/core.service.ts
FN:17,(anonymous_1)
FN:24,(anonymous_2)
FN:48,(anonymous_3)
FN:54,(anonymous_4)
FN:71,(anonymous_5)
FN:77,(anonymous_6)
FN:84,(anonymous_7)
FN:90,(anonymous_8)
FN:103,(anonymous_9)
FN:109,(anonymous_10)
FN:119,(anonymous_11)
FN:120,(anonymous_12)
FNF:12
FNH:0
FNDA:0,(anonymous_1)
FNDA:0,(anonymous_2)
FNDA:0,(anonymous_3)
FNDA:0,(anonymous_4)
FNDA:0,(anonymous_5)
FNDA:0,(anonymous_6)
FNDA:0,(anonymous_7)
FNDA:0,(anonymous_8)
FNDA:0,(anonymous_9)
FNDA:0,(anonymous_10)
FNDA:0,(anonymous_11)
FNDA:0,(anonymous_12)
DA:1,0
DA:2,0
DA:3,0
DA:4,0
DA:5,0
DA:8,0
DA:10,0
DA:11,0
DA:16,0
DA:18,0
DA:19,0
DA:20,0
DA:21,0
DA:25,0
DA:26,0
DA:28,0
DA:29,0
DA:30,0
DA:31,0
DA:32,0
DA:34,0
DA:35,0
DA:36,0
DA:38,0
DA:39,0
DA:49,0
DA:55,0
DA:58,0
DA:61,0
DA:62,0
DA:72,0
DA:78,0
DA:79,0
DA:85,0
DA:91,0
DA:92,0
DA:93,0
DA:104,0
DA:110,0
DA:113,0
DA:120,0
DA:121,0
DA:122,0
DA:123,0
DA:126,0
LF:45
LH:0
BRDA:25,0,0,0
BRDA:25,1,0,0
BRDA:25,1,1,0
BRDA:30,2,0,0
BRDA:34,3,0,0
BRDA:55,4,0,0
BRDA:55,4,1,0
BRDA:110,5,0,0
BRDA:110,5,1,0
BRDA:115,6,0,0
BRDA:115,6,1,0
BRDA:121,7,0,0
BRF:12
BRH:0
end_of_record
TN:
SF:src/app/fleet-product/line/shared/services/datalayer/product-datalayer.service.ts
FN:16,(anonymous_1)
FN:21,(anonymous_2)
FN:28,(anonymous_3)
FN:44,(anonymous_4)
FNF:4
FNH:0
FNDA:0,(anonymous_1)
FNDA:0,(anonymous_2)
FNDA:0,(anonymous_3)
FNDA:0,(anonymous_4)
DA:1,0
DA:2,0
DA:3,0
DA:4,0
DA:6,0
DA:7,0
DA:12,0
DA:13,0
DA:14,0
DA:17,0
DA:18,0
DA:22,0
DA:23,0
DA:24,0
DA:25,0
DA:34,0
DA:45,0
DA:46,0
DA:48,0
DA:49,0
DA:54,0
DA:56,0
DA:57,0
DA:58,0
DA:60,0
DA:61,0
DA:62,0
DA:65,0
DA:66,0
DA:68,0
DA:69,0
DA:72,0
LF:32
LH:0
BRDA:56,0,0,0
BRDA:56,1,0,0
BRDA:56,1,1,0
BRDA:56,1,2,0
BRDA:56,1,3,0
BRDA:60,2,0,0
BRDA:60,3,0,0
BRDA:60,3,1,0
BRDA:60,3,2,0
BRDA:65,4,0,0
BRF:10
BRH:0
end_of_record
TN:
SF:src/app/fleet-product/line/shared/services/datalayer/sales-datalayer.service.ts
FN:18,(anonymous_8)
FN:29,(anonymous_9)
FN:30,(anonymous_10)
FN:33,(anonymous_11)
FN:48,(anonymous_12)
FN:50,(anonymous_13)
FN:51,(anonymous_14)
FN:55,(anonymous_15)
FN:64,(anonymous_16)
FN:65,(anonymous_17)
FN:66,(anonymous_18)
FN:70,(anonymous_19)
FN:82,(anonymous_20)
FNF:13
FNH:0
FNDA:0,(anonymous_8)
FNDA:0,(anonymous_9)
FNDA:0,(anonymous_10)
FNDA:0,(anonymous_11)
FNDA:0,(anonymous_12)
FNDA:0,(anonymous_13)
FNDA:0,(anonymous_14)
FNDA:0,(anonymous_15)
FNDA:0,(anonymous_16)
FNDA:0,(anonymous_17)
FNDA:0,(anonymous_18)
FNDA:0,(anonymous_19)
FNDA:0,(anonymous_20)
DA:1,0
DA:2,0
DA:4,0
DA:5,0
DA:6,0
DA:8,0
DA:9,0
DA:13,0
DA:17,0
DA:19,0
DA:20,0
DA:21,0
DA:22,0
DA:24,0
DA:25,0
DA:26,0
DA:30,0
DA:34,0
DA:36,0
DA:37,0
DA:38,0
DA:39,0
DA:41,0
DA:45,0
DA:49,0
DA:50,0
DA:51,0
DA:52,0
DA:53,0
DA:55,0
DA:56,0
DA:57,0
DA:65,0
DA:66,0
DA:67,0
DA:68,0
DA:69,0
DA:70,0
DA:71,0
DA:74,0
DA:75,0
DA:83,0
DA:84,0
DA:85,0
DA:86,0
DA:87,0
DA:88,0
LF:47
LH:0
BRDA:36,0,0,0
BRDA:38,1,0,0
BRDA:38,1,1,0
BRDA:38,2,0,0
BRDA:38,2,1,0
BRDA:52,3,0,0
BRDA:52,4,0,0
BRDA:52,4,1,0
BRDA:56,5,0,0
BRDA:67,6,0,0
BRDA:67,7,0,0
BRDA:67,7,1,0
BRDA:69,8,0,0
BRDA:74,9,0,0
BRF:14
BRH:0
end_of_record
TN:
SF:src/app/fleet-product/line/shared/services/message/fleet-message.service.ts
FN:10,(anonymous_2)
FN:12,(anonymous_3)
FN:17,(anonymous_4)
FN:22,(anonymous_5)
FNF:4
FNH:0
FNDA:0,(anonymous_2)
FNDA:0,(anonymous_3)
FNDA:0,(anonymous_4)
FNDA:0,(anonymous_5)
DA:1,0
DA:2,0
DA:3,0
DA:4,0
DA:9,0
DA:10,0
DA:13,0
DA:14,0
DA:18,0
DA:19,0
DA:23,0
DA:24,0
LF:12
LH:0
BRF:0
BRH:0
end_of_record
TN:
SF:src/app/fleet-product/line/shared/services/product/product-options-map.service.ts
FN:18,(anonymous_2)
FN:22,(anonymous_3)
FN:23,(anonymous_4)
FN:43,(anonymous_5)
FN:46,(anonymous_6)
FN:52,(anonymous_7)
FN:73,(anonymous_8)
FN:75,(anonymous_9)
FN:76,(anonymous_10)
FN:85,(anonymous_11)
FN:86,(anonymous_12)
FN:90,(anonymous_13)
FN:95,(anonymous_14)
FN:96,(anonymous_15)
FN:101,(anonymous_16)
FNF:15
FNH:0
FNDA:0,(anonymous_2)
FNDA:0,(anonymous_3)
FNDA:0,(anonymous_4)
FNDA:0,(anonymous_5)
FNDA:0,(anonymous_6)
FNDA:0,(anonymous_7)
FNDA:0,(anonymous_8)
FNDA:0,(anonymous_9)
FNDA:0,(anonymous_10)
FNDA:0,(anonymous_11)
FNDA:0,(anonymous_12)
FNDA:0,(anonymous_13)
FNDA:0,(anonymous_14)
FNDA:0,(anonymous_15)
FNDA:0,(anonymous_16)
DA:1,0
DA:2,0
DA:3,0
DA:4,0
DA:7,0
DA:17,0
DA:19,0
DA:20,0
DA:22,0
DA:23,0
DA:24,0
DA:25,0
DA:26,0
DA:27,0
DA:29,0
DA:31,0
DA:32,0
DA:33,0
DA:36,0
DA:40,0
DA:44,0
DA:45,0
DA:46,0
DA:47,0
DA:50,0
DA:51,0
DA:52,0
DA:53,0
DA:54,0
DA:56,0
DA:57,0
DA:58,0
DA:59,0
DA:64,0
DA:65,0
DA:67,0
DA:68,0
DA:70,0
DA:74,0
DA:75,0
DA:76,0
DA:77,0
DA:78,0
DA:82,0
DA:86,0
DA:87,0
DA:89,0
DA:90,0
DA:91,0
DA:96,0
DA:97,0
DA:107,0
LF:52
LH:0
BRDA:19,0,0,0
BRDA:19,1,0,0
BRDA:19,1,1,0
BRDA:24,2,0,0
BRDA:24,2,1,0
BRDA:26,3,0,0
BRDA:32,4,0,0
BRDA:32,5,0,0
BRDA:32,5,1,0
BRDA:54,6,0,0
BRDA:54,6,1,0
BRDA:56,7,0,0
BRDA:56,7,1,0
BRDA:58,8,0,0
BRDA:77,9,0,0
BRDA:77,10,0,0
BRDA:77,10,1,0
BRDA:113,11,0,0
BRDA:113,11,1,0
BRF:19
BRH:0
end_of_record
TN:
SF:src/app/fleet-product/line/shared/services/product/product-selected-line-service.ts
FN:12,(anonymous_1)
FN:17,(anonymous_2)
FN:21,(anonymous_3)
FN:25,(anonymous_4)
FN:29,(anonymous_5)
FNF:5
FNH:0
FNDA:0,(anonymous_1)
FNDA:0,(anonymous_2)
FNDA:0,(anonymous_3)
FNDA:0,(anonymous_4)
FNDA:0,(anonymous_5)
DA:1,0
DA:2,0
DA:8,0
DA:13,0
DA:14,0
DA:18,0
DA:22,0
DA:26,0
DA:30,0
LF:9
LH:0
BRF:0
BRH:0
end_of_record
TN:
SF:src/app/fleet-product/line/shared/services/product/products.service.ts
FN:26,(anonymous_1)
FN:34,(anonymous_2)
FN:54,(anonymous_3)
FN:60,(anonymous_4)
FN:62,(anonymous_5)
FN:67,(anonymous_6)
FN:71,(anonymous_7)
FN:80,(anonymous_8)
FN:86,(anonymous_9)
FN:96,(anonymous_10)
FN:116,(anonymous_11)
FN:120,(anonymous_12)
FNF:12
FNH:0
FNDA:0,(anonymous_1)
FNDA:0,(anonymous_2)
FNDA:0,(anonymous_3)
FNDA:0,(anonymous_4)
FNDA:0,(anonymous_5)
FNDA:0,(anonymous_6)
FNDA:0,(anonymous_7)
FNDA:0,(anonymous_8)
FNDA:0,(anonymous_9)
FNDA:0,(anonymous_10)
FNDA:0,(anonymous_11)
FNDA:0,(anonymous_12)
DA:1,0
DA:2,0
DA:4,0
DA:5,0
DA:7,0
DA:8,0
DA:9,0
DA:10,0
DA:11,0
DA:12,0
DA:18,0
DA:23,0
DA:27,0
DA:28,0
DA:29,0
DA:30,0
DA:31,0
DA:40,0
DA:41,0
DA:43,0
DA:44,0
DA:45,0
DA:47,0
DA:52,0
DA:55,0
DA:56,0
DA:58,0
DA:61,0
DA:62,0
DA:68,0
DA:72,0
DA:74,0
DA:75,0
DA:77,0
DA:81,0
DA:82,0
DA:83,0
DA:87,0
DA:93,0
DA:101,0
DA:105,0
DA:110,0
DA:111,0
DA:113,0
DA:117,0
DA:118,0
DA:120,0
LF:47
LH:0
BRDA:40,0,0,0
BRDA:40,1,0,0
BRDA:40,1,1,0
BRDA:44,2,0,0
BRDA:55,3,0,0
BRDA:117,4,0,0
BRF:6
BRH:0
end_of_record
TN:
SF:src/app/fleet-product/line/shared/services/sales/hardware.service.ts
FN:4,(anonymous_1)
FN:14,(anonymous_2)
FN:16,(anonymous_3)
FNF:3
FNH:0
FNDA:0,(anonymous_1)
FNDA:0,(anonymous_2)
FNDA:0,(anonymous_3)
DA:1,0
DA:2,0
DA:4,0
DA:5,0
DA:6,0
DA:7,0
DA:8,0
DA:13,0
DA:14,0
DA:17,0
DA:18,0
DA:20,0
DA:21,0
DA:23,0
DA:24,0
DA:27,0
LF:16
LH:0
BRDA:4,0,0,0
BRDA:4,0,1,0
BRDA:17,1,0,0
BRDA:20,2,0,0
BRDA:23,3,0,0
BRF:5
BRH:0
end_of_record
TN:
SF:src/app/fleet-product/line/shared/services/sales/sales-order-store.service.ts
FN:11,(anonymous_1)
FN:28,(anonymous_2)
FNF:2
FNH:0
FNDA:0,(anonymous_1)
FNDA:0,(anonymous_2)
DA:1,0
DA:2,0
DA:3,0
DA:4,0
DA:5,0
DA:10,0
DA:13,0
DA:16,0
DA:29,0
LF:9
LH:0
BRF:0
BRH:0
end_of_record
TN:
SF:src/app/fleet-product/line/shared/store/sales/actions/sales.actions.ts
FN:4,(anonymous_0)
FNF:1
FNH:0
FNDA:0,(anonymous_0)
DA:4,0
DA:5,0
DA:6,0
DA:7,0
DA:8,0
DA:9,0
DA:10,0
DA:11,0
DA:12,0
DA:13,0
DA:14,0
LF:11
LH:0
BRDA:4,0,0,0
BRDA:4,0,1,0
BRF:2
BRH:0
end_of_record
TN:
SF:src/app/fleet-product/line/shared/store/sales/services/customer-store.service.ts
FN:11,(anonymous_1)
FNF:1
FNH:0
FNDA:0,(anonymous_1)
DA:1,0
DA:2,0
DA:3,0
DA:4,0
DA:5,0
DA:10,0
DA:12,0
DA:16,0
LF:8
LH:0
BRF:0
BRH:0
end_of_record
TN:
SF:src/app/fleet-product/line/shared/store/sales/services/intent.service.ts
FN:28,(anonymous_2)
FN:38,(anonymous_3)
FN:44,(anonymous_4)
FN:58,(anonymous_5)
FN:66,(anonymous_6)
FN:82,(anonymous_7)
FN:91,(anonymous_8)
FN:98,(anonymous_9)
FN:110,(anonymous_10)
FN:119,(anonymous_11)
FN:129,(anonymous_12)
FN:152,(anonymous_13)
FN:161,(anonymous_14)
FN:165,(anonymous_15)
FNF:14
FNH:0
FNDA:0,(anonymous_2)
FNDA:0,(anonymous_3)
FNDA:0,(anonymous_4)
FNDA:0,(anonymous_5)
FNDA:0,(anonymous_6)
FNDA:0,(anonymous_7)
FNDA:0,(anonymous_8)
FNDA:0,(anonymous_9)
FNDA:0,(anonymous_10)
FNDA:0,(anonymous_11)
FNDA:0,(anonymous_12)
FNDA:0,(anonymous_13)
FNDA:0,(anonymous_14)
FNDA:0,(anonymous_15)
DA:1,0
DA:2,0
DA:9,0
DA:10,0
DA:11,0
DA:12,0
DA:14,0
DA:15,0
DA:16,0
DA:17,0
DA:18,0
DA:19,0
DA:22,0
DA:27,0
DA:29,0
DA:30,0
DA:31,0
DA:32,0
DA:33,0
DA:34,0
DA:35,0
DA:39,0
DA:45,0
DA:46,0
DA:47,0
DA:48,0
DA:50,0
DA:51,0
DA:53,0
DA:59,0
DA:67,0
DA:68,0
DA:69,0
DA:70,0
DA:71,0
DA:72,0
DA:73,0
DA:74,0
DA:78,0
DA:83,0
DA:84,0
DA:85,0
DA:86,0
DA:92,0
DA:103,0
DA:112,0
DA:113,0
DA:114,0
DA:115,0
DA:116,0
DA:117,0
DA:118,0
DA:119,0
DA:120,0
DA:122,0
DA:126,0
DA:134,0
DA:135,0
DA:136,0
DA:139,0
DA:141,0
DA:142,0
DA:143,0
DA:145,0
DA:148,0
DA:153,0
DA:154,0
DA:155,0
DA:156,0
DA:158,0
DA:162,0
DA:171,0
DA:172,0
DA:173,0
DA:175,0
DA:177,0
DA:179,0
DA:181,0
DA:182,0
DA:184,0
DA:185,0
DA:187,0
DA:188,0
DA:190,0
DA:191,0
DA:193,0
DA:194,0
DA:196,0
DA:198,0
LF:89
LH:0
BRDA:39,0,0,0
BRDA:39,0,1,0
BRDA:47,1,0,0
BRDA:47,1,1,0
BRDA:47,2,0,0
BRDA:47,2,1,0
BRDA:50,3,0,0
BRDA:50,3,1,0
BRDA:59,4,0,0
BRDA:59,4,1,0
BRDA:59,5,0,0
BRDA:59,5,1,0
BRDA:59,5,2,0
BRDA:69,6,0,0
BRDA:69,6,1,0
BRDA:71,7,0,0
BRDA:71,7,1,0
BRDA:71,8,0,0
BRDA:71,8,1,0
BRDA:73,9,0,0
BRDA:73,9,1,0
BRDA:73,10,0,0
BRDA:73,10,1,0
BRDA:74,11,0,0
BRDA:74,11,1,0
BRDA:86,12,0,0
BRDA:86,12,1,0
BRDA:93,13,0,0
BRDA:93,13,1,0
BRDA:93,13,2,0
BRDA:104,14,0,0
BRDA:104,14,1,0
BRDA:104,14,2,0
BRDA:104,14,3,0
BRDA:104,14,4,0
BRDA:114,15,0,0
BRDA:114,15,1,0
BRDA:115,16,0,0
BRDA:116,17,0,0
BRDA:116,17,1,0
BRDA:116,18,0,0
BRDA:116,18,1,0
BRDA:118,19,0,0
BRDA:118,19,1,0
BRDA:126,20,0,0
BRDA:126,20,1,0
BRDA:139,21,0,0
BRDA:139,21,1,0
BRDA:139,21,2,0
BRDA:139,21,3,0
BRDA:154,22,0,0
BRDA:162,23,0,0
BRDA:162,23,1,0
BRDA:162,23,2,0
BRDA:173,24,0,0
BRDA:173,24,1,0
BRDA:173,24,2,0
BRDA:173,24,3,0
BRDA:173,24,4,0
BRDA:173,24,5,0
BRDA:173,24,6,0
BRDA:173,24,7,0
BRDA:173,24,8,0
BRF:63
BRH:0
end_of_record
TN:
SF:src/app/fleet-product/line/shared/store/sales/services/specifications.service.ts
FN:15,(anonymous_2)
FN:20,(anonymous_3)
FN:24,(anonymous_4)
FN:30,(anonymous_5)
FN:40,(anonymous_6)
FN:63,(anonymous_7)
FN:64,(anonymous_8)
FN:69,(anonymous_9)
FN:71,(anonymous_10)
FN:80,(anonymous_11)
FN:83,(anonymous_12)
FN:94,(anonymous_13)
FNF:12
FNH:0
FNDA:0,(anonymous_2)
FNDA:0,(anonymous_3)
FNDA:0,(anonymous_4)
FNDA:0,(anonymous_5)
FNDA:0,(anonymous_6)
FNDA:0,(anonymous_7)
FNDA:0,(anonymous_8)
FNDA:0,(anonymous_9)
FNDA:0,(anonymous_10)
FNDA:0,(anonymous_11)
FNDA:0,(anonymous_12)
FNDA:0,(anonymous_13)
DA:1,0
DA:2,0
DA:3,0
DA:4,0
DA:5,0
DA:7,0
DA:11,0
DA:12,0
DA:13,0
DA:16,0
DA:17,0
DA:21,0
DA:23,0
DA:25,0
DA:31,0
DA:41,0
DA:42,0
DA:43,0
DA:46,0
DA:47,0
DA:48,0
DA:49,0
DA:51,0
DA:55,0
DA:56,0
DA:57,0
DA:60,0
DA:64,0
DA:65,0
DA:70,0
DA:72,0
DA:73,0
DA:74,0
DA:81,0
DA:84,0
DA:85,0
DA:86,0
DA:91,0
DA:95,0
LF:39
LH:0
BRDA:42,0,0,0
BRDA:42,1,0,0
BRDA:42,1,1,0
BRDA:42,1,2,0
BRDA:46,2,0,0
BRDA:48,3,0,0
BRDA:48,3,1,0
BRDA:56,4,0,0
BRDA:73,5,0,0
BRDA:85,6,0,0
BRF:10
BRH:0
end_of_record
TN:
SF:src/app/fleet-product/line/shared/store/sales/state/sales/sales.actions.ts
FNF:0
FNH:0
DA:1,0
DA:9,0
DA:10,0
DA:14,0
DA:15,0
DA:16,0
DA:17,0
LF:7
LH:0
BRF:0
BRH:0
end_of_record
TN:
SF:src/app/fleet-product/line/shared/store/sales/state/sales/sales.effects.ts
FN:17,(anonymous_1)
FN:23,(anonymous_2)
FN:26,(anonymous_3)
FN:28,(anonymous_4)
FN:35,(anonymous_5)
FN:41,(anonymous_6)
FN:44,(anonymous_7)
FN:47,(anonymous_8)
FN:49,(anonymous_9)
FN:62,(anonymous_10)
FN:65,(anonymous_11)
FNF:11
FNH:0
FNDA:0,(anonymous_1)
FNDA:0,(anonymous_2)
FNDA:0,(anonymous_3)
FNDA:0,(anonymous_4)
FNDA:0,(anonymous_5)
FNDA:0,(anonymous_6)
FNDA:0,(anonymous_7)
FNDA:0,(anonymous_8)
FNDA:0,(anonymous_9)
FNDA:0,(anonymous_10)
FNDA:0,(anonymous_11)
DA:1,0
DA:2,0
DA:3,0
DA:4,0
DA:5,0
DA:6,0
DA:7,0
DA:12,0
DA:18,0
DA:19,0
DA:20,0
DA:21,0
DA:23,0
DA:24,0
DA:27,0
DA:29,0
DA:30,0
DA:31,0
DA:36,0
DA:41,0
DA:42,0
DA:45,0
DA:48,0
DA:50,0
DA:62,0
DA:63,0
DA:66,0
DA:67,0
LF:28
LH:0
BRDA:66,0,0,0
BRDA:66,1,0,0
BRDA:66,1,1,0
BRF:3
BRH:0
end_of_record
TN:
SF:src/app/fleet-product/line/shared/store/sales/state/sales/sales.facade.ts
FN:12,(anonymous_1)
FN:18,(anonymous_2)
FNF:2
FNH:0
FNDA:0,(anonymous_1)
FNDA:0,(anonymous_2)
DA:1,0
DA:2,0
DA:3,0
DA:6,0
DA:8,0
DA:9,0
DA:10,0
DA:11,0
DA:13,0
DA:15,0
DA:19,0
DA:22,0
LF:12
LH:0
BRF:0
BRH:0
end_of_record
TN:
SF:src/app/fleet-product/line/shared/store/sales/state/sales/sales.reducer.ts
FN:8,(anonymous_0)
FN:9,(anonymous_1)
FN:14,(anonymous_2)
FN:15,(anonymous_3)
FN:20,(anonymous_4)
FN:21,(anonymous_5)
FN:25,(anonymous_6)
FN:26,(anonymous_7)
FN:32,updateSalesOrder
FN:42,salesReducer
FNF:10
FNH:0
FNDA:0,(anonymous_0)
FNDA:0,(anonymous_1)
FNDA:0,(anonymous_2)
FNDA:0,(anonymous_3)
FNDA:0,(anonymous_4)
FNDA:0,(anonymous_5)
FNDA:0,(anonymous_6)
FNDA:0,(anonymous_7)
FNDA:0,updateSalesOrder
FNDA:0,salesReducer
DA:1,0
DA:2,0
DA:3,0
DA:4,0
DA:6,0
DA:9,0
DA:10,0
DA:11,0
DA:15,0
DA:16,0
DA:17,0
DA:21,0
DA:22,0
DA:26,0
DA:27,0
DA:33,0
DA:34,0
DA:35,0
DA:36,0
DA:39,0
DA:42,0
DA:43,0
DA:45,0
LF:23
LH:0
BRDA:33,0,0,0
BRDA:33,1,0,0
BRDA:33,1,1,0
BRDA:35,2,0,0
BRF:4
BRH:0
end_of_record
TN:
SF:src/app/fleet-product/line/shared/store/sales/state/sales/sales.selectors.ts
FN:6,(anonymous_0)
FN:10,(anonymous_1)
FN:14,(anonymous_2)
FN:18,(anonymous_3)
FN:22,(anonymous_4)
FNF:5
FNH:0
FNDA:0,(anonymous_0)
FNDA:0,(anonymous_1)
FNDA:0,(anonymous_2)
FNDA:0,(anonymous_3)
FNDA:0,(anonymous_4)
DA:1,0
DA:4,0
DA:6,0
DA:7,0
DA:10,0
DA:11,0
DA:14,0
DA:15,0
DA:18,0
DA:19,0
DA:22,0
DA:23,0
LF:12
LH:0
BRF:0
BRH:0
end_of_record
TN:
SF:src/app/fleet-product/line/shared/store/sales/state/sales/sales.state.ts
FNF:0
FNH:0
DA:14,0
LF:1
LH:0
BRF:0
BRH:0
end_of_record
TN:
SF:src/app/fleet-product/line/shared/store/sales/state/sales-checkout/sales-checkout.facade.ts
FN:11,(anonymous_1)
FN:17,(anonymous_2)
FN:24,(anonymous_3)
FN:30,(anonymous_4)
FN:37,(anonymous_5)
FN:43,(anonymous_6)
FNF:6
FNH:0
FNDA:0,(anonymous_1)
FNDA:0,(anonymous_2)
FNDA:0,(anonymous_3)
FNDA:0,(anonymous_4)
FNDA:0,(anonymous_5)
FNDA:0,(anonymous_6)
DA:1,0
DA:2,0
DA:3,0
DA:5,0
DA:8,0
DA:9,0
DA:12,0
DA:14,0
DA:18,0
DA:21,0
DA:25,0
DA:27,0
DA:31,0
DA:34,0
DA:38,0
DA:40,0
DA:44,0
DA:47,0
LF:18
LH:0
BRF:0
BRH:0
end_of_record
TN:
SF:src/app/fleet-product/line/shared/store/sales/state/sales-checkout/sales-checkout.reducer.ts
FN:5,salesCheckoutReducer
FNF:1
FNH:0
FNDA:0,salesCheckoutReducer
DA:1,0
DA:2,0
DA:3,0
DA:5,0
DA:6,0
DA:8,0
LF:6
LH:0
BRF:0
BRH:0
end_of_record
TN:
SF:src/app/fleet-product/line/shared/store/sales/state/sales-checkout/sales-checkout.selectors.ts
FN:6,(anonymous_0)
FN:10,(anonymous_1)
FN:14,(anonymous_2)
FNF:3
FNH:0
FNDA:0,(anonymous_0)
FNDA:0,(anonymous_1)
FNDA:0,(anonymous_2)
DA:1,0
DA:4,0
DA:6,0
DA:7,0
DA:10,0
DA:11,0
DA:14,0
DA:15,0
LF:8
LH:0
BRF:0
BRH:0
end_of_record
TN:
SF:src/app/fleet-product/line/shared/store/sales/state/sales-checkout/sales-checkout.state.ts
FNF:0
FNH:0
DA:16,0
LF:1
LH:0
BRF:0
BRH:0
end_of_record
TN:
SF:src/app/fleet-product/product-overview/product-overview.component.ts
FN:42,(anonymous_1)
FN:46,(anonymous_2)
FN:49,(anonymous_3)
FN:79,(anonymous_4)
FN:88,(anonymous_5)
FN:92,(anonymous_6)
FN:93,(anonymous_7)
FN:97,(anonymous_8)
FN:111,(anonymous_9)
FN:118,(anonymous_10)
FN:135,(anonymous_11)
FN:152,(anonymous_12)
FN:162,(anonymous_13)
FN:163,(anonymous_14)
FN:166,(anonymous_15)
FN:167,(anonymous_16)
FN:172,(anonymous_17)
FN:174,(anonymous_18)
FN:182,(anonymous_19)
FN:183,(anonymous_20)
FN:186,(anonymous_21)
FN:187,(anonymous_22)
FN:190,(anonymous_23)
FN:191,(anonymous_24)
FN:196,(anonymous_25)
FN:209,(anonymous_26)
FN:220,(anonymous_27)
FN:232,(anonymous_28)
FN:236,(anonymous_29)
FN:244,(anonymous_30)
FN:252,(anonymous_31)
FN:257,(anonymous_32)
FN:261,(anonymous_33)
FN:265,(anonymous_34)
FN:269,(anonymous_35)
FNF:35
FNH:28
FNDA:0,(anonymous_1)
FNDA:0,(anonymous_2)
FNDA:0,(anonymous_3)
FNDA:22,(anonymous_4)
FNDA:22,(anonymous_5)
FNDA:6,(anonymous_6)
FNDA:6,(anonymous_7)
FNDA:6,(anonymous_8)
FNDA:13,(anonymous_9)
FNDA:6,(anonymous_10)
FNDA:6,(anonymous_11)
FNDA:1,(anonymous_12)
FNDA:6,(anonymous_13)
FNDA:10,(anonymous_14)
FNDA:5,(anonymous_15)
FNDA:5,(anonymous_16)
FNDA:6,(anonymous_17)
FNDA:10,(anonymous_18)
FNDA:5,(anonymous_19)
FNDA:10,(anonymous_20)
FNDA:5,(anonymous_21)
FNDA:10,(anonymous_22)
FNDA:8,(anonymous_23)
FNDA:13,(anonymous_24)
FNDA:27,(anonymous_25)
FNDA:13,(anonymous_26)
FNDA:15,(anonymous_27)
FNDA:7,(anonymous_28)
FNDA:7,(anonymous_29)
FNDA:22,(anonymous_30)
FNDA:22,(anonymous_31)
FNDA:0,(anonymous_32)
FNDA:0,(anonymous_33)
FNDA:0,(anonymous_34)
FNDA:0,(anonymous_35)
DA:2,1
DA:3,1
DA:4,1
DA:5,1
DA:6,1
DA:7,1
DA:8,1
DA:9,1
DA:10,1
DA:11,1
DA:12,1
DA:14,1
DA:15,1
DA:17,1
DA:18,1
DA:34,1
DA:43,0
DA:47,0
DA:50,0
DA:53,22
DA:54,22
DA:55,22
DA:56,22
DA:65,22
DA:66,22
DA:67,22
DA:68,22
DA:69,22
DA:75,22
DA:76,22
DA:77,22
DA:80,22
DA:81,22
DA:82,22
DA:83,22
DA:84,22
DA:85,22
DA:89,22
DA:93,6
DA:94,6
DA:97,6
DA:98,6
DA:99,6
DA:101,6
DA:108,6
[...]
DA:21,1
DA:22,1
DA:24,1
DA:28,1
DA:29,1
DA:30,1
DA:32,1
DA:33,1
DA:34,1
DA:35,1
DA:36,1
DA:37,1
DA:38,1
DA:39,1
DA:41,1
DA:44,1
LF:22
LH:22
BRF:0
BRH:0
end_of_record
TN:
SF:src/app/shared/common/mappers/contact/contact-details-mapper.ts
FN:18,(anonymous_1)
FN:22,(anonymous_2)
FN:34,(anonymous_3)
FN:42,(anonymous_4)
FN:52,(anonymous_5)
FN:55,(anonymous_6)
FN:60,(anonymous_7)
FNF:7
FNH:0
FNDA:0,(anonymous_1)
FNDA:0,(anonymous_2)
FNDA:0,(anonymous_3)
FNDA:0,(anonymous_4)
FNDA:0,(anonymous_5)
FNDA:0,(anonymous_6)
FNDA:0,(anonymous_7)
DA:9,4
DA:10,4
DA:11,4
DA:17,4
DA:19,0
DA:23,0
DA:24,0
DA:25,0
DA:26,0
DA:27,0
DA:28,0
DA:29,0
DA:31,0
DA:35,0
DA:36,0
DA:37,0
DA:38,0
DA:39,0
DA:43,0
DA:45,0
DA:46,0
DA:47,0
DA:50,0
DA:53,0
DA:56,0
DA:61,0
DA:62,0
DA:63,0
DA:64,0
LF:29
LH:4
BRDA:24,0,0,0
BRDA:24,1,0,0
BRDA:24,1,1,0
BRDA:45,2,0,0
BRDA:54,3,0,0
BRDA:54,3,1,0
BRF:6
BRH:0
end_of_record
TN:
SF:src/app/shared/common/mappers/contact/line-contact-details-list.mapper.ts
FN:13,(anonymous_1)
FN:15,(anonymous_2)
FN:18,(anonymous_3)
FNF:3
FNH:2
FNDA:39,(anonymous_1)
FNDA:1,(anonymous_2)
FNDA:0,(anonymous_3)
DA:1,5
DA:5,5
DA:10,5
DA:13,39
DA:16,1
DA:18,1
DA:19,0
DA:22,1
LF:8
LH:7
BRF:0
BRH:0
end_of_record
TN:
SF:src/app/shared/common/mappers/contact/line-contact-details.mapper.ts
FN:14,(anonymous_1)
FN:18,(anonymous_2)
FN:38,(anonymous_3)
FN:48,(anonymous_4)
FNF:4
FNH:4
FNDA:1,(anonymous_1)
FNDA:1,(anonymous_2)
FNDA:1,(anonymous_3)
FNDA:1,(anonymous_4)
DA:1,6
DA:7,6
DA:13,6
DA:15,1
DA:19,1
DA:20,1
DA:21,1
DA:23,1
DA:24,1
DA:25,1
DA:27,1
DA:28,1
DA:31,1
DA:32,1
DA:35,1
DA:39,1
DA:41,1
DA:42,1
DA:43,1
DA:45,1
DA:49,1
DA:51,1
DA:52,1
DA:54,1
LF:24
LH:24
BRDA:27,0,0,1
BRDA:31,1,0,1
BRF:2
BRH:2
end_of_record
TN:
SF:src/app/shared/common/mappers/customer-product-holding/customer-product-holding.mapper.ts
FN:13,(anonymous_1)
FN:17,(anonymous_2)
FNF:2
FNH:2
FNDA:44,(anonymous_1)
FNDA:44,(anonymous_2)
DA:1,9
DA:2,9
DA:4,9
DA:10,9
DA:14,44
DA:20,44
DA:21,44
DA:22,44
DA:26,44
DA:27,44
DA:28,44
DA:30,44
LF:12
LH:12
BRDA:21,0,0,44
BRF:1
BRH:1
end_of_record
TN:
SF:src/app/shared/common/mappers/products/eligible-products.mapper.ts
FN:21,(anonymous_1)
FN:23,(anonymous_2)
FN:27,(anonymous_3)
FN:30,(anonymous_4)
FN:36,(anonymous_5)
FN:50,(anonymous_6)
FN:63,(anonymous_7)
FN:66,(anonymous_8)
FN:72,(anonymous_9)
FN:86,(anonymous_10)
FN:89,(anonymous_11)
FN:95,(anonymous_12)
FN:107,(anonymous_13)
FNF:13
FNH:13
FNDA:12,(anonymous_1)
FNDA:5,(anonymous_2)
FNDA:5,(anonymous_3)
FNDA:5,(anonymous_4)
FNDA:5,(anonymous_5)
FNDA:85,(anonymous_6)
FNDA:5,(anonymous_7)
FNDA:28,(anonymous_8)
FNDA:28,(anonymous_9)
FNDA:5,(anonymous_10)
FNDA:52,(anonymous_11)
FNDA:52,(anonymous_12)
FNDA:56,(anonymous_13)
DA:1,2
DA:2,2
DA:5,2
DA:12,2
DA:13,2
DA:14,2
DA:15,2
DA:20,2
DA:21,12
DA:24,5
DA:28,5
DA:31,5
DA:37,5
DA:38,5
DA:51,85
DA:52,85
DA:53,81
DA:54,81
DA:55,81
DA:56,0
DA:58,81
DA:60,85
DA:64,5
DA:67,28
DA:73,28
DA:74,28
DA:75,28
DA:76,28
DA:77,28
DA:78,0
DA:80,28
DA:81,0
DA:83,28
DA:87,5
DA:90,52
DA:96,52
DA:108,56
DA:110,1
DA:112,1
DA:114,1
DA:116,1
DA:118,4
LF:42
LH:39
BRDA:29,0,0,5
BRDA:29,0,1,5
BRDA:37,1,0,5
BRDA:52,2,0,81
BRDA:55,3,0,0
BRDA:55,4,0,81
BRDA:55,4,1,0
BRDA:65,5,0,5
BRDA:65,5,1,5
BRDA:77,6,0,0
BRDA:80,7,0,0
BRDA:88,8,0,5
BRDA:88,8,1,5
BRDA:108,9,0,1
BRDA:108,9,1,1
BRDA:108,9,2,1
BRDA:108,9,3,1
BRDA:108,9,4,4
BRF:18
BRH:14
end_of_record
TN:
SF:src/app/shared/common/mappers/products/product-line.mapper.ts
FN:13,(anonymous_1)
FN:15,(anonymous_2)
FN:19,(anonymous_3)
FN:23,(anonymous_4)
FN:30,(anonymous_5)
FNF:5
FNH:5
FNDA:51,(anonymous_1)
FNDA:1,(anonymous_2)
FNDA:1,(anonymous_3)
FNDA:1,(anonymous_4)
FNDA:42,(anonymous_5)
DA:2,8
DA:3,8
DA:5,8
DA:12,8
DA:13,51
DA:16,1
DA:20,1
DA:27,1
DA:28,1
DA:29,1
DA:30,1
DA:31,42
DA:34,1
LF:13
LH:13
BRDA:20,0,0,1
BRDA:20,0,1,1
BRDA:28,1,0,1
BRF:3
BRH:3
end_of_record
TN:
SF:src/app/shared/common/mappers/products/product-type.mapper.ts
FN:10,(anonymous_1)
FNF:1
FNH:1
FNDA:1,(anonymous_1)
DA:1,8
DA:9,8
DA:11,1
DA:13,1
DA:15,1
LF:5
LH:5
BRF:0
BRH:0
end_of_record
TN:
SF:src/app/shared/common/mappers/profile/fleet-profile-mapper.ts
FN:6,(anonymous_0)
FN:13,(anonymous_1)
FNF:2
FNH:2
FNDA:1,(anonymous_0)
FNDA:3,(anonymous_1)
DA:5,4
DA:7,1
DA:8,0
DA:10,1
DA:14,3
DA:16,3
DA:17,3
DA:18,3
DA:19,3
DA:20,3
DA:21,3
DA:22,3
DA:23,3
DA:24,3
DA:25,3
DA:26,3
DA:28,3
LF:17
LH:16
BRDA:7,0,0,0
BRF:1
BRH:0
end_of_record
TN:
SF:src/app/shared/common/mappers/profile/profile-details-by-identity-id.mapper.ts
FN:12,(anonymous_1)
FN:16,(anonymous_2)
FNF:2
FNH:2
FNDA:1,(anonymous_1)
FNDA:1,(anonymous_2)
DA:2,1
DA:4,1
DA:9,1
DA:13,1
DA:17,1
DA:18,1
DA:19,1
DA:20,1
DA:21,1
DA:22,1
DA:23,1
DA:24,1
DA:25,1
DA:26,1
DA:27,1
DA:28,1
DA:29,1
DA:30,1
DA:31,1
DA:32,1
DA:33,1
DA:34,1
DA:35,1
DA:36,1
DA:37,1
DA:38,1
DA:39,1
DA:40,1
DA:41,1
DA:42,1
DA:43,1
DA:44,1
DA:45,1
DA:47,1
LF:34
LH:34
BRF:0
BRH:0
end_of_record
TN:
SF:src/app/shared/common/mappers/profile/profile-details.mapper.ts
FN:13,(anonymous_1)
FN:16,(anonymous_2)
FN:23,(anonymous_3)
FNF:3
FNH:0
FNDA:0,(anonymous_1)
FNDA:0,(anonymous_2)
FNDA:0,(anonymous_3)
DA:2,2
DA:3,2
DA:12,2
DA:14,0
DA:15,0
DA:16,0
DA:17,0
DA:19,0
DA:24,0
DA:25,0
DA:26,0
DA:27,0
DA:28,0
DA:29,0
DA:30,0
DA:31,0
DA:32,0
DA:33,0
DA:34,0
DA:35,0
DA:36,0
DA:37,0
DA:38,0
DA:39,0
DA:40,0
DA:41,0
DA:42,0
DA:43,0
DA:44,0
DA:45,0
DA:46,0
LF:31
LH:3
BRDA:15,0,0,0
BRF:1
BRH:0
end_of_record
TN:
SF:src/app/shared/common/mappers/sim-activation/sim-activation-status.mapper.ts
FN:12,(anonymous_1)
FNF:1
FNH:0
FNDA:0,(anonymous_1)
DA:4,3
DA:9,3
DA:13,0
LF:3
LH:2
BRF:0
BRH:0
end_of_record
TN:
SF:src/app/shared/common/mappers/sim-details/sim-details.mapper.ts
FN:11,(anonymous_1)
FN:19,(anonymous_2)
FN:21,(anonymous_3)
FN:25,(anonymous_4)
FNF:4
FNH:4
FNDA:2,(anonymous_1)
FNDA:1,(anonymous_2)
FNDA:1,(anonymous_3)
FNDA:1,(anonymous_4)
DA:2,8
DA:3,8
DA:5,8
DA:10,8
DA:12,2
DA:13,1
DA:15,1
DA:20,1
DA:21,1
DA:22,1
DA:26,1
DA:28,1
DA:29,1
DA:30,1
DA:31,1
DA:32,1
DA:34,1
LF:17
LH:17
BRDA:12,0,0,1
BRDA:12,0,1,1
BRF:2
BRH:2
end_of_record
TN:
SF:src/app/shared/common/models/address.model.ts
FNF:0
FNH:0
DA:1,1
LF:1
LH:1
BRF:0
BRH:0
end_of_record
TN:
SF:src/app/shared/common/models/customer-product-holding.model.ts
FNF:0
FNH:0
DA:1,9
DA:8,9
LF:2
LH:2
BRF:0
BRH:0
end_of_record
TN:
SF:src/app/shared/common/models/eligible-products.model.ts
FN:17,(anonymous_0)
FN:23,(anonymous_1)
FN:27,(anonymous_2)
FN:28,(anonymous_3)
FN:33,(anonymous_4)
FN:34,(anonymous_5)
FN:35,(anonymous_6)
FN:41,(anonymous_7)
FN:43,(anonymous_8)
FN:46,(anonymous_9)
FN:50,(anonymous_10)
FN:55,(anonymous_11)
FN:56,(anonymous_12)
FNF:13
FNH:12
FNDA:2,(anonymous_0)
FNDA:1,(anonymous_1)
FNDA:2,(anonymous_2)
FNDA:2,(anonymous_3)
FNDA:2,(anonymous_4)
FNDA:2,(anonymous_5)
FNDA:4,(anonymous_6)
FNDA:2,(anonymous_7)
FNDA:2,(anonymous_8)
FNDA:0,(anonymous_9)
FNDA:2,(anonymous_10)
FNDA:2,(anonymous_11)
FNDA:4,(anonymous_12)
DA:4,3
DA:6,3
DA:8,3
DA:18,2
DA:19,1
DA:24,1
DA:28,2
DA:29,2
DA:34,2
DA:35,2
DA:36,4
DA:42,2
DA:43,2
DA:45,1
DA:46,0
DA:48,1
DA:51,2
DA:56,2
DA:57,4
LF:19
LH:18
BRDA:18,0,0,1
BRDA:29,1,0,1
BRDA:29,1,1,1
BRDA:36,2,0,2
BRDA:36,2,1,2
BRDA:42,3,0,1
BRDA:43,4,0,2
BRDA:43,4,1,2
BRDA:45,5,0,0
BRDA:46,6,0,0
BRDA:46,6,1,0
BRDA:51,7,0,2
BRDA:51,7,1,2
BRDA:51,7,2,2
BRDA:51,7,3,2
BRF:15
BRH:12
end_of_record
TN:
SF:src/app/shared/common/models/option-products.model.ts
FN:26,(anonymous_0)
FN:32,(anonymous_1)
FN:38,(anonymous_2)
FN:41,(anonymous_3)
FN:44,(anonymous_4)
FN:47,(anonymous_5)
FN:50,(anonymous_6)
FNF:7
FNH:7
FNDA:2,(anonymous_0)
FNDA:2,(anonymous_1)
FNDA:2,(anonymous_2)
FNDA:2,(anonymous_3)
FNDA:2,(anonymous_4)
FNDA:2,(anonymous_5)
FNDA:2,(anonymous_6)
DA:3,3
DA:4,3
DA:19,66
DA:20,66
DA:21,66
DA:27,2
DA:28,1
DA:30,1
DA:33,2
DA:39,2
DA:42,2
DA:45,2
DA:48,2
DA:51,2
LF:14
LH:14
BRDA:27,0,0,1
BRDA:30,1,0,1
BRDA:30,1,1,1
BRDA:30,1,2,1
BRDA:33,2,0,1
BRDA:33,2,1,1
BRDA:33,3,0,2
BRDA:33,3,1,2
BRF:8
BRH:8
end_of_record
TN:
SF:src/app/shared/common/models/product.model.ts
FN:122,(anonymous_0)
FN:126,(anonymous_1)
FN:130,(anonymous_2)
FN:134,(anonymous_3)
FN:138,(anonymous_4)
FN:142,(anonymous_5)
FN:146,(anonymous_6)
FN:150,(anonymous_7)
FN:154,(anonymous_8)
FNF:9
FNH:7
FNDA:2,(anonymous_0)
FNDA:2,(anonymous_1)
FNDA:2,(anonymous_2)
FNDA:2,(anonymous_3)
FNDA:2,(anonymous_4)
FNDA:3,(anonymous_5)
FNDA:6,(anonymous_6)
FNDA:0,(anonymous_7)
FNDA:0,(anonymous_8)
DA:2,3
DA:4,3
DA:78,3
DA:79,3
DA:80,3
DA:123,2
DA:127,2
DA:131,2
DA:135,2
DA:139,2
DA:143,3
DA:147,6
DA:151,0
DA:155,0
LF:14
LH:12
BRDA:143,0,0,3
BRDA:143,0,1,2
BRDA:147,1,0,6
BRDA:147,1,1,6
BRDA:147,1,2,5
BRDA:147,1,3,4
BRDA:147,1,4,3
BRDA:147,1,5,2
BRF:8
BRH:8
end_of_record
TN:
SF:src/app/shared/common/models/sim-details.model.ts
FNF:0
FNH:0
DA:1,12
LF:1
LH:1
BRF:0
BRH:0
end_of_record
TN:
SF:src/app/shared/common/models/contact/contact-details.model.ts
FNF:0
FNH:0
DA:3,6
LF:1
LH:1
BRF:0
BRH:0
end_of_record
TN:
SF:src/app/shared/common/models/profile/profile-details.model.ts
FN:40,(anonymous_0)
FN:52,(anonymous_1)
FN:56,(anonymous_2)
FN:60,(anonymous_3)
FN:64,(anonymous_4)
FN:68,(anonymous_5)
FNF:6
FNH:6
FNDA:4,(anonymous_0)
FNDA:5,(anonymous_1)
FNDA:6,(anonymous_2)
FNDA:7,(anonymous_3)
FNDA:4,(anonymous_4)
FNDA:3,(anonymous_5)
DA:1,4
DA:4,4
DA:41,4
DA:42,1
DA:43,3
DA:44,1
DA:45,2
DA:46,1
DA:47,1
DA:48,1
DA:53,5
DA:57,6
DA:61,7
DA:65,4
DA:69,3
DA:70,3
DA:71,1
DA:72,2
DA:73,1
DA:74,1
DA:75,1
LF:21
LH:21
BRDA:41,0,0,1
BRDA:41,0,1,3
BRDA:43,1,0,1
BRDA:43,1,1,2
BRDA:45,2,0,1
BRDA:45,2,1,1
BRDA:47,3,0,1
BRDA:53,4,0,5
BRDA:53,4,1,4
BRDA:57,5,0,6
BRDA:57,5,1,5
BRDA:61,6,0,7
BRDA:61,6,1,6
BRDA:65,7,0,4
BRDA:65,7,1,3
BRDA:69,8,0,3
BRDA:70,9,0,1
BRDA:70,9,1,2
BRDA:72,10,0,1
BRDA:72,10,1,1
BRDA:74,11,0,1
BRF:21
BRH:21
end_of_record
TN:
SF:src/app/shared/common/models/sim-card/line-overview/product-line.model.ts
FNF:0
FNH:0
DA:3,0
DA:5,0
LF:2
LH:0
BRF:0
BRH:0
end_of_record
TN:
SF:src/app/shared/common/pipes/phone-number.pipe.ts
FN:9,(anonymous_1)
FN:11,(anonymous_2)
FN:15,(anonymous_3)
FNF:3
FNH:3
FNDA:5,(anonymous_1)
FNDA:5,(anonymous_2)
FNDA:5,(anonymous_3)
DA:1,2
DA:2,2
DA:8,2
DA:9,5
DA:12,5
DA:16,5
DA:17,0
DA:19,5
DA:20,5
LF:9
LH:8
BRDA:16,0,0,0
BRF:1
BRH:0
end_of_record
TN:
SF:src/app/shared/common/regex/regex.constant.ts
FNF:0
FNH:0
DA:1,5
DA:2,5
DA:3,5
DA:4,5
DA:5,5
LF:5
LH:5
BRF:0
BRH:0
end_of_record
TN:
SF:src/app/shared/common/services/billing/billing.service.ts
FN:19,(anonymous_1)
FN:26,(anonymous_2)
FN:37,(anonymous_3)
FN:44,(anonymous_4)
FN:61,(anonymous_5)
FN:75,(anonymous_6)
FNF:6
FNH:6
FNDA:8,(anonymous_1)
FNDA:1,(anonymous_2)
FNDA:1,(anonymous_3)
FNDA:1,(anonymous_4)
FNDA:1,(anonymous_5)
FNDA:3,(anonymous_6)
DA:1,2
DA:2,2
DA:3,2
DA:5,2
DA:6,2
DA:10,2
DA:11,2
DA:16,2
DA:20,8
DA:21,8
DA:22,8
DA:23,8
DA:27,1
DA:34,1
DA:38,1
DA:39,1
DA:49,1
DA:56,1
DA:65,1
DA:72,1
DA:76,3
DA:80,3
LF:22
LH:22
BRDA:80,0,0,0
BRDA:80,0,1,3
BRF:2
BRH:1
end_of_record
TN:
SF:src/app/shared/common/services/billing/constants/billing.constant.ts
FNF:0
FNH:0
DA:1,0
DA:2,0
DA:3,0
DA:4,0
DA:5,0
DA:6,0
DA:7,0
DA:8,0
DA:9,0
DA:10,0
DA:11,0
LF:11
LH:0
BRF:0
BRH:0
end_of_record
TN:
SF:src/app/shared/common/services/billing/constants/fleet-billing.constant.ts
FNF:0
FNH:0
DA:1,4
DA:2,4
DA:3,4
DA:4,4
DA:5,4
DA:6,4
DA:7,4
DA:8,4
DA:9,4
DA:10,4
DA:11,4
LF:11
LH:11
BRF:0
BRH:0
end_of_record
TN:
SF:src/app/shared/common/services/billing/mappers/account-threshold.mapper.ts
FN:12,(anonymous_1)
FN:16,(anonymous_2)
FN:26,(anonymous_3)
FNF:3
FNH:3
FNDA:1,(anonymous_1)
FNDA:1,(anonymous_2)
FNDA:1,(anonymous_3)
DA:2,3
DA:9,3
DA:13,1
DA:17,1
DA:19,1
DA:23,1
DA:27,1
DA:29,1
DA:30,1
DA:31,1
DA:33,1
LF:11
LH:11
BRF:0
BRH:0
end_of_record
TN:
SF:src/app/shared/common/services/billing/mappers/billing-account.mapper.ts
FN:16,(anonymous_1)
FN:20,(anonymous_2)
FN:22,(anonymous_3)
FN:28,(anonymous_4)
FN:54,(anonymous_5)
FN:68,(anonymous_6)
FNF:6
FNH:6
FNDA:1,(anonymous_1)
FNDA:1,(anonymous_2)
FNDA:4,(anonymous_3)
FNDA:4,(anonymous_4)
FNDA:4,(anonymous_5)
FNDA:4,(anonymous_6)
DA:2,4
DA:9,4
DA:10,4
DA:15,4
DA:17,1
DA:21,1
DA:22,1
DA:23,4
DA:25,1
DA:29,4
DA:30,4
DA:31,4
DA:32,4
DA:33,4
DA:34,4
DA:35,4
DA:36,4
DA:37,4
DA:38,4
DA:39,4
DA:40,4
DA:41,4
DA:42,4
DA:43,4
DA:44,4
DA:45,4
DA:48,4
DA:51,4
DA:55,4
DA:69,4
DA:70,0
DA:72,4
LF:32
LH:31
BRDA:45,0,0,2
BRDA:45,0,1,2
BRDA:48,1,0,2
BRDA:48,1,1,2
BRDA:69,2,0,0
BRF:5
BRH:4
end_of_record
TN:
SF:src/app/shared/common/services/billing/models/billing-account.model.ts
FN:35,(anonymous_0)
FN:39,(anonymous_1)
FN:50,(anonymous_2)
FN:59,(anonymous_3)
FN:80,(anonymous_4)
FN:90,(anonymous_5)
FN:94,(anonymous_6)
FN:98,(anonymous_7)
FN:102,(anonymous_8)
FN:106,(anonymous_9)
FN:114,(anonymous_10)
FN:122,(anonymous_11)
FN:130,(anonymous_12)
FN:134,(anonymous_13)
FN:138,(anonymous_14)
FN:142,(anonymous_15)
FN:146,(anonymous_16)
FN:150,(anonymous_17)
FNF:18
FNH:18
FNDA:2,(anonymous_0)
FNDA:3,(anonymous_1)
FNDA:2,(anonymous_2)
FNDA:3,(anonymous_3)
FNDA:3,(anonymous_4)
FNDA:2,(anonymous_5)
FNDA:2,(anonymous_6)
FNDA:2,(anonymous_7)
FNDA:2,(anonymous_8)
FNDA:2,(anonymous_9)
FNDA:2,(anonymous_10)
FNDA:2,(anonymous_11)
FNDA:2,(anonymous_12)
FNDA:2,(anonymous_13)
FNDA:10,(anonymous_14)
FNDA:8,(anonymous_15)
FNDA:4,(anonymous_16)
FNDA:8,(anonymous_17)
DA:10,4
DA:11,4
DA:14,4
DA:16,4
DA:36,2
DA:40,3
DA:51,2
DA:60,3
DA:61,3
DA:62,2
DA:63,2
DA:64,1
DA:65,1
DA:67,2
DA:68,1
DA:70,2
DA:71,2
DA:75,2
DA:77,3
DA:81,3
DA:82,3
DA:83,1
DA:84,2
DA:85,1
DA:87,3
DA:91,2
DA:95,2
DA:99,2
DA:103,2
DA:107,2
DA:115,2
DA:123,2
DA:131,2
DA:135,2
DA:139,10
DA:143,8
DA:147,4
DA:151,8
LF:38
LH:38
BRDA:41,0,0,3
BRDA:41,0,1,3
BRDA:41,0,2,2
BRDA:41,0,3,2
BRDA:41,0,4,1
BRDA:41,0,5,1
BRDA:52,1,0,2
BRDA:52,1,1,2
BRDA:52,1,2,2
BRDA:52,1,3,2
BRDA:61,2,0,2
BRDA:63,3,0,1
BRDA:67,4,0,1
BRDA:70,5,0,2
BRDA:70,5,1,1
BRDA:72,6,0,1
BRDA:72,6,1,1
BRDA:73,7,0,1
BRDA:73,7,1,1
BRDA:74,8,0,1
BRDA:74,8,1,1
BRDA:82,9,0,1
BRDA:82,9,1,2
BRDA:82,10,0,3
BRDA:82,10,1,2
BRDA:82,10,2,2
BRDA:84,11,0,1
BRDA:84,12,0,2
BRDA:84,12,1,1
BRDA:91,13,0,2
BRDA:91,13,1,1
BRDA:95,14,0,2
BRDA:95,14,1,2
BRDA:99,15,0,2
BRDA:99,15,1,2
BRDA:103,16,0,2
BRDA:103,16,1,2
BRDA:108,17,0,2
BRDA:108,17,1,2
BRDA:108,17,2,1
BRDA:116,18,0,2
BRDA:116,18,1,2
BRDA:116,18,2,1
BRDA:124,19,0,2
BRDA:124,19,1,2
BRDA:124,19,2,1
BRDA:131,20,0,2
BRDA:131,20,1,2
BRDA:135,21,0,2
BRDA:135,21,1,2
BRDA:139,22,0,10
BRDA:139,22,1,9
BRDA:143,23,0,8
BRDA:143,23,1,8
BRDA:147,24,0,4
BRDA:147,24,1,2
BRDA:151,25,0,8
BRDA:151,25,1,3
BRDA:151,25,2,7
BRF:59
BRH:59
end_of_record
TN:
SF:src/app/shared/common/services/bundle/bundle.service.ts
FN:16,(anonymous_1)
FN:22,(anonymous_2)
FN:33,(anonymous_3)
FN:44,(anonymous_4)
FN:49,(anonymous_5)
FN:60,(anonymous_6)
FNF:6
FNH:6
FNDA:3,(anonymous_1)
FNDA:1,(anonymous_2)
FNDA:1,(anonymous_3)
FNDA:1,(anonymous_4)
FNDA:1,(anonymous_5)
FNDA:2,(anonymous_6)
DA:1,1
DA:3,1
DA:4,1
DA:8,1
DA:9,1
DA:10,1
DA:15,1
DA:17,3
DA:18,3
DA:19,3
DA:23,1
DA:30,1
DA:37,1
DA:41,1
DA:45,1
DA:46,1
DA:56,1
DA:57,1
DA:61,2
LF:19
LH:19
BRDA:57,0,0,0
BRDA:57,0,1,1
BRF:2
BRH:1
end_of_record
TN:
SF:src/app/shared/common/services/contact/customer-contact.service.ts
FN:21,(anonymous_1)
FN:30,(anonymous_2)
FN:45,(anonymous_3)
FN:50,(anonymous_4)
FN:59,(anonymous_5)
FN:64,(anonymous_6)
FN:76,(anonymous_7)
FN:80,(anonymous_8)
FNF:8
FNH:6
FNDA:38,(anonymous_1)
FNDA:1,(anonymous_2)
FNDA:1,(anonymous_3)
FNDA:0,(anonymous_4)
FNDA:0,(anonymous_5)
FNDA:2,(anonymous_6)
FNDA:1,(anonymous_7)
FNDA:2,(anonymous_8)
DA:4,4
DA:5,4
DA:6,4
DA:7,4
DA:8,4
DA:10,4
DA:11,4
DA:12,4
DA:15,4
DA:20,4
DA:22,38
DA:23,38
DA:24,38
DA:25,38
DA:26,38
DA:27,38
DA:35,1
DA:42,1
DA:46,1
DA:47,1
DA:55,0
DA:56,0
DA:60,0
DA:61,0
DA:68,2
DA:69,2
DA:71,2
DA:77,1
DA:81,2
LF:29
LH:25
BRF:0
BRH:0
end_of_record
TN:
SF:src/app/shared/common/services/mobile/mobile.service.ts
FN:18,(anonymous_1)
FN:26,(anonymous_2)
FN:47,(anonymous_3)
FN:62,(anonymous_4)
FN:77,(anonymous_5)
FN:91,(anonymous_6)
FN:103,(anonymous_7)
FN:120,(anonymous_8)
FN:128,(anonymous_9)
FN:129,(anonymous_10)
FNF:10
FNH:7
FNDA:20,(anonymous_1)
FNDA:1,(anonymous_2)
FNDA:1,(anonymous_3)
FNDA:0,(anonymous_4)
FNDA:4,(anonymous_5)
FNDA:7,(anonymous_6)
FNDA:1,(anonymous_7)
FNDA:2,(anonymous_8)
FNDA:0,(anonymous_9)
FNDA:0,(anonymous_10)
DA:1,3
DA:2,3
DA:3,3
DA:4,3
DA:9,3
DA:10,3
DA:11,3
DA:12,3
DA:17,3
DA:19,20
DA:20,20
DA:21,20
DA:22,20
DA:23,20
DA:31,1
DA:32,1
DA:33,1
DA:34,0
DA:36,1
DA:44,1
DA:48,1
DA:49,1
DA:50,1
DA:57,1
DA:63,0
DA:64,0
DA:65,0
DA:72,0
DA:83,4
DA:86,4
DA:87,4
DA:88,4
DA:93,7
DA:98,7
DA:99,7
DA:100,7
DA:104,1
DA:105,1
DA:106,1
DA:107,1
DA:108,1
DA:109,1
DA:110,1
DA:111,1
DA:112,1
DA:113,0
DA:117,1
DA:121,2
DA:129,0
LF:49
LH:42
BRDA:33,0,0,0
BRDA:105,1,0,1
BRDA:112,2,0,0
BRF:3
BRH:1
end_of_record
TN:
SF:src/app/shared/common/services/products/eligible-products.service.ts
FN:14,(anonymous_1)
FN:20,(anonymous_2)
FN:30,(anonymous_3)
FN:48,(anonymous_4)
FN:52,(anonymous_5)
FNF:5
FNH:5
FNDA:3,(anonymous_1)
FNDA:1,(anonymous_2)
FNDA:2,(anonymous_3)
FNDA:3,(anonymous_4)
FNDA:3,(anonymous_5)
DA:3,1
DA:4,1
DA:5,1
DA:6,1
DA:7,1
DA:8,1
DA:13,1
DA:15,3
DA:16,3
DA:17,3
DA:21,1
DA:22,1
DA:27,1
DA:35,2
DA:36,2
DA:37,1
DA:40,2
DA:45,2
DA:49,3
DA:50,3
DA:51,3
DA:53,3
LF:22
LH:22
BRDA:36,0,0,1
BRF:1
BRH:1
end_of_record
TN:
SF:src/app/shared/common/services/products/products.service.ts
FN:27,(anonymous_1)
FN:35,(anonymous_2)
FN:55,(anonymous_3)
FN:61,(anonymous_4)
FN:63,(anonymous_5)
FN:68,(anonymous_6)
FN:72,(anonymous_7)
FN:80,(anonymous_8)
FN:89,(anonymous_9)
FN:95,(anonymous_10)
FN:105,(anonymous_11)
FN:125,(anonymous_12)
FN:129,(anonymous_13)
FNF:13
FNH:11
FNDA:50,(anonymous_1)
FNDA:3,(anonymous_2)
FNDA:1,(anonymous_3)
FNDA:1,(anonymous_4)
FNDA:1,(anonymous_5)
FNDA:12,(anonymous_6)
FNDA:1,(anonymous_7)
FNDA:1,(anonymous_8)
FNDA:1,(anonymous_9)
FNDA:1,(anonymous_10)
FNDA:2,(anonymous_11)
FNDA:0,(anonymous_12)
FNDA:0,(anonymous_13)
DA:1,7
DA:2,7
DA:4,7
DA:5,7
DA:6,7
DA:7,7
DA:8,7
DA:9,7
DA:11,7
DA:12,7
DA:15,7
DA:17,7
DA:24,7
DA:28,50
DA:29,50
DA:30,50
DA:31,50
DA:32,50
DA:41,3
DA:42,0
DA:44,3
DA:45,3
DA:46,0
DA:48,3
DA:53,3
DA:56,1
DA:57,1
DA:59,1
DA:62,1
DA:63,1
DA:69,12
DA:73,1
DA:81,1
DA:83,1
DA:84,1
DA:86,1
DA:90,1
DA:91,1
DA:92,1
DA:96,1
DA:102,1
DA:110,2
DA:114,2
DA:119,2
DA:120,2
DA:122,2
DA:126,0
DA:127,0
DA:129,0
LF:49
LH:44
BRDA:41,0,0,0
BRDA:41,1,0,3
BRDA:41,1,1,0
BRDA:45,2,0,0
BRDA:56,3,0,1
BRDA:126,4,0,0
BRF:6
BRH:2
end_of_record
TN:
SF:src/app/shared/common/services/profile/profile.service.ts
FN:17,(anonymous_1)
FN:23,(anonymous_2)
FN:43,(anonymous_3)
FN:48,(anonymous_4)
FN:52,(anonymous_5)
FNF:5
FNH:3
FNDA:17,(anonymous_1)
FNDA:1,(anonymous_2)
FNDA:1,(anonymous_3)
FNDA:0,(anonymous_4)
FNDA:0,(anonymous_5)
DA:1,2
DA:3,2
DA:5,2
DA:6,2
DA:7,2
DA:8,2
DA:11,2
DA:16,2
DA:18,17
DA:19,17
DA:20,17
DA:28,1
DA:32,1
DA:37,1
DA:38,1
DA:40,1
DA:44,1
DA:45,1
DA:49,0
DA:50,0
DA:52,0
LF:21
LH:18
BRDA:49,0,0,0
BRF:1
BRH:0
end_of_record
TN:
SF:src/app/shared/common/services/recaptcha/recaptcha.service.ts
FN:11,(anonymous_1)
FN:16,(anonymous_2)
FN:17,(anonymous_3)
FN:20,(anonymous_4)
FN:21,(anonymous_5)
FN:25,(anonymous_6)
FN:29,(anonymous_7)
FN:33,(anonymous_8)
FNF:8
FNH:5
FNDA:19,(anonymous_1)
FNDA:6,(anonymous_2)
FNDA:6,(anonymous_3)
FNDA:0,(anonymous_4)
FNDA:6,(anonymous_5)
FNDA:0,(anonymous_6)
FNDA:6,(anonymous_7)
FNDA:0,(anonymous_8)
DA:1,2
DA:2,2
DA:3,2
DA:4,2
DA:10,2
DA:12,19
DA:13,19
DA:17,6
DA:19,6
DA:20,0
DA:21,6
DA:26,0
DA:30,6
DA:34,0
LF:14
LH:11
BRF:0
BRH:0
end_of_record
TN:
SF:src/app/shared/common/services/sim-details/sim-details.service.ts
FN:12,(anonymous_1)
FN:17,(anonymous_2)
FN:29,(anonymous_3)
FNF:3
FNH:3
FNDA:11,(anonymous_1)
FNDA:4,(anonymous_2)
FNDA:4,(anonymous_3)
DA:1,4
DA:3,4
DA:4,4
DA:6,4
DA:11,4
DA:13,11
DA:14,11
DA:18,4
DA:26,4
DA:30,4
LF:10
LH:10
BRF:0
BRH:0
end_of_record
TN:
SF:src/app/shared/common/translation/translation.service.ts
FN:6,(anonymous_1)
FN:10,(anonymous_2)
FN:14,(anonymous_3)
FN:18,(anonymous_4)
FN:22,(anonymous_5)
FNF:5
FNH:5
FNDA:1,(anonymous_1)
FNDA:1,(anonymous_2)
FNDA:13,(anonymous_3)
FNDA:1,(anonymous_4)
FNDA:16,(anonymous_5)
DA:1,4
DA:2,4
DA:5,4
DA:7,1
DA:11,1
DA:15,13
DA:19,1
DA:23,16
LF:8
LH:8
BRF:0
BRH:0
end_of_record
