<?xml version="1.0" ?>
<!DOCTYPE coverage SYSTEM "http://cobertura.sourceforge.net/xml/coverage-04.dtd">
<coverage lines-valid="0" lines-covered="0" line-rate="1" branches-valid="0" branches-covered="0" branch-rate="1" timestamp="1726222782475" complexity="0" version="0.1">
  <sources>
    <source>../../../</source>
  </sources>
  <packages>
    <package name="fleet-mfe" line-rate="1" branch-rate="1">
      <classes>
        <class name="README.md" filename="apps/fleet/fleet-mfe/README.md" line-rate="1" branch-rate="1">
          <methods>
          </methods>
          <lines>
          </lines>
        </class>
        <class name="cypress.config.ts" filename="apps/fleet/fleet-mfe/cypress.config.ts" line-rate="1" branch-rate="1">
          <methods>
          </methods>
          <lines>
          </lines>
        </class>
        <class name="jest.config.ts" filename="apps/fleet/fleet-mfe/jest.config.ts" line-rate="1" branch-rate="1">
          <methods>
          </methods>
          <lines>
          </lines>
        </class>
        <class name="nginx.Dockerfile" filename="apps/fleet/fleet-mfe/nginx.Dockerfile" line-rate="1" branch-rate="1">
          <methods>
          </methods>
          <lines>
          </lines>
        </class>
        <class name="nginx.conf" filename="apps/fleet/fleet-mfe/nginx.conf" line-rate="1" branch-rate="1">
          <methods>
          </methods>
          <lines>
          </lines>
        </class>
        <class name="nginx.local.conf" filename="apps/fleet/fleet-mfe/nginx.local.conf" line-rate="1" branch-rate="1">
          <methods>
          </methods>
          <lines>
          </lines>
        </class>
        <class name="project.json" filename="apps/fleet/fleet-mfe/project.json" line-rate="1" branch-rate="1">
          <methods>
          </methods>
          <lines>
          </lines>
        </class>
        <class name="tsconfig.app.json" filename="apps/fleet/fleet-mfe/tsconfig.app.json" line-rate="1" branch-rate="1">
          <methods>
          </methods>
          <lines>
          </lines>
        </class>
        <class name="tsconfig.editor.json" filename="apps/fleet/fleet-mfe/tsconfig.editor.json" line-rate="1" branch-rate="1">
          <methods>
          </methods>
          <lines>
          </lines>
        </class>
        <class name="tsconfig.json" filename="apps/fleet/fleet-mfe/tsconfig.json" line-rate="1" branch-rate="1">
          <methods>
          </methods>
          <lines>
          </lines>
        </class>
        <class name="tsconfig.spec.json" filename="apps/fleet/fleet-mfe/tsconfig.spec.json" line-rate="1" branch-rate="1">
          <methods>
          </methods>
          <lines>
          </lines>
        </class>
        <class name="webpack.config.js" filename="apps/fleet/fleet-mfe/webpack.config.js" line-rate="1" branch-rate="1">
          <methods>
          </methods>
          <lines>
          </lines>
        </class>
        <class name="webpack.prod.config.js" filename="apps/fleet/fleet-mfe/webpack.prod.config.js" line-rate="1" branch-rate="1">
          <methods>
          </methods>
          <lines>
          </lines>
        </class>
      </classes>
    </package>
    <package name="fleet-mfe-e2e" line-rate="1" branch-rate="1">
      <classes>
        <class name="coverage.webpack.ts" filename="apps/fleet/fleet-mfe-e2e/coverage.webpack.ts" line-rate="1" branch-rate="1">
          <methods>
          </methods>
          <lines>
          </lines>
        </class>
        <class name="cypress.config.ts" filename="apps/fleet/fleet-mfe-e2e/cypress.config.ts" line-rate="1" branch-rate="1">
          <methods>
          </methods>
          <lines>
          </lines>
        </class>
        <class name="project.json" filename="apps/fleet/fleet-mfe-e2e/project.json" line-rate="1" branch-rate="1">
          <methods>
          </methods>
          <lines>
          </lines>
        </class>
        <class name="tsconfig.json" filename="apps/fleet/fleet-mfe-e2e/tsconfig.json" line-rate="1" branch-rate="1">
          <methods>
          </methods>
          <lines>
          </lines>
        </class>
      </classes>
    </package>
    <package name="fleet-mfe-e2e.dist.cypress-reports" line-rate="1" branch-rate="1">
      <classes>
        <class name="TEST-0073f797d80fa8e40dda3065bcda4ad5.xml" filename="apps/fleet/fleet-mfe-e2e/dist/cypress-reports/TEST-0073f797d80fa8e40dda3065bcda4ad5.xml" line-rate="1" branch-rate="1">
          <methods>
          </methods>
          <lines>
          </lines>
        </class>
        <class name="TEST-014d8c3937f61800ca30c466b77c8637.xml" filename="apps/fleet/fleet-mfe-e2e/dist/cypress-reports/TEST-014d8c3937f61800ca30c466b77c8637.xml" line-rate="1" branch-rate="1">
          <methods>
          </methods>
          <lines>
          </lines>
        </class>
        <class name="TEST-016a4f231e8b20a361c47a3cedd39a95.xml" filename="apps/fleet/fleet-mfe-e2e/dist/cypress-reports/TEST-016a4f231e8b20a361c47a3cedd39a95.xml" line-rate="1" branch-rate="1">
          <methods>
          </methods>
          <lines>
          </lines>
        </class>
        <class name="TEST-01e2f6da40dcc83724d5d39bab007913.xml" filename="apps/fleet/fleet-mfe-e2e/dist/cypress-reports/TEST-01e2f6da40dcc83724d5d39bab007913.xml" line-rate="1" branch-rate="1">
          <methods>
          </methods>
          <lines>
          </lines>
        </class>
        <class name="TEST-021b4275c871a6ab825acf56f8367071.xml" filename="apps/fleet/fleet-mfe-e2e/dist/cypress-reports/TEST-021b4275c871a6ab825acf56f8367071.xml" line-rate="1" branch-rate="1">
          <methods>
          </methods>
          <lines>
          </lines>
        </class>
        <class name="TEST-023ae7866dac1d41ea45b6f9779e7776.xml" filename="apps/fleet/fleet-mfe-e2e/dist/cypress-reports/TEST-023ae7866dac1d41ea45b6f9779e7776.xml" line-rate="1" branch-rate="1">
          <methods>
          </methods>
          <lines>
          </lines>
        </class>
        <class name="TEST-026985c348f8d3450ef407aa71ec6133.xml" filename="apps/fleet/fleet-mfe-e2e/dist/cypress-reports/TEST-026985c348f8d3450ef407aa71ec6133.xml" line-rate="1" branch-rate="1">
          <methods>
          </methods>
          <lines>
          </lines>
        </class>
        <class name="TEST-02809b209ed2778f9dc2ada5df55af51.xml" filename="apps/fleet/fleet-mfe-e2e/dist/cypress-reports/TEST-02809b209ed2778f9dc2ada5df55af51.xml" line-rate="1" branch-rate="1">
          <methods>
          </methods>
          <lines>
          </lines>
        </class>
        <class name="TEST-02e86da0cee00a8b2c05f7cbee2a0ead.xml" filename="apps/fleet/fleet-mfe-e2e/dist/cypress-reports/TEST-02e86da0cee00a8b2c05f7cbee2a0ead.xml" line-rate="1" branch-rate="1">
          <methods>
          </methods>
          <lines>
          </lines>
        </class>
        <class name="TEST-030b617987383265162bc6ea0dee35c4.xml" filename="apps/fleet/fleet-mfe-e2e/dist/cypress-reports/TEST-030b617987383265162bc6ea0dee35c4.xml" line-rate="1" branch-rate="1">
          <methods>
          </methods>
          <lines>
          </lines>
        </class>
        <class name="TEST-03a6ac7f0475d1287054e24194501378.xml" filename="apps/fleet/fleet-mfe-e2e/dist/cypress-reports/TEST-03a6ac7f0475d1287054e24194501378.xml" line-rate="1" branch-rate="1">
          <methods>
          </methods>
          <lines>
          </lines>
        </class>
        <class name="TEST-03b6e347dd387091861ef7aa6c8cf1d0.xml" filename="apps/fleet/fleet-mfe-e2e/dist/cypress-reports/TEST-03b6e347dd387091861ef7aa6c8cf1d0.xml" line-rate="1" branch-rate="1">
          <methods>
          </methods>
          <lines>
          </lines>
        </class>
        <class name="TEST-05c353614bba3a1041779e94dd5e57cc.xml" filename="apps/fleet/fleet-mfe-e2e/dist/cypress-reports/TEST-05c353614bba3a1041779e94dd5e57cc.xml" line-rate="1" branch-rate="1">
          <methods>
          </methods>
          <lines>
          </lines>
        </class>
        <class name="TEST-061d2ea9c6d32f6c55f76951fdc6b419.xml" filename="apps/fleet/fleet-mfe-e2e/dist/cypress-reports/TEST-061d2ea9c6d32f6c55f76951fdc6b419.xml" line-rate="1" branch-rate="1">
          <methods>
          </methods>
          <lines>
          </lines>
        </class>
        <class name="TEST-062be5c4bc62923ffffac593fc52619b.xml" filename="apps/fleet/fleet-mfe-e2e/dist/cypress-reports/TEST-062be5c4bc62923ffffac593fc52619b.xml" line-rate="1" branch-rate="1">
          <methods>
          </methods>
          <lines>
          </lines>
        </class>
        <class name="TEST-06cc61323bdb8824ce5838050287e550.xml" filename="apps/fleet/fleet-mfe-e2e/dist/cypress-reports/TEST-06cc61323bdb8824ce5838050287e550.xml" line-rate="1" branch-rate="1">
          <methods>
          </methods>
          <lines>
          </lines>
        </class>
        <class name="TEST-074366cc78df995ede81b7c7df42427f.xml" filename="apps/fleet/fleet-mfe-e2e/dist/cypress-reports/TEST-074366cc78df995ede81b7c7df42427f.xml" line-rate="1" branch-rate="1">
          <methods>
          </methods>
          <lines>
          </lines>
        </class>
        <class name="TEST-07df01a71eafb6d764fce2accdd5a436.xml" filename="apps/fleet/fleet-mfe-e2e/dist/cypress-reports/TEST-07df01a71eafb6d764fce2accdd5a436.xml" line-rate="1" branch-rate="1">
          <methods>
          </methods>
          <lines>
          </lines>
        </class>
        <class name="TEST-08145a0daccfa55e77b386ae9da3cace.xml" filename="apps/fleet/fleet-mfe-e2e/dist/cypress-reports/TEST-08145a0daccfa55e77b386ae9da3cace.xml" line-rate="1" branch-rate="1">
          <methods>
          </methods>
          <lines>
          </lines>
        </class>
        <class name="TEST-085fa51dc24265ac10a579557011f31e.xml" filename="apps/fleet/fleet-mfe-e2e/dist/cypress-reports/TEST-085fa51dc24265ac10a579557011f31e.xml" line-rate="1" branch-rate="1">
          <methods>
          </methods>
          <lines>
          </lines>
        </class>
        <class name="TEST-0897eb59abb88e8b228529125d5d53cb.xml" filename="apps/fleet/fleet-mfe-e2e/dist/cypress-reports/TEST-0897eb59abb88e8b228529125d5d53cb.xml" line-rate="1" branch-rate="1">
          <methods>
          </methods>
          <lines>
          </lines>
        </class>
        <class name="TEST-08f82f96cb7a3af1c932e52c52c01ed8.xml" filename="apps/fleet/fleet-mfe-e2e/dist/cypress-reports/TEST-08f82f96cb7a3af1c932e52c52c01ed8.xml" line-rate="1" branch-rate="1">
          <methods>
          </methods>
          <lines>
          </lines>
        </class>
        <class name="TEST-098d3fa58cac17c87e711f3096377b3a.xml" filename="apps/fleet/fleet-mfe-e2e/dist/cypress-reports/TEST-098d3fa58cac17c87e711f3096377b3a.xml" line-rate="1" branch-rate="1">
          <methods>
          </methods>
          <lines>
          </lines>
        </class>
        <class name="TEST-09c3c102a18abf5006abc1c81d1c84fd.xml" filename="apps/fleet/fleet-mfe-e2e/dist/cypress-reports/TEST-09c3c102a18abf5006abc1c81d1c84fd.xml" line-rate="1" branch-rate="1">
          <methods>
          </methods>
          <lines>
          </lines>
        </class>
        <class name="TEST-0bab6a2d28560fd3112e54bb1834f3a4.xml" filename="apps/fleet/fleet-mfe-e2e/dist/cypress-reports/TEST-0bab6a2d28560fd3112e54bb1834f3a4.xml" line-rate="1" branch-rate="1">
          <methods>
          </methods>
          <lines>
          </lines>
        </class>
        <class name="TEST-0c237b37544e9fd229d30409f40a2833.xml" filename="apps/fleet/fleet-mfe-e2e/dist/cypress-reports/TEST-0c237b37544e9fd229d30409f40a2833.xml" line-rate="1" branch-rate="1">
          <methods>
          </methods>
          <lines>
          </lines>
        </class>
        <class name="TEST-0c47388befb263f20caeb7a04d17c519.xml" filename="apps/fleet/fleet-mfe-e2e/dist/cypress-reports/TEST-0c47388befb263f20caeb7a04d17c519.xml" line-rate="1" branch-rate="1">
          <methods>
          </methods>
          <lines>
          </lines>
        </class>
        <class name="TEST-0c5ded629fa9c98b5f40c6f2343e745f.xml" filename="apps/fleet/fleet-mfe-e2e/dist/cypress-reports/TEST-0c5ded629fa9c98b5f40c6f2343e745f.xml" line-rate="1" branch-rate="1">
          <methods>
          </methods>
          <lines>
          </lines>
        </class>
        <class name="TEST-0c74e1fb091d30b14ac14975bf0f0681.xml" filename="apps/fleet/fleet-mfe-e2e/dist/cypress-reports/TEST-0c74e1fb091d30b14ac14975bf0f0681.xml" line-rate="1" branch-rate="1">
          <methods>
          </methods>
          <lines>
          </lines>
        </class>
        <class name="TEST-0c77e6018e64516e6857a67c2d92514b.xml" filename="apps/fleet/fleet-mfe-e2e/dist/cypress-reports/TEST-0c77e6018e64516e6857a67c2d92514b.xml" line-rate="1" branch-rate="1">
          <methods>
          </methods>
          <lines>
          </lines>
        </class>
        <class name="TEST-0cb475d30e99b04a7d109c8270b6b936.xml" filename="apps/fleet/fleet-mfe-e2e/dist/cypress-reports/TEST-0cb475d30e99b04a7d109c8270b6b936.xml" line-rate="1" branch-rate="1">
          <methods>
          </methods>
          <lines>
          </lines>
        </class>
        <class name="TEST-0cc412b08e8b67e02af6c34695293f6f.xml" filename="apps/fleet/fleet-mfe-e2e/dist/cypress-reports/TEST-0cc412b08e8b67e02af6c34695293f6f.xml" line-rate="1" branch-rate="1">
          <methods>
          </methods>
          <lines>
          </lines>
        </class>
        <class name="TEST-0d679cd150bc25d95d22229be69d5bb9.xml" filename="apps/fleet/fleet-mfe-e2e/dist/cypress-reports/TEST-0d679cd150bc25d95d22229be69d5bb9.xml" line-rate="1" branch-rate="1">
          <methods>
          </methods>
          <lines>
          </lines>
        </class>
        <class name="TEST-0e295ec575379a20d44a90452a7c5222.xml" filename="apps/fleet/fleet-mfe-e2e/dist/cypress-reports/TEST-0e295ec575379a20d44a90452a7c5222.xml" line-rate="1" branch-rate="1">
          <methods>
          </methods>
          <lines>
          </lines>
        </class>
        <class name="TEST-0e6fda8d2d5c4cd29126ff90b2c39f46.xml" filename="apps/fleet/fleet-mfe-e2e/dist/cypress-reports/TEST-0e6fda8d2d5c4cd29126ff90b2c39f46.xml" line-rate="1" branch-rate="1">
          <methods>
          </methods>
          <lines>
          </lines>
        </class>
        <class name="TEST-0e7978de487416fbbfdf338e88b61c00.xml" filename="apps/fleet/fleet-mfe-e2e/dist/cypress-reports/TEST-0e7978de487416fbbfdf338e88b61c00.xml" line-rate="1" branch-rate="1">
          <methods>
          </methods>
          <lines>
          </lines>
        </class>
        <class name="TEST-0ec369a73f30c59090fce9d565586af6.xml" filename="apps/fleet/fleet-mfe-e2e/dist/cypress-reports/TEST-0ec369a73f30c59090fce9d565586af6.xml" line-rate="1" branch-rate="1">
          <methods>
          </methods>
          <lines>
          </lines>
        </class>
        <class name="TEST-0edece9b4c3ff7cf323cc8c3d1ea4dde.xml" filename="apps/fleet/fleet-mfe-e2e/dist/cypress-reports/TEST-0edece9b4c3ff7cf323cc8c3d1ea4dde.xml" line-rate="1" branch-rate="1">
          <methods>
          </methods>
          <lines>
          </lines>
        </class>
        <class name="TEST-0fc9360bb14e42fab8e7574ad4bd6ecd.xml" filename="apps/fleet/fleet-mfe-e2e/dist/cypress-reports/TEST-0fc9360bb14e42fab8e7574ad4bd6ecd.xml" line-rate="1" branch-rate="1">
          <methods>
          </methods>
          <lines>
          </lines>
        </class>
        <class name="TEST-114420bfc8866eb1fe11080dacc08950.xml" filename="apps/fleet/fleet-mfe-e2e/dist/cypress-reports/TEST-114420bfc8866eb1fe11080dacc08950.xml" line-rate="1" branch-rate="1">
          <methods>
          </methods>
          <lines>
          </lines>
        </class>
        <class name="TEST-11ec3bb5a7fd65fa8f8e9498495abd61.xml" filename="apps/fleet/fleet-mfe-e2e/dist/cypress-reports/TEST-11ec3bb5a7fd65fa8f8e9498495abd61.xml" line-rate="1" branch-rate="1">
          <methods>
          </methods>
          <lines>
          </lines>
        </class>
        <class name="TEST-12086ebf98ca28380de91f6a6d890eaf.xml" filename="apps/fleet/fleet-mfe-e2e/dist/cypress-reports/TEST-12086ebf98ca28380de91f6a6d890eaf.xml" line-rate="1" branch-rate="1">
          <methods>
          </methods>
          <lines>
          </lines>
        </class>
        <class name="TEST-125b728828f16aba8273efa964e13b3d.xml" filename="apps/fleet/fleet-mfe-e2e/dist/cypress-reports/TEST-125b728828f16aba8273efa964e13b3d.xml" line-rate="1" branch-rate="1">
          <methods>
          </methods>
          <lines>
          </lines>
        </class>
        <class name="TEST-1323dc3eed1ec52390e340c2e078f90d.xml" filename="apps/fleet/fleet-mfe-e2e/dist/cypress-reports/TEST-1323dc3eed1ec52390e340c2e078f90d.xml" line-rate="1" branch-rate="1">
          <methods>
          </methods>
          <lines>
          </lines>
        </class>
        <class name="TEST-132e83f0e7a2d856e004835929410a6f.xml" filename="apps/fleet/fleet-mfe-e2e/dist/cypress-reports/TEST-132e83f0e7a2d856e004835929410a6f.xml" line-rate="1" branch-rate="1">
          <methods>
          </methods>
          <lines>
          </lines>
        </class>
        <class name="TEST-135d0b67ea183478c3833667d96cb9d4.xml" filename="apps/fleet/fleet-mfe-e2e/dist/cypress-reports/TEST-135d0b67ea183478c3833667d96cb9d4.xml" line-rate="1" branch-rate="1">
          <methods>
          </methods>
          <lines>
          </lines>
        </class>
        <class name="TEST-13fbdb7d98b4e3b8743c7677e07ed0f6.xml" filename="apps/fleet/fleet-mfe-e2e/dist/cypress-reports/TEST-13fbdb7d98b4e3b8743c7677e07ed0f6.xml" line-rate="1" branch-rate="1">
          <methods>
          </methods>
          <lines>
          </lines>
        </class>
        <class name="TEST-14528c37c22241c6b665b450afb0d0bf.xml" filename="apps/fleet/fleet-mfe-e2e/dist/cypress-reports/TEST-14528c37c22241c6b665b450afb0d0bf.xml" line-rate="1" branch-rate="1">
          <methods>
          </methods>
          <lines>
          </lines>
        </class>
        <class name="TEST-149d80df1e83b0348d7705c1ec06cb31.xml" filename="apps/fleet/fleet-mfe-e2e/dist/cypress-reports/TEST-149d80df1e83b0348d7705c1ec06cb31.xml" line-rate="1" branch-rate="1">
          <methods>
          </methods>
          <lines>
          </lines>
        </class>
        <class name="TEST-14e8e38a53b9a46325844b787a3881ee.xml" filename="apps/fleet/fleet-mfe-e2e/dist/cypress-reports/TEST-14e8e38a53b9a46325844b787a3881ee.xml" line-rate="1" branch-rate="1">
          <methods>
          </methods>
          <lines>
          </lines>
        </class>
        <class name="TEST-1540d1738878ad13be37b38af6bfdc87.xml" filename="apps/fleet/fleet-mfe-e2e/dist/cypress-reports/TEST-1540d1738878ad13be37b38af6bfdc87.xml" line-rate="1" branch-rate="1">
          <methods>
          </methods>
          <lines>
          </lines>
        </class>
        <class name="TEST-1568ea4c96209eda09c1f35f4664a332.xml" filename="apps/fleet/fleet-mfe-e2e/dist/cypress-reports/TEST-1568ea4c96209eda09c1f35f4664a332.xml" line-rate="1" branch-rate="1">
          <methods>
          </methods>
          <lines>
          </lines>
        </class>
        <class name="TEST-15e981f141a4e881e3bf262d03e5203f.xml" filename="apps/fleet/fleet-mfe-e2e/dist/cypress-reports/TEST-15e981f141a4e881e3bf262d03e5203f.xml" line-rate="1" branch-rate="1">
          <methods>
          </methods>
          <lines>
          </lines>
        </class>
        <class name="TEST-161cde09126c7d8caf60c8ef012ef3e0.xml" filename="apps/fleet/fleet-mfe-e2e/dist/cypress-reports/TEST-161cde09126c7d8caf60c8ef012ef3e0.xml" line-rate="1" branch-rate="1">
          <methods>
          </methods>
          <lines>
          </lines>
        </class>
        <class name="TEST-16f16ec5809a1ade76a2e5e7b8701aaf.xml" filename="apps/fleet/fleet-mfe-e2e/dist/cypress-reports/TEST-16f16ec5809a1ade76a2e5e7b8701aaf.xml" line-rate="1" branch-rate="1">
          <methods>
          </methods>
          <lines>
          </lines>
        </class>
        <class name="TEST-17bfc1506fe40c52529dcb39366f37a3.xml" filename="apps/fleet/fleet-mfe-e2e/dist/cypress-reports/TEST-17bfc1506fe40c52529dcb39366f37a3.xml" line-rate="1" branch-rate="1">
          <methods>
          </methods>
          <lines>
          </lines>
        </class>
        <class name="TEST-17d70458ff0d01947afdeb00a781f4b9.xml" filename="apps/fleet/fleet-mfe-e2e/dist/cypress-reports/TEST-17d70458ff0d01947afdeb00a781f4b9.xml" line-rate="1" branch-rate="1">
          <methods>
          </methods>
          <lines>
          </lines>
        </class>
        <class name="TEST-1844965f35ef540d1ee3270a19bc71de.xml" filename="apps/fleet/fleet-mfe-e2e/dist/cypress-reports/TEST-1844965f35ef540d1ee3270a19bc71de.xml" line-rate="1" branch-rate="1">
          <methods>
          </methods>
          <lines>
          </lines>
        </class>
        <class name="TEST-18fd58467bdf32b541a0e22c5ca52adc.xml" filename="apps/fleet/fleet-mfe-e2e/dist/cypress-reports/TEST-18fd58467bdf32b541a0e22c5ca52adc.xml" line-rate="1" branch-rate="1">
          <methods>
          </methods>
          <lines>
          </lines>
        </class>
        <class name="TEST-197748ca94d92f596fb2cc882a9e22e7.xml" filename="apps/fleet/fleet-mfe-e2e/dist/cypress-reports/TEST-197748ca94d92f596fb2cc882a9e22e7.xml" line-rate="1" branch-rate="1">
          <methods>
          </methods>
          <lines>
          </lines>
        </class>
        <class name="TEST-19cca5debcecb9a6c01a78f0e164a813.xml" filename="apps/fleet/fleet-mfe-e2e/dist/cypress-reports/TEST-19cca5debcecb9a6c01a78f0e164a813.xml" line-rate="1" branch-rate="1">
          <methods>
          </methods>
          <lines>
          </lines>
        </class>
        <class name="TEST-19ea7a77ba2c8e9642b547243db6106f.xml" filename="apps/fleet/fleet-mfe-e2e/dist/cypress-reports/TEST-19ea7a77ba2c8e9642b547243db6106f.xml" line-rate="1" branch-rate="1">
          <methods>
          </methods>
          <lines>
          </lines>
        </class>
        <class name="TEST-1a0e5900cb6d4aeffb5d7fe62c47f797.xml" filename="apps/fleet/fleet-mfe-e2e/dist/cypress-reports/TEST-1a0e5900cb6d4aeffb5d7fe62c47f797.xml" line-rate="1" branch-rate="1">
          <methods>
          </methods>
          <lines>
          </lines>
        </class>
        <class name="TEST-1b99e7325da037e8c455d8a333183e09.xml" filename="apps/fleet/fleet-mfe-e2e/dist/cypress-reports/TEST-1b99e7325da037e8c455d8a333183e09.xml" line-rate="1" branch-rate="1">
          <methods>
          </methods>
          <lines>
          </lines>
        </class>
        <class name="TEST-1bbeeeed2984c5a1921b0863ea34e678.xml" filename="apps/fleet/fleet-mfe-e2e/dist/cypress-reports/TEST-1bbeeeed2984c5a1921b0863ea34e678.xml" line-rate="1" branch-rate="1">
          <methods>
          </methods>
          <lines>
          </lines>
        </class>
        <class name="TEST-1bcb85a0e668514ff2cd58714f5aa8eb.xml" filename="apps/fleet/fleet-mfe-e2e/dist/cypress-reports/TEST-1bcb85a0e668514ff2cd58714f5aa8eb.xml" line-rate="1" branch-rate="1">
          <methods>
          </methods>
          <lines>
          </lines>
        </class>
        <class name="TEST-1cffba1b30636357053ab007657ba488.xml" filename="apps/fleet/fleet-mfe-e2e/dist/cypress-reports/TEST-1cffba1b30636357053ab007657ba488.xml" line-rate="1" branch-rate="1">
          <methods>
          </methods>
          <lines>
          </lines>
        </class>
        <class name="TEST-1d41fa28c881a8e32eba461f6581e81e.xml" filename="apps/fleet/fleet-mfe-e2e/dist/cypress-reports/TEST-1d41fa28c881a8e32eba461f6581e81e.xml" line-rate="1" branch-rate="1">
          <methods>
          </methods>
          <lines>
          </lines>
        </class>
        <class name="TEST-1d42f95ebce40ec25d04d491f4581e2b.xml" filename="apps/fleet/fleet-mfe-e2e/dist/cypress-reports/TEST-1d42f95ebce40ec25d04d491f4581e2b.xml" line-rate="1" branch-rate="1">
          <methods>
          </methods>
          <lines>
          </lines>
        </class>
        <class name="TEST-1dd9a6b6749af66579c87d2480dfc77a.xml" filename="apps/fleet/fleet-mfe-e2e/dist/cypress-reports/TEST-1dd9a6b6749af66579c87d2480dfc77a.xml" line-rate="1" branch-rate="1">
          <methods>
          </methods>
          <lines>
          </lines>
        </class>
        <class name="TEST-1e0f22572bbb4922e53cfdc6eb63e5c6.xml" filename="apps/fleet/fleet-mfe-e2e/dist/cypress-reports/TEST-1e0f22572bbb4922e53cfdc6eb63e5c6.xml" line-rate="1" branch-rate="1">
          <methods>
          </methods>
          <lines>
          </lines>
        </class>
        <class name="TEST-1e24ce39fabcc33efb548d64f181c40b.xml" filename="apps/fleet/fleet-mfe-e2e/dist/cypress-reports/TEST-1e24ce39fabcc33efb548d64f181c40b.xml" line-rate="1" branch-rate="1">
          <methods>
          </methods>
          <lines>
          </lines>
        </class>
        <class name="TEST-1e9d66cb37b398083e2a39fd69d075c5.xml" filename="apps/fleet/fleet-mfe-e2e/dist/cypress-reports/TEST-1e9d66cb37b398083e2a39fd69d075c5.xml" line-rate="1" branch-rate="1">
          <methods>
          </methods>
          <lines>
          </lines>
        </class>
        <class name="TEST-1ebc06685b5ace886de25391dd3de5b8.xml" filename="apps/fleet/fleet-mfe-e2e/dist/cypress-reports/TEST-1ebc06685b5ace886de25391dd3de5b8.xml" line-rate="1" branch-rate="1">
          <methods>
          </methods>
          <lines>
          </lines>
        </class>
        <class name="TEST-1f1021f5692bfdb88804a368be55d1a8.xml" filename="apps/fleet/fleet-mfe-e2e/dist/cypress-reports/TEST-1f1021f5692bfdb88804a368be55d1a8.xml" line-rate="1" branch-rate="1">
          <methods>
          </methods>
          <lines>
          </lines>
        </class>
        <class name="TEST-1f3d1414c80fc3eb0b1e0cd27bd0a767.xml" filename="apps/fleet/fleet-mfe-e2e/dist/cypress-reports/TEST-1f3d1414c80fc3eb0b1e0cd27bd0a767.xml" line-rate="1" branch-rate="1">
          <methods>
          </methods>
          <lines>
          </lines>
        </class>
        <class name="TEST-1f473063a4e15b8e4e610dd0558a1266.xml" filename="apps/fleet/fleet-mfe-e2e/dist/cypress-reports/TEST-1f473063a4e15b8e4e610dd0558a1266.xml" line-rate="1" branch-rate="1">
          <methods>
          </methods>
          <lines>
          </lines>
        </class>
        <class name="TEST-1f64d844361ac06cd599bf8b9a3aa82d.xml" filename="apps/fleet/fleet-mfe-e2e/dist/cypress-reports/TEST-1f64d844361ac06cd599bf8b9a3aa82d.xml" line-rate="1" branch-rate="1">
          <methods>
          </methods>
          <lines>
          </lines>
        </class>
        <class name="TEST-1fab375809ff705d3266e6dde9de8fda.xml" filename="apps/fleet/fleet-mfe-e2e/dist/cypress-reports/TEST-1fab375809ff705d3266e6dde9de8fda.xml" line-rate="1" branch-rate="1">
          <methods>
          </methods>
          <lines>
          </lines>
        </class>
        <class name="TEST-2045a56a555056d6d1466d778622668f.xml" filename="apps/fleet/fleet-mfe-e2e/dist/cypress-reports/TEST-2045a56a555056d6d1466d778622668f.xml" line-rate="1" branch-rate="1">
          <methods>
          </methods>
          <lines>
          </lines>
        </class>
        <class name="TEST-20902e3e918b57c1dc1ea2667daa1cea.xml" filename="apps/fleet/fleet-mfe-e2e/dist/cypress-reports/TEST-20902e3e918b57c1dc1ea2667daa1cea.xml" line-rate="1" branch-rate="1">
          <methods>
          </methods>
          <lines>
          </lines>
        </class>
        <class name="TEST-20909f8f0376ea5e5b4b2ee1b6716d4b.xml" filename="apps/fleet/fleet-mfe-e2e/dist/cypress-reports/TEST-20909f8f0376ea5e5b4b2ee1b6716d4b.xml" line-rate="1" branch-rate="1">
          <methods>
          </methods>
          <lines>
          </lines>
        </class>
        <class name="TEST-20e87f21dbc5be8ab5672c7d3b6b119c.xml" filename="apps/fleet/fleet-mfe-e2e/dist/cypress-reports/TEST-20e87f21dbc5be8ab5672c7d3b6b119c.xml" line-rate="1" branch-rate="1">
          <methods>
          </methods>
          <lines>
          </lines>
        </class>
        <class name="TEST-2121d1ab8695bda3a6c1b1c408a7e4d9.xml" filename="apps/fleet/fleet-mfe-e2e/dist/cypress-reports/TEST-2121d1ab8695bda3a6c1b1c408a7e4d9.xml" line-rate="1" branch-rate="1">
          <methods>
          </methods>
          <lines>
          </lines>
        </class>
        <class name="TEST-21b4f756eb85a2dcd782b2d67db6f0cf.xml" filename="apps/fleet/fleet-mfe-e2e/dist/cypress-reports/TEST-21b4f756eb85a2dcd782b2d67db6f0cf.xml" line-rate="1" branch-rate="1">
          <methods>
          </methods>
          <lines>
          </lines>
        </class>
        <class name="TEST-21dab680874886cbdd4df94bdd7f7687.xml" filename="apps/fleet/fleet-mfe-e2e/dist/cypress-reports/TEST-21dab680874886cbdd4df94bdd7f7687.xml" line-rate="1" branch-rate="1">
          <methods>
          </methods>
          <lines>
          </lines>
        </class>
        <class name="TEST-228fb67796da6484c9c59c8d9024119b.xml" filename="apps/fleet/fleet-mfe-e2e/dist/cypress-reports/TEST-228fb67796da6484c9c59c8d9024119b.xml" line-rate="1" branch-rate="1">
          <methods>
          </methods>
          <lines>
          </lines>
        </class>
        <class name="TEST-23146aa344ed090b87460a12212bb6fe.xml" filename="apps/fleet/fleet-mfe-e2e/dist/cypress-reports/TEST-23146aa344ed090b87460a12212bb6fe.xml" line-rate="1" branch-rate="1">
          <methods>
          </methods>
          <lines>
          </lines>
        </class>
        <class name="TEST-2354eeaea400e59777f69175146bb5a7.xml" filename="apps/fleet/fleet-mfe-e2e/dist/cypress-reports/TEST-2354eeaea400e59777f69175146bb5a7.xml" line-rate="1" branch-rate="1">
          <methods>
          </methods>
          <lines>
          </lines>
        </class>
        <class name="TEST-235c96f2ad988b1a8e6a1da3ac5a324a.xml" filename="apps/fleet/fleet-mfe-e2e/dist/cypress-reports/TEST-235c96f2ad988b1a8e6a1da3ac5a324a.xml" line-rate="1" branch-rate="1">
          <methods>
          </methods>
          <lines>
          </lines>
        </class>
        <class name="TEST-23766944e7d52d5cada7467079618200.xml" filename="apps/fleet/fleet-mfe-e2e/dist/cypress-reports/TEST-23766944e7d52d5cada7467079618200.xml" line-rate="1" branch-rate="1">
          <methods>
          </methods>
          <lines>
          </lines>
        </class>
        <class name="TEST-24230fc01b26b411607f6d15a3d04f89.xml" filename="apps/fleet/fleet-mfe-e2e/dist/cypress-reports/TEST-24230fc01b26b411607f6d15a3d04f89.xml" line-rate="1" branch-rate="1">
          <methods>
          </methods>
          <lines>
          </lines>
        </class>
        <class name="TEST-251140e1eb90aef5800ce0f4663d31c4.xml" filename="apps/fleet/fleet-mfe-e2e/dist/cypress-reports/TEST-251140e1eb90aef5800ce0f4663d31c4.xml" line-rate="1" branch-rate="1">
          <methods>
          </methods>
          <lines>
          </lines>
        </class>
        <class name="TEST-258cba5163ab8e5e7c6da74023829e47.xml" filename="apps/fleet/fleet-mfe-e2e/dist/cypress-reports/TEST-258cba5163ab8e5e7c6da74023829e47.xml" line-rate="1" branch-rate="1">
          <methods>
          </methods>
          <lines>
          </lines>
        </class>
        <class name="TEST-26078fd0f9958542a81393d253b13b83.xml" filename="apps/fleet/fleet-mfe-e2e/dist/cypress-reports/TEST-26078fd0f9958542a81393d253b13b83.xml" line-rate="1" branch-rate="1">
          <methods>
          </methods>
          <lines>
          </lines>
        </class>
        <class name="TEST-26ce9f8005ed39ca0bb556e9b19204d4.xml" filename="apps/fleet/fleet-mfe-e2e/dist/cypress-reports/TEST-26ce9f8005ed39ca0bb556e9b19204d4.xml" line-rate="1" branch-rate="1">
          <methods>
          </methods>
          <lines>
          </lines>
        </class>
        <class name="TEST-26cf662445fc788f3cafe36842e37073.xml" filename="apps/fleet/fleet-mfe-e2e/dist/cypress-reports/TEST-26cf662445fc788f3cafe36842e37073.xml" line-rate="1" branch-rate="1">
          <methods>
          </methods>
          <lines>
          </lines>
        </class>
        <class name="TEST-2810cf11e5c7a33246c4f95e8adf8839.xml" filename="apps/fleet/fleet-mfe-e2e/dist/cypress-reports/TEST-2810cf11e5c7a33246c4f95e8adf8839.xml" line-rate="1" branch-rate="1">
          <methods>
          </methods>
          <lines>
          </lines>
        </class>
        <class name="TEST-28222567dcfba097a35bf218b494b6ef.xml" filename="apps/fleet/fleet-mfe-e2e/dist/cypress-reports/TEST-28222567dcfba097a35bf218b494b6ef.xml" line-rate="1" branch-rate="1">
          <methods>
          </methods>
          <lines>
          </lines>
        </class>
        <class name="TEST-2884b38612de573eb2726c9fa39e38b1.xml" filename="apps/fleet/fleet-mfe-e2e/dist/cypress-reports/TEST-2884b38612de573eb2726c9fa39e38b1.xml" line-rate="1" branch-rate="1">
          <methods>
          </methods>
          <lines>
          </lines>
        </class>
        <class name="TEST-293fb0477f9404518f61ebe5485a1ddf.xml" filename="apps/fleet/fleet-mfe-e2e/dist/cypress-reports/TEST-293fb0477f9404518f61ebe5485a1ddf.xml" line-rate="1" branch-rate="1">
          <methods>
          </methods>
          <lines>
          </lines>
        </class>
        <class name="TEST-294b664bf0ccee90b9185cde3635b96b.xml" filename="apps/fleet/fleet-mfe-e2e/dist/cypress-reports/TEST-294b664bf0ccee90b9185cde3635b96b.xml" line-rate="1" branch-rate="1">
          <methods>
          </methods>
          <lines>
          </lines>
        </class>
        <class name="TEST-2956f3f247bd6df94ef802165440fe96.xml" filename="apps/fleet/fleet-mfe-e2e/dist/cypress-reports/TEST-2956f3f247bd6df94ef802165440fe96.xml" line-rate="1" branch-rate="1">
          <methods>
          </methods>
          <lines>
          </lines>
        </class>
        <class name="TEST-2a0449c115da7c1eba4024e75a8f1f20.xml" filename="apps/fleet/fleet-mfe-e2e/dist/cypress-reports/TEST-2a0449c115da7c1eba4024e75a8f1f20.xml" line-rate="1" branch-rate="1">
          <methods>
          </methods>
          <lines>
          </lines>
        </class>
        <class name="TEST-2a210668afbd88b1ec419f2322269801.xml" filename="apps/fleet/fleet-mfe-e2e/dist/cypress-reports/TEST-2a210668afbd88b1ec419f2322269801.xml" line-rate="1" branch-rate="1">
          <methods>
          </methods>
          <lines>
          </lines>
        </class>
        <class name="TEST-2ab904b727cc67ca5ff9c613d1518488.xml" filename="apps/fleet/fleet-mfe-e2e/dist/cypress-reports/TEST-2ab904b727cc67ca5ff9c613d1518488.xml" line-rate="1" branch-rate="1">
          <methods>
          </methods>
          <lines>
          </lines>
        </class>
        <class name="TEST-2b1940fbde7c038c5d62e6cf4c62ab1e.xml" filename="apps/fleet/fleet-mfe-e2e/dist/cypress-reports/TEST-2b1940fbde7c038c5d62e6cf4c62ab1e.xml" line-rate="1" branch-rate="1">
          <methods>
          </methods>
          <lines>
          </lines>
        </class>
        <class name="TEST-2c088402730b4101bfb17bdace74c981.xml" filename="apps/fleet/fleet-mfe-e2e/dist/cypress-reports/TEST-2c088402730b4101bfb17bdace74c981.xml" line-rate="1" branch-rate="1">
          <methods>
          </methods>
          <lines>
          </lines>
        </class>
        <class name="TEST-2c39c4263e1fb42fc8fbf813d7508e1e.xml" filename="apps/fleet/fleet-mfe-e2e/dist/cypress-reports/TEST-2c39c4263e1fb42fc8fbf813d7508e1e.xml" line-rate="1" branch-rate="1">
          <methods>
          </methods>
          <lines>
          </lines>
        </class>
        <class name="TEST-2c6828802db50a06d556caf0a92bd00d.xml" filename="apps/fleet/fleet-mfe-e2e/dist/cypress-reports/TEST-2c6828802db50a06d556caf0a92bd00d.xml" line-rate="1" branch-rate="1">
          <methods>
          </methods>
          <lines>
          </lines>
        </class>
        <class name="TEST-2c864a60be3beaacb831f194bb51d463.xml" filename="apps/fleet/fleet-mfe-e2e/dist/cypress-reports/TEST-2c864a60be3beaacb831f194bb51d463.xml" line-rate="1" branch-rate="1">
          <methods>
          </methods>
          <lines>
          </lines>
        </class>
        <class name="TEST-2c8b44d4da728cc4badd2caf2e4f2b34.xml" filename="apps/fleet/fleet-mfe-e2e/dist/cypress-reports/TEST-2c8b44d4da728cc4badd2caf2e4f2b34.xml" line-rate="1" branch-rate="1">
          <methods>
          </methods>
          <lines>
          </lines>
        </class>
        <class name="TEST-2cbb8ec458b762f673867aa6ba3ad0b4.xml" filename="apps/fleet/fleet-mfe-e2e/dist/cypress-reports/TEST-2cbb8ec458b762f673867aa6ba3ad0b4.xml" line-rate="1" branch-rate="1">
          <methods>
          </methods>
          <lines>
          </lines>
        </class>
        <class name="TEST-2d2cfbe34b97c4bba95b1636b39d3021.xml" filename="apps/fleet/fleet-mfe-e2e/dist/cypress-reports/TEST-2d2cfbe34b97c4bba95b1636b39d3021.xml" line-rate="1" branch-rate="1">
          <methods>
          </methods>
          <lines>
          </lines>
        </class>
        <class name="TEST-2d7e6bb77509bbd1619b6121292bed75.xml" filename="apps/fleet/fleet-mfe-e2e/dist/cypress-reports/TEST-2d7e6bb77509bbd1619b6121292bed75.xml" line-rate="1" branch-rate="1">
          <methods>
          </methods>
          <lines>
          </lines>
        </class>
        <class name="TEST-2df0a9ca1ecef5f9bb4547d3b6cc42af.xml" filename="apps/fleet/fleet-mfe-e2e/dist/cypress-reports/TEST-2df0a9ca1ecef5f9bb4547d3b6cc42af.xml" line-rate="1" branch-rate="1">
          <methods>
          </methods>
          <lines>
          </lines>
        </class>
        <class name="TEST-2e6eb87c35f6178e5aba3bdd2595ec23.xml" filename="apps/fleet/fleet-mfe-e2e/dist/cypress-reports/TEST-2e6eb87c35f6178e5aba3bdd2595ec23.xml" line-rate="1" branch-rate="1">
          <methods>
          </methods>
          <lines>
          </lines>
        </class>
        <class name="TEST-2e79022da785fdad2cc1bc54a08f694d.xml" filename="apps/fleet/fleet-mfe-e2e/dist/cypress-reports/TEST-2e79022da785fdad2cc1bc54a08f694d.xml" line-rate="1" branch-rate="1">
          <methods>
          </methods>
          <lines>
          </lines>
        </class>
        <class name="TEST-2e9a16f40699c7610e4e2da02f6ed9bd.xml" filename="apps/fleet/fleet-mfe-e2e/dist/cypress-reports/TEST-2e9a16f40699c7610e4e2da02f6ed9bd.xml" line-rate="1" branch-rate="1">
          <methods>
          </methods>
          <lines>
          </lines>
        </class>
        <class name="TEST-2ed005ead91bc950160939a943b7a39c.xml" filename="apps/fleet/fleet-mfe-e2e/dist/cypress-reports/TEST-2ed005ead91bc950160939a943b7a39c.xml" line-rate="1" branch-rate="1">
          <methods>
          </methods>
          <lines>
          </lines>
        </class>
        <class name="TEST-2f237a57ac8170a656e6e2a760865685.xml" filename="apps/fleet/fleet-mfe-e2e/dist/cypress-reports/TEST-2f237a57ac8170a656e6e2a760865685.xml" line-rate="1" branch-rate="1">
          <methods>
          </methods>
          <lines>
          </lines>
        </class>
        <class name="TEST-2f321bb176cd51faa1743154e46ab0a0.xml" filename="apps/fleet/fleet-mfe-e2e/dist/cypress-reports/TEST-2f321bb176cd51faa1743154e46ab0a0.xml" line-rate="1" branch-rate="1">
          <methods>
          </methods>
          <lines>
          </lines>
        </class>
        <class name="TEST-2f543178ef3f1b799416dd134b16093f.xml" filename="apps/fleet/fleet-mfe-e2e/dist/cypress-reports/TEST-2f543178ef3f1b799416dd134b16093f.xml" line-rate="1" branch-rate="1">
          <methods>
          </methods>
          <lines>
          </lines>
        </class>
        <class name="TEST-2fae9622c26af297c90bf46f20c27846.xml" filename="apps/fleet/fleet-mfe-e2e/dist/cypress-reports/TEST-2fae9622c26af297c90bf46f20c27846.xml" line-rate="1" branch-rate="1">
          <methods>
          </methods>
          <lines>
          </lines>
        </class>
        <class name="TEST-302b9f4099b25b3490a15cc633dfa556.xml" filename="apps/fleet/fleet-mfe-e2e/dist/cypress-reports/TEST-302b9f4099b25b3490a15cc633dfa556.xml" line-rate="1" branch-rate="1">
          <methods>
          </methods>
          <lines>
          </lines>
        </class>
        <class name="TEST-305a8436f74ae7362b1fc25739f31689.xml" filename="apps/fleet/fleet-mfe-e2e/dist/cypress-reports/TEST-305a8436f74ae7362b1fc25739f31689.xml" line-rate="1" branch-rate="1">
          <methods>
          </methods>
          <lines>
          </lines>
        </class>
        <class name="TEST-309827d54442b9c1ff823b5fdfe66d0c.xml" filename="apps/fleet/fleet-mfe-e2e/dist/cypress-reports/TEST-309827d54442b9c1ff823b5fdfe66d0c.xml" line-rate="1" branch-rate="1">
          <methods>
          </methods>
          <lines>
          </lines>
        </class>
        <class name="TEST-3242742438f094605fedac6a2dfa0df3.xml" filename="apps/fleet/fleet-mfe-e2e/dist/cypress-reports/TEST-3242742438f094605fedac6a2dfa0df3.xml" line-rate="1" branch-rate="1">
          <methods>
          </methods>
          <lines>
          </lines>
        </class>
        <class name="TEST-326071a6786f765713f15d8f8e95ac8f.xml" filename="apps/fleet/fleet-mfe-e2e/dist/cypress-reports/TEST-326071a6786f765713f15d8f8e95ac8f.xml" line-rate="1" branch-rate="1">
          <methods>
          </methods>
          <lines>
          </lines>
        </class>
        <class name="TEST-3268d484180cffd1d3bff03a52674e9a.xml" filename="apps/fleet/fleet-mfe-e2e/dist/cypress-reports/TEST-3268d484180cffd1d3bff03a52674e9a.xml" line-rate="1" branch-rate="1">
          <methods>
          </methods>
          <lines>
          </lines>
        </class>
        <class name="TEST-32cd747c53257ba3b32122ade805b530.xml" filename="apps/fleet/fleet-mfe-e2e/dist/cypress-reports/TEST-32cd747c53257ba3b32122ade805b530.xml" line-rate="1" branch-rate="1">
          <methods>
          </methods>
          <lines>
          </lines>
        </class>
        <class name="TEST-334c924610838383e63383ac4cb66827.xml" filename="apps/fleet/fleet-mfe-e2e/dist/cypress-reports/TEST-334c924610838383e63383ac4cb66827.xml" line-rate="1" branch-rate="1">
          <methods>
          </methods>
          <lines>
          </lines>
        </class>
        <class name="TEST-33dde703b3b6b1d4e8fef5dac0cce64e.xml" filename="apps/fleet/fleet-mfe-e2e/dist/cypress-reports/TEST-33dde703b3b6b1d4e8fef5dac0cce64e.xml" line-rate="1" branch-rate="1">
          <methods>
          </methods>
          <lines>
          </lines>
        </class>
        <class name="TEST-34b687395570ba3a4c5c72467d5964b5.xml" filename="apps/fleet/fleet-mfe-e2e/dist/cypress-reports/TEST-34b687395570ba3a4c5c72467d5964b5.xml" line-rate="1" branch-rate="1">
          <methods>
          </methods>
          <lines>
          </lines>
        </class>
        <class name="TEST-34f10e74497a131e4bc490ee089ad4a5.xml" filename="apps/fleet/fleet-mfe-e2e/dist/cypress-reports/TEST-34f10e74497a131e4bc490ee089ad4a5.xml" line-rate="1" branch-rate="1">
          <methods>
          </methods>
          <lines>
          </lines>
        </class>
        <class name="TEST-35e3ac0b9a11fd382f620203efe8ba3e.xml" filename="apps/fleet/fleet-mfe-e2e/dist/cypress-reports/TEST-35e3ac0b9a11fd382f620203efe8ba3e.xml" line-rate="1" branch-rate="1">
          <methods>
          </methods>
          <lines>
          </lines>
        </class>
        <class name="TEST-362bc26d253c486ca45ee7f8b8742678.xml" filename="apps/fleet/fleet-mfe-e2e/dist/cypress-reports/TEST-362bc26d253c486ca45ee7f8b8742678.xml" line-rate="1" branch-rate="1">
          <methods>
          </methods>
          <lines>
          </lines>
        </class>
        <class name="TEST-36403c619ce3dca338c337e523de7dbb.xml" filename="apps/fleet/fleet-mfe-e2e/dist/cypress-reports/TEST-36403c619ce3dca338c337e523de7dbb.xml" line-rate="1" branch-rate="1">
          <methods>
          </methods>
          <lines>
          </lines>
        </class>
        <class name="TEST-36edabc94f66f4e44867b6ff97e3948e.xml" filename="apps/fleet/fleet-mfe-e2e/dist/cypress-reports/TEST-36edabc94f66f4e44867b6ff97e3948e.xml" line-rate="1" branch-rate="1">
          <methods>
          </methods>
          <lines>
          </lines>
        </class>
        <class name="TEST-36f8893647e8d07f77fae7a8d27543e1.xml" filename="apps/fleet/fleet-mfe-e2e/dist/cypress-reports/TEST-36f8893647e8d07f77fae7a8d27543e1.xml" line-rate="1" branch-rate="1">
          <methods>
          </methods>
          <lines>
          </lines>
        </class>
        <class name="TEST-3850423e25097b4c5c09520bfaadcf16.xml" filename="apps/fleet/fleet-mfe-e2e/dist/cypress-reports/TEST-3850423e25097b4c5c09520bfaadcf16.xml" line-rate="1" branch-rate="1">
          <methods>
          </methods>
          <lines>
          </lines>
        </class>
        <class name="TEST-3952d581d6e824cff76babbd8539e845.xml" filename="apps/fleet/fleet-mfe-e2e/dist/cypress-reports/TEST-3952d581d6e824cff76babbd8539e845.xml" line-rate="1" branch-rate="1">
          <methods>
          </methods>
          <lines>
          </lines>
        </class>
        <class name="TEST-3a433dfdf07ae535a7a04db5e5776dad.xml" filename="apps/fleet/fleet-mfe-e2e/dist/cypress-reports/TEST-3a433dfdf07ae535a7a04db5e5776dad.xml" line-rate="1" branch-rate="1">
          <methods>
          </methods>
          <lines>
          </lines>
        </class>
        <class name="TEST-3abbb3c8b344c1a12ece35ba88ecead7.xml" filename="apps/fleet/fleet-mfe-e2e/dist/cypress-reports/TEST-3abbb3c8b344c1a12ece35ba88ecead7.xml" line-rate="1" branch-rate="1">
          <methods>
          </methods>
          <lines>
          </lines>
        </class>
        <class name="TEST-3acbad586b912b9ea87487b18883b0ca.xml" filename="apps/fleet/fleet-mfe-e2e/dist/cypress-reports/TEST-3acbad586b912b9ea87487b18883b0ca.xml" line-rate="1" branch-rate="1">
          <methods>
          </methods>
          <lines>
          </lines>
        </class>
        <class name="TEST-3b2e0c4e757875bca2ff96a9f19ae029.xml" filename="apps/fleet/fleet-mfe-e2e/dist/cypress-reports/TEST-3b2e0c4e757875bca2ff96a9f19ae029.xml" line-rate="1" branch-rate="1">
          <methods>
          </methods>
          <lines>
          </lines>
        </class>
        <class name="TEST-3b30211c4f5770bcbe62042b42381c3b.xml" filename="apps/fleet/fleet-mfe-e2e/dist/cypress-reports/TEST-3b30211c4f5770bcbe62042b42381c3b.xml" line-rate="1" branch-rate="1">
          <methods>
          </methods>
          <lines>
          </lines>
        </class>
        <class name="TEST-3c3344359a8c8b49b546a2cc3cd023fb.xml" filename="apps/fleet/fleet-mfe-e2e/dist/cypress-reports/TEST-3c3344359a8c8b49b546a2cc3cd023fb.xml" line-rate="1" branch-rate="1">
          <methods>
          </methods>
          <lines>
          </lines>
        </class>
        <class name="TEST-3c35c944c8e290212dca5089775168bf.xml" filename="apps/fleet/fleet-mfe-e2e/dist/cypress-reports/TEST-3c35c944c8e290212dca5089775168bf.xml" line-rate="1" branch-rate="1">
          <methods>
          </methods>
          <lines>
          </lines>
        </class>
        <class name="TEST-3cb0cb87499f1631257accd40dbdc9d0.xml" filename="apps/fleet/fleet-mfe-e2e/dist/cypress-reports/TEST-3cb0cb87499f1631257accd40dbdc9d0.xml" line-rate="1" branch-rate="1">
          <methods>
          </methods>
          <lines>
          </lines>
        </class>
        <class name="TEST-3cdb897addb3170845da3bcb21d1ee4a.xml" filename="apps/fleet/fleet-mfe-e2e/dist/cypress-reports/TEST-3cdb897addb3170845da3bcb21d1ee4a.xml" line-rate="1" branch-rate="1">
          <methods>
          </methods>
          <lines>
          </lines>
        </class>
        <class name="TEST-3d3435e4422549c3b89be796be21dc3d.xml" filename="apps/fleet/fleet-mfe-e2e/dist/cypress-reports/TEST-3d3435e4422549c3b89be796be21dc3d.xml" line-rate="1" branch-rate="1">
          <methods>
          </methods>
          <lines>
          </lines>
        </class>
        <class name="TEST-3d86bfc7b11487d59a51f45f4005f183.xml" filename="apps/fleet/fleet-mfe-e2e/dist/cypress-reports/TEST-3d86bfc7b11487d59a51f45f4005f183.xml" line-rate="1" branch-rate="1">
          <methods>
          </methods>
          <lines>
          </lines>
        </class>
        <class name="TEST-3de330821e9747ba0be099b9903fa6f5.xml" filename="apps/fleet/fleet-mfe-e2e/dist/cypress-reports/TEST-3de330821e9747ba0be099b9903fa6f5.xml" line-rate="1" branch-rate="1">
          <methods>
          </methods>
          <lines>
          </lines>
        </class>
        <class name="TEST-3de421d12833ca44e76d45d99eab7bce.xml" filename="apps/fleet/fleet-mfe-e2e/dist/cypress-reports/TEST-3de421d12833ca44e76d45d99eab7bce.xml" line-rate="1" branch-rate="1">
          <methods>
          </methods>
          <lines>
          </lines>
        </class>
        <class name="TEST-3e2c7a69d9041b33a6cca950f4407f82.xml" filename="apps/fleet/fleet-mfe-e2e/dist/cypress-reports/TEST-3e2c7a69d9041b33a6cca950f4407f82.xml" line-rate="1" branch-rate="1">
          <methods>
          </methods>
          <lines>
          </lines>
        </class>
        <class name="TEST-3e43ceeaac51b4566d643586e6421650.xml" filename="apps/fleet/fleet-mfe-e2e/dist/cypress-reports/TEST-3e43ceeaac51b4566d643586e6421650.xml" line-rate="1" branch-rate="1">
          <methods>
          </methods>
          <lines>
          </lines>
        </class>
        <class name="TEST-3e8978189f81c72d331e15926c22c3da.xml" filename="apps/fleet/fleet-mfe-e2e/dist/cypress-reports/TEST-3e8978189f81c72d331e15926c22c3da.xml" line-rate="1" branch-rate="1">
          <methods>
          </methods>
          <lines>
          </lines>
        </class>
        <class name="TEST-3eaeb5d313915fd653077345150d8238.xml" filename="apps/fleet/fleet-mfe-e2e/dist/cypress-reports/TEST-3eaeb5d313915fd653077345150d8238.xml" line-rate="1" branch-rate="1">
          <methods>
          </methods>
          <lines>
          </lines>
        </class>
        <class name="TEST-3ed6fcb764c65c4c595f0c4523eb7875.xml" filename="apps/fleet/fleet-mfe-e2e/dist/cypress-reports/TEST-3ed6fcb764c65c4c595f0c4523eb7875.xml" line-rate="1" branch-rate="1">
          <methods>
          </methods>
          <lines>
          </lines>
        </class>
        <class name="TEST-3fbfee32cb644ff166d8a2f18ea6aea4.xml" filename="apps/fleet/fleet-mfe-e2e/dist/cypress-reports/TEST-3fbfee32cb644ff166d8a2f18ea6aea4.xml" line-rate="1" branch-rate="1">
          <methods>
          </methods>
          <lines>
          </lines>
        </class>
        <class name="TEST-40fd493b1b5241b6a66d26567af665ef.xml" filename="apps/fleet/fleet-mfe-e2e/dist/cypress-reports/TEST-40fd493b1b5241b6a66d26567af665ef.xml" line-rate="1" branch-rate="1">
          <methods>
          </methods>
          <lines>
          </lines>
        </class>
        <class name="TEST-410b01f9115d5c2d3d79426d52395847.xml" filename="apps/fleet/fleet-mfe-e2e/dist/cypress-reports/TEST-410b01f9115d5c2d3d79426d52395847.xml" line-rate="1" branch-rate="1">
          <methods>
          </methods>
          <lines>
          </lines>
        </class>
        <class name="TEST-414354aa0ca1b234ab80ab97877587e9.xml" filename="apps/fleet/fleet-mfe-e2e/dist/cypress-reports/TEST-414354aa0ca1b234ab80ab97877587e9.xml" line-rate="1" branch-rate="1">
          <methods>
          </methods>
          <lines>
          </lines>
        </class>
        <class name="TEST-41be36fdba4833713b56d9623c8120a6.xml" filename="apps/fleet/fleet-mfe-e2e/dist/cypress-reports/TEST-41be36fdba4833713b56d9623c8120a6.xml" line-rate="1" branch-rate="1">
          <methods>
          </methods>
          <lines>
          </lines>
        </class>
        <class name="TEST-41e494b2eb10ccd6eaae413f4b193ab9.xml" filename="apps/fleet/fleet-mfe-e2e/dist/cypress-reports/TEST-41e494b2eb10ccd6eaae413f4b193ab9.xml" line-rate="1" branch-rate="1">
          <methods>
          </methods>
          <lines>
          </lines>
        </class>
        <class name="TEST-42600825990d4fc8b4223891a5b590c2.xml" filename="apps/fleet/fleet-mfe-e2e/dist/cypress-reports/TEST-42600825990d4fc8b4223891a5b590c2.xml" line-rate="1" branch-rate="1">
          <methods>
          </methods>
          <lines>
          </lines>
        </class>
        <class name="TEST-42948198976b262cd5e4919c84261fbf.xml" filename="apps/fleet/fleet-mfe-e2e/dist/cypress-reports/TEST-42948198976b262cd5e4919c84261fbf.xml" line-rate="1" branch-rate="1">
          <methods>
          </methods>
          <lines>
          </lines>
        </class>
        <class name="TEST-4358a3040bc2d4dbb36eb70ac093cea1.xml" filename="apps/fleet/fleet-mfe-e2e/dist/cypress-reports/TEST-4358a3040bc2d4dbb36eb70ac093cea1.xml" line-rate="1" branch-rate="1">
          <methods>
          </methods>
          <lines>
          </lines>
        </class>
        <class name="TEST-43bf691f91e7ab297c38fbed811d858d.xml" filename="apps/fleet/fleet-mfe-e2e/dist/cypress-reports/TEST-43bf691f91e7ab297c38fbed811d858d.xml" line-rate="1" branch-rate="1">
          <methods>
          </methods>
          <lines>
          </lines>
        </class>
        <class name="TEST-440b6ca3a881659818e3798963badf5d.xml" filename="apps/fleet/fleet-mfe-e2e/dist/cypress-reports/TEST-440b6ca3a881659818e3798963badf5d.xml" line-rate="1" branch-rate="1">
          <methods>
          </methods>
          <lines>
          </lines>
        </class>
        <class name="TEST-4511b2f98f641c1b85dc890cd62d6a00.xml" filename="apps/fleet/fleet-mfe-e2e/dist/cypress-reports/TEST-4511b2f98f641c1b85dc890cd62d6a00.xml" line-rate="1" branch-rate="1">
          <methods>
          </methods>
          <lines>
          </lines>
        </class>
        <class name="TEST-45d87a1e08dcae6042ca9499e228c84d.xml" filename="apps/fleet/fleet-mfe-e2e/dist/cypress-reports/TEST-45d87a1e08dcae6042ca9499e228c84d.xml" line-rate="1" branch-rate="1">
          <methods>
          </methods>
          <lines>
          </lines>
        </class>
        <class name="TEST-45eb3774613954be873ba88dc396142f.xml" filename="apps/fleet/fleet-mfe-e2e/dist/cypress-reports/TEST-45eb3774613954be873ba88dc396142f.xml" line-rate="1" branch-rate="1">
          <methods>
          </methods>
          <lines>
          </lines>
        </class>
        <class name="TEST-4631f53d2ca39beb04547d3408f80f8b.xml" filename="apps/fleet/fleet-mfe-e2e/dist/cypress-reports/TEST-4631f53d2ca39beb04547d3408f80f8b.xml" line-rate="1" branch-rate="1">
          <methods>
          </methods>
          <lines>
          </lines>
        </class>
        <class name="TEST-4653adb90f3afd40694749a3c8c047d9.xml" filename="apps/fleet/fleet-mfe-e2e/dist/cypress-reports/TEST-4653adb90f3afd40694749a3c8c047d9.xml" line-rate="1" branch-rate="1">
          <methods>
          </methods>
          <lines>
          </lines>
        </class>
        <class name="TEST-46ad027ffd15b78b1bbc61bdefd07036.xml" filename="apps/fleet/fleet-mfe-e2e/dist/cypress-reports/TEST-46ad027ffd15b78b1bbc61bdefd07036.xml" line-rate="1" branch-rate="1">
          <methods>
          </methods>
          <lines>
          </lines>
        </class>
        <class name="TEST-46b69d42a0644feefd06678cc5e65933.xml" filename="apps/fleet/fleet-mfe-e2e/dist/cypress-reports/TEST-46b69d42a0644feefd06678cc5e65933.xml" line-rate="1" branch-rate="1">
          <methods>
          </methods>
          <lines>
          </lines>
        </class>
        <class name="TEST-47e04f808fc23f6f1d30d3d5fbcc4e48.xml" filename="apps/fleet/fleet-mfe-e2e/dist/cypress-reports/TEST-47e04f808fc23f6f1d30d3d5fbcc4e48.xml" line-rate="1" branch-rate="1">
          <methods>
          </methods>
          <lines>
          </lines>
        </class>
        <class name="TEST-48446192def42860f7c2c4063166ab92.xml" filename="apps/fleet/fleet-mfe-e2e/dist/cypress-reports/TEST-48446192def42860f7c2c4063166ab92.xml" line-rate="1" branch-rate="1">
          <methods>
          </methods>
          <lines>
          </lines>
        </class>
        <class name="TEST-48eca8d279539947350f8027bf358157.xml" filename="apps/fleet/fleet-mfe-e2e/dist/cypress-reports/TEST-48eca8d279539947350f8027bf358157.xml" line-rate="1" branch-rate="1">
          <methods>
          </methods>
          <lines>
          </lines>
        </class>
        <class name="TEST-490a6390336a0cd713169a11e2dc6c41.xml" filename="apps/fleet/fleet-mfe-e2e/dist/cypress-reports/TEST-490a6390336a0cd713169a11e2dc6c41.xml" line-rate="1" branch-rate="1">
          <methods>
          </methods>
          <lines>
          </lines>
        </class>
        <class name="TEST-49ba770e4a4550a7e3b1e12560f5d7ed.xml" filename="apps/fleet/fleet-mfe-e2e/dist/cypress-reports/TEST-49ba770e4a4550a7e3b1e12560f5d7ed.xml" line-rate="1" branch-rate="1">
          <methods>
          </methods>
          <lines>
          </lines>
        </class>
        <class name="TEST-4a550427638434facf289bdbd866f9b2.xml" filename="apps/fleet/fleet-mfe-e2e/dist/cypress-reports/TEST-4a550427638434facf289bdbd866f9b2.xml" line-rate="1" branch-rate="1">
          <methods>
          </methods>
          <lines>
          </lines>
        </class>
        <class name="TEST-4b39ab3fd7bd59795eef4a3c34808a27.xml" filename="apps/fleet/fleet-mfe-e2e/dist/cypress-reports/TEST-4b39ab3fd7bd59795eef4a3c34808a27.xml" line-rate="1" branch-rate="1">
          <methods>
          </methods>
          <lines>
          </lines>
        </class>
        <class name="TEST-4b7a3deebd390bb8a411f15f61ff26be.xml" filename="apps/fleet/fleet-mfe-e2e/dist/cypress-reports/TEST-4b7a3deebd390bb8a411f15f61ff26be.xml" line-rate="1" branch-rate="1">
          <methods>
          </methods>
          <lines>
          </lines>
        </class>
        <class name="TEST-4b845199a20bbcea3a1c80576b39b7f6.xml" filename="apps/fleet/fleet-mfe-e2e/dist/cypress-reports/TEST-4b845199a20bbcea3a1c80576b39b7f6.xml" line-rate="1" branch-rate="1">
          <methods>
          </methods>
          <lines>
          </lines>
        </class>
        <class name="TEST-4bc6db6c7ef47878e1c48b5a0f039b2b.xml" filename="apps/fleet/fleet-mfe-e2e/dist/cypress-reports/TEST-4bc6db6c7ef47878e1c48b5a0f039b2b.xml" line-rate="1" branch-rate="1">
          <methods>
          </methods>
          <lines>
          </lines>
        </class>
        <class name="TEST-4c68c88d5b326e824437bebac10d75ba.xml" filename="apps/fleet/fleet-mfe-e2e/dist/cypress-reports/TEST-4c68c88d5b326e824437bebac10d75ba.xml" line-rate="1" branch-rate="1">
          <methods>
          </methods>
          <lines>
          </lines>
        </class>
        <class name="TEST-4cf47201522dd39a23c32e1e82d402b6.xml" filename="apps/fleet/fleet-mfe-e2e/dist/cypress-reports/TEST-4cf47201522dd39a23c32e1e82d402b6.xml" line-rate="1" branch-rate="1">
          <methods>
          </methods>
          <lines>
          </lines>
        </class>
        <class name="TEST-4d6bafbed4ec776bfe7a874416c8afbd.xml" filename="apps/fleet/fleet-mfe-e2e/dist/cypress-reports/TEST-4d6bafbed4ec776bfe7a874416c8afbd.xml" line-rate="1" branch-rate="1">
          <methods>
          </methods>
          <lines>
          </lines>
        </class>
        <class name="TEST-4d8754dffd7b354a98bad3e01d578eda.xml" filename="apps/fleet/fleet-mfe-e2e/dist/cypress-reports/TEST-4d8754dffd7b354a98bad3e01d578eda.xml" line-rate="1" branch-rate="1">
          <methods>
          </methods>
          <lines>
          </lines>
        </class>
        <class name="TEST-4db161cebdd14b0840d6bc91e0875515.xml" filename="apps/fleet/fleet-mfe-e2e/dist/cypress-reports/TEST-4db161cebdd14b0840d6bc91e0875515.xml" line-rate="1" branch-rate="1">
          <methods>
          </methods>
          <lines>
          </lines>
        </class>
        <class name="TEST-4e1317a803523ca888efe5005a9146e7.xml" filename="apps/fleet/fleet-mfe-e2e/dist/cypress-reports/TEST-4e1317a803523ca888efe5005a9146e7.xml" line-rate="1" branch-rate="1">
          <methods>
          </methods>
          <lines>
          </lines>
        </class>
        <class name="TEST-4e1f3177b8aa7281cef11e291c747ca1.xml" filename="apps/fleet/fleet-mfe-e2e/dist/cypress-reports/TEST-4e1f3177b8aa7281cef11e291c747ca1.xml" line-rate="1" branch-rate="1">
          <methods>
          </methods>
          <lines>
          </lines>
        </class>
        <class name="TEST-4e91372d404d2c86e632207e57006399.xml" filename="apps/fleet/fleet-mfe-e2e/dist/cypress-reports/TEST-4e91372d404d2c86e632207e57006399.xml" line-rate="1" branch-rate="1">
          <methods>
          </methods>
          <lines>
          </lines>
        </class>
        <class name="TEST-4ea3425263c1fd917f313fc8e3fff555.xml" filename="apps/fleet/fleet-mfe-e2e/dist/cypress-reports/TEST-4ea3425263c1fd917f313fc8e3fff555.xml" line-rate="1" branch-rate="1">
          <methods>
          </methods>
          <lines>
          </lines>
        </class>
        <class name="TEST-4eab1d09b8a6def8bc7f434155d51f31.xml" filename="apps/fleet/fleet-mfe-e2e/dist/cypress-reports/TEST-4eab1d09b8a6def8bc7f434155d51f31.xml" line-rate="1" branch-rate="1">
          <methods>
          </methods>
          <lines>
          </lines>
        </class>
        <class name="TEST-4ee4e61db9c5e39093c82f0934535620.xml" filename="apps/fleet/fleet-mfe-e2e/dist/cypress-reports/TEST-4ee4e61db9c5e39093c82f0934535620.xml" line-rate="1" branch-rate="1">
          <methods>
          </methods>
          <lines>
          </lines>
        </class>
        <class name="TEST-4f28143cbb9ee898e4c55a1a03b3c32e.xml" filename="apps/fleet/fleet-mfe-e2e/dist/cypress-reports/TEST-4f28143cbb9ee898e4c55a1a03b3c32e.xml" line-rate="1" branch-rate="1">
          <methods>
          </methods>
          <lines>
          </lines>
        </class>
        <class name="TEST-4fbb7824295a9fe4dfd89ff93858aad2.xml" filename="apps/fleet/fleet-mfe-e2e/dist/cypress-reports/TEST-4fbb7824295a9fe4dfd89ff93858aad2.xml" line-rate="1" branch-rate="1">
          <methods>
          </methods>
          <lines>
          </lines>
        </class>
        <class name="TEST-50a8420dbc05ad8ef8ddb0b24ff3ad1f.xml" filename="apps/fleet/fleet-mfe-e2e/dist/cypress-reports/TEST-50a8420dbc05ad8ef8ddb0b24ff3ad1f.xml" line-rate="1" branch-rate="1">
          <methods>
          </methods>
          <lines>
          </lines>
        </class>
        <class name="TEST-5295ef54a88c09589c249663b5737500.xml" filename="apps/fleet/fleet-mfe-e2e/dist/cypress-reports/TEST-5295ef54a88c09589c249663b5737500.xml" line-rate="1" branch-rate="1">
          <methods>
          </methods>
          <lines>
          </lines>
        </class>
        <class name="TEST-5324a43e4e4386634435e7b2cfaa6405.xml" filename="apps/fleet/fleet-mfe-e2e/dist/cypress-reports/TEST-5324a43e4e4386634435e7b2cfaa6405.xml" line-rate="1" branch-rate="1">
          <methods>
          </methods>
          <lines>
          </lines>
        </class>
        <class name="TEST-53520f3737db0529d9a0c8ce9c709247.xml" filename="apps/fleet/fleet-mfe-e2e/dist/cypress-reports/TEST-53520f3737db0529d9a0c8ce9c709247.xml" line-rate="1" branch-rate="1">
          <methods>
          </methods>
          <lines>
          </lines>
        </class>
        <class name="TEST-5353f102fa4770d9f0b5d1d5746568e9.xml" filename="apps/fleet/fleet-mfe-e2e/dist/cypress-reports/TEST-5353f102fa4770d9f0b5d1d5746568e9.xml" line-rate="1" branch-rate="1">
          <methods>
          </methods>
          <lines>
          </lines>
        </class>
        <class name="TEST-53551997c5c91475faff30db31b2abec.xml" filename="apps/fleet/fleet-mfe-e2e/dist/cypress-reports/TEST-53551997c5c91475faff30db31b2abec.xml" line-rate="1" branch-rate="1">
          <methods>
          </methods>
          <lines>
          </lines>
        </class>
        <class name="TEST-53bc8b62feff26133c87db29f156259c.xml" filename="apps/fleet/fleet-mfe-e2e/dist/cypress-reports/TEST-53bc8b62feff26133c87db29f156259c.xml" line-rate="1" branch-rate="1">
          <methods>
          </methods>
          <lines>
          </lines>
        </class>
        <class name="TEST-53c740573b75f72f795dca7d55e2cb40.xml" filename="apps/fleet/fleet-mfe-e2e/dist/cypress-reports/TEST-53c740573b75f72f795dca7d55e2cb40.xml" line-rate="1" branch-rate="1">
          <methods>
          </methods>
          <lines>
          </lines>
        </class>
        <class name="TEST-54131d2c64e246fed531e81e10ecd6ab.xml" filename="apps/fleet/fleet-mfe-e2e/dist/cypress-reports/TEST-54131d2c64e246fed531e81e10ecd6ab.xml" line-rate="1" branch-rate="1">
          <methods>
          </methods>
          <lines>
          </lines>
        </class>
        <class name="TEST-5426b3fb9b88a033851ff7f0894bbef2.xml" filename="apps/fleet/fleet-mfe-e2e/dist/cypress-reports/TEST-5426b3fb9b88a033851ff7f0894bbef2.xml" line-rate="1" branch-rate="1">
          <methods>
          </methods>
          <lines>
          </lines>
        </class>
        <class name="TEST-5430d97caef7a53fb542a6c1dd5ee50c.xml" filename="apps/fleet/fleet-mfe-e2e/dist/cypress-reports/TEST-5430d97caef7a53fb542a6c1dd5ee50c.xml" line-rate="1" branch-rate="1">
          <methods>
          </methods>
          <lines>
          </lines>
        </class>
        <class name="TEST-559e11d101f08869e0687957cc9bbb33.xml" filename="apps/fleet/fleet-mfe-e2e/dist/cypress-reports/TEST-559e11d101f08869e0687957cc9bbb33.xml" line-rate="1" branch-rate="1">
          <methods>
          </methods>
          <lines>
          </lines>
        </class>
        <class name="TEST-5611e0b5e04db8c60a6ba0aff879f3a6.xml" filename="apps/fleet/fleet-mfe-e2e/dist/cypress-reports/TEST-5611e0b5e04db8c60a6ba0aff879f3a6.xml" line-rate="1" branch-rate="1">
          <methods>
          </methods>
          <lines>
          </lines>
        </class>
        <class name="TEST-565ddc1f0076539a8445e524544bd7ce.xml" filename="apps/fleet/fleet-mfe-e2e/dist/cypress-reports/TEST-565ddc1f0076539a8445e524544bd7ce.xml" line-rate="1" branch-rate="1">
          <methods>
          </methods>
          <lines>
          </lines>
        </class>
        <class name="TEST-5676484d6784abafd7a431200209593f.xml" filename="apps/fleet/fleet-mfe-e2e/dist/cypress-reports/TEST-5676484d6784abafd7a431200209593f.xml" line-rate="1" branch-rate="1">
          <methods>
          </methods>
          <lines>
          </lines>
        </class>
        <class name="TEST-56d9392c4565a0cd8ae9a2d6c3a876cc.xml" filename="apps/fleet/fleet-mfe-e2e/dist/cypress-reports/TEST-56d9392c4565a0cd8ae9a2d6c3a876cc.xml" line-rate="1" branch-rate="1">
          <methods>
          </methods>
          <lines>
          </lines>
        </class>
        <class name="TEST-57ed20a02ddde063649e1da1e9be76ab.xml" filename="apps/fleet/fleet-mfe-e2e/dist/cypress-reports/TEST-57ed20a02ddde063649e1da1e9be76ab.xml" line-rate="1" branch-rate="1">
          <methods>
          </methods>
          <lines>
          </lines>
        </class>
        <class name="TEST-58dd5cd6b9e47ebaeb8676dbb3ed0a81.xml" filename="apps/fleet/fleet-mfe-e2e/dist/cypress-reports/TEST-58dd5cd6b9e47ebaeb8676dbb3ed0a81.xml" line-rate="1" branch-rate="1">
          <methods>
          </methods>
          <lines>
          </lines>
        </class>
        <class name="TEST-5928bb643d37dd4f0a83be3c98a4538f.xml" filename="apps/fleet/fleet-mfe-e2e/dist/cypress-reports/TEST-5928bb643d37dd4f0a83be3c98a4538f.xml" line-rate="1" branch-rate="1">
          <methods>
          </methods>
          <lines>
          </lines>
        </class>
        <class name="TEST-5a5fb49729fa5e031fce5f6334d60fb8.xml" filename="apps/fleet/fleet-mfe-e2e/dist/cypress-reports/TEST-5a5fb49729fa5e031fce5f6334d60fb8.xml" line-rate="1" branch-rate="1">
          <methods>
          </methods>
          <lines>
          </lines>
        </class>
        <class name="TEST-5a957481d020ad9184fe9ca2fb0612b9.xml" filename="apps/fleet/fleet-mfe-e2e/dist/cypress-reports/TEST-5a957481d020ad9184fe9ca2fb0612b9.xml" line-rate="1" branch-rate="1">
          <methods>
          </methods>
          <lines>
          </lines>
        </class>
        <class name="TEST-5ae5a14e96d446c0810355d10e4c630a.xml" filename="apps/fleet/fleet-mfe-e2e/dist/cypress-reports/TEST-5ae5a14e96d446c0810355d10e4c630a.xml" line-rate="1" branch-rate="1">
          <methods>
          </methods>
          <lines>
          </lines>
        </class>
        <class name="TEST-5befb696174c7fce5e7de32516b688a1.xml" filename="apps/fleet/fleet-mfe-e2e/dist/cypress-reports/TEST-5befb696174c7fce5e7de32516b688a1.xml" line-rate="1" branch-rate="1">
          <methods>
          </methods>
          <lines>
          </lines>
        </class>
        <class name="TEST-5c0848bfd4086eaa474c180e1cac2ff7.xml" filename="apps/fleet/fleet-mfe-e2e/dist/cypress-reports/TEST-5c0848bfd4086eaa474c180e1cac2ff7.xml" line-rate="1" branch-rate="1">
          <methods>
          </methods>
          <lines>
          </lines>
        </class>
        <class name="TEST-5ce2b4e1e7578354304e4dc2005ad1e7.xml" filename="apps/fleet/fleet-mfe-e2e/dist/cypress-reports/TEST-5ce2b4e1e7578354304e4dc2005ad1e7.xml" line-rate="1" branch-rate="1">
          <methods>
          </methods>
          <lines>
          </lines>
        </class>
        <class name="TEST-5d592125b7af82b46dfbca84fbb50879.xml" filename="apps/fleet/fleet-mfe-e2e/dist/cypress-reports/TEST-5d592125b7af82b46dfbca84fbb50879.xml" line-rate="1" branch-rate="1">
          <methods>
          </methods>
          <lines>
          </lines>
        </class>
        <class name="TEST-5d813fc151e07ebb1a91b96f7f6a295e.xml" filename="apps/fleet/fleet-mfe-e2e/dist/cypress-reports/TEST-5d813fc151e07ebb1a91b96f7f6a295e.xml" line-rate="1" branch-rate="1">
          <methods>
          </methods>
          <lines>
          </lines>
        </class>
        <class name="TEST-5dc51efe000793655e50eb3c7daa2005.xml" filename="apps/fleet/fleet-mfe-e2e/dist/cypress-reports/TEST-5dc51efe000793655e50eb3c7daa2005.xml" line-rate="1" branch-rate="1">
          <methods>
          </methods>
          <lines>
          </lines>
        </class>
        <class name="TEST-5dce135c645254075c70023b2c2a5bcf.xml" filename="apps/fleet/fleet-mfe-e2e/dist/cypress-reports/TEST-5dce135c645254075c70023b2c2a5bcf.xml" line-rate="1" branch-rate="1">
          <methods>
          </methods>
          <lines>
          </lines>
        </class>
        <class name="TEST-5dd6a963f4957591fc83bae8dae70545.xml" filename="apps/fleet/fleet-mfe-e2e/dist/cypress-reports/TEST-5dd6a963f4957591fc83bae8dae70545.xml" line-rate="1" branch-rate="1">
          <methods>
          </methods>
          <lines>
          </lines>
        </class>
        <class name="TEST-5ea02c63423ff7d1f826d98e97df7625.xml" filename="apps/fleet/fleet-mfe-e2e/dist/cypress-reports/TEST-5ea02c63423ff7d1f826d98e97df7625.xml" line-rate="1" branch-rate="1">
          <methods>
          </methods>
          <lines>
          </lines>
        </class>
        <class name="TEST-5f33b5d580043753bbb4ebf311085236.xml" filename="apps/fleet/fleet-mfe-e2e/dist/cypress-reports/TEST-5f33b5d580043753bbb4ebf311085236.xml" line-rate="1" branch-rate="1">
          <methods>
          </methods>
          <lines>
          </lines>
        </class>
        <class name="TEST-60afba4b6a2de5606ecf9d23665085bd.xml" filename="apps/fleet/fleet-mfe-e2e/dist/cypress-reports/TEST-60afba4b6a2de5606ecf9d23665085bd.xml" line-rate="1" branch-rate="1">
          <methods>
          </methods>
          <lines>
          </lines>
        </class>
        <class name="TEST-629dd35cf1d7541d764a4195b32a36e8.xml" filename="apps/fleet/fleet-mfe-e2e/dist/cypress-reports/TEST-629dd35cf1d7541d764a4195b32a36e8.xml" line-rate="1" branch-rate="1">
          <methods>
          </methods>
          <lines>
          </lines>
        </class>
        <class name="TEST-62b028c8fc73232fa99e1fcae3788329.xml" filename="apps/fleet/fleet-mfe-e2e/dist/cypress-reports/TEST-62b028c8fc73232fa99e1fcae3788329.xml" line-rate="1" branch-rate="1">
          <methods>
          </methods>
          <lines>
          </lines>
        </class>
        <class name="TEST-62cc64106ad968469987adf4efb9abb9.xml" filename="apps/fleet/fleet-mfe-e2e/dist/cypress-reports/TEST-62cc64106ad968469987adf4efb9abb9.xml" line-rate="1" branch-rate="1">
          <methods>
          </methods>
          <lines>
          </lines>
        </class>
        <class name="TEST-62ed4630d4a446ee820cf86224a528c1.xml" filename="apps/fleet/fleet-mfe-e2e/dist/cypress-reports/TEST-62ed4630d4a446ee820cf86224a528c1.xml" line-rate="1" branch-rate="1">
          <methods>
          </methods>
          <lines>
          </lines>
        </class>
        <class name="TEST-63243bdf8bd063e961d6814fe66f66eb.xml" filename="apps/fleet/fleet-mfe-e2e/dist/cypress-reports/TEST-63243bdf8bd063e961d6814fe66f66eb.xml" line-rate="1" branch-rate="1">
          <methods>
          </methods>
          <lines>
          </lines>
        </class>
        <class name="TEST-64628e6ba806226d46d30b8d247afccd.xml" filename="apps/fleet/fleet-mfe-e2e/dist/cypress-reports/TEST-64628e6ba806226d46d30b8d247afccd.xml" line-rate="1" branch-rate="1">
          <methods>
          </methods>
          <lines>
          </lines>
        </class>
        <class name="TEST-64838d040385fab05a78e8bab44ea03a.xml" filename="apps/fleet/fleet-mfe-e2e/dist/cypress-reports/TEST-64838d040385fab05a78e8bab44ea03a.xml" line-rate="1" branch-rate="1">
          <methods>
          </methods>
          <lines>
          </lines>
        </class>
        <class name="TEST-648f202ef8afe4f72cddd6da0c79fc10.xml" filename="apps/fleet/fleet-mfe-e2e/dist/cypress-reports/TEST-648f202ef8afe4f72cddd6da0c79fc10.xml" line-rate="1" branch-rate="1">
          <methods>
          </methods>
          <lines>
          </lines>
        </class>
        <class name="TEST-656d3333f1389c1a03323fc396f95be9.xml" filename="apps/fleet/fleet-mfe-e2e/dist/cypress-reports/TEST-656d3333f1389c1a03323fc396f95be9.xml" line-rate="1" branch-rate="1">
          <methods>
          </methods>
          <lines>
          </lines>
        </class>
        <class name="TEST-657fdf7b9e293fcf5a4babc6fda3bd19.xml" filename="apps/fleet/fleet-mfe-e2e/dist/cypress-reports/TEST-657fdf7b9e293fcf5a4babc6fda3bd19.xml" line-rate="1" branch-rate="1">
          <methods>
          </methods>
          <lines>
          </lines>
        </class>
        <class name="TEST-65dd771078d2c123c4c77abc5704db08.xml" filename="apps/fleet/fleet-mfe-e2e/dist/cypress-reports/TEST-65dd771078d2c123c4c77abc5704db08.xml" line-rate="1" branch-rate="1">
          <methods>
          </methods>
          <lines>
          </lines>
        </class>
        <class name="TEST-65e4f0bd30b695b34ba65f1a091db1fe.xml" filename="apps/fleet/fleet-mfe-e2e/dist/cypress-reports/TEST-65e4f0bd30b695b34ba65f1a091db1fe.xml" line-rate="1" branch-rate="1">
          <methods>
          </methods>
          <lines>
          </lines>
        </class>
        <class name="TEST-65f082d2b684e8606ab1d10862f4f02d.xml" filename="apps/fleet/fleet-mfe-e2e/dist/cypress-reports/TEST-65f082d2b684e8606ab1d10862f4f02d.xml" line-rate="1" branch-rate="1">
          <methods>
          </methods>
          <lines>
          </lines>
        </class>
        <class name="TEST-66095097c68496175a0858e6ca68fb80.xml" filename="apps/fleet/fleet-mfe-e2e/dist/cypress-reports/TEST-66095097c68496175a0858e6ca68fb80.xml" line-rate="1" branch-rate="1">
          <methods>
          </methods>
          <lines>
          </lines>
        </class>
        <class name="TEST-67a2912bc6ac5e005524ce78194319da.xml" filename="apps/fleet/fleet-mfe-e2e/dist/cypress-reports/TEST-67a2912bc6ac5e005524ce78194319da.xml" line-rate="1" branch-rate="1">
          <methods>
          </methods>
          <lines>
          </lines>
        </class>
        <class name="TEST-6812cbae3748fc7e6c809e43abeb09a1.xml" filename="apps/fleet/fleet-mfe-e2e/dist/cypress-reports/TEST-6812cbae3748fc7e6c809e43abeb09a1.xml" line-rate="1" branch-rate="1">
          <methods>
          </methods>
          <lines>
          </lines>
        </class>
        <class name="TEST-684477bde9390d8b864bcea94cb3ba87.xml" filename="apps/fleet/fleet-mfe-e2e/dist/cypress-reports/TEST-684477bde9390d8b864bcea94cb3ba87.xml" line-rate="1" branch-rate="1">
          <methods>
          </methods>
          <lines>
          </lines>
        </class>
        <class name="TEST-68a5dd30276f98bd0b8abe707eabe22e.xml" filename="apps/fleet/fleet-mfe-e2e/dist/cypress-reports/TEST-68a5dd30276f98bd0b8abe707eabe22e.xml" line-rate="1" branch-rate="1">
          <methods>
          </methods>
          <lines>
          </lines>
        </class>
        <class name="TEST-6961a33ed87d72d7578937aab9d508c2.xml" filename="apps/fleet/fleet-mfe-e2e/dist/cypress-reports/TEST-6961a33ed87d72d7578937aab9d508c2.xml" line-rate="1" branch-rate="1">
          <methods>
          </methods>
          <lines>
          </lines>
        </class>
        <class name="TEST-696f5571f038316d77422786214bd924.xml" filename="apps/fleet/fleet-mfe-e2e/dist/cypress-reports/TEST-696f5571f038316d77422786214bd924.xml" line-rate="1" branch-rate="1">
          <methods>
          </methods>
          <lines>
          </lines>
        </class>
        <class name="TEST-69704295908d2423184749d75f68747d.xml" filename="apps/fleet/fleet-mfe-e2e/dist/cypress-reports/TEST-69704295908d2423184749d75f68747d.xml" line-rate="1" branch-rate="1">
          <methods>
          </methods>
          <lines>
          </lines>
        </class>
        <class name="TEST-6a8c91a1553ee6ee9587480583a27bfb.xml" filename="apps/fleet/fleet-mfe-e2e/dist/cypress-reports/TEST-6a8c91a1553ee6ee9587480583a27bfb.xml" line-rate="1" branch-rate="1">
          <methods>
          </methods>
          <lines>
          </lines>
        </class>
        <class name="TEST-6ab884f6d8252b5d63d8ed7eaf59b6df.xml" filename="apps/fleet/fleet-mfe-e2e/dist/cypress-reports/TEST-6ab884f6d8252b5d63d8ed7eaf59b6df.xml" line-rate="1" branch-rate="1">
          <methods>
          </methods>
          <lines>
          </lines>
        </class>
        <class name="TEST-6ac1e52d7a52801d25a278294a4ccd21.xml" filename="apps/fleet/fleet-mfe-e2e/dist/cypress-reports/TEST-6ac1e52d7a52801d25a278294a4ccd21.xml" line-rate="1" branch-rate="1">
          <methods>
          </methods>
          <lines>
          </lines>
        </class>
        <class name="TEST-6b084bf2d31a4327fff202650aba515b.xml" filename="apps/fleet/fleet-mfe-e2e/dist/cypress-reports/TEST-6b084bf2d31a4327fff202650aba515b.xml" line-rate="1" branch-rate="1">
          <methods>
          </methods>
          <lines>
          </lines>
        </class>
        <class name="TEST-6b5778d440d592521e1826f571f190f0.xml" filename="apps/fleet/fleet-mfe-e2e/dist/cypress-reports/TEST-6b5778d440d592521e1826f571f190f0.xml" line-rate="1" branch-rate="1">
          <methods>
          </methods>
          <lines>
          </lines>
        </class>
        <class name="TEST-6b9360550205a9be5230a948689922e5.xml" filename="apps/fleet/fleet-mfe-e2e/dist/cypress-reports/TEST-6b9360550205a9be5230a948689922e5.xml" line-rate="1" branch-rate="1">
          <methods>
          </methods>
          <lines>
          </lines>
        </class>
        <class name="TEST-6bae32f88b5e19a7440ab0bc42343661.xml" filename="apps/fleet/fleet-mfe-e2e/dist/cypress-reports/TEST-6bae32f88b5e19a7440ab0bc42343661.xml" line-rate="1" branch-rate="1">
          <methods>
          </methods>
          <lines>
[...]
      <classes>
        <class name="Telenet-Albra-Black.woff" filename="apps/fleet/fleet-mfe/src/fonts/Telenet-Albra-Black.woff" line-rate="1" branch-rate="1">
          <methods>
          </methods>
          <lines>
          </lines>
        </class>
        <class name="Telenet-Albra-Black.woff2" filename="apps/fleet/fleet-mfe/src/fonts/Telenet-Albra-Black.woff2" line-rate="1" branch-rate="1">
          <methods>
          </methods>
          <lines>
          </lines>
        </class>
        <class name="Telenet-Albra-Bold.woff" filename="apps/fleet/fleet-mfe/src/fonts/Telenet-Albra-Bold.woff" line-rate="1" branch-rate="1">
          <methods>
          </methods>
          <lines>
          </lines>
        </class>
        <class name="Telenet-Albra-Bold.woff2" filename="apps/fleet/fleet-mfe/src/fonts/Telenet-Albra-Bold.woff2" line-rate="1" branch-rate="1">
          <methods>
          </methods>
          <lines>
          </lines>
        </class>
        <class name="Telenet-Albra-Medium.woff" filename="apps/fleet/fleet-mfe/src/fonts/Telenet-Albra-Medium.woff" line-rate="1" branch-rate="1">
          <methods>
          </methods>
          <lines>
          </lines>
        </class>
        <class name="Telenet-Albra-Medium.woff2" filename="apps/fleet/fleet-mfe/src/fonts/Telenet-Albra-Medium.woff2" line-rate="1" branch-rate="1">
          <methods>
          </methods>
          <lines>
          </lines>
        </class>
        <class name="Telenet-Albra-Regular.woff" filename="apps/fleet/fleet-mfe/src/fonts/Telenet-Albra-Regular.woff" line-rate="1" branch-rate="1">
          <methods>
          </methods>
          <lines>
          </lines>
        </class>
        <class name="Telenet-Albra-Regular.woff2" filename="apps/fleet/fleet-mfe/src/fonts/Telenet-Albra-Regular.woff2" line-rate="1" branch-rate="1">
          <methods>
          </methods>
          <lines>
          </lines>
        </class>
        <class name="bloomSpeakBodyExtraBold.eot" filename="apps/fleet/fleet-mfe/src/fonts/bloomSpeakBodyExtraBold.eot" line-rate="1" branch-rate="1">
          <methods>
          </methods>
          <lines>
          </lines>
        </class>
        <class name="bloomSpeakBodyExtraBold.otf" filename="apps/fleet/fleet-mfe/src/fonts/bloomSpeakBodyExtraBold.otf" line-rate="1" branch-rate="1">
          <methods>
          </methods>
          <lines>
          </lines>
        </class>
        <class name="bloomSpeakBodyExtraBold.svg" filename="apps/fleet/fleet-mfe/src/fonts/bloomSpeakBodyExtraBold.svg" line-rate="1" branch-rate="1">
          <methods>
          </methods>
          <lines>
          </lines>
        </class>
        <class name="bloomSpeakBodyExtraBold.ttf" filename="apps/fleet/fleet-mfe/src/fonts/bloomSpeakBodyExtraBold.ttf" line-rate="1" branch-rate="1">
          <methods>
          </methods>
          <lines>
          </lines>
        </class>
        <class name="bloomSpeakBodyExtraBold.woff" filename="apps/fleet/fleet-mfe/src/fonts/bloomSpeakBodyExtraBold.woff" line-rate="1" branch-rate="1">
          <methods>
          </methods>
          <lines>
          </lines>
        </class>
        <class name="bloomSpeakBodyHeavy.eot" filename="apps/fleet/fleet-mfe/src/fonts/bloomSpeakBodyHeavy.eot" line-rate="1" branch-rate="1">
          <methods>
          </methods>
          <lines>
          </lines>
        </class>
        <class name="bloomSpeakBodyHeavy.otf" filename="apps/fleet/fleet-mfe/src/fonts/bloomSpeakBodyHeavy.otf" line-rate="1" branch-rate="1">
          <methods>
          </methods>
          <lines>
          </lines>
        </class>
        <class name="bloomSpeakBodyHeavy.svg" filename="apps/fleet/fleet-mfe/src/fonts/bloomSpeakBodyHeavy.svg" line-rate="1" branch-rate="1">
          <methods>
          </methods>
          <lines>
          </lines>
        </class>
        <class name="bloomSpeakBodyHeavy.ttf" filename="apps/fleet/fleet-mfe/src/fonts/bloomSpeakBodyHeavy.ttf" line-rate="1" branch-rate="1">
          <methods>
          </methods>
          <lines>
          </lines>
        </class>
        <class name="bloomSpeakBodyHeavy.woff" filename="apps/fleet/fleet-mfe/src/fonts/bloomSpeakBodyHeavy.woff" line-rate="1" branch-rate="1">
          <methods>
          </methods>
          <lines>
          </lines>
        </class>
        <class name="bloomSpeakBodyLight.eot" filename="apps/fleet/fleet-mfe/src/fonts/bloomSpeakBodyLight.eot" line-rate="1" branch-rate="1">
          <methods>
          </methods>
          <lines>
          </lines>
        </class>
        <class name="bloomSpeakBodyLight.otf" filename="apps/fleet/fleet-mfe/src/fonts/bloomSpeakBodyLight.otf" line-rate="1" branch-rate="1">
          <methods>
          </methods>
          <lines>
          </lines>
        </class>
        <class name="bloomSpeakBodyLight.svg" filename="apps/fleet/fleet-mfe/src/fonts/bloomSpeakBodyLight.svg" line-rate="1" branch-rate="1">
          <methods>
          </methods>
          <lines>
          </lines>
        </class>
        <class name="bloomSpeakBodyLight.ttf" filename="apps/fleet/fleet-mfe/src/fonts/bloomSpeakBodyLight.ttf" line-rate="1" branch-rate="1">
          <methods>
          </methods>
          <lines>
          </lines>
        </class>
        <class name="bloomSpeakBodyLight.woff" filename="apps/fleet/fleet-mfe/src/fonts/bloomSpeakBodyLight.woff" line-rate="1" branch-rate="1">
          <methods>
          </methods>
          <lines>
          </lines>
        </class>
        <class name="bloomSpeakBodyMedium.eot" filename="apps/fleet/fleet-mfe/src/fonts/bloomSpeakBodyMedium.eot" line-rate="1" branch-rate="1">
          <methods>
          </methods>
          <lines>
          </lines>
        </class>
        <class name="bloomSpeakBodyMedium.otf" filename="apps/fleet/fleet-mfe/src/fonts/bloomSpeakBodyMedium.otf" line-rate="1" branch-rate="1">
          <methods>
          </methods>
          <lines>
          </lines>
        </class>
        <class name="bloomSpeakBodyMedium.svg" filename="apps/fleet/fleet-mfe/src/fonts/bloomSpeakBodyMedium.svg" line-rate="1" branch-rate="1">
          <methods>
          </methods>
          <lines>
          </lines>
        </class>
        <class name="bloomSpeakBodyMedium.ttf" filename="apps/fleet/fleet-mfe/src/fonts/bloomSpeakBodyMedium.ttf" line-rate="1" branch-rate="1">
          <methods>
          </methods>
          <lines>
          </lines>
        </class>
        <class name="bloomSpeakBodyMedium.woff" filename="apps/fleet/fleet-mfe/src/fonts/bloomSpeakBodyMedium.woff" line-rate="1" branch-rate="1">
          <methods>
          </methods>
          <lines>
          </lines>
        </class>
        <class name="bloomSpeakBodyRegular.eot" filename="apps/fleet/fleet-mfe/src/fonts/bloomSpeakBodyRegular.eot" line-rate="1" branch-rate="1">
          <methods>
          </methods>
          <lines>
          </lines>
        </class>
        <class name="bloomSpeakBodyRegular.otf" filename="apps/fleet/fleet-mfe/src/fonts/bloomSpeakBodyRegular.otf" line-rate="1" branch-rate="1">
          <methods>
          </methods>
          <lines>
          </lines>
        </class>
        <class name="bloomSpeakBodyRegular.svg" filename="apps/fleet/fleet-mfe/src/fonts/bloomSpeakBodyRegular.svg" line-rate="1" branch-rate="1">
          <methods>
          </methods>
          <lines>
          </lines>
        </class>
        <class name="bloomSpeakBodyRegular.ttf" filename="apps/fleet/fleet-mfe/src/fonts/bloomSpeakBodyRegular.ttf" line-rate="1" branch-rate="1">
          <methods>
          </methods>
          <lines>
          </lines>
        </class>
        <class name="bloomSpeakBodyRegular.woff" filename="apps/fleet/fleet-mfe/src/fonts/bloomSpeakBodyRegular.woff" line-rate="1" branch-rate="1">
          <methods>
          </methods>
          <lines>
          </lines>
        </class>
        <class name="bloomSpeakTitle-Black.eot" filename="apps/fleet/fleet-mfe/src/fonts/bloomSpeakTitle-Black.eot" line-rate="1" branch-rate="1">
          <methods>
          </methods>
          <lines>
          </lines>
        </class>
        <class name="bloomSpeakTitle-Black.otf" filename="apps/fleet/fleet-mfe/src/fonts/bloomSpeakTitle-Black.otf" line-rate="1" branch-rate="1">
          <methods>
          </methods>
          <lines>
          </lines>
        </class>
        <class name="bloomSpeakTitle-Black.ttf" filename="apps/fleet/fleet-mfe/src/fonts/bloomSpeakTitle-Black.ttf" line-rate="1" branch-rate="1">
          <methods>
          </methods>
          <lines>
          </lines>
        </class>
        <class name="bloomSpeakTitle-Black.woff" filename="apps/fleet/fleet-mfe/src/fonts/bloomSpeakTitle-Black.woff" line-rate="1" branch-rate="1">
          <methods>
          </methods>
          <lines>
          </lines>
        </class>
        <class name="bloomSpeakTitleHeavy.eot" filename="apps/fleet/fleet-mfe/src/fonts/bloomSpeakTitleHeavy.eot" line-rate="1" branch-rate="1">
          <methods>
          </methods>
          <lines>
          </lines>
        </class>
        <class name="bloomSpeakTitleHeavy.otf" filename="apps/fleet/fleet-mfe/src/fonts/bloomSpeakTitleHeavy.otf" line-rate="1" branch-rate="1">
          <methods>
          </methods>
          <lines>
          </lines>
        </class>
        <class name="bloomSpeakTitleHeavy.svg" filename="apps/fleet/fleet-mfe/src/fonts/bloomSpeakTitleHeavy.svg" line-rate="1" branch-rate="1">
          <methods>
          </methods>
          <lines>
          </lines>
        </class>
        <class name="bloomSpeakTitleHeavy.ttf" filename="apps/fleet/fleet-mfe/src/fonts/bloomSpeakTitleHeavy.ttf" line-rate="1" branch-rate="1">
          <methods>
          </methods>
          <lines>
          </lines>
        </class>
        <class name="bloomSpeakTitleHeavy.woff" filename="apps/fleet/fleet-mfe/src/fonts/bloomSpeakTitleHeavy.woff" line-rate="1" branch-rate="1">
          <methods>
          </methods>
          <lines>
          </lines>
        </class>
        <class name="bloomSpeakTitleMedium.eot" filename="apps/fleet/fleet-mfe/src/fonts/bloomSpeakTitleMedium.eot" line-rate="1" branch-rate="1">
          <methods>
          </methods>
          <lines>
          </lines>
        </class>
        <class name="bloomSpeakTitleMedium.otf" filename="apps/fleet/fleet-mfe/src/fonts/bloomSpeakTitleMedium.otf" line-rate="1" branch-rate="1">
          <methods>
          </methods>
          <lines>
          </lines>
        </class>
        <class name="bloomSpeakTitleMedium.svg" filename="apps/fleet/fleet-mfe/src/fonts/bloomSpeakTitleMedium.svg" line-rate="1" branch-rate="1">
          <methods>
          </methods>
          <lines>
          </lines>
        </class>
        <class name="bloomSpeakTitleMedium.ttf" filename="apps/fleet/fleet-mfe/src/fonts/bloomSpeakTitleMedium.ttf" line-rate="1" branch-rate="1">
          <methods>
          </methods>
          <lines>
          </lines>
        </class>
        <class name="bloomSpeakTitleMedium.woff" filename="apps/fleet/fleet-mfe/src/fonts/bloomSpeakTitleMedium.woff" line-rate="1" branch-rate="1">
          <methods>
          </methods>
          <lines>
          </lines>
        </class>
        <class name="bloomSpeakTitleUltraHeavy.eot" filename="apps/fleet/fleet-mfe/src/fonts/bloomSpeakTitleUltraHeavy.eot" line-rate="1" branch-rate="1">
          <methods>
          </methods>
          <lines>
          </lines>
        </class>
        <class name="bloomSpeakTitleUltraHeavy.otf" filename="apps/fleet/fleet-mfe/src/fonts/bloomSpeakTitleUltraHeavy.otf" line-rate="1" branch-rate="1">
          <methods>
          </methods>
          <lines>
          </lines>
        </class>
        <class name="bloomSpeakTitleUltraHeavy.svg" filename="apps/fleet/fleet-mfe/src/fonts/bloomSpeakTitleUltraHeavy.svg" line-rate="1" branch-rate="1">
          <methods>
          </methods>
          <lines>
          </lines>
        </class>
        <class name="bloomSpeakTitleUltraHeavy.ttf" filename="apps/fleet/fleet-mfe/src/fonts/bloomSpeakTitleUltraHeavy.ttf" line-rate="1" branch-rate="1">
          <methods>
          </methods>
          <lines>
          </lines>
        </class>
        <class name="bloomSpeakTitleUltraHeavy.woff" filename="apps/fleet/fleet-mfe/src/fonts/bloomSpeakTitleUltraHeavy.woff" line-rate="1" branch-rate="1">
          <methods>
          </methods>
          <lines>
          </lines>
        </class>
        <class name="bloomspeak-ultra-black.woff" filename="apps/fleet/fleet-mfe/src/fonts/bloomspeak-ultra-black.woff" line-rate="1" branch-rate="1">
          <methods>
          </methods>
          <lines>
          </lines>
        </class>
        <class name="care-page-dtv-background-desktop.svg" filename="apps/fleet/fleet-mfe/src/fonts/care-page-dtv-background-desktop.svg" line-rate="1" branch-rate="1">
          <methods>
          </methods>
          <lines>
          </lines>
        </class>
        <class name="care-page-dtv-background-mobile.svg" filename="apps/fleet/fleet-mfe/src/fonts/care-page-dtv-background-mobile.svg" line-rate="1" branch-rate="1">
          <methods>
          </methods>
          <lines>
          </lines>
        </class>
        <class name="chart-base.svg" filename="apps/fleet/fleet-mfe/src/fonts/chart-base.svg" line-rate="1" branch-rate="1">
          <methods>
          </methods>
          <lines>
          </lines>
        </class>
        <class name="chart-mobile-base.svg" filename="apps/fleet/fleet-mfe/src/fonts/chart-mobile-base.svg" line-rate="1" branch-rate="1">
          <methods>
          </methods>
          <lines>
          </lines>
        </class>
        <class name="chart-mobile.svg" filename="apps/fleet/fleet-mfe/src/fonts/chart-mobile.svg" line-rate="1" branch-rate="1">
          <methods>
          </methods>
          <lines>
          </lines>
        </class>
        <class name="chart.svg" filename="apps/fleet/fleet-mfe/src/fonts/chart.svg" line-rate="1" branch-rate="1">
          <methods>
          </methods>
          <lines>
          </lines>
        </class>
        <class name="closedbox-desktop.svg" filename="apps/fleet/fleet-mfe/src/fonts/closedbox-desktop.svg" line-rate="1" branch-rate="1">
          <methods>
          </methods>
          <lines>
          </lines>
        </class>
        <class name="closedbox-mobile.svg" filename="apps/fleet/fleet-mfe/src/fonts/closedbox-mobile.svg" line-rate="1" branch-rate="1">
          <methods>
          </methods>
          <lines>
          </lines>
        </class>
        <class name="logo-base-white.svg" filename="apps/fleet/fleet-mfe/src/fonts/logo-base-white.svg" line-rate="1" branch-rate="1">
          <methods>
          </methods>
          <lines>
          </lines>
        </class>
        <class name="logo-telenet-white.svg" filename="apps/fleet/fleet-mfe/src/fonts/logo-telenet-white.svg" line-rate="1" branch-rate="1">
          <methods>
          </methods>
          <lines>
          </lines>
        </class>
        <class name="logo-telenet.svg" filename="apps/fleet/fleet-mfe/src/fonts/logo-telenet.svg" line-rate="1" branch-rate="1">
          <methods>
          </methods>
          <lines>
          </lines>
        </class>
        <class name="logo_itsme.svg" filename="apps/fleet/fleet-mfe/src/fonts/logo_itsme.svg" line-rate="1" branch-rate="1">
          <methods>
          </methods>
          <lines>
          </lines>
        </class>
        <class name="no-result-mobile-telenet.svg" filename="apps/fleet/fleet-mfe/src/fonts/no-result-mobile-telenet.svg" line-rate="1" branch-rate="1">
          <methods>
          </methods>
          <lines>
          </lines>
        </class>
        <class name="no-result-mobile.svg" filename="apps/fleet/fleet-mfe/src/fonts/no-result-mobile.svg" line-rate="1" branch-rate="1">
          <methods>
          </methods>
          <lines>
          </lines>
        </class>
        <class name="no-result-telenet.svg" filename="apps/fleet/fleet-mfe/src/fonts/no-result-telenet.svg" line-rate="1" branch-rate="1">
          <methods>
          </methods>
          <lines>
          </lines>
        </class>
        <class name="no-result.svg" filename="apps/fleet/fleet-mfe/src/fonts/no-result.svg" line-rate="1" branch-rate="1">
          <methods>
          </methods>
          <lines>
          </lines>
        </class>
        <class name="openbox-desktop.svg" filename="apps/fleet/fleet-mfe/src/fonts/openbox-desktop.svg" line-rate="1" branch-rate="1">
          <methods>
          </methods>
          <lines>
          </lines>
        </class>
        <class name="openbox-mobile.svg" filename="apps/fleet/fleet-mfe/src/fonts/openbox-mobile.svg" line-rate="1" branch-rate="1">
          <methods>
          </methods>
          <lines>
          </lines>
        </class>
        <class name="sim-management-green-grey-base.svg" filename="apps/fleet/fleet-mfe/src/fonts/sim-management-green-grey-base.svg" line-rate="1" branch-rate="1">
          <methods>
          </methods>
          <lines>
          </lines>
        </class>
        <class name="simcard-help.svg" filename="apps/fleet/fleet-mfe/src/fonts/simcard-help.svg" line-rate="1" branch-rate="1">
          <methods>
          </methods>
          <lines>
          </lines>
        </class>
        <class name="sms.svg" filename="apps/fleet/fleet-mfe/src/fonts/sms.svg" line-rate="1" branch-rate="1">
          <methods>
          </methods>
          <lines>
          </lines>
        </class>
      </classes>
    </package>
    <package name="fleet-mfe.src.fonts.telenet" line-rate="1" branch-rate="1">
      <classes>
        <class name="icons.1715065663509.eot" filename="apps/fleet/fleet-mfe/src/fonts/telenet/icons.1715065663509.eot" line-rate="1" branch-rate="1">
          <methods>
          </methods>
          <lines>
          </lines>
        </class>
        <class name="icons.1715065663509.svg" filename="apps/fleet/fleet-mfe/src/fonts/telenet/icons.1715065663509.svg" line-rate="1" branch-rate="1">
          <methods>
          </methods>
          <lines>
          </lines>
        </class>
        <class name="icons.1715065663509.ttf" filename="apps/fleet/fleet-mfe/src/fonts/telenet/icons.1715065663509.ttf" line-rate="1" branch-rate="1">
          <methods>
          </methods>
          <lines>
          </lines>
        </class>
        <class name="icons.1715065663509.woff" filename="apps/fleet/fleet-mfe/src/fonts/telenet/icons.1715065663509.woff" line-rate="1" branch-rate="1">
          <methods>
          </methods>
          <lines>
          </lines>
        </class>
        <class name="icons.refs.1715065663509.eot" filename="apps/fleet/fleet-mfe/src/fonts/telenet/icons.refs.1715065663509.eot" line-rate="1" branch-rate="1">
          <methods>
          </methods>
          <lines>
          </lines>
        </class>
        <class name="icons.refs.1715065663509.svg" filename="apps/fleet/fleet-mfe/src/fonts/telenet/icons.refs.1715065663509.svg" line-rate="1" branch-rate="1">
          <methods>
          </methods>
          <lines>
          </lines>
        </class>
        <class name="icons.refs.1715065663509.ttf" filename="apps/fleet/fleet-mfe/src/fonts/telenet/icons.refs.1715065663509.ttf" line-rate="1" branch-rate="1">
          <methods>
          </methods>
          <lines>
          </lines>
        </class>
        <class name="icons.refs.1715065663509.woff" filename="apps/fleet/fleet-mfe/src/fonts/telenet/icons.refs.1715065663509.woff" line-rate="1" branch-rate="1">
          <methods>
          </methods>
          <lines>
          </lines>
        </class>
      </classes>
    </package>
  </packages>
</coverage>
