{"/Users/lotte/Documents/Telenet/customer-web-monorepo/apps/fleet/fleet-mfe/README.md": {"path":"/Users/lotte/Documents/Telenet/customer-web-monorepo/apps/fleet/fleet-mfe/README.md","statementMap":{},"fnMap":{},"branchMap":{},"s":{},"f":{},"b":{}}
,"/Users/lotte/Documents/Telenet/customer-web-monorepo/apps/fleet/fleet-mfe/cypress.config.ts": {"path":"/Users/lotte/Documents/Telenet/customer-web-monorepo/apps/fleet/fleet-mfe/cypress.config.ts","statementMap":{},"fnMap":{},"branchMap":{},"s":{},"f":{},"b":{}}
,"/Users/lotte/Documents/Telenet/customer-web-monorepo/apps/fleet/fleet-mfe/jest.config.ts": {"path":"/Users/lotte/Documents/Telenet/customer-web-monorepo/apps/fleet/fleet-mfe/jest.config.ts","statementMap":{},"fnMap":{},"branchMap":{},"s":{},"f":{},"b":{}}
,"/Users/lotte/Documents/Telenet/customer-web-monorepo/apps/fleet/fleet-mfe/nginx.Dockerfile": {"path":"/Users/lotte/Documents/Telenet/customer-web-monorepo/apps/fleet/fleet-mfe/nginx.Dockerfile","statementMap":{},"fnMap":{},"branchMap":{},"s":{},"f":{},"b":{}}
,"/Users/lotte/Documents/Telenet/customer-web-monorepo/apps/fleet/fleet-mfe/nginx.conf": {"path":"/Users/lotte/Documents/Telenet/customer-web-monorepo/apps/fleet/fleet-mfe/nginx.conf","statementMap":{},"fnMap":{},"branchMap":{},"s":{},"f":{},"b":{}}
,"/Users/lotte/Documents/Telenet/customer-web-monorepo/apps/fleet/fleet-mfe/nginx.local.conf": {"path":"/Users/lotte/Documents/Telenet/customer-web-monorepo/apps/fleet/fleet-mfe/nginx.local.conf","statementMap":{},"fnMap":{},"branchMap":{},"s":{},"f":{},"b":{}}
,"/Users/lotte/Documents/Telenet/customer-web-monorepo/apps/fleet/fleet-mfe/project.json": {"path":"/Users/lotte/Documents/Telenet/customer-web-monorepo/apps/fleet/fleet-mfe/project.json","statementMap":{},"fnMap":{},"branchMap":{},"s":{},"f":{},"b":{}}
,"/Users/lotte/Documents/Telenet/customer-web-monorepo/apps/fleet/fleet-mfe/tsconfig.app.json": {"path":"/Users/lotte/Documents/Telenet/customer-web-monorepo/apps/fleet/fleet-mfe/tsconfig.app.json","statementMap":{},"fnMap":{},"branchMap":{},"s":{},"f":{},"b":{}}
,"/Users/lotte/Documents/Telenet/customer-web-monorepo/apps/fleet/fleet-mfe/tsconfig.editor.json": {"path":"/Users/lotte/Documents/Telenet/customer-web-monorepo/apps/fleet/fleet-mfe/tsconfig.editor.json","statementMap":{},"fnMap":{},"branchMap":{},"s":{},"f":{},"b":{}}
,"/Users/lotte/Documents/Telenet/customer-web-monorepo/apps/fleet/fleet-mfe/tsconfig.json": {"path":"/Users/lotte/Documents/Telenet/customer-web-monorepo/apps/fleet/fleet-mfe/tsconfig.json","statementMap":{},"fnMap":{},"branchMap":{},"s":{},"f":{},"b":{}}
,"/Users/lotte/Documents/Telenet/customer-web-monorepo/apps/fleet/fleet-mfe/tsconfig.spec.json": {"path":"/Users/lotte/Documents/Telenet/customer-web-monorepo/apps/fleet/fleet-mfe/tsconfig.spec.json","statementMap":{},"fnMap":{},"branchMap":{},"s":{},"f":{},"b":{}}
,"/Users/lotte/Documents/Telenet/customer-web-monorepo/apps/fleet/fleet-mfe/webpack.config.js": {"path":"/Users/lotte/Documents/Telenet/customer-web-monorepo/apps/fleet/fleet-mfe/webpack.config.js","statementMap":{},"fnMap":{},"branchMap":{},"s":{},"f":{},"b":{}}
,"/Users/lotte/Documents/Telenet/customer-web-monorepo/apps/fleet/fleet-mfe/webpack.prod.config.js": {"path":"/Users/lotte/Documents/Telenet/customer-web-monorepo/apps/fleet/fleet-mfe/webpack.prod.config.js","statementMap":{},"fnMap":{},"branchMap":{},"s":{},"f":{},"b":{}}
,"/Users/lotte/Documents/Telenet/customer-web-monorepo/apps/fleet/fleet-mfe-e2e/coverage.webpack.ts": {"path":"/Users/lotte/Documents/Telenet/customer-web-monorepo/apps/fleet/fleet-mfe-e2e/coverage.webpack.ts","statementMap":{},"fnMap":{},"branchMap":{},"s":{},"f":{},"b":{}}
,"/Users/lotte/Documents/Telenet/customer-web-monorepo/apps/fleet/fleet-mfe-e2e/cypress.config.ts": {"path":"/Users/lotte/Documents/Telenet/customer-web-monorepo/apps/fleet/fleet-mfe-e2e/cypress.config.ts","statementMap":{},"fnMap":{},"branchMap":{},"s":{},"f":{},"b":{}}
,"/Users/lotte/Documents/Telenet/customer-web-monorepo/apps/fleet/fleet-mfe-e2e/project.json": {"path":"/Users/lotte/Documents/Telenet/customer-web-monorepo/apps/fleet/fleet-mfe-e2e/project.json","statementMap":{},"fnMap":{},"branchMap":{},"s":{},"f":{},"b":{}}
,"/Users/lotte/Documents/Telenet/customer-web-monorepo/apps/fleet/fleet-mfe-e2e/tsconfig.json": {"path":"/Users/lotte/Documents/Telenet/customer-web-monorepo/apps/fleet/fleet-mfe-e2e/tsconfig.json","statementMap":{},"fnMap":{},"branchMap":{},"s":{},"f":{},"b":{}}
,"/Users/lotte/Documents/Telenet/customer-web-monorepo/apps/fleet/fleet-mfe-e2e/dist/cypress-reports/TEST-0073f797d80fa8e40dda3065bcda4ad5.xml": {"path":"/Users/lotte/Documents/Telenet/customer-web-monorepo/apps/fleet/fleet-mfe-e2e/dist/cypress-reports/TEST-0073f797d80fa8e40dda3065bcda4ad5.xml","statementMap":{},"fnMap":{},"branchMap":{},"s":{},"f":{},"b":{}}
,"/Users/lotte/Documents/Telenet/customer-web-monorepo/apps/fleet/fleet-mfe-e2e/dist/cypress-reports/TEST-014d8c3937f61800ca30c466b77c8637.xml": {"path":"/Users/lotte/Documents/Telenet/customer-web-monorepo/apps/fleet/fleet-mfe-e2e/dist/cypress-reports/TEST-014d8c3937f61800ca30c466b77c8637.xml","statementMap":{},"fnMap":{},"branchMap":{},"s":{},"f":{},"b":{}}
,"/Users/lotte/Documents/Telenet/customer-web-monorepo/apps/fleet/fleet-mfe-e2e/dist/cypress-reports/TEST-016a4f231e8b20a361c47a3cedd39a95.xml": {"path":"/Users/lotte/Documents/Telenet/customer-web-monorepo/apps/fleet/fleet-mfe-e2e/dist/cypress-reports/TEST-016a4f231e8b20a361c47a3cedd39a95.xml","statementMap":{},"fnMap":{},"branchMap":{},"s":{},"f":{},"b":{}}
,"/Users/lotte/Documents/Telenet/customer-web-monorepo/apps/fleet/fleet-mfe-e2e/dist/cypress-reports/TEST-01e2f6da40dcc83724d5d39bab007913.xml": {"path":"/Users/lotte/Documents/Telenet/customer-web-monorepo/apps/fleet/fleet-mfe-e2e/dist/cypress-reports/TEST-01e2f6da40dcc83724d5d39bab007913.xml","statementMap":{},"fnMap":{},"branchMap":{},"s":{},"f":{},"b":{}}
,"/Users/lotte/Documents/Telenet/customer-web-monorepo/apps/fleet/fleet-mfe-e2e/dist/cypress-reports/TEST-021b4275c871a6ab825acf56f8367071.xml": {"path":"/Users/lotte/Documents/Telenet/customer-web-monorepo/apps/fleet/fleet-mfe-e2e/dist/cypress-reports/TEST-021b4275c871a6ab825acf56f8367071.xml","statementMap":{},"fnMap":{},"branchMap":{},"s":{},"f":{},"b":{}}
,"/Users/lotte/Documents/Telenet/customer-web-monorepo/apps/fleet/fleet-mfe-e2e/dist/cypress-reports/TEST-023ae7866dac1d41ea45b6f9779e7776.xml": {"path":"/Users/lotte/Documents/Telenet/customer-web-monorepo/apps/fleet/fleet-mfe-e2e/dist/cypress-reports/TEST-023ae7866dac1d41ea45b6f9779e7776.xml","statementMap":{},"fnMap":{},"branchMap":{},"s":{},"f":{},"b":{}}
,"/Users/lotte/Documents/Telenet/customer-web-monorepo/apps/fleet/fleet-mfe-e2e/dist/cypress-reports/TEST-026985c348f8d3450ef407aa71ec6133.xml": {"path":"/Users/lotte/Documents/Telenet/customer-web-monorepo/apps/fleet/fleet-mfe-e2e/dist/cypress-reports/TEST-026985c348f8d3450ef407aa71ec6133.xml","statementMap":{},"fnMap":{},"branchMap":{},"s":{},"f":{},"b":{}}
,"/Users/lotte/Documents/Telenet/customer-web-monorepo/apps/fleet/fleet-mfe-e2e/dist/cypress-reports/TEST-02809b209ed2778f9dc2ada5df55af51.xml": {"path":"/Users/lotte/Documents/Telenet/customer-web-monorepo/apps/fleet/fleet-mfe-e2e/dist/cypress-reports/TEST-02809b209ed2778f9dc2ada5df55af51.xml","statementMap":{},"fnMap":{},"branchMap":{},"s":{},"f":{},"b":{}}
,"/Users/lotte/Documents/Telenet/customer-web-monorepo/apps/fleet/fleet-mfe-e2e/dist/cypress-reports/TEST-02e86da0cee00a8b2c05f7cbee2a0ead.xml": {"path":"/Users/lotte/Documents/Telenet/customer-web-monorepo/apps/fleet/fleet-mfe-e2e/dist/cypress-reports/TEST-02e86da0cee00a8b2c05f7cbee2a0ead.xml","statementMap":{},"fnMap":{},"branchMap":{},"s":{},"f":{},"b":{}}
,"/Users/lotte/Documents/Telenet/customer-web-monorepo/apps/fleet/fleet-mfe-e2e/dist/cypress-reports/TEST-030b617987383265162bc6ea0dee35c4.xml": {"path":"/Users/lotte/Documents/Telenet/customer-web-monorepo/apps/fleet/fleet-mfe-e2e/dist/cypress-reports/TEST-030b617987383265162bc6ea0dee35c4.xml","statementMap":{},"fnMap":{},"branchMap":{},"s":{},"f":{},"b":{}}
,"/Users/lotte/Documents/Telenet/customer-web-monorepo/apps/fleet/fleet-mfe-e2e/dist/cypress-reports/TEST-03a6ac7f0475d1287054e24194501378.xml": {"path":"/Users/lotte/Documents/Telenet/customer-web-monorepo/apps/fleet/fleet-mfe-e2e/dist/cypress-reports/TEST-03a6ac7f0475d1287054e24194501378.xml","statementMap":{},"fnMap":{},"branchMap":{},"s":{},"f":{},"b":{}}
,"/Users/lotte/Documents/Telenet/customer-web-monorepo/apps/fleet/fleet-mfe-e2e/dist/cypress-reports/TEST-03b6e347dd387091861ef7aa6c8cf1d0.xml": {"path":"/Users/lotte/Documents/Telenet/customer-web-monorepo/apps/fleet/fleet-mfe-e2e/dist/cypress-reports/TEST-03b6e347dd387091861ef7aa6c8cf1d0.xml","statementMap":{},"fnMap":{},"branchMap":{},"s":{},"f":{},"b":{}}
,"/Users/lotte/Documents/Telenet/customer-web-monorepo/apps/fleet/fleet-mfe-e2e/dist/cypress-reports/TEST-05c353614bba3a1041779e94dd5e57cc.xml": {"path":"/Users/lotte/Documents/Telenet/customer-web-monorepo/apps/fleet/fleet-mfe-e2e/dist/cypress-reports/TEST-05c353614bba3a1041779e94dd5e57cc.xml","statementMap":{},"fnMap":{},"branchMap":{},"s":{},"f":{},"b":{}}
,"/Users/lotte/Documents/Telenet/customer-web-monorepo/apps/fleet/fleet-mfe-e2e/dist/cypress-reports/TEST-061d2ea9c6d32f6c55f76951fdc6b419.xml": {"path":"/Users/lotte/Documents/Telenet/customer-web-monorepo/apps/fleet/fleet-mfe-e2e/dist/cypress-reports/TEST-061d2ea9c6d32f6c55f76951fdc6b419.xml","statementMap":{},"fnMap":{},"branchMap":{},"s":{},"f":{},"b":{}}
,"/Users/lotte/Documents/Telenet/customer-web-monorepo/apps/fleet/fleet-mfe-e2e/dist/cypress-reports/TEST-062be5c4bc62923ffffac593fc52619b.xml": {"path":"/Users/lotte/Documents/Telenet/customer-web-monorepo/apps/fleet/fleet-mfe-e2e/dist/cypress-reports/TEST-062be5c4bc62923ffffac593fc52619b.xml","statementMap":{},"fnMap":{},"branchMap":{},"s":{},"f":{},"b":{}}
,"/Users/lotte/Documents/Telenet/customer-web-monorepo/apps/fleet/fleet-mfe-e2e/dist/cypress-reports/TEST-06cc61323bdb8824ce5838050287e550.xml": {"path":"/Users/lotte/Documents/Telenet/customer-web-monorepo/apps/fleet/fleet-mfe-e2e/dist/cypress-reports/TEST-06cc61323bdb8824ce5838050287e550.xml","statementMap":{},"fnMap":{},"branchMap":{},"s":{},"f":{},"b":{}}
,"/Users/lotte/Documents/Telenet/customer-web-monorepo/apps/fleet/fleet-mfe-e2e/dist/cypress-reports/TEST-074366cc78df995ede81b7c7df42427f.xml": {"path":"/Users/lotte/Documents/Telenet/customer-web-monorepo/apps/fleet/fleet-mfe-e2e/dist/cypress-reports/TEST-074366cc78df995ede81b7c7df42427f.xml","statementMap":{},"fnMap":{},"branchMap":{},"s":{},"f":{},"b":{}}
,"/Users/lotte/Documents/Telenet/customer-web-monorepo/apps/fleet/fleet-mfe-e2e/dist/cypress-reports/TEST-07df01a71eafb6d764fce2accdd5a436.xml": {"path":"/Users/lotte/Documents/Telenet/customer-web-monorepo/apps/fleet/fleet-mfe-e2e/dist/cypress-reports/TEST-07df01a71eafb6d764fce2accdd5a436.xml","statementMap":{},"fnMap":{},"branchMap":{},"s":{},"f":{},"b":{}}
,"/Users/lotte/Documents/Telenet/customer-web-monorepo/apps/fleet/fleet-mfe-e2e/dist/cypress-reports/TEST-08145a0daccfa55e77b386ae9da3cace.xml": {"path":"/Users/lotte/Documents/Telenet/customer-web-monorepo/apps/fleet/fleet-mfe-e2e/dist/cypress-reports/TEST-08145a0daccfa55e77b386ae9da3cace.xml","statementMap":{},"fnMap":{},"branchMap":{},"s":{},"f":{},"b":{}}
,"/Users/lotte/Documents/Telenet/customer-web-monorepo/apps/fleet/fleet-mfe-e2e/dist/cypress-reports/TEST-085fa51dc24265ac10a579557011f31e.xml": {"path":"/Users/lotte/Documents/Telenet/customer-web-monorepo/apps/fleet/fleet-mfe-e2e/dist/cypress-reports/TEST-085fa51dc24265ac10a579557011f31e.xml","statementMap":{},"fnMap":{},"branchMap":{},"s":{},"f":{},"b":{}}
,"/Users/lotte/Documents/Telenet/customer-web-monorepo/apps/fleet/fleet-mfe-e2e/dist/cypress-reports/TEST-0897eb59abb88e8b228529125d5d53cb.xml": {"path":"/Users/lotte/Documents/Telenet/customer-web-monorepo/apps/fleet/fleet-mfe-e2e/dist/cypress-reports/TEST-0897eb59abb88e8b228529125d5d53cb.xml","statementMap":{},"fnMap":{},"branchMap":{},"s":{},"f":{},"b":{}}
,"/Users/lotte/Documents/Telenet/customer-web-monorepo/apps/fleet/fleet-mfe-e2e/dist/cypress-reports/TEST-08f82f96cb7a3af1c932e52c52c01ed8.xml": {"path":"/Users/lotte/Documents/Telenet/customer-web-monorepo/apps/fleet/fleet-mfe-e2e/dist/cypress-reports/TEST-08f82f96cb7a3af1c932e52c52c01ed8.xml","statementMap":{},"fnMap":{},"branchMap":{},"s":{},"f":{},"b":{}}
,"/Users/lotte/Documents/Telenet/customer-web-monorepo/apps/fleet/fleet-mfe-e2e/dist/cypress-reports/TEST-098d3fa58cac17c87e711f3096377b3a.xml": {"path":"/Users/lotte/Documents/Telenet/customer-web-monorepo/apps/fleet/fleet-mfe-e2e/dist/cypress-reports/TEST-098d3fa58cac17c87e711f3096377b3a.xml","statementMap":{},"fnMap":{},"branchMap":{},"s":{},"f":{},"b":{}}
,"/Users/lotte/Documents/Telenet/customer-web-monorepo/apps/fleet/fleet-mfe-e2e/dist/cypress-reports/TEST-09c3c102a18abf5006abc1c81d1c84fd.xml": {"path":"/Users/lotte/Documents/Telenet/customer-web-monorepo/apps/fleet/fleet-mfe-e2e/dist/cypress-reports/TEST-09c3c102a18abf5006abc1c81d1c84fd.xml","statementMap":{},"fnMap":{},"branchMap":{},"s":{},"f":{},"b":{}}
,"/Users/lotte/Documents/Telenet/customer-web-monorepo/apps/fleet/fleet-mfe-e2e/dist/cypress-reports/TEST-0bab6a2d28560fd3112e54bb1834f3a4.xml": {"path":"/Users/lotte/Documents/Telenet/customer-web-monorepo/apps/fleet/fleet-mfe-e2e/dist/cypress-reports/TEST-0bab6a2d28560fd3112e54bb1834f3a4.xml","statementMap":{},"fnMap":{},"branchMap":{},"s":{},"f":{},"b":{}}
,"/Users/lotte/Documents/Telenet/customer-web-monorepo/apps/fleet/fleet-mfe-e2e/dist/cypress-reports/TEST-0c237b37544e9fd229d30409f40a2833.xml": {"path":"/Users/lotte/Documents/Telenet/customer-web-monorepo/apps/fleet/fleet-mfe-e2e/dist/cypress-reports/TEST-0c237b37544e9fd229d30409f40a2833.xml","statementMap":{},"fnMap":{},"branchMap":{},"s":{},"f":{},"b":{}}
,"/Users/lotte/Documents/Telenet/customer-web-monorepo/apps/fleet/fleet-mfe-e2e/dist/cypress-reports/TEST-0c47388befb263f20caeb7a04d17c519.xml": {"path":"/Users/lotte/Documents/Telenet/customer-web-monorepo/apps/fleet/fleet-mfe-e2e/dist/cypress-reports/TEST-0c47388befb263f20caeb7a04d17c519.xml","statementMap":{},"fnMap":{},"branchMap":{},"s":{},"f":{},"b":{}}
,"/Users/lotte/Documents/Telenet/customer-web-monorepo/apps/fleet/fleet-mfe-e2e/dist/cypress-reports/TEST-0c5ded629fa9c98b5f40c6f2343e745f.xml": {"path":"/Users/lotte/Documents/Telenet/customer-web-monorepo/apps/fleet/fleet-mfe-e2e/dist/cypress-reports/TEST-0c5ded629fa9c98b5f40c6f2343e745f.xml","statementMap":{},"fnMap":{},"branchMap":{},"s":{},"f":{},"b":{}}
,"/Users/lotte/Documents/Telenet/customer-web-monorepo/apps/fleet/fleet-mfe-e2e/dist/cypress-reports/TEST-0c74e1fb091d30b14ac14975bf0f0681.xml": {"path":"/Users/lotte/Documents/Telenet/customer-web-monorepo/apps/fleet/fleet-mfe-e2e/dist/cypress-reports/TEST-0c74e1fb091d30b14ac14975bf0f0681.xml","statementMap":{},"fnMap":{},"branchMap":{},"s":{},"f":{},"b":{}}
,"/Users/lotte/Documents/Telenet/customer-web-monorepo/apps/fleet/fleet-mfe-e2e/dist/cypress-reports/TEST-0c77e6018e64516e6857a67c2d92514b.xml": {"path":"/Users/lotte/Documents/Telenet/customer-web-monorepo/apps/fleet/fleet-mfe-e2e/dist/cypress-reports/TEST-0c77e6018e64516e6857a67c2d92514b.xml","statementMap":{},"fnMap":{},"branchMap":{},"s":{},"f":{},"b":{}}
,"/Users/lotte/Documents/Telenet/customer-web-monorepo/apps/fleet/fleet-mfe-e2e/dist/cypress-reports/TEST-0cb475d30e99b04a7d109c8270b6b936.xml": {"path":"/Users/lotte/Documents/Telenet/customer-web-monorepo/apps/fleet/fleet-mfe-e2e/dist/cypress-reports/TEST-0cb475d30e99b04a7d109c8270b6b936.xml","statementMap":{},"fnMap":{},"branchMap":{},"s":{},"f":{},"b":{}}
,"/Users/lotte/Documents/Telenet/customer-web-monorepo/apps/fleet/fleet-mfe-e2e/dist/cypress-reports/TEST-0cc412b08e8b67e02af6c34695293f6f.xml": {"path":"/Users/lotte/Documents/Telenet/customer-web-monorepo/apps/fleet/fleet-mfe-e2e/dist/cypress-reports/TEST-0cc412b08e8b67e02af6c34695293f6f.xml","statementMap":{},"fnMap":{},"branchMap":{},"s":{},"f":{},"b":{}}
,"/Users/lotte/Documents/Telenet/customer-web-monorepo/apps/fleet/fleet-mfe-e2e/dist/cypress-reports/TEST-0d679cd150bc25d95d22229be69d5bb9.xml": {"path":"/Users/lotte/Documents/Telenet/customer-web-monorepo/apps/fleet/fleet-mfe-e2e/dist/cypress-reports/TEST-0d679cd150bc25d95d22229be69d5bb9.xml","statementMap":{},"fnMap":{},"branchMap":{},"s":{},"f":{},"b":{}}
,"/Users/lotte/Documents/Telenet/customer-web-monorepo/apps/fleet/fleet-mfe-e2e/dist/cypress-reports/TEST-0e295ec575379a20d44a90452a7c5222.xml": {"path":"/Users/lotte/Documents/Telenet/customer-web-monorepo/apps/fleet/fleet-mfe-e2e/dist/cypress-reports/TEST-0e295ec575379a20d44a90452a7c5222.xml","statementMap":{},"fnMap":{},"branchMap":{},"s":{},"f":{},"b":{}}
,"/Users/lotte/Documents/Telenet/customer-web-monorepo/apps/fleet/fleet-mfe-e2e/dist/cypress-reports/TEST-0e6fda8d2d5c4cd29126ff90b2c39f46.xml": {"path":"/Users/lotte/Documents/Telenet/customer-web-monorepo/apps/fleet/fleet-mfe-e2e/dist/cypress-reports/TEST-0e6fda8d2d5c4cd29126ff90b2c39f46.xml","statementMap":{},"fnMap":{},"branchMap":{},"s":{},"f":{},"b":{}}
,"/Users/lotte/Documents/Telenet/customer-web-monorepo/apps/fleet/fleet-mfe-e2e/dist/cypress-reports/TEST-0e7978de487416fbbfdf338e88b61c00.xml": {"path":"/Users/lotte/Documents/Telenet/customer-web-monorepo/apps/fleet/fleet-mfe-e2e/dist/cypress-reports/TEST-0e7978de487416fbbfdf338e88b61c00.xml","statementMap":{},"fnMap":{},"branchMap":{},"s":{},"f":{},"b":{}}
,"/Users/lotte/Documents/Telenet/customer-web-monorepo/apps/fleet/fleet-mfe-e2e/dist/cypress-reports/TEST-0ec369a73f30c59090fce9d565586af6.xml": {"path":"/Users/lotte/Documents/Telenet/customer-web-monorepo/apps/fleet/fleet-mfe-e2e/dist/cypress-reports/TEST-0ec369a73f30c59090fce9d565586af6.xml","statementMap":{},"fnMap":{},"branchMap":{},"s":{},"f":{},"b":{}}
,"/Users/lotte/Documents/Telenet/customer-web-monorepo/apps/fleet/fleet-mfe-e2e/dist/cypress-reports/TEST-0edece9b4c3ff7cf323cc8c3d1ea4dde.xml": {"path":"/Users/lotte/Documents/Telenet/customer-web-monorepo/apps/fleet/fleet-mfe-e2e/dist/cypress-reports/TEST-0edece9b4c3ff7cf323cc8c3d1ea4dde.xml","statementMap":{},"fnMap":{},"branchMap":{},"s":{},"f":{},"b":{}}
,"/Users/lotte/Documents/Telenet/customer-web-monorepo/apps/fleet/fleet-mfe-e2e/dist/cypress-reports/TEST-0fc9360bb14e42fab8e7574ad4bd6ecd.xml": {"path":"/Users/lotte/Documents/Telenet/customer-web-monorepo/apps/fleet/fleet-mfe-e2e/dist/cypress-reports/TEST-0fc9360bb14e42fab8e7574ad4bd6ecd.xml","statementMap":{},"fnMap":{},"branchMap":{},"s":{},"f":{},"b":{}}
,"/Users/lotte/Documents/Telenet/customer-web-monorepo/apps/fleet/fleet-mfe-e2e/dist/cypress-reports/TEST-114420bfc8866eb1fe11080dacc08950.xml": {"path":"/Users/lotte/Documents/Telenet/customer-web-monorepo/apps/fleet/fleet-mfe-e2e/dist/cypress-reports/TEST-114420bfc8866eb1fe11080dacc08950.xml","statementMap":{},"fnMap":{},"branchMap":{},"s":{},"f":{},"b":{}}
,"/Users/lotte/Documents/Telenet/customer-web-monorepo/apps/fleet/fleet-mfe-e2e/dist/cypress-reports/TEST-11ec3bb5a7fd65fa8f8e9498495abd61.xml": {"path":"/Users/lotte/Documents/Telenet/customer-web-monorepo/apps/fleet/fleet-mfe-e2e/dist/cypress-reports/TEST-11ec3bb5a7fd65fa8f8e9498495abd61.xml","statementMap":{},"fnMap":{},"branchMap":{},"s":{},"f":{},"b":{}}
,"/Users/lotte/Documents/Telenet/customer-web-monorepo/apps/fleet/fleet-mfe-e2e/dist/cypress-reports/TEST-12086ebf98ca28380de91f6a6d890eaf.xml": {"path":"/Users/lotte/Documents/Telenet/customer-web-monorepo/apps/fleet/fleet-mfe-e2e/dist/cypress-reports/TEST-12086ebf98ca28380de91f6a6d890eaf.xml","statementMap":{},"fnMap":{},"branchMap":{},"s":{},"f":{},"b":{}}
,"/Users/lotte/Documents/Telenet/customer-web-monorepo/apps/fleet/fleet-mfe-e2e/dist/cypress-reports/TEST-125b728828f16aba8273efa964e13b3d.xml": {"path":"/Users/lotte/Documents/Telenet/customer-web-monorepo/apps/fleet/fleet-mfe-e2e/dist/cypress-reports/TEST-125b728828f16aba8273efa964e13b3d.xml","statementMap":{},"fnMap":{},"branchMap":{},"s":{},"f":{},"b":{}}
,"/Users/lotte/Documents/Telenet/customer-web-monorepo/apps/fleet/fleet-mfe-e2e/dist/cypress-reports/TEST-1323dc3eed1ec52390e340c2e078f90d.xml": {"path":"/Users/lotte/Documents/Telenet/customer-web-monorepo/apps/fleet/fleet-mfe-e2e/dist/cypress-reports/TEST-1323dc3eed1ec52390e340c2e078f90d.xml","statementMap":{},"fnMap":{},"branchMap":{},"s":{},"f":{},"b":{}}
,"/Users/lotte/Documents/Telenet/customer-web-monorepo/apps/fleet/fleet-mfe-e2e/dist/cypress-reports/TEST-132e83f0e7a2d856e004835929410a6f.xml": {"path":"/Users/lotte/Documents/Telenet/customer-web-monorepo/apps/fleet/fleet-mfe-e2e/dist/cypress-reports/TEST-132e83f0e7a2d856e004835929410a6f.xml","statementMap":{},"fnMap":{},"branchMap":{},"s":{},"f":{},"b":{}}
,"/Users/lotte/Documents/Telenet/customer-web-monorepo/apps/fleet/fleet-mfe-e2e/dist/cypress-reports/TEST-135d0b67ea183478c3833667d96cb9d4.xml": {"path":"/Users/lotte/Documents/Telenet/customer-web-monorepo/apps/fleet/fleet-mfe-e2e/dist/cypress-reports/TEST-135d0b67ea183478c3833667d96cb9d4.xml","statementMap":{},"fnMap":{},"branchMap":{},"s":{},"f":{},"b":{}}
,"/Users/lotte/Documents/Telenet/customer-web-monorepo/apps/fleet/fleet-mfe-e2e/dist/cypress-reports/TEST-13fbdb7d98b4e3b8743c7677e07ed0f6.xml": {"path":"/Users/lotte/Documents/Telenet/customer-web-monorepo/apps/fleet/fleet-mfe-e2e/dist/cypress-reports/TEST-13fbdb7d98b4e3b8743c7677e07ed0f6.xml","statementMap":{},"fnMap":{},"branchMap":{},"s":{},"f":{},"b":{}}
,"/Users/lotte/Documents/Telenet/customer-web-monorepo/apps/fleet/fleet-mfe-e2e/dist/cypress-reports/TEST-14528c37c22241c6b665b450afb0d0bf.xml": {"path":"/Users/lotte/Documents/Telenet/customer-web-monorepo/apps/fleet/fleet-mfe-e2e/dist/cypress-reports/TEST-14528c37c22241c6b665b450afb0d0bf.xml","statementMap":{},"fnMap":{},"branchMap":{},"s":{},"f":{},"b":{}}
,"/Users/lotte/Documents/Telenet/customer-web-monorepo/apps/fleet/fleet-mfe-e2e/dist/cypress-reports/TEST-149d80df1e83b0348d7705c1ec06cb31.xml": {"path":"/Users/lotte/Documents/Telenet/customer-web-monorepo/apps/fleet/fleet-mfe-e2e/dist/cypress-reports/TEST-149d80df1e83b0348d7705c1ec06cb31.xml","statementMap":{},"fnMap":{},"branchMap":{},"s":{},"f":{},"b":{}}
,"/Users/lotte/Documents/Telenet/customer-web-monorepo/apps/fleet/fleet-mfe-e2e/dist/cypress-reports/TEST-14e8e38a53b9a46325844b787a3881ee.xml": {"path":"/Users/lotte/Documents/Telenet/customer-web-monorepo/apps/fleet/fleet-mfe-e2e/dist/cypress-reports/TEST-14e8e38a53b9a46325844b787a3881ee.xml","statementMap":{},"fnMap":{},"branchMap":{},"s":{},"f":{},"b":{}}
,"/Users/lotte/Documents/Telenet/customer-web-monorepo/apps/fleet/fleet-mfe-e2e/dist/cypress-reports/TEST-1540d1738878ad13be37b38af6bfdc87.xml": {"path":"/Users/lotte/Documents/Telenet/customer-web-monorepo/apps/fleet/fleet-mfe-e2e/dist/cypress-reports/TEST-1540d1738878ad13be37b38af6bfdc87.xml","statementMap":{},"fnMap":{},"branchMap":{},"s":{},"f":{},"b":{}}
,"/Users/lotte/Documents/Telenet/customer-web-monorepo/apps/fleet/fleet-mfe-e2e/dist/cypress-reports/TEST-1568ea4c96209eda09c1f35f4664a332.xml": {"path":"/Users/lotte/Documents/Telenet/customer-web-monorepo/apps/fleet/fleet-mfe-e2e/dist/cypress-reports/TEST-1568ea4c96209eda09c1f35f4664a332.xml","statementMap":{},"fnMap":{},"branchMap":{},"s":{},"f":{},"b":{}}
,"/Users/lotte/Documents/Telenet/customer-web-monorepo/apps/fleet/fleet-mfe-e2e/dist/cypress-reports/TEST-15e981f141a4e881e3bf262d03e5203f.xml": {"path":"/Users/lotte/Documents/Telenet/customer-web-monorepo/apps/fleet/fleet-mfe-e2e/dist/cypress-reports/TEST-15e981f141a4e881e3bf262d03e5203f.xml","statementMap":{},"fnMap":{},"branchMap":{},"s":{},"f":{},"b":{}}
,"/Users/lotte/Documents/Telenet/customer-web-monorepo/apps/fleet/fleet-mfe-e2e/dist/cypress-reports/TEST-161cde09126c7d8caf60c8ef012ef3e0.xml": {"path":"/Users/lotte/Documents/Telenet/customer-web-monorepo/apps/fleet/fleet-mfe-e2e/dist/cypress-reports/TEST-161cde09126c7d8caf60c8ef012ef3e0.xml","statementMap":{},"fnMap":{},"branchMap":{},"s":{},"f":{},"b":{}}
,"/Users/lotte/Documents/Telenet/customer-web-monorepo/apps/fleet/fleet-mfe-e2e/dist/cypress-reports/TEST-16f16ec5809a1ade76a2e5e7b8701aaf.xml": {"path":"/Users/lotte/Documents/Telenet/customer-web-monorepo/apps/fleet/fleet-mfe-e2e/dist/cypress-reports/TEST-16f16ec5809a1ade76a2e5e7b8701aaf.xml","statementMap":{},"fnMap":{},"branchMap":{},"s":{},"f":{},"b":{}}
,"/Users/lotte/Documents/Telenet/customer-web-monorepo/apps/fleet/fleet-mfe-e2e/dist/cypress-reports/TEST-17bfc1506fe40c52529dcb39366f37a3.xml": {"path":"/Users/lotte/Documents/Telenet/customer-web-monorepo/apps/fleet/fleet-mfe-e2e/dist/cypress-reports/TEST-17bfc1506fe40c52529dcb39366f37a3.xml","statementMap":{},"fnMap":{},"branchMap":{},"s":{},"f":{},"b":{}}
,"/Users/lotte/Documents/Telenet/customer-web-monorepo/apps/fleet/fleet-mfe-e2e/dist/cypress-reports/TEST-17d70458ff0d01947afdeb00a781f4b9.xml": {"path":"/Users/lotte/Documents/Telenet/customer-web-monorepo/apps/fleet/fleet-mfe-e2e/dist/cypress-reports/TEST-17d70458ff0d01947afdeb00a781f4b9.xml","statementMap":{},"fnMap":{},"branchMap":{},"s":{},"f":{},"b":{}}
,"/Users/lotte/Documents/Telenet/customer-web-monorepo/apps/fleet/fleet-mfe-e2e/dist/cypress-reports/TEST-1844965f35ef540d1ee3270a19bc71de.xml": {"path":"/Users/lotte/Documents/Telenet/customer-web-monorepo/apps/fleet/fleet-mfe-e2e/dist/cypress-reports/TEST-1844965f35ef540d1ee3270a19bc71de.xml","statementMap":{},"fnMap":{},"branchMap":{},"s":{},"f":{},"b":{}}
,"/Users/lotte/Documents/Telenet/customer-web-monorepo/apps/fleet/fleet-mfe-e2e/dist/cypress-reports/TEST-18fd58467bdf32b541a0e22c5ca52adc.xml": {"path":"/Users/lotte/Documents/Telenet/customer-web-monorepo/apps/fleet/fleet-mfe-e2e/dist/cypress-reports/TEST-18fd58467bdf32b541a0e22c5ca52adc.xml","statementMap":{},"fnMap":{},"branchMap":{},"s":{},"f":{},"b":{}}
,"/Users/lotte/Documents/Telenet/customer-web-monorepo/apps/fleet/fleet-mfe-e2e/dist/cypress-reports/TEST-197748ca94d92f596fb2cc882a9e22e7.xml": {"path":"/Users/lotte/Documents/Telenet/customer-web-monorepo/apps/fleet/fleet-mfe-e2e/dist/cypress-reports/TEST-197748ca94d92f596fb2cc882a9e22e7.xml","statementMap":{},"fnMap":{},"branchMap":{},"s":{},"f":{},"b":{}}
,"/Users/lotte/Documents/Telenet/customer-web-monorepo/apps/fleet/fleet-mfe-e2e/dist/cypress-reports/TEST-19cca5debcecb9a6c01a78f0e164a813.xml": {"path":"/Users/lotte/Documents/Telenet/customer-web-monorepo/apps/fleet/fleet-mfe-e2e/dist/cypress-reports/TEST-19cca5debcecb9a6c01a78f0e164a813.xml","statementMap":{},"fnMap":{},"branchMap":{},"s":{},"f":{},"b":{}}
,"/Users/lotte/Documents/Telenet/customer-web-monorepo/apps/fleet/fleet-mfe-e2e/dist/cypress-reports/TEST-19ea7a77ba2c8e9642b547243db6106f.xml": {"path":"/Users/lotte/Documents/Telenet/customer-web-monorepo/apps/fleet/fleet-mfe-e2e/dist/cypress-reports/TEST-19ea7a77ba2c8e9642b547243db6106f.xml","statementMap":{},"fnMap":{},"branchMap":{},"s":{},"f":{},"b":{}}
,"/Users/lotte/Documents/Telenet/customer-web-monorepo/apps/fleet/fleet-mfe-e2e/dist/cypress-reports/TEST-1a0e5900cb6d4aeffb5d7fe62c47f797.xml": {"path":"/Users/lotte/Documents/Telenet/customer-web-monorepo/apps/fleet/fleet-mfe-e2e/dist/cypress-reports/TEST-1a0e5900cb6d4aeffb5d7fe62c47f797.xml","statementMap":{},"fnMap":{},"branchMap":{},"s":{},"f":{},"b":{}}
,"/Users/lotte/Documents/Telenet/customer-web-monorepo/apps/fleet/fleet-mfe-e2e/dist/cypress-reports/TEST-1b99e7325da037e8c455d8a333183e09.xml": {"path":"/Users/lotte/Documents/Telenet/customer-web-monorepo/apps/fleet/fleet-mfe-e2e/dist/cypress-reports/TEST-1b99e7325da037e8c455d8a333183e09.xml","statementMap":{},"fnMap":{},"branchMap":{},"s":{},"f":{},"b":{}}
,"/Users/lotte/Documents/Telenet/customer-web-monorepo/apps/fleet/fleet-mfe-e2e/dist/cypress-reports/TEST-1bbeeeed2984c5a1921b0863ea34e678.xml": {"path":"/Users/lotte/Documents/Telenet/customer-web-monorepo/apps/fleet/fleet-mfe-e2e/dist/cypress-reports/TEST-1bbeeeed2984c5a1921b0863ea34e678.xml","statementMap":{},"fnMap":{},"branchMap":{},"s":{},"f":{},"b":{}}
,"/Users/lotte/Documents/Telenet/customer-web-monorepo/apps/fleet/fleet-mfe-e2e/dist/cypress-reports/TEST-1bcb85a0e668514ff2cd58714f5aa8eb.xml": {"path":"/Users/lotte/Documents/Telenet/customer-web-monorepo/apps/fleet/fleet-mfe-e2e/dist/cypress-reports/TEST-1bcb85a0e668514ff2cd58714f5aa8eb.xml","statementMap":{},"fnMap":{},"branchMap":{},"s":{},"f":{},"b":{}}
,"/Users/lotte/Documents/Telenet/customer-web-monorepo/apps/fleet/fleet-mfe-e2e/dist/cypress-reports/TEST-1cffba1b30636357053ab007657ba488.xml": {"path":"/Users/lotte/Documents/Telenet/customer-web-monorepo/apps/fleet/fleet-mfe-e2e/dist/cypress-reports/TEST-1cffba1b30636357053ab007657ba488.xml","statementMap":{},"fnMap":{},"branchMap":{},"s":{},"f":{},"b":{}}
,"/Users/lotte/Documents/Telenet/customer-web-monorepo/apps/fleet/fleet-mfe-e2e/dist/cypress-reports/TEST-1d41fa28c881a8e32eba461f6581e81e.xml": {"path":"/Users/lotte/Documents/Telenet/customer-web-monorepo/apps/fleet/fleet-mfe-e2e/dist/cypress-reports/TEST-1d41fa28c881a8e32eba461f6581e81e.xml","statementMap":{},"fnMap":{},"branchMap":{},"s":{},"f":{},"b":{}}
,"/Users/lotte/Documents/Telenet/customer-web-monorepo/apps/fleet/fleet-mfe-e2e/dist/cypress-reports/TEST-1d42f95ebce40ec25d04d491f4581e2b.xml": {"path":"/Users/lotte/Documents/Telenet/customer-web-monorepo/apps/fleet/fleet-mfe-e2e/dist/cypress-reports/TEST-1d42f95ebce40ec25d04d491f4581e2b.xml","statementMap":{},"fnMap":{},"branchMap":{},"s":{},"f":{},"b":{}}
,"/Users/lotte/Documents/Telenet/customer-web-monorepo/apps/fleet/fleet-mfe-e2e/dist/cypress-reports/TEST-1dd9a6b6749af66579c87d2480dfc77a.xml": {"path":"/Users/lotte/Documents/Telenet/customer-web-monorepo/apps/fleet/fleet-mfe-e2e/dist/cypress-reports/TEST-1dd9a6b6749af66579c87d2480dfc77a.xml","statementMap":{},"fnMap":{},"branchMap":{},"s":{},"f":{},"b":{}}
,"/Users/lotte/Documents/Telenet/customer-web-monorepo/apps/fleet/fleet-mfe-e2e/dist/cypress-reports/TEST-1e0f22572bbb4922e53cfdc6eb63e5c6.xml": {"path":"/Users/lotte/Documents/Telenet/customer-web-monorepo/apps/fleet/fleet-mfe-e2e/dist/cypress-reports/TEST-1e0f22572bbb4922e53cfdc6eb63e5c6.xml","statementMap":{},"fnMap":{},"branchMap":{},"s":{},"f":{},"b":{}}
,"/Users/lotte/Documents/Telenet/customer-web-monorepo/apps/fleet/fleet-mfe-e2e/dist/cypress-reports/TEST-1e24ce39fabcc33efb548d64f181c40b.xml": {"path":"/Users/lotte/Documents/Telenet/customer-web-monorepo/apps/fleet/fleet-mfe-e2e/dist/cypress-reports/TEST-1e24ce39fabcc33efb548d64f181c40b.xml","statementMap":{},"fnMap":{},"branchMap":{},"s":{},"f":{},"b":{}}
,"/Users/lotte/Documents/Telenet/customer-web-monorepo/apps/fleet/fleet-mfe-e2e/dist/cypress-reports/TEST-1e9d66cb37b398083e2a39fd69d075c5.xml": {"path":"/Users/lotte/Documents/Telenet/customer-web-monorepo/apps/fleet/fleet-mfe-e2e/dist/cypress-reports/TEST-1e9d66cb37b398083e2a39fd69d075c5.xml","statementMap":{},"fnMap":{},"branchMap":{},"s":{},"f":{},"b":{}}
,"/Users/lotte/Documents/Telenet/customer-web-monorepo/apps/fleet/fleet-mfe-e2e/dist/cypress-reports/TEST-1ebc06685b5ace886de25391dd3de5b8.xml": {"path":"/Users/lotte/Documents/Telenet/customer-web-monorepo/apps/fleet/fleet-mfe-e2e/dist/cypress-reports/TEST-1ebc06685b5ace886de25391dd3de5b8.xml","statementMap":{},"fnMap":{},"branchMap":{},"s":{},"f":{},"b":{}}
,"/Users/lotte/Documents/Telenet/customer-web-monorepo/apps/fleet/fleet-mfe-e2e/dist/cypress-reports/TEST-1f1021f5692bfdb88804a368be55d1a8.xml": {"path":"/Users/lotte/Documents/Telenet/customer-web-monorepo/apps/fleet/fleet-mfe-e2e/dist/cypress-reports/TEST-1f1021f5692bfdb88804a368be55d1a8.xml","statementMap":{},"fnMap":{},"branchMap":{},"s":{},"f":{},"b":{}}
,"/Users/lotte/Documents/Telenet/customer-web-monorepo/apps/fleet/fleet-mfe-e2e/dist/cypress-reports/TEST-1f3d1414c80fc3eb0b1e0cd27bd0a767.xml": {"path":"/Users/lotte/Documents/Telenet/customer-web-monorepo/apps/fleet/fleet-mfe-e2e/dist/cypress-reports/TEST-1f3d1414c80fc3eb0b1e0cd27bd0a767.xml","statementMap":{},"fnMap":{},"branchMap":{},"s":{},"f":{},"b":{}}
,"/Users/lotte/Documents/Telenet/customer-web-monorepo/apps/fleet/fleet-mfe-e2e/dist/cypress-reports/TEST-1f473063a4e15b8e4e610dd0558a1266.xml": {"path":"/Users/lotte/Documents/Telenet/customer-web-monorepo/apps/fleet/fleet-mfe-e2e/dist/cypress-reports/TEST-1f473063a4e15b8e4e610dd0558a1266.xml","statementMap":{},"fnMap":{},"branchMap":{},"s":{},"f":{},"b":{}}
,"/Users/lotte/Documents/Telenet/customer-web-monorepo/apps/fleet/fleet-mfe-e2e/dist/cypress-reports/TEST-1f64d844361ac06cd599bf8b9a3aa82d.xml": {"path":"/Users/lotte/Documents/Telenet/customer-web-monorepo/apps/fleet/fleet-mfe-e2e/dist/cypress-reports/TEST-1f64d844361ac06cd599bf8b9a3aa82d.xml","statementMap":{},"fnMap":{},"branchMap":{},"s":{},"f":{},"b":{}}
,"/Users/lotte/Documents/Telenet/customer-web-monorepo/apps/fleet/fleet-mfe-e2e/dist/cypress-reports/TEST-1fab375809ff705d3266e6dde9de8fda.xml": {"path":"/Users/lotte/Documents/Telenet/customer-web-monorepo/apps/fleet/fleet-mfe-e2e/dist/cypress-reports/TEST-1fab375809ff705d3266e6dde9de8fda.xml","statementMap":{},"fnMap":{},"branchMap":{},"s":{},"f":{},"b":{}}
,"/Users/lotte/Documents/Telenet/customer-web-monorepo/apps/fleet/fleet-mfe-e2e/dist/cypress-reports/TEST-2045a56a555056d6d1466d778622668f.xml": {"path":"/Users/lotte/Documents/Telenet/customer-web-monorepo/apps/fleet/fleet-mfe-e2e/dist/cypress-reports/TEST-2045a56a555056d6d1466d778622668f.xml","statementMap":{},"fnMap":{},"branchMap":{},"s":{},"f":{},"b":{}}
,"/Users/lotte/Documents/Telenet/customer-web-monorepo/apps/fleet/fleet-mfe-e2e/dist/cypress-reports/TEST-20902e3e918b57c1dc1ea2667daa1cea.xml": {"path":"/Users/lotte/Documents/Telenet/customer-web-monorepo/apps/fleet/fleet-mfe-e2e/dist/cypress-reports/TEST-20902e3e918b57c1dc1ea2667daa1cea.xml","statementMap":{},"fnMap":{},"branchMap":{},"s":{},"f":{},"b":{}}
,"/Users/lotte/Documents/Telenet/customer-web-monorepo/apps/fleet/fleet-mfe-e2e/dist/cypress-reports/TEST-20909f8f0376ea5e5b4b2ee1b6716d4b.xml": {"path":"/Users/lotte/Documents/Telenet/customer-web-monorepo/apps/fleet/fleet-mfe-e2e/dist/cypress-reports/TEST-20909f8f0376ea5e5b4b2ee1b6716d4b.xml","statementMap":{},"fnMap":{},"branchMap":{},"s":{},"f":{},"b":{}}
,"/Users/lotte/Documents/Telenet/customer-web-monorepo/apps/fleet/fleet-mfe-e2e/dist/cypress-reports/TEST-20e87f21dbc5be8ab5672c7d3b6b119c.xml": {"path":"/Users/lotte/Documents/Telenet/customer-web-monorepo/apps/fleet/fleet-mfe-e2e/dist/cypress-reports/TEST-20e87f21dbc5be8ab5672c7d3b6b119c.xml","statementMap":{},"fnMap":{},"branchMap":{},"s":{},"f":{},"b":{}}
,"/Users/lotte/Documents/Telenet/customer-web-monorepo/apps/fleet/fleet-mfe-e2e/dist/cypress-reports/TEST-2121d1ab8695bda3a6c1b1c408a7e4d9.xml": {"path":"/Users/lotte/Documents/Telenet/customer-web-monorepo/apps/fleet/fleet-mfe-e2e/dist/cypress-reports/TEST-2121d1ab8695bda3a6c1b1c408a7e4d9.xml","statementMap":{},"fnMap":{},"branchMap":{},"s":{},"f":{},"b":{}}
,"/Users/lotte/Documents/Telenet/customer-web-monorepo/apps/fleet/fleet-mfe-e2e/dist/cypress-reports/TEST-21b4f756eb85a2dcd782b2d67db6f0cf.xml": {"path":"/Users/lotte/Documents/Telenet/customer-web-monorepo/apps/fleet/fleet-mfe-e2e/dist/cypress-reports/TEST-21b4f756eb85a2dcd782b2d67db6f0cf.xml","statementMap":{},"fnMap":{},"branchMap":{},"s":{},"f":{},"b":{}}
,"/Users/lotte/Documents/Telenet/customer-web-monorepo/apps/fleet/fleet-mfe-e2e/dist/cypress-reports/TEST-21dab680874886cbdd4df94bdd7f7687.xml": {"path":"/Users/lotte/Documents/Telenet/customer-web-monorepo/apps/fleet/fleet-mfe-e2e/dist/cypress-reports/TEST-21dab680874886cbdd4df94bdd7f7687.xml","statementMap":{},"fnMap":{},"branchMap":{},"s":{},"f":{},"b":{}}
,"/Users/lotte/Documents/Telenet/customer-web-monorepo/apps/fleet/fleet-mfe-e2e/dist/cypress-reports/TEST-228fb67796da6484c9c59c8d9024119b.xml": {"path":"/Users/lotte/Documents/Telenet/customer-web-monorepo/apps/fleet/fleet-mfe-e2e/dist/cypress-reports/TEST-228fb67796da6484c9c59c8d9024119b.xml","statementMap":{},"fnMap":{},"branchMap":{},"s":{},"f":{},"b":{}}
,"/Users/lotte/Documents/Telenet/customer-web-monorepo/apps/fleet/fleet-mfe-e2e/dist/cypress-reports/TEST-23146aa344ed090b87460a12212bb6fe.xml": {"path":"/Users/lotte/Documents/Telenet/customer-web-monorepo/apps/fleet/fleet-mfe-e2e/dist/cypress-reports/TEST-23146aa344ed090b87460a12212bb6fe.xml","statementMap":{},"fnMap":{},"branchMap":{},"s":{},"f":{},"b":{}}
,"/Users/lotte/Documents/Telenet/customer-web-monorepo/apps/fleet/fleet-mfe-e2e/dist/cypress-reports/TEST-2354eeaea400e59777f69175146bb5a7.xml": {"path":"/Users/lotte/Documents/Telenet/customer-web-monorepo/apps/fleet/fleet-mfe-e2e/dist/cypress-reports/TEST-2354eeaea400e59777f69175146bb5a7.xml","statementMap":{},"fnMap":{},"branchMap":{},"s":{},"f":{},"b":{}}
,"/Users/lotte/Documents/Telenet/customer-web-monorepo/apps/fleet/fleet-mfe-e2e/dist/cypress-reports/TEST-235c96f2ad988b1a8e6a1da3ac5a324a.xml": {"path":"/Users/lotte/Documents/Telenet/customer-web-monorepo/apps/fleet/fleet-mfe-e2e/dist/cypress-reports/TEST-235c96f2ad988b1a8e6a1da3ac5a324a.xml","statementMap":{},"fnMap":{},"branchMap":{},"s":{},"f":{},"b":{}}
,"/Users/lotte/Documents/Telenet/customer-web-monorepo/apps/fleet/fleet-mfe-e2e/dist/cypress-reports/TEST-23766944e7d52d5cada7467079618200.xml": {"path":"/Users/lotte/Documents/Telenet/customer-web-monorepo/apps/fleet/fleet-mfe-e2e/dist/cypress-reports/TEST-23766944e7d52d5cada7467079618200.xml","statementMap":{},"fnMap":{},"branchMap":{},"s":{},"f":{},"b":{}}
,"/Users/lotte/Documents/Telenet/customer-web-monorepo/apps/fleet/fleet-mfe-e2e/dist/cypress-reports/TEST-24230fc01b26b411607f6d15a3d04f89.xml": {"path":"/Users/lotte/Documents/Telenet/customer-web-monorepo/apps/fleet/fleet-mfe-e2e/dist/cypress-reports/TEST-24230fc01b26b411607f6d15a3d04f89.xml","statementMap":{},"fnMap":{},"branchMap":{},"s":{},"f":{},"b":{}}
,"/Users/lotte/Documents/Telenet/customer-web-monorepo/apps/fleet/fleet-mfe-e2e/dist/cypress-reports/TEST-251140e1eb90aef5800ce0f4663d31c4.xml": {"path":"/Users/lotte/Documents/Telenet/customer-web-monorepo/apps/fleet/fleet-mfe-e2e/dist/cypress-reports/TEST-251140e1eb90aef5800ce0f4663d31c4.xml","statementMap":{},"fnMap":{},"branchMap":{},"s":{},"f":{},"b":{}}
,"/Users/lotte/Documents/Telenet/customer-web-monorepo/apps/fleet/fleet-mfe-e2e/dist/cypress-reports/TEST-258cba5163ab8e5e7c6da74023829e47.xml": {"path":"/Users/lotte/Documents/Telenet/customer-web-monorepo/apps/fleet/fleet-mfe-e2e/dist/cypress-reports/TEST-258cba5163ab8e5e7c6da74023829e47.xml","statementMap":{},"fnMap":{},"branchMap":{},"s":{},"f":{},"b":{}}
,"/Users/lotte/Documents/Telenet/customer-web-monorepo/apps/fleet/fleet-mfe-e2e/dist/cypress-reports/TEST-26078fd0f9958542a81393d253b13b83.xml": {"path":"/Users/lotte/Documents/Telenet/customer-web-monorepo/apps/fleet/fleet-mfe-e2e/dist/cypress-reports/TEST-26078fd0f9958542a81393d253b13b83.xml","statementMap":{},"fnMap":{},"branchMap":{},"s":{},"f":{},"b":{}}
,"/Users/lotte/Documents/Telenet/customer-web-monorepo/apps/fleet/fleet-mfe-e2e/dist/cypress-reports/TEST-26ce9f8005ed39ca0bb556e9b19204d4.xml": {"path":"/Users/lotte/Documents/Telenet/customer-web-monorepo/apps/fleet/fleet-mfe-e2e/dist/cypress-reports/TEST-26ce9f8005ed39ca0bb556e9b19204d4.xml","statementMap":{},"fnMap":{},"branchMap":{},"s":{},"f":{},"b":{}}
,"/Users/lotte/Documents/Telenet/customer-web-monorepo/apps/fleet/fleet-mfe-e2e/dist/cypress-reports/TEST-26cf662445fc788f3cafe36842e37073.xml": {"path":"/Users/lotte/Documents/Telenet/customer-web-monorepo/apps/fleet/fleet-mfe-e2e/dist/cypress-reports/TEST-26cf662445fc788f3cafe36842e37073.xml","statementMap":{},"fnMap":{},"branchMap":{},"s":{},"f":{},"b":{}}
,"/Users/lotte/Documents/Telenet/customer-web-monorepo/apps/fleet/fleet-mfe-e2e/dist/cypress-reports/TEST-2810cf11e5c7a33246c4f95e8adf8839.xml": {"path":"/Users/lotte/Documents/Telenet/customer-web-monorepo/apps/fleet/fleet-mfe-e2e/dist/cypress-reports/TEST-2810cf11e5c7a33246c4f95e8adf8839.xml","statementMap":{},"fnMap":{},"branchMap":{},"s":{},"f":{},"b":{}}
,"/Users/lotte/Documents/Telenet/customer-web-monorepo/apps/fleet/fleet-mfe-e2e/dist/cypress-reports/TEST-28222567dcfba097a35bf218b494b6ef.xml": {"path":"/Users/lotte/Documents/Telenet/customer-web-monorepo/apps/fleet/fleet-mfe-e2e/dist/cypress-reports/TEST-28222567dcfba097a35bf218b494b6ef.xml","statementMap":{},"fnMap":{},"branchMap":{},"s":{},"f":{},"b":{}}
,"/Users/lotte/Documents/Telenet/customer-web-monorepo/apps/fleet/fleet-mfe-e2e/dist/cypress-reports/TEST-2884b38612de573eb2726c9fa39e38b1.xml": {"path":"/Users/lotte/Documents/Telenet/customer-web-monorepo/apps/fleet/fleet-mfe-e2e/dist/cypress-reports/TEST-2884b38612de573eb2726c9fa39e38b1.xml","statementMap":{},"fnMap":{},"branchMap":{},"s":{},"f":{},"b":{}}
,"/Users/lotte/Documents/Telenet/customer-web-monorepo/apps/fleet/fleet-mfe-e2e/dist/cypress-reports/TEST-293fb0477f9404518f61ebe5485a1ddf.xml": {"path":"/Users/lotte/Documents/Telenet/customer-web-monorepo/apps/fleet/fleet-mfe-e2e/dist/cypress-reports/TEST-293fb0477f9404518f61ebe5485a1ddf.xml","statementMap":{},"fnMap":{},"branchMap":{},"s":{},"f":{},"b":{}}
,"/Users/lotte/Documents/Telenet/customer-web-monorepo/apps/fleet/fleet-mfe-e2e/dist/cypress-reports/TEST-294b664bf0ccee90b9185cde3635b96b.xml": {"path":"/Users/lotte/Documents/Telenet/customer-web-monorepo/apps/fleet/fleet-mfe-e2e/dist/cypress-reports/TEST-294b664bf0ccee90b9185cde3635b96b.xml","statementMap":{},"fnMap":{},"branchMap":{},"s":{},"f":{},"b":{}}
,"/Users/lotte/Documents/Telenet/customer-web-monorepo/apps/fleet/fleet-mfe-e2e/dist/cypress-reports/TEST-2956f3f247bd6df94ef802165440fe96.xml": {"path":"/Users/lotte/Documents/Telenet/customer-web-monorepo/apps/fleet/fleet-mfe-e2e/dist/cypress-reports/TEST-2956f3f247bd6df94ef802165440fe96.xml","statementMap":{},"fnMap":{},"branchMap":{},"s":{},"f":{},"b":{}}
,"/Users/lotte/Documents/Telenet/customer-web-monorepo/apps/fleet/fleet-mfe-e2e/dist/cypress-reports/TEST-2a0449c115da7c1eba4024e75a8f1f20.xml": {"path":"/Users/lotte/Documents/Telenet/customer-web-monorepo/apps/fleet/fleet-mfe-e2e/dist/cypress-reports/TEST-2a0449c115da7c1eba4024e75a8f1f20.xml","statementMap":{},"fnMap":{},"branchMap":{},"s":{},"f":{},"b":{}}
,"/Users/lotte/Documents/Telenet/customer-web-monorepo/apps/fleet/fleet-mfe-e2e/dist/cypress-reports/TEST-2a210668afbd88b1ec419f2322269801.xml": {"path":"/Users/lotte/Documents/Telenet/customer-web-monorepo/apps/fleet/fleet-mfe-e2e/dist/cypress-reports/TEST-2a210668afbd88b1ec419f2322269801.xml","statementMap":{},"fnMap":{},"branchMap":{},"s":{},"f":{},"b":{}}
,"/Users/lotte/Documents/Telenet/customer-web-monorepo/apps/fleet/fleet-mfe-e2e/dist/cypress-reports/TEST-2ab904b727cc67ca5ff9c613d1518488.xml": {"path":"/Users/lotte/Documents/Telenet/customer-web-monorepo/apps/fleet/fleet-mfe-e2e/dist/cypress-reports/TEST-2ab904b727cc67ca5ff9c613d1518488.xml","statementMap":{},"fnMap":{},"branchMap":{},"s":{},"f":{},"b":{}}
,"/Users/lotte/Documents/Telenet/customer-web-monorepo/apps/fleet/fleet-mfe-e2e/dist/cypress-reports/TEST-2b1940fbde7c038c5d62e6cf4c62ab1e.xml": {"path":"/Users/lotte/Documents/Telenet/customer-web-monorepo/apps/fleet/fleet-mfe-e2e/dist/cypress-reports/TEST-2b1940fbde7c038c5d62e6cf4c62ab1e.xml","statementMap":{},"fnMap":{},"branchMap":{},"s":{},"f":{},"b":{}}
,"/Users/lotte/Documents/Telenet/customer-web-monorepo/apps/fleet/fleet-mfe-e2e/dist/cypress-reports/TEST-2c088402730b4101bfb17bdace74c981.xml": {"path":"/Users/lotte/Documents/Telenet/customer-web-monorepo/apps/fleet/fleet-mfe-e2e/dist/cypress-reports/TEST-2c088402730b4101bfb17bdace74c981.xml","statementMap":{},"fnMap":{},"branchMap":{},"s":{},"f":{},"b":{}}
,"/Users/lotte/Documents/Telenet/customer-web-monorepo/apps/fleet/fleet-mfe-e2e/dist/cypress-reports/TEST-2c39c4263e1fb42fc8fbf813d7508e1e.xml": {"path":"/Users/lotte/Documents/Telenet/customer-web-monorepo/apps/fleet/fleet-mfe-e2e/dist/cypress-reports/TEST-2c39c4263e1fb42fc8fbf813d7508e1e.xml","statementMap":{},"fnMap":{},"branchMap":{},"s":{},"f":{},"b":{}}
,"/Users/lotte/Documents/Telenet/customer-web-monorepo/apps/fleet/fleet-mfe-e2e/dist/cypress-reports/TEST-2c6828802db50a06d556caf0a92bd00d.xml": {"path":"/Users/lotte/Documents/Telenet/customer-web-monorepo/apps/fleet/fleet-mfe-e2e/dist/cypress-reports/TEST-2c6828802db50a06d556caf0a92bd00d.xml","statementMap":{},"fnMap":{},"branchMap":{},"s":{},"f":{},"b":{}}
,"/Users/lotte/Documents/Telenet/customer-web-monorepo/apps/fleet/fleet-mfe-e2e/dist/cypress-reports/TEST-2c864a60be3beaacb831f194bb51d463.xml": {"path":"/Users/lotte/Documents/Telenet/customer-web-monorepo/apps/fleet/fleet-mfe-e2e/dist/cypress-reports/TEST-2c864a60be3beaacb831f194bb51d463.xml","statementMap":{},"fnMap":{},"branchMap":{},"s":{},"f":{},"b":{}}
,"/Users/lotte/Documents/Telenet/customer-web-monorepo/apps/fleet/fleet-mfe-e2e/dist/cypress-reports/TEST-2c8b44d4da728cc4badd2caf2e4f2b34.xml": {"path":"/Users/lotte/Documents/Telenet/customer-web-monorepo/apps/fleet/fleet-mfe-e2e/dist/cypress-reports/TEST-2c8b44d4da728cc4badd2caf2e4f2b34.xml","statementMap":{},"fnMap":{},"branchMap":{},"s":{},"f":{},"b":{}}
,"/Users/lotte/Documents/Telenet/customer-web-monorepo/apps/fleet/fleet-mfe-e2e/dist/cypress-reports/TEST-2cbb8ec458b762f673867aa6ba3ad0b4.xml": {"path":"/Users/lotte/Documents/Telenet/customer-web-monorepo/apps/fleet/fleet-mfe-e2e/dist/cypress-reports/TEST-2cbb8ec458b762f673867aa6ba3ad0b4.xml","statementMap":{},"fnMap":{},"branchMap":{},"s":{},"f":{},"b":{}}
,"/Users/lotte/Documents/Telenet/customer-web-monorepo/apps/fleet/fleet-mfe-e2e/dist/cypress-reports/TEST-2d2cfbe34b97c4bba95b1636b39d3021.xml": {"path":"/Users/lotte/Documents/Telenet/customer-web-monorepo/apps/fleet/fleet-mfe-e2e/dist/cypress-reports/TEST-2d2cfbe34b97c4bba95b1636b39d3021.xml","statementMap":{},"fnMap":{},"branchMap":{},"s":{},"f":{},"b":{}}
,"/Users/lotte/Documents/Telenet/customer-web-monorepo/apps/fleet/fleet-mfe-e2e/dist/cypress-reports/TEST-2d7e6bb77509bbd1619b6121292bed75.xml": {"path":"/Users/lotte/Documents/Telenet/customer-web-monorepo/apps/fleet/fleet-mfe-e2e/dist/cypress-reports/TEST-2d7e6bb77509bbd1619b6121292bed75.xml","statementMap":{},"fnMap":{},"branchMap":{},"s":{},"f":{},"b":{}}
,"/Users/lotte/Documents/Telenet/customer-web-monorepo/apps/fleet/fleet-mfe-e2e/dist/cypress-reports/TEST-2df0a9ca1ecef5f9bb4547d3b6cc42af.xml": {"path":"/Users/lotte/Documents/Telenet/customer-web-monorepo/apps/fleet/fleet-mfe-e2e/dist/cypress-reports/TEST-2df0a9ca1ecef5f9bb4547d3b6cc42af.xml","statementMap":{},"fnMap":{},"branchMap":{},"s":{},"f":{},"b":{}}
,"/Users/lotte/Documents/Telenet/customer-web-monorepo/apps/fleet/fleet-mfe-e2e/dist/cypress-reports/TEST-2e6eb87c35f6178e5aba3bdd2595ec23.xml": {"path":"/Users/lotte/Documents/Telenet/customer-web-monorepo/apps/fleet/fleet-mfe-e2e/dist/cypress-reports/TEST-2e6eb87c35f6178e5aba3bdd2595ec23.xml","statementMap":{},"fnMap":{},"branchMap":{},"s":{},"f":{},"b":{}}
,"/Users/lotte/Documents/Telenet/customer-web-monorepo/apps/fleet/fleet-mfe-e2e/dist/cypress-reports/TEST-2e79022da785fdad2cc1bc54a08f694d.xml": {"path":"/Users/lotte/Documents/Telenet/customer-web-monorepo/apps/fleet/fleet-mfe-e2e/dist/cypress-reports/TEST-2e79022da785fdad2cc1bc54a08f694d.xml","statementMap":{},"fnMap":{},"branchMap":{},"s":{},"f":{},"b":{}}
,"/Users/lotte/Documents/Telenet/customer-web-monorepo/apps/fleet/fleet-mfe-e2e/dist/cypress-reports/TEST-2e9a16f40699c7610e4e2da02f6ed9bd.xml": {"path":"/Users/lotte/Documents/Telenet/customer-web-monorepo/apps/fleet/fleet-mfe-e2e/dist/cypress-reports/TEST-2e9a16f40699c7610e4e2da02f6ed9bd.xml","statementMap":{},"fnMap":{},"branchMap":{},"s":{},"f":{},"b":{}}
,"/Users/lotte/Documents/Telenet/customer-web-monorepo/apps/fleet/fleet-mfe-e2e/dist/cypress-reports/TEST-2ed005ead91bc950160939a943b7a39c.xml": {"path":"/Users/lotte/Documents/Telenet/customer-web-monorepo/apps/fleet/fleet-mfe-e2e/dist/cypress-reports/TEST-2ed005ead91bc950160939a943b7a39c.xml","statementMap":{},"fnMap":{},"branchMap":{},"s":{},"f":{},"b":{}}
,"/Users/lotte/Documents/Telenet/customer-web-monorepo/apps/fleet/fleet-mfe-e2e/dist/cypress-reports/TEST-2f237a57ac8170a656e6e2a760865685.xml": {"path":"/Users/lotte/Documents/Telenet/customer-web-monorepo/apps/fleet/fleet-mfe-e2e/dist/cypress-reports/TEST-2f237a57ac8170a656e6e2a760865685.xml","statementMap":{},"fnMap":{},"branchMap":{},"s":{},"f":{},"b":{}}
,"/Users/lotte/Documents/Telenet/customer-web-monorepo/apps/fleet/fleet-mfe-e2e/dist/cypress-reports/TEST-2f321bb176cd51faa1743154e46ab0a0.xml": {"path":"/Users/lotte/Documents/Telenet/customer-web-monorepo/apps/fleet/fleet-mfe-e2e/dist/cypress-reports/TEST-2f321bb176cd51faa1743154e46ab0a0.xml","statementMap":{},"fnMap":{},"branchMap":{},"s":{},"f":{},"b":{}}
,"/Users/lotte/Documents/Telenet/customer-web-monorepo/apps/fleet/fleet-mfe-e2e/dist/cypress-reports/TEST-2f543178ef3f1b799416dd134b16093f.xml": {"path":"/Users/lotte/Documents/Telenet/customer-web-monorepo/apps/fleet/fleet-mfe-e2e/dist/cypress-reports/TEST-2f543178ef3f1b799416dd134b16093f.xml","statementMap":{},"fnMap":{},"branchMap":{},"s":{},"f":{},"b":{}}
,"/Users/lotte/Documents/Telenet/customer-web-monorepo/apps/fleet/fleet-mfe-e2e/dist/cypress-reports/TEST-2fae9622c26af297c90bf46f20c27846.xml": {"path":"/Users/lotte/Documents/Telenet/customer-web-monorepo/apps/fleet/fleet-mfe-e2e/dist/cypress-reports/TEST-2fae9622c26af297c90bf46f20c27846.xml","statementMap":{},"fnMap":{},"branchMap":{},"s":{},"f":{},"b":{}}
,"/Users/lotte/Documents/Telenet/customer-web-monorepo/apps/fleet/fleet-mfe-e2e/dist/cypress-reports/TEST-302b9f4099b25b3490a15cc633dfa556.xml": {"path":"/Users/lotte/Documents/Telenet/customer-web-monorepo/apps/fleet/fleet-mfe-e2e/dist/cypress-reports/TEST-302b9f4099b25b3490a15cc633dfa556.xml","statementMap":{},"fnMap":{},"branchMap":{},"s":{},"f":{},"b":{}}
,"/Users/lotte/Documents/Telenet/customer-web-monorepo/apps/fleet/fleet-mfe-e2e/dist/cypress-reports/TEST-305a8436f74ae7362b1fc25739f31689.xml": {"path":"/Users/lotte/Documents/Telenet/customer-web-monorepo/apps/fleet/fleet-mfe-e2e/dist/cypress-reports/TEST-305a8436f74ae7362b1fc25739f31689.xml","statementMap":{},"fnMap":{},"branchMap":{},"s":{},"f":{},"b":{}}
,"/Users/lotte/Documents/Telenet/customer-web-monorepo/apps/fleet/fleet-mfe-e2e/dist/cypress-reports/TEST-309827d54442b9c1ff823b5fdfe66d0c.xml": {"path":"/Users/lotte/Documents/Telenet/customer-web-monorepo/apps/fleet/fleet-mfe-e2e/dist/cypress-reports/TEST-309827d54442b9c1ff823b5fdfe66d0c.xml","statementMap":{},"fnMap":{},"branchMap":{},"s":{},"f":{},"b":{}}
,"/Users/lotte/Documents/Telenet/customer-web-monorepo/apps/fleet/fleet-mfe-e2e/dist/cypress-reports/TEST-3242742438f094605fedac6a2dfa0df3.xml": {"path":"/Users/lotte/Documents/Telenet/customer-web-monorepo/apps/fleet/fleet-mfe-e2e/dist/cypress-reports/TEST-3242742438f094605fedac6a2dfa0df3.xml","statementMap":{},"fnMap":{},"branchMap":{},"s":{},"f":{},"b":{}}
,"/Users/lotte/Documents/Telenet/customer-web-monorepo/apps/fleet/fleet-mfe-e2e/dist/cypress-reports/TEST-326071a6786f765713f15d8f8e95ac8f.xml": {"path":"/Users/lotte/Documents/Telenet/customer-web-monorepo/apps/fleet/fleet-mfe-e2e/dist/cypress-reports/TEST-326071a6786f765713f15d8f8e95ac8f.xml","statementMap":{},"fnMap":{},"branchMap":{},"s":{},"f":{},"b":{}}
,"/Users/lotte/Documents/Telenet/customer-web-monorepo/apps/fleet/fleet-mfe-e2e/dist/cypress-reports/TEST-3268d484180cffd1d3bff03a52674e9a.xml": {"path":"/Users/lotte/Documents/Telenet/customer-web-monorepo/apps/fleet/fleet-mfe-e2e/dist/cypress-reports/TEST-3268d484180cffd1d3bff03a52674e9a.xml","statementMap":{},"fnMap":{},"branchMap":{},"s":{},"f":{},"b":{}}
,"/Users/lotte/Documents/Telenet/customer-web-monorepo/apps/fleet/fleet-mfe-e2e/dist/cypress-reports/TEST-32cd747c53257ba3b32122ade805b530.xml": {"path":"/Users/lotte/Documents/Telenet/customer-web-monorepo/apps/fleet/fleet-mfe-e2e/dist/cypress-reports/TEST-32cd747c53257ba3b32122ade805b530.xml","statementMap":{},"fnMap":{},"branchMap":{},"s":{},"f":{},"b":{}}
,"/Users/lotte/Documents/Telenet/customer-web-monorepo/apps/fleet/fleet-mfe-e2e/dist/cypress-reports/TEST-334c924610838383e63383ac4cb66827.xml": {"path":"/Users/lotte/Documents/Telenet/customer-web-monorepo/apps/fleet/fleet-mfe-e2e/dist/cypress-reports/TEST-334c924610838383e63383ac4cb66827.xml","statementMap":{},"fnMap":{},"branchMap":{},"s":{},"f":{},"b":{}}
,"/Users/lotte/Documents/Telenet/customer-web-monorepo/apps/fleet/fleet-mfe-e2e/dist/cypress-reports/TEST-33dde703b3b6b1d4e8fef5dac0cce64e.xml": {"path":"/Users/lotte/Documents/Telenet/customer-web-monorepo/apps/fleet/fleet-mfe-e2e/dist/cypress-reports/TEST-33dde703b3b6b1d4e8fef5dac0cce64e.xml","statementMap":{},"fnMap":{},"branchMap":{},"s":{},"f":{},"b":{}}
,"/Users/lotte/Documents/Telenet/customer-web-monorepo/apps/fleet/fleet-mfe-e2e/dist/cypress-reports/TEST-34b687395570ba3a4c5c72467d5964b5.xml": {"path":"/Users/lotte/Documents/Telenet/customer-web-monorepo/apps/fleet/fleet-mfe-e2e/dist/cypress-reports/TEST-34b687395570ba3a4c5c72467d5964b5.xml","statementMap":{},"fnMap":{},"branchMap":{},"s":{},"f":{},"b":{}}
,"/Users/lotte/Documents/Telenet/customer-web-monorepo/apps/fleet/fleet-mfe-e2e/dist/cypress-reports/TEST-34f10e74497a131e4bc490ee089ad4a5.xml": {"path":"/Users/lotte/Documents/Telenet/customer-web-monorepo/apps/fleet/fleet-mfe-e2e/dist/cypress-reports/TEST-34f10e74497a131e4bc490ee089ad4a5.xml","statementMap":{},"fnMap":{},"branchMap":{},"s":{},"f":{},"b":{}}
,"/Users/lotte/Documents/Telenet/customer-web-monorepo/apps/fleet/fleet-mfe-e2e/dist/cypress-reports/TEST-35e3ac0b9a11fd382f620203efe8ba3e.xml": {"path":"/Users/lotte/Documents/Telenet/customer-web-monorepo/apps/fleet/fleet-mfe-e2e/dist/cypress-reports/TEST-35e3ac0b9a11fd382f620203efe8ba3e.xml","statementMap":{},"fnMap":{},"branchMap":{},"s":{},"f":{},"b":{}}
,"/Users/lotte/Documents/Telenet/customer-web-monorepo/apps/fleet/fleet-mfe-e2e/dist/cypress-reports/TEST-362bc26d253c486ca45ee7f8b8742678.xml": {"path":"/Users/lotte/Documents/Telenet/customer-web-monorepo/apps/fleet/fleet-mfe-e2e/dist/cypress-reports/TEST-362bc26d253c486ca45ee7f8b8742678.xml","statementMap":{},"fnMap":{},"branchMap":{},"s":{},"f":{},"b":{}}
,"/Users/lotte/Documents/Telenet/customer-web-monorepo/apps/fleet/fleet-mfe-e2e/dist/cypress-reports/TEST-36403c619ce3dca338c337e523de7dbb.xml": {"path":"/Users/lotte/Documents/Telenet/customer-web-monorepo/apps/fleet/fleet-mfe-e2e/dist/cypress-reports/TEST-36403c619ce3dca338c337e523de7dbb.xml","statementMap":{},"fnMap":{},"branchMap":{},"s":{},"f":{},"b":{}}
,"/Users/lotte/Documents/Telenet/customer-web-monorepo/apps/fleet/fleet-mfe-e2e/dist/cypress-reports/TEST-36edabc94f66f4e44867b6ff97e3948e.xml": {"path":"/Users/lotte/Documents/Telenet/customer-web-monorepo/apps/fleet/fleet-mfe-e2e/dist/cypress-reports/TEST-36edabc94f66f4e44867b6ff97e3948e.xml","statementMap":{},"fnMap":{},"branchMap":{},"s":{},"f":{},"b":{}}
,"/Users/lotte/Documents/Telenet/customer-web-monorepo/apps/fleet/fleet-mfe-e2e/dist/cypress-reports/TEST-36f8893647e8d07f77fae7a8d27543e1.xml": {"path":"/Users/lotte/Documents/Telenet/customer-web-monorepo/apps/fleet/fleet-mfe-e2e/dist/cypress-reports/TEST-36f8893647e8d07f77fae7a8d27543e1.xml","statementMap":{},"fnMap":{},"branchMap":{},"s":{},"f":{},"b":{}}
,"/Users/lotte/Documents/Telenet/customer-web-monorepo/apps/fleet/fleet-mfe-e2e/dist/cypress-reports/TEST-3850423e25097b4c5c09520bfaadcf16.xml": {"path":"/Users/lotte/Documents/Telenet/customer-web-monorepo/apps/fleet/fleet-mfe-e2e/dist/cypress-reports/TEST-3850423e25097b4c5c09520bfaadcf16.xml","statementMap":{},"fnMap":{},"branchMap":{},"s":{},"f":{},"b":{}}
,"/Users/lotte/Documents/Telenet/customer-web-monorepo/apps/fleet/fleet-mfe-e2e/dist/cypress-reports/TEST-3952d581d6e824cff76babbd8539e845.xml": {"path":"/Users/lotte/Documents/Telenet/customer-web-monorepo/apps/fleet/fleet-mfe-e2e/dist/cypress-reports/TEST-3952d581d6e824cff76babbd8539e845.xml","statementMap":{},"fnMap":{},"branchMap":{},"s":{},"f":{},"b":{}}
,"/Users/lotte/Documents/Telenet/customer-web-monorepo/apps/fleet/fleet-mfe-e2e/dist/cypress-reports/TEST-3a433dfdf07ae535a7a04db5e5776dad.xml": {"path":"/Users/lotte/Documents/Telenet/customer-web-monorepo/apps/fleet/fleet-mfe-e2e/dist/cypress-reports/TEST-3a433dfdf07ae535a7a04db5e5776dad.xml","statementMap":{},"fnMap":{},"branchMap":{},"s":{},"f":{},"b":{}}
,"/Users/lotte/Documents/Telenet/customer-web-monorepo/apps/fleet/fleet-mfe-e2e/dist/cypress-reports/TEST-3abbb3c8b344c1a12ece35ba88ecead7.xml": {"path":"/Users/lotte/Documents/Telenet/customer-web-monorepo/apps/fleet/fleet-mfe-e2e/dist/cypress-reports/TEST-3abbb3c8b344c1a12ece35ba88ecead7.xml","statementMap":{},"fnMap":{},"branchMap":{},"s":{},"f":{},"b":{}}
,"/Users/lotte/Documents/Telenet/customer-web-monorepo/apps/fleet/fleet-mfe-e2e/dist/cypress-reports/TEST-3acbad586b912b9ea87487b18883b0ca.xml": {"path":"/Users/lotte/Documents/Telenet/customer-web-monorepo/apps/fleet/fleet-mfe-e2e/dist/cypress-reports/TEST-3acbad586b912b9ea87487b18883b0ca.xml","statementMap":{},"fnMap":{},"branchMap":{},"s":{},"f":{},"b":{}}
,"/Users/lotte/Documents/Telenet/customer-web-monorepo/apps/fleet/fleet-mfe-e2e/dist/cypress-reports/TEST-3b2e0c4e757875bca2ff96a9f19ae029.xml": {"path":"/Users/lotte/Documents/Telenet/customer-web-monorepo/apps/fleet/fleet-mfe-e2e/dist/cypress-reports/TEST-3b2e0c4e757875bca2ff96a9f19ae029.xml","statementMap":{},"fnMap":{},"branchMap":{},"s":{},"f":{},"b":{}}
,"/Users/lotte/Documents/Telenet/customer-web-monorepo/apps/fleet/fleet-mfe-e2e/dist/cypress-reports/TEST-3b30211c4f5770bcbe62042b42381c3b.xml": {"path":"/Users/lotte/Documents/Telenet/customer-web-monorepo/apps/fleet/fleet-mfe-e2e/dist/cypress-reports/TEST-3b30211c4f5770bcbe62042b42381c3b.xml","statementMap":{},"fnMap":{},"branchMap":{},"s":{},"f":{},"b":{}}
,"/Users/lotte/Documents/Telenet/customer-web-monorepo/apps/fleet/fleet-mfe-e2e/dist/cypress-reports/TEST-3c3344359a8c8b49b546a2cc3cd023fb.xml": {"path":"/Users/lotte/Documents/Telenet/customer-web-monorepo/apps/fleet/fleet-mfe-e2e/dist/cypress-reports/TEST-3c3344359a8c8b49b546a2cc3cd023fb.xml","statementMap":{},"fnMap":{},"branchMap":{},"s":{},"f":{},"b":{}}
,"/Users/lotte/Documents/Telenet/customer-web-monorepo/apps/fleet/fleet-mfe-e2e/dist/cypress-reports/TEST-3c35c944c8e290212dca5089775168bf.xml": {"path":"/Users/lotte/Documents/Telenet/customer-web-monorepo/apps/fleet/fleet-mfe-e2e/dist/cypress-reports/TEST-3c35c944c8e290212dca5089775168bf.xml","statementMap":{},"fnMap":{},"branchMap":{},"s":{},"f":{},"b":{}}
,"/Users/lotte/Documents/Telenet/customer-web-monorepo/apps/fleet/fleet-mfe-e2e/dist/cypress-reports/TEST-3cb0cb87499f1631257accd40dbdc9d0.xml": {"path":"/Users/lotte/Documents/Telenet/customer-web-monorepo/apps/fleet/fleet-mfe-e2e/dist/cypress-reports/TEST-3cb0cb87499f1631257accd40dbdc9d0.xml","statementMap":{},"fnMap":{},"branchMap":{},"s":{},"f":{},"b":{}}
,"/Users/lotte/Documents/Telenet/customer-web-monorepo/apps/fleet/fleet-mfe-e2e/dist/cypress-reports/TEST-3cdb897addb3170845da3bcb21d1ee4a.xml": {"path":"/Users/lotte/Documents/Telenet/customer-web-monorepo/apps/fleet/fleet-mfe-e2e/dist/cypress-reports/TEST-3cdb897addb3170845da3bcb21d1ee4a.xml","statementMap":{},"fnMap":{},"branchMap":{},"s":{},"f":{},"b":{}}
,"/Users/lotte/Documents/Telenet/customer-web-monorepo/apps/fleet/fleet-mfe-e2e/dist/cypress-reports/TEST-3d3435e4422549c3b89be796be21dc3d.xml": {"path":"/Users/lotte/Documents/Telenet/customer-web-monorepo/apps/fleet/fleet-mfe-e2e/dist/cypress-reports/TEST-3d3435e4422549c3b89be796be21dc3d.xml","statementMap":{},"fnMap":{},"branchMap":{},"s":{},"f":{},"b":{}}
,"/Users/lotte/Documents/Telenet/customer-web-monorepo/apps/fleet/fleet-mfe-e2e/dist/cypress-reports/TEST-3d86bfc7b11487d59a51f45f4005f183.xml": {"path":"/Users/lotte/Documents/Telenet/customer-web-monorepo/apps/fleet/fleet-mfe-e2e/dist/cypress-reports/TEST-3d86bfc7b11487d59a51f45f4005f183.xml","statementMap":{},"fnMap":{},"branchMap":{},"s":{},"f":{},"b":{}}
,"/Users/lotte/Documents/Telenet/customer-web-monorepo/apps/fleet/fleet-mfe-e2e/dist/cypress-reports/TEST-3de330821e9747ba0be099b9903fa6f5.xml": {"path":"/Users/lotte/Documents/Telenet/customer-web-monorepo/apps/fleet/fleet-mfe-e2e/dist/cypress-reports/TEST-3de330821e9747ba0be099b9903fa6f5.xml","statementMap":{},"fnMap":{},"branchMap":{},"s":{},"f":{},"b":{}}
,"/Users/lotte/Documents/Telenet/customer-web-monorepo/apps/fleet/fleet-mfe-e2e/dist/cypress-reports/TEST-3de421d12833ca44e76d45d99eab7bce.xml": {"path":"/Users/lotte/Documents/Telenet/customer-web-monorepo/apps/fleet/fleet-mfe-e2e/dist/cypress-reports/TEST-3de421d12833ca44e76d45d99eab7bce.xml","statementMap":{},"fnMap":{},"branchMap":{},"s":{},"f":{},"b":{}}
,"/Users/lotte/Documents/Telenet/customer-web-monorepo/apps/fleet/fleet-mfe-e2e/dist/cypress-reports/TEST-3e2c7a69d9041b33a6cca950f4407f82.xml": {"path":"/Users/lotte/Documents/Telenet/customer-web-monorepo/apps/fleet/fleet-mfe-e2e/dist/cypress-reports/TEST-3e2c7a69d9041b33a6cca950f4407f82.xml","statementMap":{},"fnMap":{},"branchMap":{},"s":{},"f":{},"b":{}}
,"/Users/lotte/Documents/Telenet/customer-web-monorepo/apps/fleet/fleet-mfe-e2e/dist/cypress-reports/TEST-3e43ceeaac51b4566d643586e6421650.xml": {"path":"/Users/lotte/Documents/Telenet/customer-web-monorepo/apps/fleet/fleet-mfe-e2e/dist/cypress-reports/TEST-3e43ceeaac51b4566d643586e6421650.xml","statementMap":{},"fnMap":{},"branchMap":{},"s":{},"f":{},"b":{}}
,"/Users/lotte/Documents/Telenet/customer-web-monorepo/apps/fleet/fleet-mfe-e2e/dist/cypress-reports/TEST-3e8978189f81c72d331e15926c22c3da.xml": {"path":"/Users/lotte/Documents/Telenet/customer-web-monorepo/apps/fleet/fleet-mfe-e2e/dist/cypress-reports/TEST-3e8978189f81c72d331e15926c22c3da.xml","statementMap":{},"fnMap":{},"branchMap":{},"s":{},"f":{},"b":{}}
,"/Users/lotte/Documents/Telenet/customer-web-monorepo/apps/fleet/fleet-mfe-e2e/dist/cypress-reports/TEST-3eaeb5d313915fd653077345150d8238.xml": {"path":"/Users/lotte/Documents/Telenet/customer-web-monorepo/apps/fleet/fleet-mfe-e2e/dist/cypress-reports/TEST-3eaeb5d313915fd653077345150d8238.xml","statementMap":{},"fnMap":{},"branchMap":{},"s":{},"f":{},"b":{}}
,"/Users/lotte/Documents/Telenet/customer-web-monorepo/apps/fleet/fleet-mfe-e2e/dist/cypress-reports/TEST-3ed6fcb764c65c4c595f0c4523eb7875.xml": {"path":"/Users/lotte/Documents/Telenet/customer-web-monorepo/apps/fleet/fleet-mfe-e2e/dist/cypress-reports/TEST-3ed6fcb764c65c4c595f0c4523eb7875.xml","statementMap":{},"fnMap":{},"branchMap":{},"s":{},"f":{},"b":{}}
,"/Users/lotte/Documents/Telenet/customer-web-monorepo/apps/fleet/fleet-mfe-e2e/dist/cypress-reports/TEST-3fbfee32cb644ff166d8a2f18ea6aea4.xml": {"path":"/Users/lotte/Documents/Telenet/customer-web-monorepo/apps/fleet/fleet-mfe-e2e/dist/cypress-reports/TEST-3fbfee32cb644ff166d8a2f18ea6aea4.xml","statementMap":{},"fnMap":{},"branchMap":{},"s":{},"f":{},"b":{}}
,"/Users/lotte/Documents/Telenet/customer-web-monorepo/apps/fleet/fleet-mfe-e2e/dist/cypress-reports/TEST-40fd493b1b5241b6a66d26567af665ef.xml": {"path":"/Users/lotte/Documents/Telenet/customer-web-monorepo/apps/fleet/fleet-mfe-e2e/dist/cypress-reports/TEST-40fd493b1b5241b6a66d26567af665ef.xml","statementMap":{},"fnMap":{},"branchMap":{},"s":{},"f":{},"b":{}}
,"/Users/lotte/Documents/Telenet/customer-web-monorepo/apps/fleet/fleet-mfe-e2e/dist/cypress-reports/TEST-410b01f9115d5c2d3d79426d52395847.xml": {"path":"/Users/lotte/Documents/Telenet/customer-web-monorepo/apps/fleet/fleet-mfe-e2e/dist/cypress-reports/TEST-410b01f9115d5c2d3d79426d52395847.xml","statementMap":{},"fnMap":{},"branchMap":{},"s":{},"f":{},"b":{}}
,"/Users/lotte/Documents/Telenet/customer-web-monorepo/apps/fleet/fleet-mfe-e2e/dist/cypress-reports/TEST-414354aa0ca1b234ab80ab97877587e9.xml": {"path":"/Users/lotte/Documents/Telenet/customer-web-monorepo/apps/fleet/fleet-mfe-e2e/dist/cypress-reports/TEST-414354aa0ca1b234ab80ab97877587e9.xml","statementMap":{},"fnMap":{},"branchMap":{},"s":{},"f":{},"b":{}}
,"/Users/lotte/Documents/Telenet/customer-web-monorepo/apps/fleet/fleet-mfe-e2e/dist/cypress-reports/TEST-41be36fdba4833713b56d9623c8120a6.xml": {"path":"/Users/lotte/Documents/Telenet/customer-web-monorepo/apps/fleet/fleet-mfe-e2e/dist/cypress-reports/TEST-41be36fdba4833713b56d9623c8120a6.xml","statementMap":{},"fnMap":{},"branchMap":{},"s":{},"f":{},"b":{}}
,"/Users/lotte/Documents/Telenet/customer-web-monorepo/apps/fleet/fleet-mfe-e2e/dist/cypress-reports/TEST-41e494b2eb10ccd6eaae413f4b193ab9.xml": {"path":"/Users/lotte/Documents/Telenet/customer-web-monorepo/apps/fleet/fleet-mfe-e2e/dist/cypress-reports/TEST-41e494b2eb10ccd6eaae413f4b193ab9.xml","statementMap":{},"fnMap":{},"branchMap":{},"s":{},"f":{},"b":{}}
,"/Users/lotte/Documents/Telenet/customer-web-monorepo/apps/fleet/fleet-mfe-e2e/dist/cypress-reports/TEST-42600825990d4fc8b4223891a5b590c2.xml": {"path":"/Users/lotte/Documents/Telenet/customer-web-monorepo/apps/fleet/fleet-mfe-e2e/dist/cypress-reports/TEST-42600825990d4fc8b4223891a5b590c2.xml","statementMap":{},"fnMap":{},"branchMap":{},"s":{},"f":{},"b":{}}
,"/Users/lotte/Documents/Telenet/customer-web-monorepo/apps/fleet/fleet-mfe-e2e/dist/cypress-reports/TEST-42948198976b262cd5e4919c84261fbf.xml": {"path":"/Users/lotte/Documents/Telenet/customer-web-monorepo/apps/fleet/fleet-mfe-e2e/dist/cypress-reports/TEST-42948198976b262cd5e4919c84261fbf.xml","statementMap":{},"fnMap":{},"branchMap":{},"s":{},"f":{},"b":{}}
,"/Users/lotte/Documents/Telenet/customer-web-monorepo/apps/fleet/fleet-mfe-e2e/dist/cypress-reports/TEST-4358a3040bc2d4dbb36eb70ac093cea1.xml": {"path":"/Users/lotte/Documents/Telenet/customer-web-monorepo/apps/fleet/fleet-mfe-e2e/dist/cypress-reports/TEST-4358a3040bc2d4dbb36eb70ac093cea1.xml","statementMap":{},"fnMap":{},"branchMap":{},"s":{},"f":{},"b":{}}
,"/Users/lotte/Documents/Telenet/customer-web-monorepo/apps/fleet/fleet-mfe-e2e/dist/cypress-reports/TEST-43bf691f91e7ab297c38fbed811d858d.xml": {"path":"/Users/lotte/Documents/Telenet/customer-web-monorepo/apps/fleet/fleet-mfe-e2e/dist/cypress-reports/TEST-43bf691f91e7ab297c38fbed811d858d.xml","statementMap":{},"fnMap":{},"branchMap":{},"s":{},"f":{},"b":{}}
,"/Users/lotte/Documents/Telenet/customer-web-monorepo/apps/fleet/fleet-mfe-e2e/dist/cypress-reports/TEST-440b6ca3a881659818e3798963badf5d.xml": {"path":"/Users/lotte/Documents/Telenet/customer-web-monorepo/apps/fleet/fleet-mfe-e2e/dist/cypress-reports/TEST-440b6ca3a881659818e3798963badf5d.xml","statementMap":{},"fnMap":{},"branchMap":{},"s":{},"f":{},"b":{}}
,"/Users/lotte/Documents/Telenet/customer-web-monorepo/apps/fleet/fleet-mfe-e2e/dist/cypress-reports/TEST-4511b2f98f641c1b85dc890cd62d6a00.xml": {"path":"/Users/lotte/Documents/Telenet/customer-web-monorepo/apps/fleet/fleet-mfe-e2e/dist/cypress-reports/TEST-4511b2f98f641c1b85dc890cd62d6a00.xml","statementMap":{},"fnMap":{},"branchMap":{},"s":{},"f":{},"b":{}}
,"/Users/lotte/Documents/Telenet/customer-web-monorepo/apps/fleet/fleet-mfe-e2e/dist/cypress-reports/TEST-45d87a1e08dcae6042ca9499e228c84d.xml": {"path":"/Users/lotte/Documents/Telenet/customer-web-monorepo/apps/fleet/fleet-mfe-e2e/dist/cypress-reports/TEST-45d87a1e08dcae6042ca9499e228c84d.xml","statementMap":{},"fnMap":{},"branchMap":{},"s":{},"f":{},"b":{}}
,"/Users/lotte/Documents/Telenet/customer-web-monorepo/apps/fleet/fleet-mfe-e2e/dist/cypress-reports/TEST-45eb3774613954be873ba88dc396142f.xml": {"path":"/Users/lotte/Documents/Telenet/customer-web-monorepo/apps/fleet/fleet-mfe-e2e/dist/cypress-reports/TEST-45eb3774613954be873ba88dc396142f.xml","statementMap":{},"fnMap":{},"branchMap":{},"s":{},"f":{},"b":{}}
,"/Users/lotte/Documents/Telenet/customer-web-monorepo/apps/fleet/fleet-mfe-e2e/dist/cypress-reports/TEST-4631f53d2ca39beb04547d3408f80f8b.xml": {"path":"/Users/lotte/Documents/Telenet/customer-web-monorepo/apps/fleet/fleet-mfe-e2e/dist/cypress-reports/TEST-4631f53d2ca39beb04547d3408f80f8b.xml","statementMap":{},"fnMap":{},"branchMap":{},"s":{},"f":{},"b":{}}
,"/Users/lotte/Documents/Telenet/customer-web-monorepo/apps/fleet/fleet-mfe-e2e/dist/cypress-reports/TEST-4653adb90f3afd40694749a3c8c047d9.xml": {"path":"/Users/lotte/Documents/Telenet/customer-web-monorepo/apps/fleet/fleet-mfe-e2e/dist/cypress-reports/TEST-4653adb90f3afd40694749a3c8c047d9.xml","statementMap":{},"fnMap":{},"branchMap":{},"s":{},"f":{},"b":{}}
,"/Users/lotte/Documents/Telenet/customer-web-monorepo/apps/fleet/fleet-mfe-e2e/dist/cypress-reports/TEST-46ad027ffd15b78b1bbc61bdefd07036.xml": {"path":"/Users/lotte/Documents/Telenet/customer-web-monorepo/apps/fleet/fleet-mfe-e2e/dist/cypress-reports/TEST-46ad027ffd15b78b1bbc61bdefd07036.xml","statementMap":{},"fnMap":{},"branchMap":{},"s":{},"f":{},"b":{}}
,"/Users/lotte/Documents/Telenet/customer-web-monorepo/apps/fleet/fleet-mfe-e2e/dist/cypress-reports/TEST-46b69d42a0644feefd06678cc5e65933.xml": {"path":"/Users/lotte/Documents/Telenet/customer-web-monorepo/apps/fleet/fleet-mfe-e2e/dist/cypress-reports/TEST-46b69d42a0644feefd06678cc5e65933.xml","statementMap":{},"fnMap":{},"branchMap":{},"s":{},"f":{},"b":{}}
,"/Users/lotte/Documents/Telenet/customer-web-monorepo/apps/fleet/fleet-mfe-e2e/dist/cypress-reports/TEST-47e04f808fc23f6f1d30d3d5fbcc4e48.xml": {"path":"/Users/lotte/Documents/Telenet/customer-web-monorepo/apps/fleet/fleet-mfe-e2e/dist/cypress-reports/TEST-47e04f808fc23f6f1d30d3d5fbcc4e48.xml","statementMap":{},"fnMap":{},"branchMap":{},"s":{},"f":{},"b":{}}
,"/Users/lotte/Documents/Telenet/customer-web-monorepo/apps/fleet/fleet-mfe-e2e/dist/cypress-reports/TEST-48446192def42860f7c2c4063166ab92.xml": {"path":"/Users/lotte/Documents/Telenet/customer-web-monorepo/apps/fleet/fleet-mfe-e2e/dist/cypress-reports/TEST-48446192def42860f7c2c4063166ab92.xml","statementMap":{},"fnMap":{},"branchMap":{},"s":{},"f":{},"b":{}}
,"/Users/lotte/Documents/Telenet/customer-web-monorepo/apps/fleet/fleet-mfe-e2e/dist/cypress-reports/TEST-48eca8d279539947350f8027bf358157.xml": {"path":"/Users/lotte/Documents/Telenet/customer-web-monorepo/apps/fleet/fleet-mfe-e2e/dist/cypress-reports/TEST-48eca8d279539947350f8027bf358157.xml","statementMap":{},"fnMap":{},"branchMap":{},"s":{},"f":{},"b":{}}
,"/Users/lotte/Documents/Telenet/customer-web-monorepo/apps/fleet/fleet-mfe-e2e/dist/cypress-reports/TEST-490a6390336a0cd713169a11e2dc6c41.xml": {"path":"/Users/lotte/Documents/Telenet/customer-web-monorepo/apps/fleet/fleet-mfe-e2e/dist/cypress-reports/TEST-490a6390336a0cd713169a11e2dc6c41.xml","statementMap":{},"fnMap":{},"branchMap":{},"s":{},"f":{},"b":{}}
,"/Users/lotte/Documents/Telenet/customer-web-monorepo/apps/fleet/fleet-mfe-e2e/dist/cypress-reports/TEST-49ba770e4a4550a7e3b1e12560f5d7ed.xml": {"path":"/Users/lotte/Documents/Telenet/customer-web-monorepo/apps/fleet/fleet-mfe-e2e/dist/cypress-reports/TEST-49ba770e4a4550a7e3b1e12560f5d7ed.xml","statementMap":{},"fnMap":{},"branchMap":{},"s":{},"f":{},"b":{}}
,"/Users/lotte/Documents/Telenet/customer-web-monorepo/apps/fleet/fleet-mfe-e2e/dist/cypress-reports/TEST-4a550427638434facf289bdbd866f9b2.xml": {"path":"/Users/lotte/Documents/Telenet/customer-web-monorepo/apps/fleet/fleet-mfe-e2e/dist/cypress-reports/TEST-4a550427638434facf289bdbd866f9b2.xml","statementMap":{},"fnMap":{},"branchMap":{},"s":{},"f":{},"b":{}}
,"/Users/lotte/Documents/Telenet/customer-web-monorepo/apps/fleet/fleet-mfe-e2e/dist/cypress-reports/TEST-4b39ab3fd7bd59795eef4a3c34808a27.xml": {"path":"/Users/lotte/Documents/Telenet/customer-web-monorepo/apps/fleet/fleet-mfe-e2e/dist/cypress-reports/TEST-4b39ab3fd7bd59795eef4a3c34808a27.xml","statementMap":{},"fnMap":{},"branchMap":{},"s":{},"f":{},"b":{}}
,"/Users/lotte/Documents/Telenet/customer-web-monorepo/apps/fleet/fleet-mfe-e2e/dist/cypress-reports/TEST-4b7a3deebd390bb8a411f15f61ff26be.xml": {"path":"/Users/lotte/Documents/Telenet/customer-web-monorepo/apps/fleet/fleet-mfe-e2e/dist/cypress-reports/TEST-4b7a3deebd390bb8a411f15f61ff26be.xml","statementMap":{},"fnMap":{},"branchMap":{},"s":{},"f":{},"b":{}}
,"/Users/lotte/Documents/Telenet/customer-web-monorepo/apps/fleet/fleet-mfe-e2e/dist/cypress-reports/TEST-4b845199a20bbcea3a1c80576b39b7f6.xml": {"path":"/Users/lotte/Documents/Telenet/customer-web-monorepo/apps/fleet/fleet-mfe-e2e/dist/cypress-reports/TEST-4b845199a20bbcea3a1c80576b39b7f6.xml","statementMap":{},"fnMap":{},"branchMap":{},"s":{},"f":{},"b":{}}
,"/Users/lotte/Documents/Telenet/customer-web-monorepo/apps/fleet/fleet-mfe-e2e/dist/cypress-reports/TEST-4bc6db6c7ef47878e1c48b5a0f039b2b.xml": {"path":"/Users/lotte/Documents/Telenet/customer-web-monorepo/apps/fleet/fleet-mfe-e2e/dist/cypress-reports/TEST-4bc6db6c7ef47878e1c48b5a0f039b2b.xml","statementMap":{},"fnMap":{},"branchMap":{},"s":{},"f":{},"b":{}}
,"/Users/lotte/Documents/Telenet/customer-web-monorepo/apps/fleet/fleet-mfe-e2e/dist/cypress-reports/TEST-4c68c88d5b326e824437bebac10d75ba.xml": {"path":"/Users/lotte/Documents/Telenet/customer-web-monorepo/apps/fleet/fleet-mfe-e2e/dist/cypress-reports/TEST-4c68c88d5b326e824437bebac10d75ba.xml","statementMap":{},"fnMap":{},"branchMap":{},"s":{},"f":{},"b":{}}
,"/Users/lotte/Documents/Telenet/customer-web-monorepo/apps/fleet/fleet-mfe-e2e/dist/cypress-reports/TEST-4cf47201522dd39a23c32e1e82d402b6.xml": {"path":"/Users/lotte/Documents/Telenet/customer-web-monorepo/apps/fleet/fleet-mfe-e2e/dist/cypress-reports/TEST-4cf47201522dd39a23c32e1e82d402b6.xml","statementMap":{},"fnMap":{},"branchMap":{},"s":{},"f":{},"b":{}}
,"/Users/lotte/Documents/Telenet/customer-web-monorepo/apps/fleet/fleet-mfe-e2e/dist/cypress-reports/TEST-4d6bafbed4ec776bfe7a874416c8afbd.xml": {"path":"/Users/lotte/Documents/Telenet/customer-web-monorepo/apps/fleet/fleet-mfe-e2e/dist/cypress-reports/TEST-4d6bafbed4ec776bfe7a874416c8afbd.xml","statementMap":{},"fnMap":{},"branchMap":{},"s":{},"f":{},"b":{}}
,"/Users/lotte/Documents/Telenet/customer-web-monorepo/apps/fleet/fleet-mfe-e2e/dist/cypress-reports/TEST-4d8754dffd7b354a98bad3e01d578eda.xml": {"path":"/Users/lotte/Documents/Telenet/customer-web-monorepo/apps/fleet/fleet-mfe-e2e/dist/cypress-reports/TEST-4d8754dffd7b354a98bad3e01d578eda.xml","statementMap":{},"fnMap":{},"branchMap":{},"s":{},"f":{},"b":{}}
,"/Users/lotte/Documents/Telenet/customer-web-monorepo/apps/fleet/fleet-mfe-e2e/dist/cypress-reports/TEST-4db161cebdd14b0840d6bc91e0875515.xml": {"path":"/Users/lotte/Documents/Telenet/customer-web-monorepo/apps/fleet/fleet-mfe-e2e/dist/cypress-reports/TEST-4db161cebdd14b0840d6bc91e0875515.xml","statementMap":{},"fnMap":{},"branchMap":{},"s":{},"f":{},"b":{}}
,"/Users/lotte/Documents/Telenet/customer-web-monorepo/apps/fleet/fleet-mfe-e2e/dist/cypress-reports/TEST-4e1317a803523ca888efe5005a9146e7.xml": {"path":"/Users/lotte/Documents/Telenet/customer-web-monorepo/apps/fleet/fleet-mfe-e2e/dist/cypress-reports/TEST-4e1317a803523ca888efe5005a9146e7.xml","statementMap":{},"fnMap":{},"branchMap":{},"s":{},"f":{},"b":{}}
,"/Users/lotte/Documents/Telenet/customer-web-monorepo/apps/fleet/fleet-mfe-e2e/dist/cypress-reports/TEST-4e1f3177b8aa7281cef11e291c747ca1.xml": {"path":"/Users/lotte/Documents/Telenet/customer-web-monorepo/apps/fleet/fleet-mfe-e2e/dist/cypress-reports/TEST-4e1f3177b8aa7281cef11e291c747ca1.xml","statementMap":{},"fnMap":{},"branchMap":{},"s":{},"f":{},"b":{}}
,"/Users/lotte/Documents/Telenet/customer-web-monorepo/apps/fleet/fleet-mfe-e2e/dist/cypress-reports/TEST-4e91372d404d2c86e632207e57006399.xml": {"path":"/Users/lotte/Documents/Telenet/customer-web-monorepo/apps/fleet/fleet-mfe-e2e/dist/cypress-reports/TEST-4e91372d404d2c86e632207e57006399.xml","statementMap":{},"fnMap":{},"branchMap":{},"s":{},"f":{},"b":{}}
,"/Users/lotte/Documents/Telenet/customer-web-monorepo/apps/fleet/fleet-mfe-e2e/dist/cypress-reports/TEST-4ea3425263c1fd917f313fc8e3fff555.xml": {"path":"/Users/lotte/Documents/Telenet/customer-web-monorepo/apps/fleet/fleet-mfe-e2e/dist/cypress-reports/TEST-4ea3425263c1fd917f313fc8e3fff555.xml","statementMap":{},"fnMap":{},"branchMap":{},"s":{},"f":{},"b":{}}
,"/Users/lotte/Documents/Telenet/customer-web-monorepo/apps/fleet/fleet-mfe-e2e/dist/cypress-reports/TEST-4eab1d09b8a6def8bc7f434155d51f31.xml": {"path":"/Users/lotte/Documents/Telenet/customer-web-monorepo/apps/fleet/fleet-mfe-e2e/dist/cypress-reports/TEST-4eab1d09b8a6def8bc7f434155d51f31.xml","statementMap":{},"fnMap":{},"branchMap":{},"s":{},"f":{},"b":{}}
,"/Users/lotte/Documents/Telenet/customer-web-monorepo/apps/fleet/fleet-mfe-e2e/dist/cypress-reports/TEST-4ee4e61db9c5e39093c82f0934535620.xml": {"path":"/Users/lotte/Documents/Telenet/customer-web-monorepo/apps/fleet/fleet-mfe-e2e/dist/cypress-reports/TEST-4ee4e61db9c5e39093c82f0934535620.xml","statementMap":{},"fnMap":{},"branchMap":{},"s":{},"f":{},"b":{}}
,"/Users/lotte/Documents/Telenet/customer-web-monorepo/apps/fleet/fleet-mfe-e2e/dist/cypress-reports/TEST-4f28143cbb9ee898e4c55a1a03b3c32e.xml": {"path":"/Users/lotte/Documents/Telenet/customer-web-monorepo/apps/fleet/fleet-mfe-e2e/dist/cypress-reports/TEST-4f28143cbb9ee898e4c55a1a03b3c32e.xml","statementMap":{},"fnMap":{},"branchMap":{},"s":{},"f":{},"b":{}}
,"/Users/lotte/Documents/Telenet/customer-web-monorepo/apps/fleet/fleet-mfe-e2e/dist/cypress-reports/TEST-4fbb7824295a9fe4dfd89ff93858aad2.xml": {"path":"/Users/lotte/Documents/Telenet/customer-web-monorepo/apps/fleet/fleet-mfe-e2e/dist/cypress-reports/TEST-4fbb7824295a9fe4dfd89ff93858aad2.xml","statementMap":{},"fnMap":{},"branchMap":{},"s":{},"f":{},"b":{}}
,"/Users/lotte/Documents/Telenet/customer-web-monorepo/apps/fleet/fleet-mfe-e2e/dist/cypress-reports/TEST-50a8420dbc05ad8ef8ddb0b24ff3ad1f.xml": {"path":"/Users/lotte/Documents/Telenet/customer-web-monorepo/apps/fleet/fleet-mfe-e2e/dist/cypress-reports/TEST-50a8420dbc05ad8ef8ddb0b24ff3ad1f.xml","statementMap":{},"fnMap":{},"branchMap":{},"s":{},"f":{},"b":{}}
,"/Users/lotte/Documents/Telenet/customer-web-monorepo/apps/fleet/fleet-mfe-e2e/dist/cypress-reports/TEST-5295ef54a88c09589c249663b5737500.xml": {"path":"/Users/lotte/Documents/Telenet/customer-web-monorepo/apps/fleet/fleet-mfe-e2e/dist/cypress-reports/TEST-5295ef54a88c09589c249663b5737500.xml","statementMap":{},"fnMap":{},"branchMap":{},"s":{},"f":{},"b":{}}
,"/Users/lotte/Documents/Telenet/customer-web-monorepo/apps/fleet/fleet-mfe-e2e/dist/cypress-reports/TEST-5324a43e4e4386634435e7b2cfaa6405.xml": {"path":"/Users/lotte/Documents/Telenet/customer-web-monorepo/apps/fleet/fleet-mfe-e2e/dist/cypress-reports/TEST-5324a43e4e4386634435e7b2cfaa6405.xml","statementMap":{},"fnMap":{},"branchMap":{},"s":{},"f":{},"b":{}}
,"/Users/lotte/Documents/Telenet/customer-web-monorepo/apps/fleet/fleet-mfe-e2e/dist/cypress-reports/TEST-53520f3737db0529d9a0c8ce9c709247.xml": {"path":"/Users/lotte/Documents/Telenet/customer-web-monorepo/apps/fleet/fleet-mfe-e2e/dist/cypress-reports/TEST-53520f3737db0529d9a0c8ce9c709247.xml","statementMap":{},"fnMap":{},"branchMap":{},"s":{},"f":{},"b":{}}
,"/Users/lotte/Documents/Telenet/customer-web-monorepo/apps/fleet/fleet-mfe-e2e/dist/cypress-reports/TEST-5353f102fa4770d9f0b5d1d5746568e9.xml": {"path":"/Users/lotte/Documents/Telenet/customer-web-monorepo/apps/fleet/fleet-mfe-e2e/dist/cypress-reports/TEST-5353f102fa4770d9f0b5d1d5746568e9.xml","statementMap":{},"fnMap":{},"branchMap":{},"s":{},"f":{},"b":{}}
,"/Users/lotte/Documents/Telenet/customer-web-monorepo/apps/fleet/fleet-mfe-e2e/dist/cypress-reports/TEST-53551997c5c91475faff30db31b2abec.xml": {"path":"/Users/lotte/Documents/Telenet/customer-web-monorepo/apps/fleet/fleet-mfe-e2e/dist/cypress-reports/TEST-53551997c5c91475faff30db31b2abec.xml","statementMap":{},"fnMap":{},"branchMap":{},"s":{},"f":{},"b":{}}
,"/Users/lotte/Documents/Telenet/customer-web-monorepo/apps/fleet/fleet-mfe-e2e/dist/cypress-reports/TEST-53bc8b62feff26133c87db29f156259c.xml": {"path":"/Users/lotte/Documents/Telenet/customer-web-monorepo/apps/fleet/fleet-mfe-e2e/dist/cypress-reports/TEST-53bc8b62feff26133c87db29f156259c.xml","statementMap":{},"fnMap":{},"branchMap":{},"s":{},"f":{},"b":{}}
[...]
,"/Users/lotte/Documents/Telenet/customer-web-monorepo/apps/fleet/fleet-mfe/src/fonts/bloomSpeakBodyHeavy.ttf": {"path":"/Users/lotte/Documents/Telenet/customer-web-monorepo/apps/fleet/fleet-mfe/src/fonts/bloomSpeakBodyHeavy.ttf","statementMap":{},"fnMap":{},"branchMap":{},"s":{},"f":{},"b":{}}
,"/Users/lotte/Documents/Telenet/customer-web-monorepo/apps/fleet/fleet-mfe/src/fonts/bloomSpeakBodyHeavy.woff": {"path":"/Users/lotte/Documents/Telenet/customer-web-monorepo/apps/fleet/fleet-mfe/src/fonts/bloomSpeakBodyHeavy.woff","statementMap":{},"fnMap":{},"branchMap":{},"s":{},"f":{},"b":{}}
,"/Users/lotte/Documents/Telenet/customer-web-monorepo/apps/fleet/fleet-mfe/src/fonts/bloomSpeakBodyLight.eot": {"path":"/Users/lotte/Documents/Telenet/customer-web-monorepo/apps/fleet/fleet-mfe/src/fonts/bloomSpeakBodyLight.eot","statementMap":{},"fnMap":{},"branchMap":{},"s":{},"f":{},"b":{}}
,"/Users/lotte/Documents/Telenet/customer-web-monorepo/apps/fleet/fleet-mfe/src/fonts/bloomSpeakBodyLight.otf": {"path":"/Users/lotte/Documents/Telenet/customer-web-monorepo/apps/fleet/fleet-mfe/src/fonts/bloomSpeakBodyLight.otf","statementMap":{},"fnMap":{},"branchMap":{},"s":{},"f":{},"b":{}}
,"/Users/lotte/Documents/Telenet/customer-web-monorepo/apps/fleet/fleet-mfe/src/fonts/bloomSpeakBodyLight.svg": {"path":"/Users/lotte/Documents/Telenet/customer-web-monorepo/apps/fleet/fleet-mfe/src/fonts/bloomSpeakBodyLight.svg","statementMap":{},"fnMap":{},"branchMap":{},"s":{},"f":{},"b":{}}
,"/Users/lotte/Documents/Telenet/customer-web-monorepo/apps/fleet/fleet-mfe/src/fonts/bloomSpeakBodyLight.ttf": {"path":"/Users/lotte/Documents/Telenet/customer-web-monorepo/apps/fleet/fleet-mfe/src/fonts/bloomSpeakBodyLight.ttf","statementMap":{},"fnMap":{},"branchMap":{},"s":{},"f":{},"b":{}}
,"/Users/lotte/Documents/Telenet/customer-web-monorepo/apps/fleet/fleet-mfe/src/fonts/bloomSpeakBodyLight.woff": {"path":"/Users/lotte/Documents/Telenet/customer-web-monorepo/apps/fleet/fleet-mfe/src/fonts/bloomSpeakBodyLight.woff","statementMap":{},"fnMap":{},"branchMap":{},"s":{},"f":{},"b":{}}
,"/Users/lotte/Documents/Telenet/customer-web-monorepo/apps/fleet/fleet-mfe/src/fonts/bloomSpeakBodyMedium.eot": {"path":"/Users/lotte/Documents/Telenet/customer-web-monorepo/apps/fleet/fleet-mfe/src/fonts/bloomSpeakBodyMedium.eot","statementMap":{},"fnMap":{},"branchMap":{},"s":{},"f":{},"b":{}}
,"/Users/lotte/Documents/Telenet/customer-web-monorepo/apps/fleet/fleet-mfe/src/fonts/bloomSpeakBodyMedium.otf": {"path":"/Users/lotte/Documents/Telenet/customer-web-monorepo/apps/fleet/fleet-mfe/src/fonts/bloomSpeakBodyMedium.otf","statementMap":{},"fnMap":{},"branchMap":{},"s":{},"f":{},"b":{}}
,"/Users/lotte/Documents/Telenet/customer-web-monorepo/apps/fleet/fleet-mfe/src/fonts/bloomSpeakBodyMedium.svg": {"path":"/Users/lotte/Documents/Telenet/customer-web-monorepo/apps/fleet/fleet-mfe/src/fonts/bloomSpeakBodyMedium.svg","statementMap":{},"fnMap":{},"branchMap":{},"s":{},"f":{},"b":{}}
,"/Users/lotte/Documents/Telenet/customer-web-monorepo/apps/fleet/fleet-mfe/src/fonts/bloomSpeakBodyMedium.ttf": {"path":"/Users/lotte/Documents/Telenet/customer-web-monorepo/apps/fleet/fleet-mfe/src/fonts/bloomSpeakBodyMedium.ttf","statementMap":{},"fnMap":{},"branchMap":{},"s":{},"f":{},"b":{}}
,"/Users/lotte/Documents/Telenet/customer-web-monorepo/apps/fleet/fleet-mfe/src/fonts/bloomSpeakBodyMedium.woff": {"path":"/Users/lotte/Documents/Telenet/customer-web-monorepo/apps/fleet/fleet-mfe/src/fonts/bloomSpeakBodyMedium.woff","statementMap":{},"fnMap":{},"branchMap":{},"s":{},"f":{},"b":{}}
,"/Users/lotte/Documents/Telenet/customer-web-monorepo/apps/fleet/fleet-mfe/src/fonts/bloomSpeakBodyRegular.eot": {"path":"/Users/lotte/Documents/Telenet/customer-web-monorepo/apps/fleet/fleet-mfe/src/fonts/bloomSpeakBodyRegular.eot","statementMap":{},"fnMap":{},"branchMap":{},"s":{},"f":{},"b":{}}
,"/Users/lotte/Documents/Telenet/customer-web-monorepo/apps/fleet/fleet-mfe/src/fonts/bloomSpeakBodyRegular.otf": {"path":"/Users/lotte/Documents/Telenet/customer-web-monorepo/apps/fleet/fleet-mfe/src/fonts/bloomSpeakBodyRegular.otf","statementMap":{},"fnMap":{},"branchMap":{},"s":{},"f":{},"b":{}}
,"/Users/lotte/Documents/Telenet/customer-web-monorepo/apps/fleet/fleet-mfe/src/fonts/bloomSpeakBodyRegular.svg": {"path":"/Users/lotte/Documents/Telenet/customer-web-monorepo/apps/fleet/fleet-mfe/src/fonts/bloomSpeakBodyRegular.svg","statementMap":{},"fnMap":{},"branchMap":{},"s":{},"f":{},"b":{}}
,"/Users/lotte/Documents/Telenet/customer-web-monorepo/apps/fleet/fleet-mfe/src/fonts/bloomSpeakBodyRegular.ttf": {"path":"/Users/lotte/Documents/Telenet/customer-web-monorepo/apps/fleet/fleet-mfe/src/fonts/bloomSpeakBodyRegular.ttf","statementMap":{},"fnMap":{},"branchMap":{},"s":{},"f":{},"b":{}}
,"/Users/lotte/Documents/Telenet/customer-web-monorepo/apps/fleet/fleet-mfe/src/fonts/bloomSpeakBodyRegular.woff": {"path":"/Users/lotte/Documents/Telenet/customer-web-monorepo/apps/fleet/fleet-mfe/src/fonts/bloomSpeakBodyRegular.woff","statementMap":{},"fnMap":{},"branchMap":{},"s":{},"f":{},"b":{}}
,"/Users/lotte/Documents/Telenet/customer-web-monorepo/apps/fleet/fleet-mfe/src/fonts/bloomSpeakTitle-Black.eot": {"path":"/Users/lotte/Documents/Telenet/customer-web-monorepo/apps/fleet/fleet-mfe/src/fonts/bloomSpeakTitle-Black.eot","statementMap":{},"fnMap":{},"branchMap":{},"s":{},"f":{},"b":{}}
,"/Users/lotte/Documents/Telenet/customer-web-monorepo/apps/fleet/fleet-mfe/src/fonts/bloomSpeakTitle-Black.otf": {"path":"/Users/lotte/Documents/Telenet/customer-web-monorepo/apps/fleet/fleet-mfe/src/fonts/bloomSpeakTitle-Black.otf","statementMap":{},"fnMap":{},"branchMap":{},"s":{},"f":{},"b":{}}
,"/Users/lotte/Documents/Telenet/customer-web-monorepo/apps/fleet/fleet-mfe/src/fonts/bloomSpeakTitle-Black.ttf": {"path":"/Users/lotte/Documents/Telenet/customer-web-monorepo/apps/fleet/fleet-mfe/src/fonts/bloomSpeakTitle-Black.ttf","statementMap":{},"fnMap":{},"branchMap":{},"s":{},"f":{},"b":{}}
,"/Users/lotte/Documents/Telenet/customer-web-monorepo/apps/fleet/fleet-mfe/src/fonts/bloomSpeakTitle-Black.woff": {"path":"/Users/lotte/Documents/Telenet/customer-web-monorepo/apps/fleet/fleet-mfe/src/fonts/bloomSpeakTitle-Black.woff","statementMap":{},"fnMap":{},"branchMap":{},"s":{},"f":{},"b":{}}
,"/Users/lotte/Documents/Telenet/customer-web-monorepo/apps/fleet/fleet-mfe/src/fonts/bloomSpeakTitleHeavy.eot": {"path":"/Users/lotte/Documents/Telenet/customer-web-monorepo/apps/fleet/fleet-mfe/src/fonts/bloomSpeakTitleHeavy.eot","statementMap":{},"fnMap":{},"branchMap":{},"s":{},"f":{},"b":{}}
,"/Users/lotte/Documents/Telenet/customer-web-monorepo/apps/fleet/fleet-mfe/src/fonts/bloomSpeakTitleHeavy.otf": {"path":"/Users/lotte/Documents/Telenet/customer-web-monorepo/apps/fleet/fleet-mfe/src/fonts/bloomSpeakTitleHeavy.otf","statementMap":{},"fnMap":{},"branchMap":{},"s":{},"f":{},"b":{}}
,"/Users/lotte/Documents/Telenet/customer-web-monorepo/apps/fleet/fleet-mfe/src/fonts/bloomSpeakTitleHeavy.svg": {"path":"/Users/lotte/Documents/Telenet/customer-web-monorepo/apps/fleet/fleet-mfe/src/fonts/bloomSpeakTitleHeavy.svg","statementMap":{},"fnMap":{},"branchMap":{},"s":{},"f":{},"b":{}}
,"/Users/lotte/Documents/Telenet/customer-web-monorepo/apps/fleet/fleet-mfe/src/fonts/bloomSpeakTitleHeavy.ttf": {"path":"/Users/lotte/Documents/Telenet/customer-web-monorepo/apps/fleet/fleet-mfe/src/fonts/bloomSpeakTitleHeavy.ttf","statementMap":{},"fnMap":{},"branchMap":{},"s":{},"f":{},"b":{}}
,"/Users/lotte/Documents/Telenet/customer-web-monorepo/apps/fleet/fleet-mfe/src/fonts/bloomSpeakTitleHeavy.woff": {"path":"/Users/lotte/Documents/Telenet/customer-web-monorepo/apps/fleet/fleet-mfe/src/fonts/bloomSpeakTitleHeavy.woff","statementMap":{},"fnMap":{},"branchMap":{},"s":{},"f":{},"b":{}}
,"/Users/lotte/Documents/Telenet/customer-web-monorepo/apps/fleet/fleet-mfe/src/fonts/bloomSpeakTitleMedium.eot": {"path":"/Users/lotte/Documents/Telenet/customer-web-monorepo/apps/fleet/fleet-mfe/src/fonts/bloomSpeakTitleMedium.eot","statementMap":{},"fnMap":{},"branchMap":{},"s":{},"f":{},"b":{}}
,"/Users/lotte/Documents/Telenet/customer-web-monorepo/apps/fleet/fleet-mfe/src/fonts/bloomSpeakTitleMedium.otf": {"path":"/Users/lotte/Documents/Telenet/customer-web-monorepo/apps/fleet/fleet-mfe/src/fonts/bloomSpeakTitleMedium.otf","statementMap":{},"fnMap":{},"branchMap":{},"s":{},"f":{},"b":{}}
,"/Users/lotte/Documents/Telenet/customer-web-monorepo/apps/fleet/fleet-mfe/src/fonts/bloomSpeakTitleMedium.svg": {"path":"/Users/lotte/Documents/Telenet/customer-web-monorepo/apps/fleet/fleet-mfe/src/fonts/bloomSpeakTitleMedium.svg","statementMap":{},"fnMap":{},"branchMap":{},"s":{},"f":{},"b":{}}
,"/Users/lotte/Documents/Telenet/customer-web-monorepo/apps/fleet/fleet-mfe/src/fonts/bloomSpeakTitleMedium.ttf": {"path":"/Users/lotte/Documents/Telenet/customer-web-monorepo/apps/fleet/fleet-mfe/src/fonts/bloomSpeakTitleMedium.ttf","statementMap":{},"fnMap":{},"branchMap":{},"s":{},"f":{},"b":{}}
,"/Users/lotte/Documents/Telenet/customer-web-monorepo/apps/fleet/fleet-mfe/src/fonts/bloomSpeakTitleMedium.woff": {"path":"/Users/lotte/Documents/Telenet/customer-web-monorepo/apps/fleet/fleet-mfe/src/fonts/bloomSpeakTitleMedium.woff","statementMap":{},"fnMap":{},"branchMap":{},"s":{},"f":{},"b":{}}
,"/Users/lotte/Documents/Telenet/customer-web-monorepo/apps/fleet/fleet-mfe/src/fonts/bloomSpeakTitleUltraHeavy.eot": {"path":"/Users/lotte/Documents/Telenet/customer-web-monorepo/apps/fleet/fleet-mfe/src/fonts/bloomSpeakTitleUltraHeavy.eot","statementMap":{},"fnMap":{},"branchMap":{},"s":{},"f":{},"b":{}}
,"/Users/lotte/Documents/Telenet/customer-web-monorepo/apps/fleet/fleet-mfe/src/fonts/bloomSpeakTitleUltraHeavy.otf": {"path":"/Users/lotte/Documents/Telenet/customer-web-monorepo/apps/fleet/fleet-mfe/src/fonts/bloomSpeakTitleUltraHeavy.otf","statementMap":{},"fnMap":{},"branchMap":{},"s":{},"f":{},"b":{}}
,"/Users/lotte/Documents/Telenet/customer-web-monorepo/apps/fleet/fleet-mfe/src/fonts/bloomSpeakTitleUltraHeavy.svg": {"path":"/Users/lotte/Documents/Telenet/customer-web-monorepo/apps/fleet/fleet-mfe/src/fonts/bloomSpeakTitleUltraHeavy.svg","statementMap":{},"fnMap":{},"branchMap":{},"s":{},"f":{},"b":{}}
,"/Users/lotte/Documents/Telenet/customer-web-monorepo/apps/fleet/fleet-mfe/src/fonts/bloomSpeakTitleUltraHeavy.ttf": {"path":"/Users/lotte/Documents/Telenet/customer-web-monorepo/apps/fleet/fleet-mfe/src/fonts/bloomSpeakTitleUltraHeavy.ttf","statementMap":{},"fnMap":{},"branchMap":{},"s":{},"f":{},"b":{}}
,"/Users/lotte/Documents/Telenet/customer-web-monorepo/apps/fleet/fleet-mfe/src/fonts/bloomSpeakTitleUltraHeavy.woff": {"path":"/Users/lotte/Documents/Telenet/customer-web-monorepo/apps/fleet/fleet-mfe/src/fonts/bloomSpeakTitleUltraHeavy.woff","statementMap":{},"fnMap":{},"branchMap":{},"s":{},"f":{},"b":{}}
,"/Users/lotte/Documents/Telenet/customer-web-monorepo/apps/fleet/fleet-mfe/src/fonts/bloomspeak-ultra-black.woff": {"path":"/Users/lotte/Documents/Telenet/customer-web-monorepo/apps/fleet/fleet-mfe/src/fonts/bloomspeak-ultra-black.woff","statementMap":{},"fnMap":{},"branchMap":{},"s":{},"f":{},"b":{}}
,"/Users/lotte/Documents/Telenet/customer-web-monorepo/apps/fleet/fleet-mfe/src/fonts/care-page-dtv-background-desktop.svg": {"path":"/Users/lotte/Documents/Telenet/customer-web-monorepo/apps/fleet/fleet-mfe/src/fonts/care-page-dtv-background-desktop.svg","statementMap":{},"fnMap":{},"branchMap":{},"s":{},"f":{},"b":{}}
,"/Users/lotte/Documents/Telenet/customer-web-monorepo/apps/fleet/fleet-mfe/src/fonts/care-page-dtv-background-mobile.svg": {"path":"/Users/lotte/Documents/Telenet/customer-web-monorepo/apps/fleet/fleet-mfe/src/fonts/care-page-dtv-background-mobile.svg","statementMap":{},"fnMap":{},"branchMap":{},"s":{},"f":{},"b":{}}
,"/Users/lotte/Documents/Telenet/customer-web-monorepo/apps/fleet/fleet-mfe/src/fonts/chart-base.svg": {"path":"/Users/lotte/Documents/Telenet/customer-web-monorepo/apps/fleet/fleet-mfe/src/fonts/chart-base.svg","statementMap":{},"fnMap":{},"branchMap":{},"s":{},"f":{},"b":{}}
,"/Users/lotte/Documents/Telenet/customer-web-monorepo/apps/fleet/fleet-mfe/src/fonts/chart-mobile-base.svg": {"path":"/Users/lotte/Documents/Telenet/customer-web-monorepo/apps/fleet/fleet-mfe/src/fonts/chart-mobile-base.svg","statementMap":{},"fnMap":{},"branchMap":{},"s":{},"f":{},"b":{}}
,"/Users/lotte/Documents/Telenet/customer-web-monorepo/apps/fleet/fleet-mfe/src/fonts/chart-mobile.svg": {"path":"/Users/lotte/Documents/Telenet/customer-web-monorepo/apps/fleet/fleet-mfe/src/fonts/chart-mobile.svg","statementMap":{},"fnMap":{},"branchMap":{},"s":{},"f":{},"b":{}}
,"/Users/lotte/Documents/Telenet/customer-web-monorepo/apps/fleet/fleet-mfe/src/fonts/chart.svg": {"path":"/Users/lotte/Documents/Telenet/customer-web-monorepo/apps/fleet/fleet-mfe/src/fonts/chart.svg","statementMap":{},"fnMap":{},"branchMap":{},"s":{},"f":{},"b":{}}
,"/Users/lotte/Documents/Telenet/customer-web-monorepo/apps/fleet/fleet-mfe/src/fonts/closedbox-desktop.svg": {"path":"/Users/lotte/Documents/Telenet/customer-web-monorepo/apps/fleet/fleet-mfe/src/fonts/closedbox-desktop.svg","statementMap":{},"fnMap":{},"branchMap":{},"s":{},"f":{},"b":{}}
,"/Users/lotte/Documents/Telenet/customer-web-monorepo/apps/fleet/fleet-mfe/src/fonts/closedbox-mobile.svg": {"path":"/Users/lotte/Documents/Telenet/customer-web-monorepo/apps/fleet/fleet-mfe/src/fonts/closedbox-mobile.svg","statementMap":{},"fnMap":{},"branchMap":{},"s":{},"f":{},"b":{}}
,"/Users/lotte/Documents/Telenet/customer-web-monorepo/apps/fleet/fleet-mfe/src/fonts/logo-base-white.svg": {"path":"/Users/lotte/Documents/Telenet/customer-web-monorepo/apps/fleet/fleet-mfe/src/fonts/logo-base-white.svg","statementMap":{},"fnMap":{},"branchMap":{},"s":{},"f":{},"b":{}}
,"/Users/lotte/Documents/Telenet/customer-web-monorepo/apps/fleet/fleet-mfe/src/fonts/logo-telenet-white.svg": {"path":"/Users/lotte/Documents/Telenet/customer-web-monorepo/apps/fleet/fleet-mfe/src/fonts/logo-telenet-white.svg","statementMap":{},"fnMap":{},"branchMap":{},"s":{},"f":{},"b":{}}
,"/Users/lotte/Documents/Telenet/customer-web-monorepo/apps/fleet/fleet-mfe/src/fonts/logo-telenet.svg": {"path":"/Users/lotte/Documents/Telenet/customer-web-monorepo/apps/fleet/fleet-mfe/src/fonts/logo-telenet.svg","statementMap":{},"fnMap":{},"branchMap":{},"s":{},"f":{},"b":{}}
,"/Users/lotte/Documents/Telenet/customer-web-monorepo/apps/fleet/fleet-mfe/src/fonts/logo_itsme.svg": {"path":"/Users/lotte/Documents/Telenet/customer-web-monorepo/apps/fleet/fleet-mfe/src/fonts/logo_itsme.svg","statementMap":{},"fnMap":{},"branchMap":{},"s":{},"f":{},"b":{}}
,"/Users/lotte/Documents/Telenet/customer-web-monorepo/apps/fleet/fleet-mfe/src/fonts/no-result-mobile-telenet.svg": {"path":"/Users/lotte/Documents/Telenet/customer-web-monorepo/apps/fleet/fleet-mfe/src/fonts/no-result-mobile-telenet.svg","statementMap":{},"fnMap":{},"branchMap":{},"s":{},"f":{},"b":{}}
,"/Users/lotte/Documents/Telenet/customer-web-monorepo/apps/fleet/fleet-mfe/src/fonts/no-result-mobile.svg": {"path":"/Users/lotte/Documents/Telenet/customer-web-monorepo/apps/fleet/fleet-mfe/src/fonts/no-result-mobile.svg","statementMap":{},"fnMap":{},"branchMap":{},"s":{},"f":{},"b":{}}
,"/Users/lotte/Documents/Telenet/customer-web-monorepo/apps/fleet/fleet-mfe/src/fonts/no-result-telenet.svg": {"path":"/Users/lotte/Documents/Telenet/customer-web-monorepo/apps/fleet/fleet-mfe/src/fonts/no-result-telenet.svg","statementMap":{},"fnMap":{},"branchMap":{},"s":{},"f":{},"b":{}}
,"/Users/lotte/Documents/Telenet/customer-web-monorepo/apps/fleet/fleet-mfe/src/fonts/no-result.svg": {"path":"/Users/lotte/Documents/Telenet/customer-web-monorepo/apps/fleet/fleet-mfe/src/fonts/no-result.svg","statementMap":{},"fnMap":{},"branchMap":{},"s":{},"f":{},"b":{}}
,"/Users/lotte/Documents/Telenet/customer-web-monorepo/apps/fleet/fleet-mfe/src/fonts/openbox-desktop.svg": {"path":"/Users/lotte/Documents/Telenet/customer-web-monorepo/apps/fleet/fleet-mfe/src/fonts/openbox-desktop.svg","statementMap":{},"fnMap":{},"branchMap":{},"s":{},"f":{},"b":{}}
,"/Users/lotte/Documents/Telenet/customer-web-monorepo/apps/fleet/fleet-mfe/src/fonts/openbox-mobile.svg": {"path":"/Users/lotte/Documents/Telenet/customer-web-monorepo/apps/fleet/fleet-mfe/src/fonts/openbox-mobile.svg","statementMap":{},"fnMap":{},"branchMap":{},"s":{},"f":{},"b":{}}
,"/Users/lotte/Documents/Telenet/customer-web-monorepo/apps/fleet/fleet-mfe/src/fonts/sim-management-green-grey-base.svg": {"path":"/Users/lotte/Documents/Telenet/customer-web-monorepo/apps/fleet/fleet-mfe/src/fonts/sim-management-green-grey-base.svg","statementMap":{},"fnMap":{},"branchMap":{},"s":{},"f":{},"b":{}}
,"/Users/lotte/Documents/Telenet/customer-web-monorepo/apps/fleet/fleet-mfe/src/fonts/simcard-help.svg": {"path":"/Users/lotte/Documents/Telenet/customer-web-monorepo/apps/fleet/fleet-mfe/src/fonts/simcard-help.svg","statementMap":{},"fnMap":{},"branchMap":{},"s":{},"f":{},"b":{}}
,"/Users/lotte/Documents/Telenet/customer-web-monorepo/apps/fleet/fleet-mfe/src/fonts/sms.svg": {"path":"/Users/lotte/Documents/Telenet/customer-web-monorepo/apps/fleet/fleet-mfe/src/fonts/sms.svg","statementMap":{},"fnMap":{},"branchMap":{},"s":{},"f":{},"b":{}}
,"/Users/lotte/Documents/Telenet/customer-web-monorepo/apps/fleet/fleet-mfe/src/fonts/telenet/icons.1715065663509.eot": {"path":"/Users/lotte/Documents/Telenet/customer-web-monorepo/apps/fleet/fleet-mfe/src/fonts/telenet/icons.1715065663509.eot","statementMap":{},"fnMap":{},"branchMap":{},"s":{},"f":{},"b":{}}
,"/Users/lotte/Documents/Telenet/customer-web-monorepo/apps/fleet/fleet-mfe/src/fonts/telenet/icons.1715065663509.svg": {"path":"/Users/lotte/Documents/Telenet/customer-web-monorepo/apps/fleet/fleet-mfe/src/fonts/telenet/icons.1715065663509.svg","statementMap":{},"fnMap":{},"branchMap":{},"s":{},"f":{},"b":{}}
,"/Users/lotte/Documents/Telenet/customer-web-monorepo/apps/fleet/fleet-mfe/src/fonts/telenet/icons.1715065663509.ttf": {"path":"/Users/lotte/Documents/Telenet/customer-web-monorepo/apps/fleet/fleet-mfe/src/fonts/telenet/icons.1715065663509.ttf","statementMap":{},"fnMap":{},"branchMap":{},"s":{},"f":{},"b":{}}
,"/Users/lotte/Documents/Telenet/customer-web-monorepo/apps/fleet/fleet-mfe/src/fonts/telenet/icons.1715065663509.woff": {"path":"/Users/lotte/Documents/Telenet/customer-web-monorepo/apps/fleet/fleet-mfe/src/fonts/telenet/icons.1715065663509.woff","statementMap":{},"fnMap":{},"branchMap":{},"s":{},"f":{},"b":{}}
,"/Users/lotte/Documents/Telenet/customer-web-monorepo/apps/fleet/fleet-mfe/src/fonts/telenet/icons.refs.1715065663509.eot": {"path":"/Users/lotte/Documents/Telenet/customer-web-monorepo/apps/fleet/fleet-mfe/src/fonts/telenet/icons.refs.1715065663509.eot","statementMap":{},"fnMap":{},"branchMap":{},"s":{},"f":{},"b":{}}
,"/Users/lotte/Documents/Telenet/customer-web-monorepo/apps/fleet/fleet-mfe/src/fonts/telenet/icons.refs.1715065663509.svg": {"path":"/Users/lotte/Documents/Telenet/customer-web-monorepo/apps/fleet/fleet-mfe/src/fonts/telenet/icons.refs.1715065663509.svg","statementMap":{},"fnMap":{},"branchMap":{},"s":{},"f":{},"b":{}}
,"/Users/lotte/Documents/Telenet/customer-web-monorepo/apps/fleet/fleet-mfe/src/fonts/telenet/icons.refs.1715065663509.ttf": {"path":"/Users/lotte/Documents/Telenet/customer-web-monorepo/apps/fleet/fleet-mfe/src/fonts/telenet/icons.refs.1715065663509.ttf","statementMap":{},"fnMap":{},"branchMap":{},"s":{},"f":{},"b":{}}
,"/Users/lotte/Documents/Telenet/customer-web-monorepo/apps/fleet/fleet-mfe/src/fonts/telenet/icons.refs.1715065663509.woff": {"path":"/Users/lotte/Documents/Telenet/customer-web-monorepo/apps/fleet/fleet-mfe/src/fonts/telenet/icons.refs.1715065663509.woff","statementMap":{},"fnMap":{},"branchMap":{},"s":{},"f":{},"b":{}}
}
